匡숭：Data.c       긍陋포경굶 HGASM 0202 女늴1


   1  0000              ; Generated by holtek-gcc v3.23, Wed Apr 08 12:56:33 2026
   2  0000              ; 
   3  0000              ; Configuration:
   4  0000              ;       with long instruction
   5  0000              ;       Multi-ROM, Multi-RAM
   6  0000              ;       bits_per_rom_unit:16
   7  0000              ;       with mp1
   8  0000              ;       with tbhp, address(0x9)
   9  0000              ;          Use tabrd-const
  10  0000              ;       
  11  0000              ; SFR address of long-instruction arch:
  12  0000              ;    mp0 = -1,1,0
  13  0000              ;    mp1 = 4,3,2
  14  0000              ;    mp2 = 14,13,12
  15  0000              ;    tbp = 9,7,8
  16  0000              ;    acc = 5
  17  0000              ;    pcl = 6
  18  0000              ;    status = 10
  19  0000              ;    bp = 11
  20  0000              ;    intc = 16
  21  0000              ;       
  22  0000              ;       
  23  0000              ; use 'tabrdc' instead of 'tabrd'
  24  0000              ;       
  25  0000              
  26  0000              #pragma translator "holtek-gcc 4.6.4" "3.23" "build 20130711"
  27  0000              ; Rebuild 1114
  28  0000              
  29  0000              ir equ [2]
  30  0000              mp equ [3]
  31  0000              sbp equ [4]
  32  0000              acc equ [5]
  33  0000              bp equ [11]
  34  0000              tblp equ [7]
  35  0000              tbhp equ [9]
  36  0000              status equ [10]
  37  0000              c equ [10].0
  38  0000              ac equ [10].1
  39  0000              z equ [10].2
  40  0000              ov equ [10].3
  41  0000              cz equ [10].6
  42  0000              sc equ [10].7
  43  0000              intc equ [16]
  44  0000              mduwr0 equ [59h]
  45  0000              mduwr1 equ [5ah]
  46  0000              mduwr2 equ [5bh]
  47  0000              mduwr3 equ [5ch]
  48  0000              mduwr4 equ [5dh]
  49  0000              mduwr5 equ [5eh]
  50  0000              mduwrctrl equ [5fh]
  51  0000              
  52  0000              extern ra:byte
  53  0000              extern rb:byte
  54  0000              extern rc:byte
  55  0000              extern rd:byte
  56  0000              extern re:byte
  57  0000              extern rf:byte
  58  0000              extern rg:byte
  59  0000              extern rh:byte
匡숭：Data.ASM     긍陋포경굶 HGASM 0202 女늴2

  60  0000              extern _Crom2Prom:near
  61  0000              extern _Crom2PromNext:near
  62  0000              
  63  0000              RAMBANK 0 @BITDATASEC, @BITDATASEC1
  64  0000              @HCCINIT	.section 'data'
  65  0000              @HCCINIT0	.section 'data'
  66  0000              @BITDATASEC	 .section 'data'
  67  0000              @BITDATASEC1	 .section 'data'
  68  0000              
  69  0000              #pragma debug scope 1 1
  70  0000              	extern __DELAY3:near
  71  0000              	extern __DELAYX3:near
  72  0000              	extern __DELAYX6:near
  73  0000              	extern __DELAYY5:near
  74  0000              	extern __DELAYY3:near
  75  0000              	extern _builtin_holtek_delay_2:byte
  76  0000              public _Data_Init
  77  0000              #pragma debug scope 2 1

   9  0000              #line 9 "D:\zpw\귄\2362A\project\Data.c"
   9  0000              _Data_Init .section 'code'
   9  0000              _Data_Init proc
  10  0000              #line 10 "D:\zpw\귄\2362A\project\Data.c"
  10  0000  0F03        	mov a,3
  10  0001  0080     R  	mov _data[0],a
  11  0002              #line 11 "D:\zpw\귄\2362A\project\Data.c"
  11  0002  1F00     R  	clr _data[1]
  12  0003              #line 12 "D:\zpw\귄\2362A\project\Data.c"
  12  0003  1F00     R  	clr _data[2]
  13  0004              #line 13 "D:\zpw\귄\2362A\project\Data.c"
  13  0004  1F00     R  	clr _data[3]
  13  0005  1F00     R  	clr _data[4]
  14  0006              #line 14 "D:\zpw\귄\2362A\project\Data.c"
  14  0006  1F00     R  	clr _data[5]
  14  0007  1F00     R  	clr _data[6]
  15  0008              #line 15 "D:\zpw\귄\2362A\project\Data.c"
  15  0008              	fcall _EEPROM_Read_Master_Address
  15  000F  0700     E  	mov a,ra
  15  0010  0080     R  	mov _data[7],a
  15  0011  0700     E  	mov a,rb
  15  0012  0080     R  	mov _data[8],a
  15  0013  0003        	ret
  15  0014              _Data_Init endp
  15  0014              #line 15 "D:\zpw\귄\2362A\project\Data.c"
  15  0014              #pragma debug scope 1 1
  15  0014              public _Send_Time
  15  0014              #pragma debug scope 3 1
  19  0014              #line 19 "D:\zpw\귄\2362A\project\Data.c"
  19  0000              _Send_Time .section 'code'
  19  0000              _Send_Time proc
  21  0000              #line 21 "D:\zpw\귄\2362A\project\Data.c"
  21  0000  0700     R  	mov a,_data[3]
  21  0001  0080     E  	mov _UART0_Transmit_Data_2[1],a
  21  0002  0700     R  	mov a,_data[4]
  21  0003  0080     E  	mov _UART0_Transmit_Data_2[2],a
  21  0004  0F02        	mov a,2
  21  0005  0080     E  	mov _UART0_Transmit_Data_2[0],a
  21  0006  0FAA        	mov a,170
  21  0007              	fcall _UART0_Transmit_Data
  21  000E  0003        	ret
匡숭：Data.c       긍陋포경굶 HGASM 0202 女늴3

  21  000F              _Send_Time endp
  21  000F              #line 21 "D:\zpw\귄\2362A\project\Data.c"
  21  000F              #pragma debug scope 1 1
  21  000F              public _Send_Motor
  21  000F              #pragma debug scope 4 1
  30  000F              #line 30 "D:\zpw\귄\2362A\project\Data.c"
  30  0000              _Send_Motor .section 'code'
  30  0000              _Send_Motor proc
  32  0000              #line 32 "D:\zpw\귄\2362A\project\Data.c"
  32  0000  0700     R  	mov a,_data[5]
  32  0001  0080     E  	mov _UART0_Transmit_Data_2[1],a
  32  0002  0700     R  	mov a,_data[6]
  32  0003  0080     E  	mov _UART0_Transmit_Data_2[2],a
  32  0004  0F02        	mov a,2
  32  0005  0080     E  	mov _UART0_Transmit_Data_2[0],a
  32  0006  0FAA        	mov a,170
  32  0007              	fcall _UART0_Transmit_Data
  32  000E  0003        	ret
  32  000F              _Send_Motor endp
  32  000F              #line 32 "D:\zpw\귄\2362A\project\Data.c"
  32  000F              #pragma debug scope 1 1
  32  000F              public _Handle_ADD
  32  000F              #pragma debug scope 5 1
  41  000F              #line 41 "D:\zpw\귄\2362A\project\Data.c"
  41  0000              _Handle_ADD .section 'code'
  41  0000              _Handle_ADD proc
  43  0000              #line 43 "D:\zpw\귄\2362A\project\Data.c"
  43  0000  0700     R  	mov a,_data[3]
  43  0001  0080     E  	mov rb,a
  43  0002  0700     R  	mov a,_data[4]
  43  0003  0080     E  	mov rc,a
  44  0004              #line 44 "D:\zpw\귄\2362A\project\Data.c"
  44  0004  0F63        	mov a,99
  44  0005  0200     E  	sub a,rb
  44  0006  0F05        	mov a,5
  44  0007  1200     E  	sbc a,rc
  44  0008  380A        	snz c
  44  0009  2800     R  	jmp _L4
  46  000A              #line 46 "D:\zpw\귄\2362A\project\Data.c"
  46  000A  0F3C        	mov a,60
  46  000B  0300     E  	add a,rb
  46  000C  0080     R  	mov _data[3],a
  46  000D  0F00        	mov a,0
  46  000E  1300     E  	adc a,rc
  46  000F  0080     R  	mov _data[4],a
  48  0010              #line 48 "D:\zpw\귄\2362A\project\Data.c"
  48  0010              	fcall _Send_Time
  48  0017              _L4:
  48  0017  0003        	ret
  48  0018              _Handle_ADD endp
  48  0018              #line 48 "D:\zpw\귄\2362A\project\Data.c"
  48  0018              #pragma debug scope 1 1
  48  0018              public _Handle_MIN
  48  0018              #pragma debug scope 6 1
  53  0018              #line 53 "D:\zpw\귄\2362A\project\Data.c"
  53  0000              _Handle_MIN .section 'code'
  53  0000              _Handle_MIN proc
  55  0000              #line 55 "D:\zpw\귄\2362A\project\Data.c"
  55  0000  0700     R  	mov a,_data[3]
  55  0001  0080     E  	mov rb,a
匡숭：Data.c       긍陋포경굶 HGASM 0202 女늴4

  55  0002  0700     R  	mov a,_data[4]
  55  0003  0080     E  	mov rc,a
  56  0004              #line 56 "D:\zpw\귄\2362A\project\Data.c"
  56  0004  0F3B        	mov a,59
  56  0005  0200     E  	sub a,rb
  56  0006  0F00        	mov a,0
  56  0007  1200     E  	sbc a,rc
  56  0008  3C0A        	sz c
  56  0009  2800     R  	jmp _L7
  58  000A              #line 58 "D:\zpw\귄\2362A\project\Data.c"
  58  000A  0FC4        	mov a,196
  58  000B  0300     E  	add a,rb
  58  000C  0080     R  	mov _data[3],a
  58  000D  0FFF        	mov a,255
  58  000E  1300     E  	adc a,rc
  58  000F  0080     R  	mov _data[4],a
  60  0010              #line 60 "D:\zpw\귄\2362A\project\Data.c"
  60  0010              	fcall _Send_Time
  60  0017              _L7:
  60  0017  0003        	ret
  60  0018              _Handle_MIN endp
  60  0018              #line 60 "D:\zpw\귄\2362A\project\Data.c"
  60  0018              #pragma debug scope 1 1
  60  0018              public _Handle_EC11_ADD
  60  0018              #pragma debug scope 7 1
  65  0018              #line 65 "D:\zpw\귄\2362A\project\Data.c"
  65  0000              _Handle_EC11_ADD .section 'code'
  65  0000              _Handle_EC11_ADD proc
  67  0000              #line 67 "D:\zpw\귄\2362A\project\Data.c"
  67  0000  0700     R  	mov a,_data[3]
  67  0001  0080     E  	mov rb,a
  67  0002  0700     R  	mov a,_data[4]
  67  0003  0080     E  	mov rc,a
  68  0004              #line 68 "D:\zpw\귄\2362A\project\Data.c"
  68  0004  0F9F        	mov a,159
  68  0005  0200     E  	sub a,rb
  68  0006  0F05        	mov a,5
  68  0007  1200     E  	sbc a,rc
  68  0008  380A        	snz c
  68  0009  2800     R  	jmp _L9
  70  000A              #line 70 "D:\zpw\귄\2362A\project\Data.c"
  70  000A  0F01        	mov a,1
  70  000B  0300     E  	add a,rb
  70  000C  0080     R  	mov _data[3],a
  70  000D  0F00        	mov a,0
  70  000E  1300     E  	adc a,rc
  70  000F  0080     R  	mov _data[4],a
  72  0010              #line 72 "D:\zpw\귄\2362A\project\Data.c"
  72  0010              	fcall _Send_Time
  72  0017              _L9:
  72  0017  0003        	ret
  72  0018              _Handle_EC11_ADD endp
  72  0018              #line 72 "D:\zpw\귄\2362A\project\Data.c"
  72  0018              #pragma debug scope 1 1
  72  0018              public _Handle_EC11_MIN
  72  0018              #pragma debug scope 8 1
  77  0018              #line 77 "D:\zpw\귄\2362A\project\Data.c"
  77  0000              _Handle_EC11_MIN .section 'code'
  77  0000              _Handle_EC11_MIN proc
  77  0000  0002[           local _Handle_EC11_MIN_2 db 2 dup(?)	; 0,2
匡숭：Data.c       긍陋포경굶 HGASM 0202 女늴5

            00
            ]
  79  0002              #line 79 "D:\zpw\귄\2362A\project\Data.c"
  79  0000  0700     R  	mov a,_data[3]
  79  0001  0080     E  	mov rb,a
  79  0002  0700     R  	mov a,_data[4]
  79  0003  0080     E  	mov rc,a
  80  0004              #line 80 "D:\zpw\귄\2362A\project\Data.c"
  80  0004  0700     E  	mov a,rb
  80  0005  0500     E  	or a,rc
  80  0006  3D0A        	sz z
  80  0007  2800     R  	jmp _L11
  82  0008              #line 82 "D:\zpw\귄\2362A\project\Data.c"
  82  0008  0FFF        	mov a,255
  82  0009  0300     E  	add a,rb
  82  000A  0080     R  	mov _Handle_EC11_MIN_2[0],a
  82  000B  0FFF        	mov a,255
  82  000C  1300     E  	adc a,rc
  82  000D  0080     R  	mov _Handle_EC11_MIN_2[1],a
  83  000E              #line 83 "D:\zpw\귄\2362A\project\Data.c"
  83  000E  0700     R  	mov a,_Handle_EC11_MIN_2[0]
  83  000F  0080     R  	mov _data[3],a
  83  0010  0700     R  	mov a,_Handle_EC11_MIN_2[1]
  83  0011  0080     R  	mov _data[4],a
  84  0012              #line 84 "D:\zpw\귄\2362A\project\Data.c"
  84  0012              	fcall _Send_Time
  86  0019              #line 86 "D:\zpw\귄\2362A\project\Data.c"
  86  0019  0700     R  	mov a,_Handle_EC11_MIN_2[0]
  86  001A  0500     R  	or a,_Handle_EC11_MIN_2[1]
  86  001B  390A        	snz z
  86  001C  2800     R  	jmp _L11
  88  001D              #line 88 "D:\zpw\귄\2362A\project\Data.c"
  88  001D  1F00     R  	clr _data[5]
  88  001E  1F00     R  	clr _data[6]
  89  001F              #line 89 "D:\zpw\귄\2362A\project\Data.c"
  89  001F              	fcall _Send_Motor
  89  0026              _L11:
  89  0026  0003        	ret
  89  0027              _Handle_EC11_MIN endp
  89  0027              #line 89 "D:\zpw\귄\2362A\project\Data.c"
  89  0027              #pragma debug scope 1 1
  89  0027              public _data
  89  0000              @HCCINIT	.section 'data'
   6  0000              #line 6 "D:\zpw\귄\2362A\project\Data.c"
   6  0000              @HCCINIT_data .section 'data'
   6  0000              _data label byte
   6  0000              #pragma debug struct_end
   6  0000              #pragma debug struct_end
   6  0000              #pragma debug variable 42 1 _data "data"
   6  0000              	db 0
   6  0000              @ROMDATA_BASE .section inpage 'code'
   6  0000              	db 0
   6  0001              @HCCINIT_data .section 'data'
   6  0001              	db 0
   6  0001              @ROMDATA_BASE .section inpage 'code'
   6  0001              	db 0
   6  0002              @HCCINIT_data .section 'data'
   6  0002              	db 0
   6  0001              @ROMDATA_BASE .section inpage 'code'
   6  0001              	db 0
匡숭：Data.c       긍陋포경굶 HGASM 0202 女늴6

   6  0003              @HCCINIT_data .section 'data'
   6  0003              	db 0
   6  0002              @ROMDATA_BASE .section inpage 'code'
   6  0002              	db 0
   6  0004              @HCCINIT_data .section 'data'
   6  0004              	db 0
   6  0002              @ROMDATA_BASE .section inpage 'code'
   6  0002              	db 0
   6  0005              @HCCINIT_data .section 'data'
   6  0005              	db 0
   6  0003              @ROMDATA_BASE .section inpage 'code'
   6  0003              	db 0
   6  0006              @HCCINIT_data .section 'data'
   6  0006              	db 0
   6  0003              @ROMDATA_BASE .section inpage 'code'
   6  0003              	db 0
   6  0007              @HCCINIT_data .section 'data'
   6  0007              	db 0
   6  0004              @ROMDATA_BASE .section inpage 'code'
   6  0004              	db 0
   6  0008              @HCCINIT_data .section 'data'
   6  0008              	db 0
   6  0004              @ROMDATA_BASE .section inpage 'code'
   6  0004              	db 0
   6  0009              @HCCINIT_data .section 'data'
   6  0009              extern _EEPROM_Read_Master_Address:near
   6  0009              extern _UART0_Transmit_Data_2:byte
   6  0009              extern _UART0_Transmit_Data:near
   6  0009              
   6  0009              ; 
   6  0009              ; Generated by holtek-gcc v3.23, Wed Apr 08 12:56:33 2026
   6  0009              ; Rebuild 1114
   6  0009              ; end of file


        0 Errors, 0