匡숭：Delay.c      긍陋포경굶 HGASM 0202 女늴1


   1  0000              ; Generated by holtek-gcc v3.23, Wed Apr 08 12:56:34 2026
   2  0000              ; 
   3  0000              ; Configuration:
   4  0000              ;       with long instruction
   5  0000              ;       Multi-ROM, Multi-RAM
   6  0000              ;       bits_per_rom_unit:16
   7  0000              ;       with mp1
   8  0000              ;       with tbhp, address(0x9)
   9  0000              ;          Use tabrd-const
  10  0000              ;       
  11  0000              ; SFR address of long-instruction arch:
  12  0000              ;    mp0 = -1,1,0
  13  0000              ;    mp1 = 4,3,2
  14  0000              ;    mp2 = 14,13,12
  15  0000              ;    tbp = 9,7,8
  16  0000              ;    acc = 5
  17  0000              ;    pcl = 6
  18  0000              ;    status = 10
  19  0000              ;    bp = 11
  20  0000              ;    intc = 16
  21  0000              ;       
  22  0000              ;       
  23  0000              ; use 'tabrdc' instead of 'tabrd'
  24  0000              ;       
  25  0000              
  26  0000              #pragma translator "holtek-gcc 4.6.4" "3.23" "build 20130711"
  27  0000              ; Rebuild 1114
  28  0000              
  29  0000              ir equ [2]
  30  0000              mp equ [3]
  31  0000              sbp equ [4]
  32  0000              acc equ [5]
  33  0000              bp equ [11]
  34  0000              tblp equ [7]
  35  0000              tbhp equ [9]
  36  0000              status equ [10]
  37  0000              c equ [10].0
  38  0000              ac equ [10].1
  39  0000              z equ [10].2
  40  0000              ov equ [10].3
  41  0000              cz equ [10].6
  42  0000              sc equ [10].7
  43  0000              intc equ [16]
  44  0000              mduwr0 equ [59h]
  45  0000              mduwr1 equ [5ah]
  46  0000              mduwr2 equ [5bh]
  47  0000              mduwr3 equ [5ch]
  48  0000              mduwr4 equ [5dh]
  49  0000              mduwr5 equ [5eh]
  50  0000              mduwrctrl equ [5fh]
  51  0000              
  52  0000              extern ra:byte
  53  0000              extern rb:byte
  54  0000              extern rc:byte
  55  0000              extern rd:byte
  56  0000              extern re:byte
  57  0000              extern rf:byte
  58  0000              extern rg:byte
  59  0000              extern rh:byte
匡숭：Delay.ASM    긍陋포경굶 HGASM 0202 女늴2

  60  0000              extern _Crom2Prom:near
  61  0000              extern _Crom2PromNext:near
  62  0000              
  63  0000              RAMBANK 0 @BITDATASEC, @BITDATASEC1
  64  0000              @HCCINIT	.section 'data'
  65  0000              @HCCINIT0	.section 'data'
  66  0000              @BITDATASEC	 .section 'data'
  67  0000              @BITDATASEC1	 .section 'data'
  68  0000              
  69  0000              #pragma debug scope 1 1
  70  0000              	extern __DELAY3:near
  71  0000              	extern __DELAYX3:near
  72  0000              	extern __DELAYX6:near
  73  0000              	extern __DELAYY5:near
  74  0000              	extern __DELAYY3:near
  75  0000              	extern _builtin_holtek_delay_2:byte
  76  0000              public _Delay_ms
  77  0000              #pragma debug scope 2 1

   4  0000              #line 4 "D:\zpw\귄\2362A\project\Delay.c"
   4  0000              _Delay_ms .section 'code'
   4  0000              _Delay_ms proc
   4  0000              public _Delay_ms_2
   4  0000  0002[           local _Delay_ms_2 db 2 dup(?)	; 2,0
            00
            ]
   4  0002              #pragma debug variable 12 2 _Delay_ms_2+0 "val"
   7  0002              #line 7 "D:\zpw\귄\2362A\project\Delay.c"
   7  0000  1F00     E  	clr rd
   7  0001  1F00     E  	clr re
   7  0002              _L2:
   7  0002              #line 7 "D:\zpw\귄\2362A\project\Delay.c"
   7  0002  0700     E  	mov a,rd
   7  0003  0200     R  	sub a,_Delay_ms_2[0]
   7  0004  0700     E  	mov a,re
   7  0005  1200     R  	sbc a,_Delay_ms_2[1]
   7  0006  3F0A        	sz cz
   7  0007  2800     R  	jmp _L1
   7  0008  0FF5        	mov a,-11
   7  0009  0080     E  	mov rb,a
   7  000A  0F01        	mov a,1
   7  000B  0080     E  	mov rc,a
   7  000C              _L5:
  11  000C              #line 11 "D:\zpw\귄\2362A\project\Delay.c"
  11  000C              ;# 11 "D:\zpw\귄\2362A\project\Delay.c" 1
  11  000C  0000        	nop
  11  000D  0FFF        	mov a,255
  11  000E  0380     E  	addm a,rb
  11  000F  0FFF        	mov a,255
  11  0010  1380     E  	adcm a,rc
   9  0011              #line 9 "D:\zpw\귄\2362A\project\Delay.c"
   9  0011  0700     E  	mov a,rb
   9  0012  0500     E  	or a,rc
   9  0013  390A        	snz z
   9  0014  2800     R  	jmp _L5
   7  0015              #line 7 "D:\zpw\귄\2362A\project\Delay.c"
   7  0015  1480     E  	inc rd
   7  0016  3D0A        	sz z
   7  0017  1480     E  	inc re
   7  0018  2800     R  	jmp _L2
匡숭：Delay.c      긍陋포경굶 HGASM 0202 女늴3

   7  0019              _L1:
   7  0019  0003        	ret
   7  001A              _Delay_ms endp
   7  001A              #line 7 "D:\zpw\귄\2362A\project\Delay.c"
   7  001A              #pragma debug scope 1 1
   7  001A              
   7  001A              ; 
   7  001A              ; Generated by holtek-gcc v3.23, Wed Apr 08 12:56:34 2026
   7  001A              ; Rebuild 1114
   7  001A              ; end of file


        0 Errors, 0