匡숭：EC11.c       긍陋포경굶 HGASM 0202 女늴1


   1  0000              ; Generated by holtek-gcc v3.23, Wed Apr 08 12:56:34 2026
   2  0000              ; 
   3  0000              ; Configuration:
   4  0000              ;       with long instruction
   5  0000              ;       Multi-ROM, Multi-RAM
   6  0000              ;       bits_per_rom_unit:16
   7  0000              ;       with mp1
   8  0000              ;       with tbhp, address(0x9)
   9  0000              ;          Use tabrd-const
  10  0000              ;       
  11  0000              ; SFR address of long-instruction arch:
  12  0000              ;    mp0 = -1,1,0
  13  0000              ;    mp1 = 4,3,2
  14  0000              ;    mp2 = 14,13,12
  15  0000              ;    tbp = 9,7,8
  16  0000              ;    acc = 5
  17  0000              ;    pcl = 6
  18  0000              ;    status = 10
  19  0000              ;    bp = 11
  20  0000              ;    intc = 16
  21  0000              ;       
  22  0000              ;       
  23  0000              ; use 'tabrdc' instead of 'tabrd'
  24  0000              ;       
  25  0000              
  26  0000              #pragma translator "holtek-gcc 4.6.4" "3.23" "build 20130711"
  27  0000              ; Rebuild 1114
  28  0000              
  29  0000              ir equ [2]
  30  0000              mp equ [3]
  31  0000              sbp equ [4]
  32  0000              acc equ [5]
  33  0000              bp equ [11]
  34  0000              tblp equ [7]
  35  0000              tbhp equ [9]
  36  0000              status equ [10]
  37  0000              c equ [10].0
  38  0000              ac equ [10].1
  39  0000              z equ [10].2
  40  0000              ov equ [10].3
  41  0000              cz equ [10].6
  42  0000              sc equ [10].7
  43  0000              intc equ [16]
  44  0000              mduwr0 equ [59h]
  45  0000              mduwr1 equ [5ah]
  46  0000              mduwr2 equ [5bh]
  47  0000              mduwr3 equ [5ch]
  48  0000              mduwr4 equ [5dh]
  49  0000              mduwr5 equ [5eh]
  50  0000              mduwrctrl equ [5fh]
  51  0000              
  52  0000              extern ra:byte
  53  0000              extern rb:byte
  54  0000              extern rc:byte
  55  0000              extern rd:byte
  56  0000              extern re:byte
  57  0000              extern rf:byte
  58  0000              extern rg:byte
  59  0000              extern rh:byte
匡숭：EC11.ASM     긍陋포경굶 HGASM 0202 女늴2

  60  0000              extern _Crom2Prom:near
  61  0000              extern _Crom2PromNext:near
  62  0000              
  63  0000              RAMBANK 0 @BITDATASEC, @BITDATASEC1
  64  0000              @HCCINIT	.section 'data'
  65  0000              @HCCINIT0	.section 'data'
  66  0000              @BITDATASEC	 .section 'data'
  67  0000              @BITDATASEC1	 .section 'data'
  68  0000              
  69  0000              #pragma debug scope 1 1
  70  0000              	extern __DELAY3:near
  71  0000              	extern __DELAYX3:near
  72  0000              	extern __DELAYX6:near
  73  0000              	extern __DELAYY5:near
  74  0000              	extern __DELAYY3:near
  75  0000              	extern _builtin_holtek_delay_2:byte
  76  0000              ___pcc equ [28]
  77  0000              ___pec equ [34]
  78  0000              ___pc equ [27]
  79  0000              ___pe equ [33]
  80  0000              public _EC11_Init
  81  0000              #pragma debug scope 2 1

  28  0000              #line 28 "D:\zpw\귄\2362A\project\EC11.c"
  28  0000              _EC11_Init .section 'code'
  28  0000              _EC11_Init proc
  30  0000              #line 30 "D:\zpw\귄\2362A\project\EC11.c"
  30  0000  301C        	set [28].0
  31  0001              #line 31 "D:\zpw\귄\2362A\project\EC11.c"
  31  0001  33A2        	set [34].7
  34  0002              #line 34 "D:\zpw\귄\2362A\project\EC11.c"
  34  0002  071B        	mov a,[27]
  34  0003  0E01        	and a,1
  34  0004  0080     E  	mov rb,a
  34  0005  1821        	rla [33]
  34  0006  0E01        	and a,1
  34  0007  0080     E  	mov rc,a
  34  0008  0700     E  	mov a,rb
  34  0009  0380     E  	addm a,rb
  34  000A  0700     E  	mov a,rb
  34  000B  0500     E  	or a,rc
  34  000C  0080     E  	mov ra,a
  34  000D  0700     E  	mov a,ra
  34  000E  0080     R  	mov _last_result[0],a
  35  000F              #line 35 "D:\zpw\귄\2362A\project\EC11.c"
  35  000F  0700     R  	mov a,_write[0]
  35  0010  0080     E  	mov rb,a
  35  0011  1F00     E  	clr rc
  35  0012  0F00     R  	mov a,low offset _record
  35  0013  0300     E  	add a,rb
  35  0014  0083        	mov mp,a
  35  0015  0F00     R  	mov a,high offset _record
  35  0016  1300     E  	adc a,rc
  35  0017  0084        	mov sbp,a
  35  0018  0700     E  	mov a,ra
  35  0019  0082        	mov ir,a
  36  001A              #line 36 "D:\zpw\귄\2362A\project\EC11.c"
  36  001A  1480     E  	inc rb
  36  001B  3D0A        	sz z
  36  001C  1480     E  	inc rc
匡숭：EC11.c       긍陋포경굶 HGASM 0202 女늴3

  36  001D  0700     E  	mov a,rb
  36  001E  0E03        	and a,3
  36  001F  0080     R  	mov _write[0],a
  40  0020              #line 40 "D:\zpw\귄\2362A\project\EC11.c"
  40  0020  1F80     R  	set _Forward[3]
  41  0021              #line 41 "D:\zpw\귄\2362A\project\EC11.c"
  41  0021  0F03        	mov a,3
  41  0022  0080     R  	mov _Forward[1],a
  42  0023              #line 42 "D:\zpw\귄\2362A\project\EC11.c"
  42  0023  0F01        	mov a,1
  42  0024  0080     R  	mov _Forward[0],a
  43  0025              #line 43 "D:\zpw\귄\2362A\project\EC11.c"
  43  0025  1F00     R  	clr _Forward[2]
  46  0026              #line 46 "D:\zpw\귄\2362A\project\EC11.c"
  46  0026  1F80     R  	set _Reverse[3]
  47  0027              #line 47 "D:\zpw\귄\2362A\project\EC11.c"
  47  0027  0F03        	mov a,3
  47  0028  0080     R  	mov _Reverse[2],a
  48  0029              #line 48 "D:\zpw\귄\2362A\project\EC11.c"
  48  0029  0F02        	mov a,2
  48  002A  0080     R  	mov _Reverse[0],a
  49  002B              #line 49 "D:\zpw\귄\2362A\project\EC11.c"
  49  002B  1F00     R  	clr _Reverse[1]
  49  002C  0003        	ret
  49  002D              _EC11_Init endp
  49  002D              #line 49 "D:\zpw\귄\2362A\project\EC11.c"
  49  002D              #pragma debug scope 1 1
  49  002D              public _EC11_Handle
  49  002D              #pragma debug scope 3 1
  54  002D              #line 54 "D:\zpw\귄\2362A\project\EC11.c"
  54  0000              _EC11_Handle .section 'code'
  54  0000              _EC11_Handle proc
  54  0000  00              local _EC11_Handle_2 db 1 dup(?)	; 0,1
  57  0001              #line 57 "D:\zpw\귄\2362A\project\EC11.c"
  57  0000  071B        	mov a,[27]
  57  0001  0E01        	and a,1
  57  0002  0080     E  	mov ra,a
  57  0003  1821        	rla [33]
  57  0004  0E01        	and a,1
  57  0005  0080     E  	mov rb,a
  57  0006  0700     E  	mov a,ra
  57  0007  0380     E  	addm a,ra
  57  0008  0700     E  	mov a,ra
  57  0009  0500     E  	or a,rb
  57  000A  0080     R  	mov _EC11_Handle_2[0],a
  57  000B  0700     R  	mov a,_EC11_Handle_2[0]
  57  000C  0080     R  	mov _current_result[0],a
  60  000D              #line 60 "D:\zpw\귄\2362A\project\EC11.c"
  60  000D  0700     R  	mov a,_last_result[0]
  60  000E  0080     E  	mov ra,a
  60  000F  0700     R  	mov a,_EC11_Handle_2[0]
  60  0010  0200     E  	sub a,ra
  60  0011  3D0A        	sz z
  60  0012  2800     R  	jmp _L2
  62  0013              #line 62 "D:\zpw\귄\2362A\project\EC11.c"
  62  0013  0700     R  	mov a,_write[0]
  62  0014  0080     E  	mov rd,a
  62  0015  0700     E  	mov a,rd
  62  0016  0080     E  	mov rb,a
  62  0017  1F00     E  	clr rc
匡숭：EC11.c       긍陋포경굶 HGASM 0202 女늴4

  62  0018  0F00     R  	mov a,low offset _record
  62  0019  0300     E  	add a,rb
  62  001A  0083        	mov mp,a
  62  001B  0F00     R  	mov a,high offset _record
  62  001C  1300     E  	adc a,rc
  62  001D  0084        	mov sbp,a
  62  001E  0700     R  	mov a,_EC11_Handle_2[0]
  62  001F  0082        	mov ir,a
  63  0020              #line 63 "D:\zpw\귄\2362A\project\EC11.c"
  63  0020  0700     E  	mov a,rd
  63  0021  0080     R  	mov _read[0],a
  64  0022              #line 64 "D:\zpw\귄\2362A\project\EC11.c"
  64  0022  0F01        	mov a,1
  64  0023  0300     E  	add a,rb
  64  0024  0080     E  	mov rd,a
  64  0025  0F00        	mov a,0
  64  0026  1300     E  	adc a,rc
  64  0027  0080     E  	mov re,a
  64  0028  0700     E  	mov a,rd
  64  0029  0E03        	and a,3
  64  002A  0080     R  	mov _write[0],a
  66  002B              #line 66 "D:\zpw\귄\2362A\project\EC11.c"
  66  002B  0700     R  	mov a,_EC11_Handle_2[0]
  66  002C  0A02        	sub a,2
  66  002D  390A        	snz z
  66  002E  2800     R  	jmp _L4
  66  002F  1080     E  	sz ra
  66  0030  2800     R  	jmp _L5
  68  0031              #line 68 "D:\zpw\귄\2362A\project\EC11.c"
  68  0031  0F02        	mov a,2
  68  0032  0380     E  	addm a,rb
  68  0033  0F00        	mov a,0
  68  0034  1380     E  	adcm a,rc
  68  0035  0F03        	mov a,3  
  68  0036  0680     E  	andm a,rb  
  68  0037  0F00        	mov a,0  
  68  0038  0680     E  	andm a,rc
  69  0039              #line 69 "D:\zpw\귄\2362A\project\EC11.c"
  69  0039  0F00     R  	mov a,low offset _record
  69  003A  0300     E  	add a,rb
  69  003B  0083        	mov mp,a
  69  003C  0F00     R  	mov a,high offset _record
  69  003D  1300     E  	adc a,rc
  69  003E  0084        	mov sbp,a
  69  003F              	fcall _Crom2Prom
  69  0046  0080     E  	mov ra,a
  69  0047  1700     E  	sdza ra
  69  0048  2800     R  	jmp _L5
  71  0049              #line 71 "D:\zpw\귄\2362A\project\EC11.c"
  71  0049              	fcall _Handle_EC11_ADD
  71  0050  2800     R  	jmp _L5
  71  0051              _L4:
  75  0051              #line 75 "D:\zpw\귄\2362A\project\EC11.c"
  75  0051  1700     R  	sdza _EC11_Handle_2[0]
  75  0052  2800     R  	jmp _L5
  75  0053  1080     E  	sz ra
  75  0054  2800     R  	jmp _L5
  77  0055              #line 77 "D:\zpw\귄\2362A\project\EC11.c"
  77  0055  0F02        	mov a,2
  77  0056  0380     E  	addm a,rb
匡숭：EC11.c       긍陋포경굶 HGASM 0202 女늴5

  77  0057  0F00        	mov a,0
  77  0058  1380     E  	adcm a,rc
  77  0059  0F03        	mov a,3  
  77  005A  0680     E  	andm a,rb  
  77  005B  0F00        	mov a,0  
  77  005C  0680     E  	andm a,rc
  78  005D              #line 78 "D:\zpw\귄\2362A\project\EC11.c"
  78  005D  0F00     R  	mov a,low offset _record
  78  005E  0300     E  	add a,rb
  78  005F  0083        	mov mp,a
  78  0060  0F00     R  	mov a,high offset _record
  78  0061  1300     E  	adc a,rc
  78  0062  0084        	mov sbp,a
  78  0063              	fcall _Crom2Prom
  78  006A  0080     E  	mov ra,a
  78  006B  0700     E  	mov a,ra
  78  006C  0A02        	sub a,2
  78  006D  390A        	snz z
  78  006E  2800     R  	jmp _L5
  80  006F              #line 80 "D:\zpw\귄\2362A\project\EC11.c"
  80  006F              	fcall _Handle_EC11_MIN
  80  0076              _L5:
  83  0076              #line 83 "D:\zpw\귄\2362A\project\EC11.c"
  83  0076  0700     R  	mov a,_current_result[0]
  83  0077  0080     R  	mov _last_result[0],a
  83  0078              _L2:
  83  0078  0003        	ret
  83  0079              _EC11_Handle endp
  83  0079              #line 83 "D:\zpw\귄\2362A\project\EC11.c"
  83  0079              #pragma debug scope 1 1
  83  0079              public _read
  83  0000              @HCCINIT	.section 'data'
  15  0000              #line 15 "D:\zpw\귄\2362A\project\EC11.c"
  15  0000              @HCCINIT_read .section 'data'
  15  0000              _read label byte
  15  0000              #pragma debug variable 8 1 _read "read"
  15  0000              	db 0
  15  0000              @ROMDATA_BASE .section inpage 'code'
  15  0000              	db 0
  15  0001              @HCCINIT_read .section 'data'
  15  0001              public _write
  14  0001              #line 14 "D:\zpw\귄\2362A\project\EC11.c"
  14  0000              @HCCINIT_write .section 'data'
  14  0000              _write label byte
  14  0000              #pragma debug variable 8 1 _write "write"
  14  0000              	db 0
  14  0001              @ROMDATA_BASE .section inpage 'code'
  14  0001              	db 0
  14  0001              @HCCINIT_write .section 'data'
  14  0001              public _record
  13  0001              #line 13 "D:\zpw\귄\2362A\project\EC11.c"
  13  0000              @HCCINIT_record .section 'data'
  13  0000              _record label byte
  13  0000              #pragma debug array 42 8 4 1
  13  0000              #pragma debug array 42 8 4 1
  13  0000              #pragma debug variable 42 1 _record "record"
  13  0000              	db 3
  13  0001              @ROMDATA_BASE .section inpage 'code'
  13  0001              	db 3
  13  0001              @HCCINIT_record .section 'data'
匡숭：EC11.c       긍陋포경굶 HGASM 0202 女늴6

  13  0001              	db 1
  13  0002              @ROMDATA_BASE .section inpage 'code'
  13  0002              	db 1
  13  0002              @HCCINIT_record .section 'data'
  13  0002              	db 0
  13  0002              @ROMDATA_BASE .section inpage 'code'
  13  0002              	db 0
  13  0003              @HCCINIT_record .section 'data'
  13  0003              	db 0
  13  0003              @ROMDATA_BASE .section inpage 'code'
  13  0003              	db 0
  13  0004              @HCCINIT_record .section 'data'
  13  0004              public _Reverse
  11  0004              #line 11 "D:\zpw\귄\2362A\project\EC11.c"
  11  0000              @HCCINIT_Reverse .section 'data'
  11  0000              _Reverse label byte
  11  0000              #pragma debug variable 42 1 _Reverse "Reverse"
  11  0000              	db 0
  11  0003              @ROMDATA_BASE .section inpage 'code'
  11  0003              	db 0
  11  0001              @HCCINIT_Reverse .section 'data'
  11  0001              	db 0
  11  0004              @ROMDATA_BASE .section inpage 'code'
  11  0004              	db 0
  11  0002              @HCCINIT_Reverse .section 'data'
  11  0002              	db 0
  11  0004              @ROMDATA_BASE .section inpage 'code'
  11  0004              	db 0
  11  0003              @HCCINIT_Reverse .section 'data'
  11  0003              	db 0
  11  0005              @ROMDATA_BASE .section inpage 'code'
  11  0005              	db 0
  11  0004              @HCCINIT_Reverse .section 'data'
  11  0004              public _Forward
  10  0004              #line 10 "D:\zpw\귄\2362A\project\EC11.c"
  10  0000              @HCCINIT_Forward .section 'data'
  10  0000              _Forward label byte
  10  0000              #pragma debug variable 42 1 _Forward "Forward"
  10  0000              	db 0
  10  0005              @ROMDATA_BASE .section inpage 'code'
  10  0005              	db 0
  10  0001              @HCCINIT_Forward .section 'data'
  10  0001              	db 0
  10  0006              @ROMDATA_BASE .section inpage 'code'
  10  0006              	db 0
  10  0002              @HCCINIT_Forward .section 'data'
  10  0002              	db 0
  10  0006              @ROMDATA_BASE .section inpage 'code'
  10  0006              	db 0
  10  0003              @HCCINIT_Forward .section 'data'
  10  0003              	db 0
  10  0007              @ROMDATA_BASE .section inpage 'code'
  10  0007              	db 0
  10  0004              @HCCINIT_Forward .section 'data'
  10  0004              public _current_result
   8  0004              #line 8 "D:\zpw\귄\2362A\project\EC11.c"
   8  0000              @HCCINIT_current_result .section 'data'
   8  0000              _current_result label byte
   8  0000              #pragma debug variable 8 1 _current_result "current_result"
   8  0000              	db 0
匡숭：EC11.c       긍陋포경굶 HGASM 0202 女늴7

   8  0007              @ROMDATA_BASE .section inpage 'code'
   8  0007              	db 0
   8  0001              @HCCINIT_current_result .section 'data'
   8  0001              public _last_result
   7  0001              #line 7 "D:\zpw\귄\2362A\project\EC11.c"
   7  0000              @HCCINIT_last_result .section 'data'
   7  0000              _last_result label byte
   7  0000              #pragma debug variable 8 1 _last_result "last_result"
   7  0000              	db 0
   7  0008              @ROMDATA_BASE .section inpage 'code'
   7  0008              	db 0
   7  0001              @HCCINIT_last_result .section 'data'
   7  0001              #pragma debug struct_end
   7  0001              #pragma debug struct_end
   7  0001              #pragma debug union_end
   7  0001              #pragma debug union_end
   7  0001              #pragma debug variable 44 1 ___pc "__pc" 1
   7  0001              #pragma debug struct_end
   7  0001              #pragma debug struct_end
   7  0001              #pragma debug union_end
   7  0001              #pragma debug union_end
   7  0001              #pragma debug variable 46 1 ___pcc "__pcc" 1
   7  0001              #pragma debug struct_end
   7  0001              #pragma debug struct_end
   7  0001              #pragma debug union_end
   7  0001              #pragma debug union_end
   7  0001              #pragma debug variable 48 1 ___pe "__pe" 1
   7  0001              #pragma debug struct_end
   7  0001              #pragma debug struct_end
   7  0001              #pragma debug union_end
   7  0001              #pragma debug union_end
   7  0001              #pragma debug variable 50 1 ___pec "__pec" 1
   7  0001              extern _Handle_EC11_ADD:near
   7  0001              extern _Handle_EC11_MIN:near
   7  0001              
   7  0001              ; 
   7  0001              ; Generated by holtek-gcc v3.23, Wed Apr 08 12:56:34 2026
   7  0001              ; Rebuild 1114
   7  0001              ; end of file


        0 Errors, 0