匡숭：EEPROM.c     긍陋포경굶 HGASM 0202 女늴1


   1  0000              ; Generated by holtek-gcc v3.23, Wed Apr 08 12:56:35 2026
   2  0000              ; 
   3  0000              ; Configuration:
   4  0000              ;       with long instruction
   5  0000              ;       Multi-ROM, Multi-RAM
   6  0000              ;       bits_per_rom_unit:16
   7  0000              ;       with mp1
   8  0000              ;       with tbhp, address(0x9)
   9  0000              ;          Use tabrd-const
  10  0000              ;       
  11  0000              ; SFR address of long-instruction arch:
  12  0000              ;    mp0 = -1,1,0
  13  0000              ;    mp1 = 4,3,2
  14  0000              ;    mp2 = 14,13,12
  15  0000              ;    tbp = 9,7,8
  16  0000              ;    acc = 5
  17  0000              ;    pcl = 6
  18  0000              ;    status = 10
  19  0000              ;    bp = 11
  20  0000              ;    intc = 16
  21  0000              ;       
  22  0000              ;       
  23  0000              ; use 'tabrdc' instead of 'tabrd'
  24  0000              ;       
  25  0000              
  26  0000              #pragma translator "holtek-gcc 4.6.4" "3.23" "build 20130711"
  27  0000              ; Rebuild 1114
  28  0000              
  29  0000              ir equ [2]
  30  0000              mp equ [3]
  31  0000              sbp equ [4]
  32  0000              acc equ [5]
  33  0000              bp equ [11]
  34  0000              tblp equ [7]
  35  0000              tbhp equ [9]
  36  0000              status equ [10]
  37  0000              c equ [10].0
  38  0000              ac equ [10].1
  39  0000              z equ [10].2
  40  0000              ov equ [10].3
  41  0000              cz equ [10].6
  42  0000              sc equ [10].7
  43  0000              intc equ [16]
  44  0000              mduwr0 equ [59h]
  45  0000              mduwr1 equ [5ah]
  46  0000              mduwr2 equ [5bh]
  47  0000              mduwr3 equ [5ch]
  48  0000              mduwr4 equ [5dh]
  49  0000              mduwr5 equ [5eh]
  50  0000              mduwrctrl equ [5fh]
  51  0000              
  52  0000              extern ra:byte
  53  0000              extern rb:byte
  54  0000              extern rc:byte
  55  0000              extern rd:byte
  56  0000              extern re:byte
  57  0000              extern rf:byte
  58  0000              extern rg:byte
  59  0000              extern rh:byte
匡숭：EEPROM.ASM   긍陋포경굶 HGASM 0202 女늴2

  60  0000              extern _Crom2Prom:near
  61  0000              extern _Crom2PromNext:near
  62  0000              
  63  0000              RAMBANK 0 @BITDATASEC, @BITDATASEC1
  64  0000              @HCCINIT	.section 'data'
  65  0000              @HCCINIT0	.section 'data'
  66  0000              @BITDATASEC	 .section 'data'
  67  0000              @BITDATASEC1	 .section 'data'
  68  0000              
  69  0000              #pragma debug scope 1 1
  70  0000              	extern __DELAY3:near
  71  0000              	extern __DELAYX3:near
  72  0000              	extern __DELAYX6:near
  73  0000              	extern __DELAYY5:near
  74  0000              	extern __DELAYY3:near
  75  0000              	extern _builtin_holtek_delay_2:byte
  76  0000              ___mp1l equ [3]
  77  0000              ___mp1h equ [4]
  78  0000              ___eeal equ [65]
  79  0000              ___eeah equ [66]
  80  0000              _iar1 equ [2]
  81  0000              ___eed equ [67]
  82  0000              public _EEPROM_ReadByte
  83  0000              #pragma debug scope 2 1

  35  0000              #line 35 "D:\zpw\귄\2362A\project\EEPROM.c"
  35  0000              _EEPROM_ReadByte .section 'code'
  35  0000              _EEPROM_ReadByte proc
  35  0000  00              local _EEPROM_ReadByte_2 db 1 dup(?)	; 0,1
  35  0000  0080     E  	mov ra,a
  35  0001  0080     R  	mov _EEPROM_ReadByte_2[0],a
  35  0002              #pragma debug variable 8 2 _EEPROM_ReadByte_2+0 "src"
  39  0002              #line 39 "D:\zpw\귄\2362A\project\EEPROM.c"
  39  0002  0F40        	mov a,64
  39  0003  0083        	mov [3],a
  40  0004              #line 40 "D:\zpw\귄\2362A\project\EEPROM.c"
  40  0004  0F01        	mov a,1
  40  0005  0084        	mov [4],a
  42  0006              #line 42 "D:\zpw\귄\2362A\project\EEPROM.c"
  42  0006  0700     E  	mov a,ra
  42  0007  00C1        	mov [65],a
  43  0008              #line 43 "D:\zpw\귄\2362A\project\EEPROM.c"
  43  0008  1F42        	clr [66]
  45  0009              #line 45 "D:\zpw\귄\2362A\project\EEPROM.c"
  45  0009  3082        	set [2].1
  46  000A              #line 46 "D:\zpw\귄\2362A\project\EEPROM.c"
  46  000A  3002        	set [2].0
  46  000B              _L3:
  47  000B              #line 47 "D:\zpw\귄\2362A\project\EEPROM.c"
  47  000B  3C02        	sz [2].0
  47  000C  2800     R  	jmp _L3
  49  000D              #line 49 "D:\zpw\귄\2362A\project\EEPROM.c"
  49  000D  0743        	mov a,[67]
  49  000E  0080     E  	mov ra,a
  55  000F              #line 55 "D:\zpw\귄\2362A\project\EEPROM.c"
  55  000F  0700     E  	mov a,ra
  55  0010  0003        	ret
  55  0011              _EEPROM_ReadByte endp
  55  0011              #line 55 "D:\zpw\귄\2362A\project\EEPROM.c"
  55  0011              #pragma debug scope 1 1
匡숭：EEPROM.c     긍陋포경굶 HGASM 0202 女늴3

  55  0011              public _EEPROM_ReadBytes
  55  0011              #pragma debug scope 3 1
  59  0011              #line 59 "D:\zpw\귄\2362A\project\EEPROM.c"
  59  0000              _EEPROM_ReadBytes .section 'code'
  59  0000              _EEPROM_ReadBytes proc
  59  0000              public _EEPROM_ReadBytes_2
  59  0000  0007[           local _EEPROM_ReadBytes_2 db 7 dup(?)	; 4,3
            00
            ]
  59  0007              #pragma debug pointer 42 8 3
  59  0007              #pragma debug pointer 42 8 3
  59  0007              #pragma debug variable 42 3 _EEPROM_ReadBytes_2+0 "dest"
  59  0007              #pragma debug variable 8 3 _EEPROM_ReadBytes_2+2 "src"
  59  0007              #pragma debug variable 8 3 _EEPROM_ReadBytes_2+3 "n"
  59  0007              #pragma debug variable 8 3 _EEPROM_ReadBytes_2+4 "i"
  60  0007              #line 60 "D:\zpw\귄\2362A\project\EEPROM.c"
  60  0000  3602        	clr [2].4
  60  0001  0700     R  	mov a,_EEPROM_ReadBytes_2[0]
  60  0002  0080     R  	mov _EEPROM_ReadBytes_2[5],a
  60  0003  0700     R  	mov a,_EEPROM_ReadBytes_2[1]
  60  0004  0080     R  	mov _EEPROM_ReadBytes_2[6],a
  61  0005              #line 61 "D:\zpw\귄\2362A\project\EEPROM.c"
  61  0005  1F00     R  	clr _EEPROM_ReadBytes_2[4]
  62  0006              #line 62 "D:\zpw\귄\2362A\project\EEPROM.c"
  62  0006  2800     R  	jmp _L6
  62  0007              _L7:
  64  0007              #line 64 "D:\zpw\귄\2362A\project\EEPROM.c"
  64  0007  0700     R  	mov a,_EEPROM_ReadBytes_2[4]
  64  0008  0300     R  	add a,_EEPROM_ReadBytes_2[2]
  64  0009  0080     E  	mov ra,a
  64  000A  0700     E  	mov a,ra
  64  000B              	fcall _EEPROM_ReadByte
  64  0012  0080     E  	mov ra,a
  64  0013  0700     R  	mov a,_EEPROM_ReadBytes_2[5]
  64  0014  0083        	mov mp,a
  64  0015  0700     R  	mov a,_EEPROM_ReadBytes_2[6]
  64  0016  0084        	mov sbp,a
  64  0017  0700     E  	mov a,ra
  64  0018  0082        	mov ir,a
  62  0019              #line 62 "D:\zpw\귄\2362A\project\EEPROM.c"
  62  0019  1480     R  	inc _EEPROM_ReadBytes_2[4]
  62  001A  1480     R  	inc _EEPROM_ReadBytes_2[5]
  62  001B  3D0A        	sz z
  62  001C  1480     R  	inc _EEPROM_ReadBytes_2[6]
  62  001D              _L6:
  62  001D  0700     R  	mov a,_EEPROM_ReadBytes_2[4]
  62  001E  0200     R  	sub a,_EEPROM_ReadBytes_2[3]
  62  001F  390A        	snz z
  62  0020  2800     R  	jmp _L7
  62  0021  0003        	ret
  62  0022              _EEPROM_ReadBytes endp
  62  0022              #line 62 "D:\zpw\귄\2362A\project\EEPROM.c"
  62  0022              #pragma debug scope 1 1
  62  0022              ___intc0 equ [16]
  62  0022              public _EEPROM_WriteByte
  62  0022              #pragma debug scope 4 1
  70  0022              #line 70 "D:\zpw\귄\2362A\project\EEPROM.c"
  70  0000              _EEPROM_WriteByte .section 'code'
  70  0000              _EEPROM_WriteByte proc
  70  0000              public _EEPROM_WriteByte_2
匡숭：EEPROM.c     긍陋포경굶 HGASM 0202 女늴4

  70  0000  0002[           local _EEPROM_WriteByte_2 db 2 dup(?)	; 1,1
            00
            ]
  70  0000  0080     E  	mov ra,a
  70  0001  0080     R  	mov _EEPROM_WriteByte_2[1],a
  70  0002              #pragma debug variable 8 4 _EEPROM_WriteByte_2+1 "dest"
  70  0002              #pragma debug variable 8 4 _EEPROM_WriteByte_2+0 "data"
  71  0002              #line 71 "D:\zpw\귄\2362A\project\EEPROM.c"
  71  0002  0F40        	mov a,64
  71  0003  0083        	mov [3],a
  72  0004              #line 72 "D:\zpw\귄\2362A\project\EEPROM.c"
  72  0004  0F01        	mov a,1
  72  0005  0084        	mov [4],a
  76  0006              #line 76 "D:\zpw\귄\2362A\project\EEPROM.c"
  76  0006  0700     E  	mov a,ra
  76  0007  00C1        	mov [65],a
  77  0008              #line 77 "D:\zpw\귄\2362A\project\EEPROM.c"
  77  0008  1F42        	clr [66]
  78  0009              #line 78 "D:\zpw\귄\2362A\project\EEPROM.c"
  78  0009  0700     R  	mov a,_EEPROM_WriteByte_2[0]
  78  000A  00C3        	mov [67],a
  80  000B              #line 80 "D:\zpw\귄\2362A\project\EEPROM.c"
  80  000B  3410        	clr [16].0
  81  000C              #line 81 "D:\zpw\귄\2362A\project\EEPROM.c"
  81  000C  3182        	set [2].3
  82  000D              #line 82 "D:\zpw\귄\2362A\project\EEPROM.c"
  82  000D  3102        	set [2].2
  83  000E              #line 83 "D:\zpw\귄\2362A\project\EEPROM.c"
  83  000E  3010        	set [16].0
  83  000F              _L10:
  84  000F              #line 84 "D:\zpw\귄\2362A\project\EEPROM.c"
  84  000F  3D02        	sz [2].2
  84  0010  2800     R  	jmp _L10
  86  0011              #line 86 "D:\zpw\귄\2362A\project\EEPROM.c"
  86  0011  1F04        	clr [4]
  87  0012              #line 87 "D:\zpw\귄\2362A\project\EEPROM.c"
  87  0012  1F43        	clr [67]
  87  0013  0003        	ret
  87  0014              _EEPROM_WriteByte endp
  87  0014              #line 87 "D:\zpw\귄\2362A\project\EEPROM.c"
  87  0014              #pragma debug scope 1 1
  87  0014              public _EEPROM_WriteBytes
  87  0014              #pragma debug scope 5 1
  91  0014              #line 91 "D:\zpw\귄\2362A\project\EEPROM.c"
  91  0000              _EEPROM_WriteBytes .section 'code'
  91  0000              _EEPROM_WriteBytes proc
  91  0000              public _EEPROM_WriteBytes_2
  91  0000  0007[           local _EEPROM_WriteBytes_2 db 7 dup(?)	; 3,4
            00
            ]
  91  0000  0080     R  	mov _EEPROM_WriteBytes_2[3],a
  91  0001              #pragma debug variable 8 5 _EEPROM_WriteBytes_2+3 "dest"
  91  0001              #pragma debug pointer 43 8 5
  91  0001              #pragma debug pointer 43 8 5
  91  0001              #pragma debug variable 43 5 _EEPROM_WriteBytes_2+0 "src"
  91  0001              #pragma debug variable 8 5 _EEPROM_WriteBytes_2+2 "n"
  91  0001              #pragma debug variable 11 5 _EEPROM_WriteBytes_2+4 "i"
  93  0001              #line 93 "D:\zpw\귄\2362A\project\EEPROM.c"
  93  0001  3602        	clr [2].4
  94  0002              #line 94 "D:\zpw\귄\2362A\project\EEPROM.c"
匡숭：EEPROM.c     긍陋포경굶 HGASM 0202 女늴5

  94  0002  1F00     R  	clr _EEPROM_WriteBytes_2[6]
  94  0003  1F00     R  	clr _EEPROM_WriteBytes_2[4]
  94  0004  1F00     R  	clr _EEPROM_WriteBytes_2[5]
  94  0005  2800     R  	jmp _L12
  94  0006              _L13:
  94  0006  0700     R  	mov a,_EEPROM_WriteBytes_2[6]
  94  0007  0300     R  	add a,_EEPROM_WriteBytes_2[3]
  94  0008  0080     E  	mov ra,a
  96  0009              #line 96 "D:\zpw\귄\2362A\project\EEPROM.c"
  96  0009  0700     R  	mov a,_EEPROM_WriteBytes_2[4]
  96  000A  0300     R  	add a,_EEPROM_WriteBytes_2[0]
  96  000B  0083        	mov mp,a
  96  000C  0700     R  	mov a,_EEPROM_WriteBytes_2[5]
  96  000D  1300     R  	adc a,_EEPROM_WriteBytes_2[1]
  96  000E  0084        	mov sbp,a
  96  000F              	fcall _Crom2Prom
  96  0016  0080     R  	mov _EEPROM_WriteByte_2[0],a
  96  0017  0700     E  	mov a,ra
  96  0018              	fcall _EEPROM_WriteByte
  94  001F              #line 94 "D:\zpw\귄\2362A\project\EEPROM.c"
  94  001F  1480     R  	inc _EEPROM_WriteBytes_2[4]
  94  0020  3D0A        	sz z
  94  0021  1480     R  	inc _EEPROM_WriteBytes_2[5]
  94  0022  1480     R  	inc _EEPROM_WriteBytes_2[6]
  94  0023              _L12:
  94  0023  0700     R  	mov a,_EEPROM_WriteBytes_2[2]
  94  0024  0080     E  	mov rb,a
  94  0025  1F00     E  	clr rc
  94  0026  0700     R  	mov a,_EEPROM_WriteBytes_2[4]
  94  0027  0200     E  	sub a,rb
  94  0028  0700     R  	mov a,_EEPROM_WriteBytes_2[5]
  94  0029  1200     E  	sbc a,rc
  94  002A  3F8A        	sz sc
  94  002B  2800     R  	jmp _L13
  94  002C  0003        	ret
  94  002D              _EEPROM_WriteBytes endp
  94  002D              #line 94 "D:\zpw\귄\2362A\project\EEPROM.c"
  94  002D              #pragma debug scope 1 1
  94  002D              public _EEPROM_Read_Master_Address
  94  002D              #pragma debug scope 6 1
 101  002D              #line 101 "D:\zpw\귄\2362A\project\EEPROM.c"
 101  0000              _EEPROM_Read_Master_Address .section 'code'
 101  0000              _EEPROM_Read_Master_Address proc
 101  0000  0002[           local _EEPROM_Read_Master_Address_2 db 2 dup(?)	; 0,2
            00
            ]
 101  0002              #pragma debug array 44 8 2 6
 101  0002              #pragma debug array 44 8 2 6
 101  0002              #pragma debug variable 44 6 _EEPROM_Read_Master_Address_2+0 "address"
 103  0002              #line 103 "D:\zpw\귄\2362A\project\EEPROM.c"
 103  0000  1F00     R  	clr _EEPROM_Read_Master_Address_2[0]
 103  0001  1F00     R  	clr _EEPROM_Read_Master_Address_2[1]
 104  0002              #line 104 "D:\zpw\귄\2362A\project\EEPROM.c"
 104  0002  0F02        	mov a,2
 104  0003  0080     R  	mov _EEPROM_ReadBytes_2[3],a
 104  0004  1F00     R  	clr _EEPROM_ReadBytes_2[2]
 104  0005  0F00     R  	mov a,low offset _EEPROM_Read_Master_Address_2
 104  0006  0080     R  	mov _EEPROM_ReadBytes_2[0],a
 104  0007  0F00     R  	mov a,high offset _EEPROM_Read_Master_Address_2
 104  0008  0080     R  	mov _EEPROM_ReadBytes_2[1],a
匡숭：EEPROM.c     긍陋포경굶 HGASM 0202 女늴6

 104  0009              	fcall _EEPROM_ReadBytes
 109  0010              #line 109 "D:\zpw\귄\2362A\project\EEPROM.c"
 109  0010  0700     R  	mov a,_EEPROM_Read_Master_Address_2[0]
 109  0011  0080     E  	mov rb,a
 109  0012  0700     R  	mov a,_EEPROM_Read_Master_Address_2[1]
 109  0013  0080     E  	mov ra,a
 109  0014  0003        	ret
 109  0015              _EEPROM_Read_Master_Address endp
 109  0015              #line 109 "D:\zpw\귄\2362A\project\EEPROM.c"
 109  0015              #pragma debug scope 1 1
 109  0015              #pragma debug variable 8 1 ___mp1l "__mp1l" 1
 109  0015              #pragma debug variable 8 1 ___mp1h "__mp1h" 1
 109  0015              #pragma debug struct_end
 109  0015              #pragma debug struct_end
 109  0015              #pragma debug union_end
 109  0015              #pragma debug union_end
 109  0015              #pragma debug variable 46 1 ___intc0 "__intc0" 1
 109  0015              #pragma debug struct_end
 109  0015              #pragma debug struct_end
 109  0015              #pragma debug union_end
 109  0015              #pragma debug union_end
 109  0015              #pragma debug variable 48 1 ___eeal "__eeal" 1
 109  0015              #pragma debug struct_end
 109  0015              #pragma debug struct_end
 109  0015              #pragma debug union_end
 109  0015              #pragma debug union_end
 109  0015              #pragma debug variable 50 1 ___eeah "__eeah" 1
 109  0015              #pragma debug variable 8 1 ___eed "__eed" 1
 109  0015              #pragma debug struct_end
 109  0015              #pragma debug struct_end
 109  0015              #pragma debug variable 51 1 _iar1 "iar1" 1
 109  0015              
 109  0015              ; 
 109  0015              ; Generated by holtek-gcc v3.23, Wed Apr 08 12:56:35 2026
 109  0015              ; Rebuild 1114
 109  0015              ; end of file


        0 Errors, 0