匡숭：LCD.c        긍陋포경굶 HGASM 0202 女늴1


   1  0000              ; Generated by holtek-gcc v3.23, Wed Apr 08 12:56:34 2026
   2  0000              ; 
   3  0000              ; Configuration:
   4  0000              ;       with long instruction
   5  0000              ;       Multi-ROM, Multi-RAM
   6  0000              ;       bits_per_rom_unit:16
   7  0000              ;       with mp1
   8  0000              ;       with tbhp, address(0x9)
   9  0000              ;          Use tabrd-const
  10  0000              ;       
  11  0000              ; SFR address of long-instruction arch:
  12  0000              ;    mp0 = -1,1,0
  13  0000              ;    mp1 = 4,3,2
  14  0000              ;    mp2 = 14,13,12
  15  0000              ;    tbp = 9,7,8
  16  0000              ;    acc = 5
  17  0000              ;    pcl = 6
  18  0000              ;    status = 10
  19  0000              ;    bp = 11
  20  0000              ;    intc = 16
  21  0000              ;       
  22  0000              ;       
  23  0000              ; use 'tabrdc' instead of 'tabrd'
  24  0000              ;       
  25  0000              
  26  0000              #pragma translator "holtek-gcc 4.6.4" "3.23" "build 20130711"
  27  0000              ; Rebuild 1114
  28  0000              
  29  0000              ir equ [2]
  30  0000              mp equ [3]
  31  0000              sbp equ [4]
  32  0000              acc equ [5]
  33  0000              bp equ [11]
  34  0000              tblp equ [7]
  35  0000              tbhp equ [9]
  36  0000              status equ [10]
  37  0000              c equ [10].0
  38  0000              ac equ [10].1
  39  0000              z equ [10].2
  40  0000              ov equ [10].3
  41  0000              cz equ [10].6
  42  0000              sc equ [10].7
  43  0000              intc equ [16]
  44  0000              mduwr0 equ [59h]
  45  0000              mduwr1 equ [5ah]
  46  0000              mduwr2 equ [5bh]
  47  0000              mduwr3 equ [5ch]
  48  0000              mduwr4 equ [5dh]
  49  0000              mduwr5 equ [5eh]
  50  0000              mduwrctrl equ [5fh]
  51  0000              
  52  0000              extern ra:byte
  53  0000              extern rb:byte
  54  0000              extern rc:byte
  55  0000              extern rd:byte
  56  0000              extern re:byte
  57  0000              extern rf:byte
  58  0000              extern rg:byte
  59  0000              extern rh:byte
匡숭：LCD.ASM      긍陋포경굶 HGASM 0202 女늴2

  60  0000              extern _Crom2Prom:near
  61  0000              extern _Crom2PromNext:near
  62  0000              
  63  0000              RAMBANK 0 @BITDATASEC, @BITDATASEC1
  64  0000              @HCCINIT	.section 'data'
  65  0000              @HCCINIT0	.section 'data'
  66  0000              @BITDATASEC	 .section 'data'
  67  0000              @BITDATASEC1	 .section 'data'
  68  0000              
  69  0000              #pragma debug scope 1 1
  70  0000              	extern __DELAY3:near
  71  0000              	extern __DELAYX3:near
  72  0000              	extern __DELAYX6:near
  73  0000              	extern __DELAYY5:near
  74  0000              	extern __DELAYY3:near
  75  0000              	extern _builtin_holtek_delay_2:byte
  76  0000              ___lcdc0 equ [80]
  77  0000              ___lcdc2 equ [82]
  78  0000              ___lcdc1 equ [81]
  79  0000              ___pgs0 equ [346]
  80  0000              ___pds1 equ [341]
  81  0000              ___pbs0 equ [336]
  82  0000              ___pbs1 equ [337]
  83  0000              ___pas0 equ [334]
  84  0000              ___pas1 equ [335]
  85  0000              ___pfs0 equ [344]
  86  0000              ___pjs0 equ [350]
  87  0000              ___pes0 equ [342]
  88  0000              ___pgs1 equ [347]
  89  0000              _seg20 equ [1029]
  90  0000              _seg16 equ [1033]
  91  0000              _seg18 equ [1031]
  92  0000              _seg15 equ [1034]
  93  0000              _seg9 equ [1040]
  94  0000              public _LCD_Init
  95  0000              #pragma debug scope 2 1

  11  0000              #line 11 "D:\zpw\귄\2362A\project\LCD.c"
  11  0000              _LCD_Init .section 'code'
  11  0000              _LCD_Init proc
  19  0000              #line 19 "D:\zpw\귄\2362A\project\LCD.c"
  19  0000  3050        	set [80].0
  22  0001              #line 22 "D:\zpw\귄\2362A\project\LCD.c"
  22  0001  33D0        	set [80].7
  25  0002              #line 25 "D:\zpw\귄\2362A\project\LCD.c"
  25  0002  34D2        	clr [82].1
  26  0003              #line 26 "D:\zpw\귄\2362A\project\LCD.c"
  26  0003  3552        	clr [82].2
  29  0004              #line 29 "D:\zpw\귄\2362A\project\LCD.c"
  29  0004  3452        	clr [82].0
  31  0005              #line 31 "D:\zpw\귄\2362A\project\LCD.c"
  31  0005  3750        	clr [80].6
  34  0006              #line 34 "D:\zpw\귄\2362A\project\LCD.c"
  34  0006  34D0        	clr [80].1
  35  0007              #line 35 "D:\zpw\귄\2362A\project\LCD.c"
  35  0007  3150        	set [80].2
  36  0008              #line 36 "D:\zpw\귄\2362A\project\LCD.c"
  36  0008  35D0        	clr [80].3
  39  0009              #line 39 "D:\zpw\귄\2362A\project\LCD.c"
  39  0009  36D1        	clr [81].5
匡숭：LCD.c        긍陋포경굶 HGASM 0202 女늴3

  40  000A              #line 40 "D:\zpw\귄\2362A\project\LCD.c"
  40  000A  3751        	clr [81].6
  41  000B              #line 41 "D:\zpw\귄\2362A\project\LCD.c"
  41  000B  37D1        	clr [81].7
  44  000C              #line 44 "D:\zpw\귄\2362A\project\LCD.c"
  44  000C  3051        	set [81].0
  45  000D              #line 45 "D:\zpw\귄\2362A\project\LCD.c"
  45  000D  30D1        	set [81].1
  46  000E              #line 46 "D:\zpw\귄\2362A\project\LCD.c"
  46  000E  3151        	set [81].2
  47  000F              #line 47 "D:\zpw\귄\2362A\project\LCD.c"
  47  000F  31D1        	set [81].3
  51  0010              #line 51 "D:\zpw\귄\2362A\project\LCD.c"
  51  0010  875A 0001   	lmov a,[346]
  51  0012  0080     E  	mov ra,a
  51  0013  9FDA 0001   	lset [346]
  60  0015              #line 60 "D:\zpw\귄\2362A\project\LCD.c"
  60  0015  0F30        	mov a,48
  60  0016  85D5 0001   	lorm a,[341]
  61  0018              #line 61 "D:\zpw\귄\2362A\project\LCD.c"
  61  0018  0F03        	mov a,3
  61  0019  85D0 0001   	lorm a,[336]
  62  001B              #line 62 "D:\zpw\귄\2362A\project\LCD.c"
  62  001B  0F0C        	mov a,12
  62  001C  85D0 0001   	lorm a,[336]
  63  001E              #line 63 "D:\zpw\귄\2362A\project\LCD.c"
  63  001E  0F03        	mov a,3
  63  001F  85D1 0001   	lorm a,[337]
  65  0021              #line 65 "D:\zpw\귄\2362A\project\LCD.c"
  65  0021  0FC0        	mov a,192
  65  0022  85D0 0001   	lorm a,[336]
  66  0024              #line 66 "D:\zpw\귄\2362A\project\LCD.c"
  66  0024  0F0C        	mov a,12
  66  0025  85CE 0001   	lorm a,[334]
  67  0027              #line 67 "D:\zpw\귄\2362A\project\LCD.c"
  67  0027  0FC0        	mov a,192
  67  0028  85CE 0001   	lorm a,[334]
  68  002A              #line 68 "D:\zpw\귄\2362A\project\LCD.c"
  68  002A  0F03        	mov a,3
  68  002B  85CF 0001   	lorm a,[335]
  70  002D              #line 70 "D:\zpw\귄\2362A\project\LCD.c"
  70  002D  0F0C        	mov a,12
  70  002E  85CF 0001   	lorm a,[335]
  71  0030              #line 71 "D:\zpw\귄\2362A\project\LCD.c"
  71  0030  0F30        	mov a,48
  71  0031  85CF 0001   	lorm a,[335]
  72  0033              #line 72 "D:\zpw\귄\2362A\project\LCD.c"
  72  0033  0FC0        	mov a,192
  72  0034  85CF 0001   	lorm a,[335]
  73  0036              #line 73 "D:\zpw\귄\2362A\project\LCD.c"
  73  0036  0F30        	mov a,48
  73  0037  85D0 0001   	lorm a,[336]
  75  0039              #line 75 "D:\zpw\귄\2362A\project\LCD.c"
  75  0039  0F03        	mov a,3
  75  003A  85D8 0001   	lorm a,[344]
  76  003C              #line 76 "D:\zpw\귄\2362A\project\LCD.c"
  76  003C  0F0C        	mov a,12
  76  003D  85D8 0001   	lorm a,[344]
  77  003F              #line 77 "D:\zpw\귄\2362A\project\LCD.c"
  77  003F  0F30        	mov a,48
匡숭：LCD.c        긍陋포경굶 HGASM 0202 女늴4

  77  0040  85D8 0001   	lorm a,[344]
  78  0042              #line 78 "D:\zpw\귄\2362A\project\LCD.c"
  78  0042  0FC0        	mov a,192
  78  0043  85D8 0001   	lorm a,[344]
  80  0045              #line 80 "D:\zpw\귄\2362A\project\LCD.c"
  80  0045  0F0C        	mov a,12
  80  0046  85DE 0001   	lorm a,[350]
  81  0048              #line 81 "D:\zpw\귄\2362A\project\LCD.c"
  81  0048  0F03        	mov a,3
  81  0049  85DE 0001   	lorm a,[350]
  82  004B              #line 82 "D:\zpw\귄\2362A\project\LCD.c"
  82  004B  0F03        	mov a,3
  82  004C  85D6 0001   	lorm a,[342]
  83  004E              #line 83 "D:\zpw\귄\2362A\project\LCD.c"
  83  004E  0F0C        	mov a,12
  83  004F  85D6 0001   	lorm a,[342]
  85  0051              #line 85 "D:\zpw\귄\2362A\project\LCD.c"
  85  0051  0F30        	mov a,48
  85  0052  85D6 0001   	lorm a,[342]
  86  0054              #line 86 "D:\zpw\귄\2362A\project\LCD.c"
  86  0054  0FC0        	mov a,192
  86  0055  85D6 0001   	lorm a,[342]
  87  0057              #line 87 "D:\zpw\귄\2362A\project\LCD.c"
  87  0057  0FC0        	mov a,192
  87  0058  85DB 0001   	lorm a,[347]
  88  005A              #line 88 "D:\zpw\귄\2362A\project\LCD.c"
  88  005A  0F30        	mov a,48
  88  005B  85DB 0001   	lorm a,[347]
  16  005D              #line 16 "D:\zpw\귄\2362A\project\LCD.c"
  16  005D  0F02        	mov a,2
  16  005E  0080     E  	mov rb,a
  16  005F  0F04        	mov a,4
  16  0060  0080     E  	mov rc,a
  16  0061              _L3:
  92  0061              #line 92 "D:\zpw\귄\2362A\project\LCD.c"
  92  0061  0700     E  	mov a,rb
  92  0062  0083        	mov mp,a
  92  0063  0700     E  	mov a,rc
  92  0064  0084        	mov sbp,a
  92  0065  0F00        	mov a,0
  92  0066  0082        	mov ir,a
  93  0067              #line 93 "D:\zpw\귄\2362A\project\LCD.c"
  93  0067  1480     E  	inc rb
  93  0068  3D0A        	sz z
  93  0069  1480     E  	inc rc
  90  006A              #line 90 "D:\zpw\귄\2362A\project\LCD.c"
  90  006A  0700     E  	mov a,rb
  90  006B  0A1C        	sub a,28
  90  006C  0700     E  	mov a,rc
  90  006D  0804        	sbc a,4
  90  006E  3B0A        	snz cz
  90  006F  2800     R  	jmp _L3
  96  0070              #line 96 "D:\zpw\귄\2362A\project\LCD.c"
  96  0070  B185 0004   	lset [1029].3
  97  0072              #line 97 "D:\zpw\귄\2362A\project\LCD.c"
  97  0072  B189 0004   	lset [1033].3
  98  0074              #line 98 "D:\zpw\귄\2362A\project\LCD.c"
  98  0074  B187 0004   	lset [1031].3
  99  0076              #line 99 "D:\zpw\귄\2362A\project\LCD.c"
  99  0076  B00A 0004   	lset [1034].0
匡숭：LCD.c        긍陋포경굶 HGASM 0202 女늴5

 100  0078              #line 100 "D:\zpw\귄\2362A\project\LCD.c"
 100  0078  B010 0004   	lset [1040].0
 103  007A              #line 103 "D:\zpw\귄\2362A\project\LCD.c"
 103  007A  0FF3        	mov a,-13
 103  007B  0080     R  	mov _angles[0],a
 103  007C  0F40        	mov a,64
 103  007D  0080     R  	mov _angles[1],a
 104  007E              #line 104 "D:\zpw\귄\2362A\project\LCD.c"
 104  007E  0FF2        	mov a,-14
 104  007F  0080     R  	mov _angles[2],a
 104  0080  0F40        	mov a,64
 104  0081  0080     R  	mov _angles[3],a
 105  0082              #line 105 "D:\zpw\귄\2362A\project\LCD.c"
 105  0082  0FF1        	mov a,-15
 105  0083  0080     R  	mov _angles[4],a
 105  0084  0F40        	mov a,64
 105  0085  0080     R  	mov _angles[5],a
 106  0086              #line 106 "D:\zpw\귄\2362A\project\LCD.c"
 106  0086  0FF0        	mov a,-16
 106  0087  0080     R  	mov _angles[6],a
 106  0088  0F40        	mov a,64
 106  0089  0080     R  	mov _angles[7],a
 108  008A              #line 108 "D:\zpw\귄\2362A\project\LCD.c"
 108  008A  0FE0        	mov a,-32
 108  008B  0080     R  	mov _angles[8],a
 108  008C  0F40        	mov a,64
 108  008D  0080     R  	mov _angles[9],a
 109  008E              #line 109 "D:\zpw\귄\2362A\project\LCD.c"
 109  008E  0FE1        	mov a,-31
 109  008F  0080     R  	mov _angles[10],a
 109  0090  0F40        	mov a,64
 109  0091  0080     R  	mov _angles[11],a
 110  0092              #line 110 "D:\zpw\귄\2362A\project\LCD.c"
 110  0092  0FE2        	mov a,-30
 110  0093  0080     R  	mov _angles[12],a
 110  0094  0F40        	mov a,64
 110  0095  0080     R  	mov _angles[13],a
 111  0096              #line 111 "D:\zpw\귄\2362A\project\LCD.c"
 111  0096  0FE3        	mov a,-29
 111  0097  0080     R  	mov _angles[14],a
 111  0098  0F40        	mov a,64
 111  0099  0080     R  	mov _angles[15],a
 113  009A              #line 113 "D:\zpw\귄\2362A\project\LCD.c"
 113  009A  0FD3        	mov a,-45
 113  009B  0080     R  	mov _angles[16],a
 113  009C  0F40        	mov a,64
 113  009D  0080     R  	mov _angles[17],a
 114  009E              #line 114 "D:\zpw\귄\2362A\project\LCD.c"
 114  009E  0FD2        	mov a,-46
 114  009F  0080     R  	mov _angles[18],a
 114  00A0  0F40        	mov a,64
 114  00A1  0080     R  	mov _angles[19],a
 115  00A2              #line 115 "D:\zpw\귄\2362A\project\LCD.c"
 115  00A2  0FD1        	mov a,-47
 115  00A3  0080     R  	mov _angles[20],a
 115  00A4  0F40        	mov a,64
 115  00A5  0080     R  	mov _angles[21],a
 116  00A6              #line 116 "D:\zpw\귄\2362A\project\LCD.c"
 116  00A6  0FD0        	mov a,-48
 116  00A7  0080     R  	mov _angles[22],a
匡숭：LCD.c        긍陋포경굶 HGASM 0202 女늴6

 116  00A8  0F40        	mov a,64
 116  00A9  0080     R  	mov _angles[23],a
 118  00AA              #line 118 "D:\zpw\귄\2362A\project\LCD.c"
 118  00AA  0FC0        	mov a,-64
 118  00AB  0080     R  	mov _angles[24],a
 118  00AC  0F40        	mov a,64
 118  00AD  0080     R  	mov _angles[25],a
 119  00AE              #line 119 "D:\zpw\귄\2362A\project\LCD.c"
 119  00AE  0FC1        	mov a,-63
 119  00AF  0080     R  	mov _angles[26],a
 119  00B0  0F40        	mov a,64
 119  00B1  0080     R  	mov _angles[27],a
 120  00B2              #line 120 "D:\zpw\귄\2362A\project\LCD.c"
 120  00B2  0FC2        	mov a,-62
 120  00B3  0080     R  	mov _angles[28],a
 120  00B4  0F40        	mov a,64
 120  00B5  0080     R  	mov _angles[29],a
 121  00B6              #line 121 "D:\zpw\귄\2362A\project\LCD.c"
 121  00B6  0FC3        	mov a,-61
 121  00B7  0080     R  	mov _angles[30],a
 121  00B8  0F40        	mov a,64
 121  00B9  0080     R  	mov _angles[31],a
 123  00BA              #line 123 "D:\zpw\귄\2362A\project\LCD.c"
 123  00BA  0FB3        	mov a,-77
 123  00BB  0080     R  	mov _angles[32],a
 123  00BC  0F40        	mov a,64
 123  00BD  0080     R  	mov _angles[33],a
 124  00BE              #line 124 "D:\zpw\귄\2362A\project\LCD.c"
 124  00BE  0FB2        	mov a,-78
 124  00BF  0080     R  	mov _angles[34],a
 124  00C0  0F40        	mov a,64
 124  00C1  0080     R  	mov _angles[35],a
 125  00C2              #line 125 "D:\zpw\귄\2362A\project\LCD.c"
 125  00C2  0FB1        	mov a,-79
 125  00C3  0080     R  	mov _angles[36],a
 125  00C4  0F40        	mov a,64
 125  00C5  0080     R  	mov _angles[37],a
 126  00C6              #line 126 "D:\zpw\귄\2362A\project\LCD.c"
 126  00C6  0FB0        	mov a,-80
 126  00C7  0080     R  	mov _angles[38],a
 126  00C8  0F40        	mov a,64
 126  00C9  0080     R  	mov _angles[39],a
 128  00CA              #line 128 "D:\zpw\귄\2362A\project\LCD.c"
 128  00CA  0F20        	mov a,32
 128  00CB  0080     R  	mov _angles[40],a
 128  00CC  0F40        	mov a,64
 128  00CD  0080     R  	mov _angles[41],a
 130  00CE              #line 130 "D:\zpw\귄\2362A\project\LCD.c"
 130  00CE  0FB3        	mov a,-77
 130  00CF  0080     R  	mov _angles[42],a
 130  00D0  0F41        	mov a,65
 130  00D1  0080     R  	mov _angles[43],a
 131  00D2              #line 131 "D:\zpw\귄\2362A\project\LCD.c"
 131  00D2  0FB2        	mov a,-78
 131  00D3  0080     R  	mov _angles[44],a
 131  00D4  0F41        	mov a,65
 131  00D5  0080     R  	mov _angles[45],a
 132  00D6              #line 132 "D:\zpw\귄\2362A\project\LCD.c"
 132  00D6  0FB1        	mov a,-79
 132  00D7  0080     R  	mov _angles[46],a
匡숭：LCD.c        긍陋포경굶 HGASM 0202 女늴7

 132  00D8  0F41        	mov a,65
 132  00D9  0080     R  	mov _angles[47],a
 133  00DA              #line 133 "D:\zpw\귄\2362A\project\LCD.c"
 133  00DA  0FB0        	mov a,-80
 133  00DB  0080     R  	mov _angles[48],a
 133  00DC  0F41        	mov a,65
 133  00DD  0080     R  	mov _angles[49],a
 135  00DE              #line 135 "D:\zpw\귄\2362A\project\LCD.c"
 135  00DE  0FA0        	mov a,-96
 135  00DF  0080     R  	mov _angles[50],a
 135  00E0  0F41        	mov a,65
 135  00E1  0080     R  	mov _angles[51],a
 136  00E2              #line 136 "D:\zpw\귄\2362A\project\LCD.c"
 136  00E2  0FA1        	mov a,-95
 136  00E3  0080     R  	mov _angles[52],a
 136  00E4  0F41        	mov a,65
 136  00E5  0080     R  	mov _angles[53],a
 137  00E6              #line 137 "D:\zpw\귄\2362A\project\LCD.c"
 137  00E6  0FA2        	mov a,-94
 137  00E7  0080     R  	mov _angles[54],a
 137  00E8  0F41        	mov a,65
 137  00E9  0080     R  	mov _angles[55],a
 138  00EA              #line 138 "D:\zpw\귄\2362A\project\LCD.c"
 138  00EA  0FA3        	mov a,-93
 138  00EB  0080     R  	mov _angles[56],a
 138  00EC  0F41        	mov a,65
 138  00ED  0080     R  	mov _angles[57],a
 140  00EE              #line 140 "D:\zpw\귄\2362A\project\LCD.c"
 140  00EE  0F93        	mov a,-109
 140  00EF  0080     R  	mov _angles[58],a
 140  00F0  0F41        	mov a,65
 140  00F1  0080     R  	mov _angles[59],a
 141  00F2              #line 141 "D:\zpw\귄\2362A\project\LCD.c"
 141  00F2  0F92        	mov a,-110
 141  00F3  0080     R  	mov _angles[60],a
 141  00F4  0F41        	mov a,65
 141  00F5  0080     R  	mov _angles[61],a
 142  00F6              #line 142 "D:\zpw\귄\2362A\project\LCD.c"
 142  00F6  0F91        	mov a,-111
 142  00F7  0080     R  	mov _angles[62],a
 142  00F8  0F41        	mov a,65
 142  00F9  0080     R  	mov _angles[63],a
 143  00FA              #line 143 "D:\zpw\귄\2362A\project\LCD.c"
 143  00FA  0F90        	mov a,-112
 143  00FB  0080     R  	mov _angles[64],a
 143  00FC  0F41        	mov a,65
 143  00FD  0080     R  	mov _angles[65],a
 145  00FE              #line 145 "D:\zpw\귄\2362A\project\LCD.c"
 145  00FE  0F60        	mov a,96
 145  00FF  0080     R  	mov _angles[66],a
 145  0100  0F41        	mov a,65
 145  0101  0080     R  	mov _angles[67],a
 146  0102              #line 146 "D:\zpw\귄\2362A\project\LCD.c"
 146  0102  0F61        	mov a,97
 146  0103  0080     R  	mov _angles[68],a
 146  0104  0F41        	mov a,65
 146  0105  0080     R  	mov _angles[69],a
 147  0106              #line 147 "D:\zpw\귄\2362A\project\LCD.c"
 147  0106  0F62        	mov a,98
 147  0107  0080     R  	mov _angles[70],a
匡숭：LCD.c        긍陋포경굶 HGASM 0202 女늴8

 147  0108  0F41        	mov a,65
 147  0109  0080     R  	mov _angles[71],a
 148  010A              #line 148 "D:\zpw\귄\2362A\project\LCD.c"
 148  010A  0F63        	mov a,99
 148  010B  0080     R  	mov _angles[72],a
 148  010C  0F41        	mov a,65
 148  010D  0080     R  	mov _angles[73],a
 150  010E              #line 150 "D:\zpw\귄\2362A\project\LCD.c"
 150  010E  0F53        	mov a,83
 150  010F  0080     R  	mov _angles[74],a
 150  0110  0F41        	mov a,65
 150  0111  0080     R  	mov _angles[75],a
 151  0112              #line 151 "D:\zpw\귄\2362A\project\LCD.c"
 151  0112  0F52        	mov a,82
 151  0113  0080     R  	mov _angles[76],a
 151  0114  0F41        	mov a,65
 151  0115  0080     R  	mov _angles[77],a
 152  0116              #line 152 "D:\zpw\귄\2362A\project\LCD.c"
 152  0116  0F51        	mov a,81
 152  0117  0080     R  	mov _angles[78],a
 152  0118  0F41        	mov a,65
 152  0119  0080     R  	mov _angles[79],a
 153  011A              #line 153 "D:\zpw\귄\2362A\project\LCD.c"
 153  011A  0F50        	mov a,80
 153  011B  0080     R  	mov _angles[80],a
 153  011C  0F41        	mov a,65
 153  011D  0080     R  	mov _angles[81],a
 155  011E              #line 155 "D:\zpw\귄\2362A\project\LCD.c"
 155  011E  0F40        	mov a,64
 155  011F  0080     R  	mov _angles[82],a
 155  0120  0F41        	mov a,65
 155  0121  0080     R  	mov _angles[83],a
 156  0122              #line 156 "D:\zpw\귄\2362A\project\LCD.c"
 156  0122  0F41        	mov a,65
 156  0123  0080     R  	mov _angles[84],a
 156  0124  0F41        	mov a,65
 156  0125  0080     R  	mov _angles[85],a
 157  0126              #line 157 "D:\zpw\귄\2362A\project\LCD.c"
 157  0126  0F42        	mov a,66
 157  0127  0080     R  	mov _angles[86],a
 157  0128  0F41        	mov a,65
 157  0129  0080     R  	mov _angles[87],a
 158  012A              #line 158 "D:\zpw\귄\2362A\project\LCD.c"
 158  012A  0F43        	mov a,67
 158  012B  0080     R  	mov _angles[88],a
 158  012C  0F41        	mov a,65
 158  012D  0080     R  	mov _angles[89],a
 160  012E              #line 160 "D:\zpw\귄\2362A\project\LCD.c"
 160  012E  0F33        	mov a,51
 160  012F  0080     R  	mov _angles[90],a
 160  0130  0F41        	mov a,65
 160  0131  0080     R  	mov _angles[91],a
 161  0132              #line 161 "D:\zpw\귄\2362A\project\LCD.c"
 161  0132  0F32        	mov a,50
 161  0133  0080     R  	mov _angles[92],a
 161  0134  0F41        	mov a,65
 161  0135  0080     R  	mov _angles[93],a
 162  0136              #line 162 "D:\zpw\귄\2362A\project\LCD.c"
 162  0136  0F31        	mov a,49
 162  0137  0080     R  	mov _angles[94],a
匡숭：LCD.c        긍陋포경굶 HGASM 0202 女늴9

 162  0138  0F41        	mov a,65
 162  0139  0080     R  	mov _angles[95],a
 163  013A              #line 163 "D:\zpw\귄\2362A\project\LCD.c"
 163  013A  0F30        	mov a,48
 163  013B  0080     R  	mov _angles[96],a
 163  013C  0F41        	mov a,65
 163  013D  0080     R  	mov _angles[97],a
 165  013E              #line 165 "D:\zpw\귄\2362A\project\LCD.c"
 165  013E  0F20        	mov a,32
 165  013F  0080     R  	mov _angles[98],a
 165  0140  0F41        	mov a,65
 165  0141  0080     R  	mov _angles[99],a
 166  0142              #line 166 "D:\zpw\귄\2362A\project\LCD.c"
 166  0142  0F21        	mov a,33
 166  0143  0080     R  	mov _angles[100],a
 166  0144  0F41        	mov a,65
 166  0145  0080     R  	mov _angles[101],a
 167  0146              #line 167 "D:\zpw\귄\2362A\project\LCD.c"
 167  0146  0F22        	mov a,34
 167  0147  0080     R  	mov _angles[102],a
 167  0148  0F41        	mov a,65
 167  0149  0080     R  	mov _angles[103],a
 168  014A              #line 168 "D:\zpw\귄\2362A\project\LCD.c"
 168  014A  0F23        	mov a,35
 168  014B  0080     R  	mov _angles[104],a
 168  014C  0F41        	mov a,65
 168  014D  0080     R  	mov _angles[105],a
 170  014E              #line 170 "D:\zpw\귄\2362A\project\LCD.c"
 170  014E  0F13        	mov a,19
 170  014F  0080     R  	mov _angles[106],a
 170  0150  0F41        	mov a,65
 170  0151  0080     R  	mov _angles[107],a
 171  0152              #line 171 "D:\zpw\귄\2362A\project\LCD.c"
 171  0152  0F12        	mov a,18
 171  0153  0080     R  	mov _angles[108],a
 171  0154  0F41        	mov a,65
 171  0155  0080     R  	mov _angles[109],a
 172  0156              #line 172 "D:\zpw\귄\2362A\project\LCD.c"
 172  0156  0F11        	mov a,17
 172  0157  0080     R  	mov _angles[110],a
 172  0158  0F41        	mov a,65
 172  0159  0080     R  	mov _angles[111],a
 173  015A              #line 173 "D:\zpw\귄\2362A\project\LCD.c"
 173  015A  0F10        	mov a,16
 173  015B  0080     R  	mov _angles[112],a
 173  015C  0F41        	mov a,65
 173  015D  0080     R  	mov _angles[113],a
 175  015E              #line 175 "D:\zpw\귄\2362A\project\LCD.c"
 175  015E  0F01        	mov a,1
 175  015F  0080     R  	mov _angles[114],a
 175  0160  0F41        	mov a,65
 175  0161  0080     R  	mov _angles[115],a
 176  0162              #line 176 "D:\zpw\귄\2362A\project\LCD.c"
 176  0162  0F02        	mov a,2
 176  0163  0080     R  	mov _angles[116],a
 176  0164  0F41        	mov a,65
 176  0165  0080     R  	mov _angles[117],a
 177  0166              #line 177 "D:\zpw\귄\2362A\project\LCD.c"
 177  0166  0F03        	mov a,3
 177  0167  0080     R  	mov _angles[118],a
匡숭：LCD.c        긍陋포경굶 HGASM 0202 女늴10

 177  0168  0F41        	mov a,65
 177  0169  0080     R  	mov _angles[119],a
 177  016A  0003        	ret
 177  016B              _LCD_Init endp
 177  016B              #line 177 "D:\zpw\귄\2362A\project\LCD.c"
 177  016B              #pragma debug scope 1 1
 177  016B              _seg22 equ [1027]
 177  016B              _seg23 equ [1026]
 177  016B              public _LCD_Hour_High_Clear
 177  016B              #pragma debug scope 3 1
 182  016B              #line 182 "D:\zpw\귄\2362A\project\LCD.c"
 182  0000              _LCD_Hour_High_Clear .section 'code'
 182  0000              _LCD_Hour_High_Clear proc
 183  0000              #line 183 "D:\zpw\귄\2362A\project\LCD.c"
 183  0000  B583 0004   	lclr [1027].3
 183  0002  B503 0004   	lclr [1027].2
 183  0004  B483 0004   	lclr [1027].1
 183  0006  B403 0004   	lclr [1027].0
 183  0008  B482 0004   	lclr [1026].1
 183  000A  B582 0004   	lclr [1026].3
 183  000C  B502 0004   	lclr [1026].2
 183  000E  0003        	ret
 183  000F              _LCD_Hour_High_Clear endp
 183  000F              #line 183 "D:\zpw\귄\2362A\project\LCD.c"
 183  000F              #pragma debug scope 1 1
 183  000F              _seg21 equ [1028]
 183  000F              public _LCD_Hour_Low_Clear
 183  000F              #pragma debug scope 4 1
 188  000F              #line 188 "D:\zpw\귄\2362A\project\LCD.c"
 188  0000              _LCD_Hour_Low_Clear .section 'code'
 188  0000              _LCD_Hour_Low_Clear proc
 189  0000              #line 189 "D:\zpw\귄\2362A\project\LCD.c"
 189  0000  B584 0004   	lclr [1028].3
 189  0002  B505 0004   	lclr [1029].2
 189  0004  B405 0004   	lclr [1029].0
 189  0006  B404 0004   	lclr [1028].0
 189  0008  B484 0004   	lclr [1028].1
 189  000A  B504 0004   	lclr [1028].2
 189  000C  B485 0004   	lclr [1029].1
 189  000E  0003        	ret
 189  000F              _LCD_Hour_Low_Clear endp
 189  000F              #line 189 "D:\zpw\귄\2362A\project\LCD.c"
 189  000F              #pragma debug scope 1 1
 189  000F              _seg19 equ [1030]
 189  000F              public _LCD_Minute_High_Clear
 189  000F              #pragma debug scope 5 1
 194  000F              #line 194 "D:\zpw\귄\2362A\project\LCD.c"
 194  0000              _LCD_Minute_High_Clear .section 'code'
 194  0000              _LCD_Minute_High_Clear proc
 195  0000              #line 195 "D:\zpw\귄\2362A\project\LCD.c"
 195  0000  B586 0004   	lclr [1030].3
 195  0002  B507 0004   	lclr [1031].2
 195  0004  B407 0004   	lclr [1031].0
 195  0006  B406 0004   	lclr [1030].0
 195  0008  B486 0004   	lclr [1030].1
 195  000A  B506 0004   	lclr [1030].2
 195  000C  B487 0004   	lclr [1031].1
 195  000E  0003        	ret
 195  000F              _LCD_Minute_High_Clear endp
 195  000F              #line 195 "D:\zpw\귄\2362A\project\LCD.c"
匡숭：LCD.c        긍陋포경굶 HGASM 0202 女늴11

 195  000F              #pragma debug scope 1 1
 195  000F              _seg17 equ [1032]
 195  000F              public _LCD_Minute_Low_Clear
 195  000F              #pragma debug scope 6 1
 200  000F              #line 200 "D:\zpw\귄\2362A\project\LCD.c"
 200  0000              _LCD_Minute_Low_Clear .section 'code'
 200  0000              _LCD_Minute_Low_Clear proc
 201  0000              #line 201 "D:\zpw\귄\2362A\project\LCD.c"
 201  0000  B588 0004   	lclr [1032].3
 201  0002  B509 0004   	lclr [1033].2
 201  0004  B409 0004   	lclr [1033].0
 201  0006  B408 0004   	lclr [1032].0
 201  0008  B488 0004   	lclr [1032].1
 201  000A  B508 0004   	lclr [1032].2
 201  000C  B489 0004   	lclr [1033].1
 201  000E  0003        	ret
 201  000F              _LCD_Minute_Low_Clear endp
 201  000F              #line 201 "D:\zpw\귄\2362A\project\LCD.c"
 201  000F              #pragma debug scope 1 1
 201  000F              public _LCD_Hour_High_Show
 201  000F              #pragma debug scope 7 1
 206  000F              #line 206 "D:\zpw\귄\2362A\project\LCD.c"
 206  0000              _LCD_Hour_High_Show .section 'code'
 206  0000              _LCD_Hour_High_Show proc
 206  0000  00              local _LCD_Hour_High_Show_2 db 1 dup(?)	; 0,1
 206  0000  0080     R  	mov _LCD_Hour_High_Show_2[0],a
 206  0001              #pragma debug variable 8 7 _LCD_Hour_High_Show_2+0 "A"
 207  0001              #line 207 "D:\zpw\귄\2362A\project\LCD.c"
 207  0001              	fcall _LCD_Hour_High_Clear
 208  0008              #line 208 "D:\zpw\귄\2362A\project\LCD.c"
 208  0008  0700     R  	mov a,_LCD_Hour_High_Show_2[0]
 208  0009  0A00        	sub a,0
 208  000A  3D0A        	sz z
 208  000B  2800     R  	jmp _L11
 208  000C  0A01        	sub a,(1)-(0)
 208  000D  3D0A        	sz z
 208  000E  2800     R  	jmp _L21
 208  000F              #line 208 "D:\zpw\귄\2362A\project\LCD.c"
 208  000F  0700     R  	mov a,_LCD_Hour_High_Show_2[0]
 208  0010  0A02        	sub a,2
 208  0011  3D0A        	sz z
 208  0012  2800     R  	jmp _L13
 208  0013  0A01        	sub a,(3)-(2)
 208  0014  3D0A        	sz z
 208  0015  2800     R  	jmp _L14
 208  0016  0700     R  	mov a,_LCD_Hour_High_Show_2[0]
 208  0017  0A04        	sub a,4
 208  0018  3D0A        	sz z
 208  0019  2800     R  	jmp _L15
 208  001A  0A01        	sub a,(5)-(4)
 208  001B  3D0A        	sz z
 208  001C  2800     R  	jmp _L16
 208  001D  0700     R  	mov a,_LCD_Hour_High_Show_2[0]
 208  001E  0A06        	sub a,6
 208  001F  3D0A        	sz z
 208  0020  2800     R  	jmp _L17
 208  0021  0A01        	sub a,(7)-(6)
 208  0022  3D0A        	sz z
 208  0023  2800     R  	jmp _L18
 208  0024  0700     R  	mov a,_LCD_Hour_High_Show_2[0]
匡숭：LCD.c        긍陋포경굶 HGASM 0202 女늴12

 208  0025  0A08        	sub a,8
 208  0026  3D0A        	sz z
 208  0027  2800     R  	jmp _L19
 208  0028  0700     R  	mov a,_LCD_Hour_High_Show_2[0]
 208  0029  0A09        	sub a,9
 208  002A  390A        	snz z
 208  002B  2800     R  	jmp _L9
 235  002C              #line 235 "D:\zpw\귄\2362A\project\LCD.c"
 235  002C  B183 0004   	lset [1027].3
 235  002E  B103 0004   	lset [1027].2
 235  0030  B083 0004   	lset [1027].1
 235  0032  B003 0004   	lset [1027].0
 235  0034  B102 0004   	lset [1026].2
 235  0036  2800     R  	jmp _L22
 235  0037              _L13:
 214  0037              #line 214 "D:\zpw\귄\2362A\project\LCD.c"
 214  0037  B183 0004   	lset [1027].3
 214  0039  B103 0004   	lset [1027].2
 214  003B  B102 0004   	lset [1026].2
 214  003D  B082 0004   	lset [1026].1
 214  003F  2800     R  	jmp _L23
 214  0040              _L14:
 217  0040              #line 217 "D:\zpw\귄\2362A\project\LCD.c"
 217  0040  B183 0004   	lset [1027].3
 217  0042  B103 0004   	lset [1027].2
 217  0044              _L24:
 217  0044  B102 0004   	lset [1026].2
 217  0046  B083 0004   	lset [1027].1
 217  0048              _L23:
 217  0048  B003 0004   	lset [1027].0
 218  004A              #line 218 "D:\zpw\귄\2362A\project\LCD.c"
 218  004A  2800     R  	jmp _L9
 218  004B              _L15:
 220  004B              #line 220 "D:\zpw\귄\2362A\project\LCD.c"
 220  004B  B182 0004   	lset [1026].3
 220  004D  B102 0004   	lset [1026].2
 220  004F              _L21:
 220  004F  B103 0004   	lset [1027].2
 220  0051  B083 0004   	lset [1027].1
 221  0053              #line 221 "D:\zpw\귄\2362A\project\LCD.c"
 221  0053  2800     R  	jmp _L9
 221  0054              _L16:
 223  0054              #line 223 "D:\zpw\귄\2362A\project\LCD.c"
 223  0054  B183 0004   	lset [1027].3
 223  0056  B182 0004   	lset [1026].3
 223  0058  2800     R  	jmp _L24
 223  0059              _L17:
 226  0059              #line 226 "D:\zpw\귄\2362A\project\LCD.c"
 226  0059  B183 0004   	lset [1027].3
 226  005B  B182 0004   	lset [1026].3
 226  005D  B102 0004   	lset [1026].2
 226  005F  B083 0004   	lset [1027].1
 226  0061  B003 0004   	lset [1027].0
 226  0063  B082 0004   	lset [1026].1
 227  0065              #line 227 "D:\zpw\귄\2362A\project\LCD.c"
 227  0065  2800     R  	jmp _L9
 227  0066              _L18:
 229  0066              #line 229 "D:\zpw\귄\2362A\project\LCD.c"
 229  0066  B183 0004   	lset [1027].3
 229  0068  2800     R  	jmp _L21
匡숭：LCD.c        긍陋포경굶 HGASM 0202 女늴13

 229  0069              _L19:
 232  0069              #line 232 "D:\zpw\귄\2362A\project\LCD.c"
 232  0069  B183 0004   	lset [1027].3
 232  006B  B103 0004   	lset [1027].2
 232  006D  B083 0004   	lset [1027].1
 232  006F  B003 0004   	lset [1027].0
 232  0071  B082 0004   	lset [1026].1
 232  0073  B182 0004   	lset [1026].3
 232  0075  B102 0004   	lset [1026].2
 233  0077              #line 233 "D:\zpw\귄\2362A\project\LCD.c"
 233  0077  2800     R  	jmp _L9
 233  0078              _L11:
 238  0078              #line 238 "D:\zpw\귄\2362A\project\LCD.c"
 238  0078  B183 0004   	lset [1027].3
 238  007A  B103 0004   	lset [1027].2
 238  007C  B083 0004   	lset [1027].1
 238  007E  B003 0004   	lset [1027].0
 238  0080  B082 0004   	lset [1026].1
 238  0082              _L22:
 238  0082  B182 0004   	lset [1026].3
 238  0084              _L9:
 238  0084  0003        	ret
 238  0085              _LCD_Hour_High_Show endp
 238  0085              #line 238 "D:\zpw\귄\2362A\project\LCD.c"
 238  0085              #pragma debug scope 1 1
 238  0085              public _LCD_Hour_Low_Show
 238  0085              #pragma debug scope 8 1
 245  0085              #line 245 "D:\zpw\귄\2362A\project\LCD.c"
 245  0000              _LCD_Hour_Low_Show .section 'code'
 245  0000              _LCD_Hour_Low_Show proc
 245  0000  00              local _LCD_Hour_Low_Show_2 db 1 dup(?)	; 0,1
 245  0000  0080     R  	mov _LCD_Hour_Low_Show_2[0],a
 245  0001              #pragma debug variable 8 8 _LCD_Hour_Low_Show_2+0 "A"
 246  0001              #line 246 "D:\zpw\귄\2362A\project\LCD.c"
 246  0001              	fcall _LCD_Hour_Low_Clear
 247  0008              #line 247 "D:\zpw\귄\2362A\project\LCD.c"
 247  0008  0700     R  	mov a,_LCD_Hour_Low_Show_2[0]
 247  0009  0A00        	sub a,0
 247  000A  3D0A        	sz z
 247  000B  2800     R  	jmp _L27
 247  000C  0A01        	sub a,(1)-(0)
 247  000D  3D0A        	sz z
 247  000E  2800     R  	jmp _L37
 247  000F              #line 247 "D:\zpw\귄\2362A\project\LCD.c"
 247  000F  0700     R  	mov a,_LCD_Hour_Low_Show_2[0]
 247  0010  0A02        	sub a,2
 247  0011  3D0A        	sz z
 247  0012  2800     R  	jmp _L29
 247  0013  0A01        	sub a,(3)-(2)
 247  0014  3D0A        	sz z
 247  0015  2800     R  	jmp _L30
 247  0016  0700     R  	mov a,_LCD_Hour_Low_Show_2[0]
 247  0017  0A04        	sub a,4
 247  0018  3D0A        	sz z
 247  0019  2800     R  	jmp _L31
 247  001A  0A01        	sub a,(5)-(4)
 247  001B  3D0A        	sz z
 247  001C  2800     R  	jmp _L32
 247  001D  0700     R  	mov a,_LCD_Hour_Low_Show_2[0]
 247  001E  0A06        	sub a,6
匡숭：LCD.c        긍陋포경굶 HGASM 0202 女늴14

 247  001F  3D0A        	sz z
 247  0020  2800     R  	jmp _L33
 247  0021  0A01        	sub a,(7)-(6)
 247  0022  3D0A        	sz z
 247  0023  2800     R  	jmp _L34
 247  0024  0700     R  	mov a,_LCD_Hour_Low_Show_2[0]
 247  0025  0A08        	sub a,8
 247  0026  3D0A        	sz z
 247  0027  2800     R  	jmp _L35
 247  0028  0700     R  	mov a,_LCD_Hour_Low_Show_2[0]
 247  0029  0A09        	sub a,9
 247  002A  390A        	snz z
 247  002B  2800     R  	jmp _L25
 274  002C              #line 274 "D:\zpw\귄\2362A\project\LCD.c"
 274  002C  B184 0004   	lset [1028].3
 274  002E  B105 0004   	lset [1029].2
 274  0030  B005 0004   	lset [1029].0
 274  0032  B004 0004   	lset [1028].0
 274  0034  B085 0004   	lset [1029].1
 274  0036  2800     R  	jmp _L38
 274  0037              _L29:
 253  0037              #line 253 "D:\zpw\귄\2362A\project\LCD.c"
 253  0037  B184 0004   	lset [1028].3
 253  0039  B105 0004   	lset [1029].2
 253  003B  B085 0004   	lset [1029].1
 253  003D  B084 0004   	lset [1028].1
 253  003F  2800     R  	jmp _L39
 253  0040              _L30:
 256  0040              #line 256 "D:\zpw\귄\2362A\project\LCD.c"
 256  0040  B184 0004   	lset [1028].3
 256  0042  B105 0004   	lset [1029].2
 256  0044              _L40:
 256  0044  B085 0004   	lset [1029].1
 256  0046  B005 0004   	lset [1029].0
 256  0048              _L39:
 256  0048  B004 0004   	lset [1028].0
 257  004A              #line 257 "D:\zpw\귄\2362A\project\LCD.c"
 257  004A  2800     R  	jmp _L25
 257  004B              _L31:
 259  004B              #line 259 "D:\zpw\귄\2362A\project\LCD.c"
 259  004B  B104 0004   	lset [1028].2
 259  004D  B085 0004   	lset [1029].1
 259  004F              _L37:
 259  004F  B105 0004   	lset [1029].2
 259  0051  B005 0004   	lset [1029].0
 260  0053              #line 260 "D:\zpw\귄\2362A\project\LCD.c"
 260  0053  2800     R  	jmp _L25
 260  0054              _L32:
 262  0054              #line 262 "D:\zpw\귄\2362A\project\LCD.c"
 262  0054  B184 0004   	lset [1028].3
 262  0056  B104 0004   	lset [1028].2
 262  0058  2800     R  	jmp _L40
 262  0059              _L33:
 265  0059              #line 265 "D:\zpw\귄\2362A\project\LCD.c"
 265  0059  B184 0004   	lset [1028].3
 265  005B  B104 0004   	lset [1028].2
 265  005D  B085 0004   	lset [1029].1
 265  005F  B005 0004   	lset [1029].0
 265  0061  B004 0004   	lset [1028].0
 265  0063  B084 0004   	lset [1028].1
匡숭：LCD.c        긍陋포경굶 HGASM 0202 女늴15

 266  0065              #line 266 "D:\zpw\귄\2362A\project\LCD.c"
 266  0065  2800     R  	jmp _L25
 266  0066              _L34:
 268  0066              #line 268 "D:\zpw\귄\2362A\project\LCD.c"
 268  0066  B184 0004   	lset [1028].3
 268  0068  2800     R  	jmp _L37
 268  0069              _L35:
 271  0069              #line 271 "D:\zpw\귄\2362A\project\LCD.c"
 271  0069  B184 0004   	lset [1028].3
 271  006B  B105 0004   	lset [1029].2
 271  006D  B005 0004   	lset [1029].0
 271  006F  B004 0004   	lset [1028].0
 271  0071  B084 0004   	lset [1028].1
 271  0073  B104 0004   	lset [1028].2
 271  0075  B085 0004   	lset [1029].1
 272  0077              #line 272 "D:\zpw\귄\2362A\project\LCD.c"
 272  0077  2800     R  	jmp _L25
 272  0078              _L27:
 277  0078              #line 277 "D:\zpw\귄\2362A\project\LCD.c"
 277  0078  B184 0004   	lset [1028].3
 277  007A  B105 0004   	lset [1029].2
 277  007C  B005 0004   	lset [1029].0
 277  007E  B004 0004   	lset [1028].0
 277  0080  B084 0004   	lset [1028].1
 277  0082              _L38:
 277  0082  B104 0004   	lset [1028].2
 277  0084              _L25:
 277  0084  0003        	ret
 277  0085              _LCD_Hour_Low_Show endp
 277  0085              #line 277 "D:\zpw\귄\2362A\project\LCD.c"
 277  0085              #pragma debug scope 1 1
 277  0085              public _LCD_Minute_High_Show
 277  0085              #pragma debug scope 9 1
 284  0085              #line 284 "D:\zpw\귄\2362A\project\LCD.c"
 284  0000              _LCD_Minute_High_Show .section 'code'
 284  0000              _LCD_Minute_High_Show proc
 284  0000  00              local _LCD_Minute_High_Show_2 db 1 dup(?)	; 0,1
 284  0000  0080     R  	mov _LCD_Minute_High_Show_2[0],a
 284  0001              #pragma debug variable 8 9 _LCD_Minute_High_Show_2+0 "A"
 285  0001              #line 285 "D:\zpw\귄\2362A\project\LCD.c"
 285  0001              	fcall _LCD_Minute_High_Clear
 286  0008              #line 286 "D:\zpw\귄\2362A\project\LCD.c"
 286  0008  0700     R  	mov a,_LCD_Minute_High_Show_2[0]
 286  0009  0A00        	sub a,0
 286  000A  3D0A        	sz z
 286  000B  2800     R  	jmp _L43
 286  000C  0A01        	sub a,(1)-(0)
 286  000D  3D0A        	sz z
 286  000E  2800     R  	jmp _L53
 286  000F              #line 286 "D:\zpw\귄\2362A\project\LCD.c"
 286  000F  0700     R  	mov a,_LCD_Minute_High_Show_2[0]
 286  0010  0A02        	sub a,2
 286  0011  3D0A        	sz z
 286  0012  2800     R  	jmp _L45
 286  0013  0A01        	sub a,(3)-(2)
 286  0014  3D0A        	sz z
 286  0015  2800     R  	jmp _L46
 286  0016  0700     R  	mov a,_LCD_Minute_High_Show_2[0]
 286  0017  0A04        	sub a,4
 286  0018  3D0A        	sz z
匡숭：LCD.c        긍陋포경굶 HGASM 0202 女늴16

 286  0019  2800     R  	jmp _L47
 286  001A  0A01        	sub a,(5)-(4)
 286  001B  3D0A        	sz z
 286  001C  2800     R  	jmp _L48
 286  001D  0700     R  	mov a,_LCD_Minute_High_Show_2[0]
 286  001E  0A06        	sub a,6
 286  001F  3D0A        	sz z
 286  0020  2800     R  	jmp _L49
 286  0021  0A01        	sub a,(7)-(6)
 286  0022  3D0A        	sz z
 286  0023  2800     R  	jmp _L50
 286  0024  0700     R  	mov a,_LCD_Minute_High_Show_2[0]
 286  0025  0A08        	sub a,8
 286  0026  3D0A        	sz z
 286  0027  2800     R  	jmp _L51
 286  0028  0700     R  	mov a,_LCD_Minute_High_Show_2[0]
 286  0029  0A09        	sub a,9
 286  002A  390A        	snz z
 286  002B  2800     R  	jmp _L41
 313  002C              #line 313 "D:\zpw\귄\2362A\project\LCD.c"
 313  002C  B186 0004   	lset [1030].3
 313  002E  B107 0004   	lset [1031].2
 313  0030  B007 0004   	lset [1031].0
 313  0032  B006 0004   	lset [1030].0
 313  0034  B087 0004   	lset [1031].1
 313  0036  2800     R  	jmp _L54
 313  0037              _L45:
 292  0037              #line 292 "D:\zpw\귄\2362A\project\LCD.c"
 292  0037  B186 0004   	lset [1030].3
 292  0039  B107 0004   	lset [1031].2
 292  003B  B087 0004   	lset [1031].1
 292  003D  B086 0004   	lset [1030].1
 292  003F  2800     R  	jmp _L55
 292  0040              _L46:
 295  0040              #line 295 "D:\zpw\귄\2362A\project\LCD.c"
 295  0040  B186 0004   	lset [1030].3
 295  0042  B107 0004   	lset [1031].2
 295  0044              _L56:
 295  0044  B087 0004   	lset [1031].1
 295  0046  B007 0004   	lset [1031].0
 295  0048              _L55:
 295  0048  B006 0004   	lset [1030].0
 296  004A              #line 296 "D:\zpw\귄\2362A\project\LCD.c"
 296  004A  2800     R  	jmp _L41
 296  004B              _L47:
 298  004B              #line 298 "D:\zpw\귄\2362A\project\LCD.c"
 298  004B  B106 0004   	lset [1030].2
 298  004D  B087 0004   	lset [1031].1
 298  004F              _L53:
 298  004F  B107 0004   	lset [1031].2
 298  0051  B007 0004   	lset [1031].0
 299  0053              #line 299 "D:\zpw\귄\2362A\project\LCD.c"
 299  0053  2800     R  	jmp _L41
 299  0054              _L48:
 301  0054              #line 301 "D:\zpw\귄\2362A\project\LCD.c"
 301  0054  B186 0004   	lset [1030].3
 301  0056  B106 0004   	lset [1030].2
 301  0058  2800     R  	jmp _L56
 301  0059              _L49:
 304  0059              #line 304 "D:\zpw\귄\2362A\project\LCD.c"
匡숭：LCD.c        긍陋포경굶 HGASM 0202 女늴17

 304  0059  B186 0004   	lset [1030].3
 304  005B  B106 0004   	lset [1030].2
 304  005D  B087 0004   	lset [1031].1
 304  005F  B007 0004   	lset [1031].0
 304  0061  B006 0004   	lset [1030].0
 304  0063  B086 0004   	lset [1030].1
 305  0065              #line 305 "D:\zpw\귄\2362A\project\LCD.c"
 305  0065  2800     R  	jmp _L41
 305  0066              _L50:
 307  0066              #line 307 "D:\zpw\귄\2362A\project\LCD.c"
 307  0066  B186 0004   	lset [1030].3
 307  0068  2800     R  	jmp _L53
 307  0069              _L51:
 310  0069              #line 310 "D:\zpw\귄\2362A\project\LCD.c"
 310  0069  B186 0004   	lset [1030].3
 310  006B  B107 0004   	lset [1031].2
 310  006D  B007 0004   	lset [1031].0
 310  006F  B006 0004   	lset [1030].0
 310  0071  B086 0004   	lset [1030].1
 310  0073  B106 0004   	lset [1030].2
 310  0075  B087 0004   	lset [1031].1
 311  0077              #line 311 "D:\zpw\귄\2362A\project\LCD.c"
 311  0077  2800     R  	jmp _L41
 311  0078              _L43:
 316  0078              #line 316 "D:\zpw\귄\2362A\project\LCD.c"
 316  0078  B186 0004   	lset [1030].3
 316  007A  B107 0004   	lset [1031].2
 316  007C  B007 0004   	lset [1031].0
 316  007E  B006 0004   	lset [1030].0
 316  0080  B086 0004   	lset [1030].1
 316  0082              _L54:
 316  0082  B106 0004   	lset [1030].2
 316  0084              _L41:
 316  0084  0003        	ret
 316  0085              _LCD_Minute_High_Show endp
 316  0085              #line 316 "D:\zpw\귄\2362A\project\LCD.c"
 316  0085              #pragma debug scope 1 1
 316  0085              public _LCD_Minute_Low_Show
 316  0085              #pragma debug scope 10 1
 324  0085              #line 324 "D:\zpw\귄\2362A\project\LCD.c"
 324  0000              _LCD_Minute_Low_Show .section 'code'
 324  0000              _LCD_Minute_Low_Show proc
 324  0000  00              local _LCD_Minute_Low_Show_2 db 1 dup(?)	; 0,1
 324  0000  0080     R  	mov _LCD_Minute_Low_Show_2[0],a
 324  0001              #pragma debug variable 8 10 _LCD_Minute_Low_Show_2+0 "A"
 325  0001              #line 325 "D:\zpw\귄\2362A\project\LCD.c"
 325  0001              	fcall _LCD_Minute_Low_Clear
 326  0008              #line 326 "D:\zpw\귄\2362A\project\LCD.c"
 326  0008  0700     R  	mov a,_LCD_Minute_Low_Show_2[0]
 326  0009  0A00        	sub a,0
 326  000A  3D0A        	sz z
 326  000B  2800     R  	jmp _L59
 326  000C  0A01        	sub a,(1)-(0)
 326  000D  3D0A        	sz z
 326  000E  2800     R  	jmp _L69
 326  000F              #line 326 "D:\zpw\귄\2362A\project\LCD.c"
 326  000F  0700     R  	mov a,_LCD_Minute_Low_Show_2[0]
 326  0010  0A02        	sub a,2
 326  0011  3D0A        	sz z
 326  0012  2800     R  	jmp _L61
匡숭：LCD.c        긍陋포경굶 HGASM 0202 女늴18

 326  0013  0A01        	sub a,(3)-(2)
 326  0014  3D0A        	sz z
 326  0015  2800     R  	jmp _L62
 326  0016  0700     R  	mov a,_LCD_Minute_Low_Show_2[0]
 326  0017  0A04        	sub a,4
 326  0018  3D0A        	sz z
 326  0019  2800     R  	jmp _L63
 326  001A  0A01        	sub a,(5)-(4)
 326  001B  3D0A        	sz z
 326  001C  2800     R  	jmp _L64
 326  001D  0700     R  	mov a,_LCD_Minute_Low_Show_2[0]
 326  001E  0A06        	sub a,6
 326  001F  3D0A        	sz z
 326  0020  2800     R  	jmp _L65
 326  0021  0A01        	sub a,(7)-(6)
 326  0022  3D0A        	sz z
 326  0023  2800     R  	jmp _L66
 326  0024  0700     R  	mov a,_LCD_Minute_Low_Show_2[0]
 326  0025  0A08        	sub a,8
 326  0026  3D0A        	sz z
 326  0027  2800     R  	jmp _L67
 326  0028  0700     R  	mov a,_LCD_Minute_Low_Show_2[0]
 326  0029  0A09        	sub a,9
 326  002A  390A        	snz z
 326  002B  2800     R  	jmp _L57
 353  002C              #line 353 "D:\zpw\귄\2362A\project\LCD.c"
 353  002C  B188 0004   	lset [1032].3
 353  002E  B109 0004   	lset [1033].2
 353  0030  B009 0004   	lset [1033].0
 353  0032  B008 0004   	lset [1032].0
 353  0034  B089 0004   	lset [1033].1
 353  0036  2800     R  	jmp _L70
 353  0037              _L61:
 332  0037              #line 332 "D:\zpw\귄\2362A\project\LCD.c"
 332  0037  B188 0004   	lset [1032].3
 332  0039  B109 0004   	lset [1033].2
 332  003B  B089 0004   	lset [1033].1
 332  003D  B088 0004   	lset [1032].1
 332  003F  2800     R  	jmp _L71
 332  0040              _L62:
 335  0040              #line 335 "D:\zpw\귄\2362A\project\LCD.c"
 335  0040  B188 0004   	lset [1032].3
 335  0042  B109 0004   	lset [1033].2
 335  0044              _L72:
 335  0044  B089 0004   	lset [1033].1
 335  0046  B009 0004   	lset [1033].0
 335  0048              _L71:
 335  0048  B008 0004   	lset [1032].0
 336  004A              #line 336 "D:\zpw\귄\2362A\project\LCD.c"
 336  004A  2800     R  	jmp _L57
 336  004B              _L63:
 338  004B              #line 338 "D:\zpw\귄\2362A\project\LCD.c"
 338  004B  B108 0004   	lset [1032].2
 338  004D  B089 0004   	lset [1033].1
 338  004F              _L69:
 338  004F  B109 0004   	lset [1033].2
 338  0051  B009 0004   	lset [1033].0
 339  0053              #line 339 "D:\zpw\귄\2362A\project\LCD.c"
 339  0053  2800     R  	jmp _L57
 339  0054              _L64:
匡숭：LCD.c        긍陋포경굶 HGASM 0202 女늴19

 341  0054              #line 341 "D:\zpw\귄\2362A\project\LCD.c"
 341  0054  B188 0004   	lset [1032].3
 341  0056  B108 0004   	lset [1032].2
 341  0058  2800     R  	jmp _L72
 341  0059              _L65:
 344  0059              #line 344 "D:\zpw\귄\2362A\project\LCD.c"
 344  0059  B188 0004   	lset [1032].3
 344  005B  B108 0004   	lset [1032].2
 344  005D  B089 0004   	lset [1033].1
 344  005F  B009 0004   	lset [1033].0
 344  0061  B008 0004   	lset [1032].0
 344  0063  B088 0004   	lset [1032].1
 345  0065              #line 345 "D:\zpw\귄\2362A\project\LCD.c"
 345  0065  2800     R  	jmp _L57
 345  0066              _L66:
 347  0066              #line 347 "D:\zpw\귄\2362A\project\LCD.c"
 347  0066  B188 0004   	lset [1032].3
 347  0068  2800     R  	jmp _L69
 347  0069              _L67:
 350  0069              #line 350 "D:\zpw\귄\2362A\project\LCD.c"
 350  0069  B188 0004   	lset [1032].3
 350  006B  B109 0004   	lset [1033].2
 350  006D  B009 0004   	lset [1033].0
 350  006F  B008 0004   	lset [1032].0
 350  0071  B088 0004   	lset [1032].1
 350  0073  B108 0004   	lset [1032].2
 350  0075  B089 0004   	lset [1033].1
 351  0077              #line 351 "D:\zpw\귄\2362A\project\LCD.c"
 351  0077  2800     R  	jmp _L57
 351  0078              _L59:
 356  0078              #line 356 "D:\zpw\귄\2362A\project\LCD.c"
 356  0078  B188 0004   	lset [1032].3
 356  007A  B109 0004   	lset [1033].2
 356  007C  B009 0004   	lset [1033].0
 356  007E  B008 0004   	lset [1032].0
 356  0080  B088 0004   	lset [1032].1
 356  0082              _L70:
 356  0082  B108 0004   	lset [1032].2
 356  0084              _L57:
 356  0084  0003        	ret
 356  0085              _LCD_Minute_Low_Show endp
 356  0085              #line 356 "D:\zpw\귄\2362A\project\LCD.c"
 356  0085              #pragma debug scope 1 1
 356  0085              public _LCD_Show_Time
 356  0085              #pragma debug scope 11 1
 362  0085              #line 362 "D:\zpw\귄\2362A\project\LCD.c"
 362  0000              _LCD_Show_Time .section 'code'
 362  0000              _LCD_Show_Time proc
 362  0000              public _LCD_Show_Time_2
 362  0000  0006[           local _LCD_Show_Time_2 db 6 dup(?)	; 2,4
            00
            ]
 362  0006              #pragma debug variable 12 11 _LCD_Show_Time_2+0 "val"
 367  0006              #line 367 "D:\zpw\귄\2362A\project\LCD.c"
 367  0000  0700     R  	mov a,_LCD_Show_Time_2[0]
 367  0001  0080     E  	mov rb,a
 367  0002  0700     R  	mov a,_LCD_Show_Time_2[1]
 367  0003  0080     E  	mov rc,a
 367  0004  1B10        	rrca intc
 367  0005  3410        	clr intc.0
匡숭：LCD.c        긍陋포경굶 HGASM 0202 女늴20

 367  0006  0700     E  	mov a,rb
 367  0007  00D9        	mov mduwr0,a
 367  0008  0700     E  	mov a,rc
 367  0009  00DA        	mov mduwr1,a
 367  000A  0F3C        	mov a,60
 367  000B  00DD        	mov mduwr4,a
 367  000C  0F00        	mov a,0
 367  000D  00DE        	mov mduwr5,a
 367  000E  0F06        	mov a,6
 367  000F              _LI1:
 367  000F  1785        	sdz acc
 367  0010  2800     R  	jmp _LI1
 367  0011  0759        	mov a,mduwr0
 367  0012  0080     R  	mov _LCD_Show_Time_2[2],a
 367  0013  075A        	mov a,mduwr1
 367  0014  0080     R  	mov _LCD_Show_Time_2[3],a
 367  0015  3C0A        	sz c
 367  0016  3010        	set intc.0
 368  0017              #line 368 "D:\zpw\귄\2362A\project\LCD.c"
 368  0017  1B10        	rrca intc
 368  0018  3410        	clr intc.0
 368  0019  0700     E  	mov a,rb
 368  001A  00D9        	mov mduwr0,a
 368  001B  0700     E  	mov a,rc
 368  001C  00DA        	mov mduwr1,a
 368  001D  0F3C        	mov a,60
 368  001E  00DD        	mov mduwr4,a
 368  001F  0F00        	mov a,0
 368  0020  00DE        	mov mduwr5,a
 368  0021  0F06        	mov a,6
 368  0022              _LI2:
 368  0022  1785        	sdz acc
 368  0023  2800     R  	jmp _LI2
 368  0024  075D        	mov a,mduwr4
 368  0025  0080     R  	mov _LCD_Show_Time_2[4],a
 368  0026  075E        	mov a,mduwr5
 368  0027  0080     R  	mov _LCD_Show_Time_2[5],a
 368  0028  3C0A        	sz c
 368  0029  3010        	set intc.0
 370  002A              #line 370 "D:\zpw\귄\2362A\project\LCD.c"
 370  002A  1F00     E  	clr _builtin_holtek_udivmodqi4_2[3]
 370  002B  0700     R  	mov a,_LCD_Show_Time_2[2]
 370  002C  0080     E  	mov _builtin_holtek_udivmodqi4_2[0],a
 370  002D  0F0A        	mov a,10
 370  002E  0080     E  	mov _builtin_holtek_udivmodqi4_2[1],a
 370  002F              	fcall _builtin_holtek_udivmodqi4
 370  0036  0700     E  	mov a,_builtin_holtek_udivmodqi4_2[0]
 370  0037  0080     E  	mov ra,a
 372  0038              #line 372 "D:\zpw\귄\2362A\project\LCD.c"
 372  0038  1080     E  	sz ra
 372  0039  2800     R  	jmp _L74
 373  003A              #line 373 "D:\zpw\귄\2362A\project\LCD.c"
 373  003A              	fcall _LCD_Hour_High_Clear
 373  0041  2800     R  	jmp _L75
 373  0042              _L74:
 375  0042              #line 375 "D:\zpw\귄\2362A\project\LCD.c"
 375  0042  0700     E  	mov a,ra
 375  0043              	fcall _LCD_Hour_High_Show
 375  004A              _L75:
 377  004A              #line 377 "D:\zpw\귄\2362A\project\LCD.c"
匡숭：LCD.c        긍陋포경굶 HGASM 0202 女늴21

 377  004A  1F00     E  	clr _builtin_holtek_udivmodqi4_2[3]
 377  004B  0700     R  	mov a,_LCD_Show_Time_2[2]
 377  004C  0080     E  	mov _builtin_holtek_udivmodqi4_2[0],a
 377  004D  0F0A        	mov a,10
 377  004E  0080     E  	mov _builtin_holtek_udivmodqi4_2[1],a
 377  004F              	fcall _builtin_holtek_udivmodqi4
 377  0056  0700     E  	mov a,_builtin_holtek_udivmodqi4_2[2]
 377  0057  0080     E  	mov ra,a
 377  0058  0700     E  	mov a,ra
 377  0059              	fcall _LCD_Hour_Low_Show
 378  0060              #line 378 "D:\zpw\귄\2362A\project\LCD.c"
 378  0060  1F00     E  	clr _builtin_holtek_udivmodqi4_2[3]
 378  0061  0700     R  	mov a,_LCD_Show_Time_2[4]
 378  0062  0080     E  	mov _builtin_holtek_udivmodqi4_2[0],a
 378  0063  0F0A        	mov a,10
 378  0064  0080     E  	mov _builtin_holtek_udivmodqi4_2[1],a
 378  0065              	fcall _builtin_holtek_udivmodqi4
 378  006C  0700     E  	mov a,_builtin_holtek_udivmodqi4_2[0]
 378  006D  0080     E  	mov ra,a
 378  006E  0700     E  	mov a,ra
 378  006F              	fcall _LCD_Minute_High_Show
 379  0076              #line 379 "D:\zpw\귄\2362A\project\LCD.c"
 379  0076  1F00     E  	clr _builtin_holtek_udivmodqi4_2[3]
 379  0077  0700     R  	mov a,_LCD_Show_Time_2[4]
 379  0078  0080     E  	mov _builtin_holtek_udivmodqi4_2[0],a
 379  0079  0F0A        	mov a,10
 379  007A  0080     E  	mov _builtin_holtek_udivmodqi4_2[1],a
 379  007B              	fcall _builtin_holtek_udivmodqi4
 379  0082  0700     E  	mov a,_builtin_holtek_udivmodqi4_2[2]
 379  0083  0080     E  	mov ra,a
 379  0084  0700     E  	mov a,ra
 379  0085              	fcall _LCD_Minute_Low_Show
 379  008C  0003        	ret
 379  008D              _LCD_Show_Time endp
 379  008D              #line 379 "D:\zpw\귄\2362A\project\LCD.c"
 379  008D              #pragma debug scope 1 1
 379  008D              public _LCD_Clear_Time
 379  008D              #pragma debug scope 12 1
 384  008D              #line 384 "D:\zpw\귄\2362A\project\LCD.c"
 384  0000              _LCD_Clear_Time .section 'code'
 384  0000              _LCD_Clear_Time proc
 386  0000              #line 386 "D:\zpw\귄\2362A\project\LCD.c"
 386  0000              	fcall _LCD_Hour_High_Clear
 388  0007              #line 388 "D:\zpw\귄\2362A\project\LCD.c"
 388  0007              	fcall _LCD_Hour_Low_Clear
 390  000E              #line 390 "D:\zpw\귄\2362A\project\LCD.c"
 390  000E              	fcall _LCD_Minute_High_Clear
 392  0015              #line 392 "D:\zpw\귄\2362A\project\LCD.c"
 392  0015              	fcall _LCD_Minute_High_Clear
 392  001C  0003        	ret
 392  001D              _LCD_Clear_Time endp
 392  001D              #line 392 "D:\zpw\귄\2362A\project\LCD.c"
 392  001D              #pragma debug scope 1 1
 392  001D              public _LCD_Show_Bind
 392  001D              #pragma debug scope 13 1
 397  001D              #line 397 "D:\zpw\귄\2362A\project\LCD.c"
 397  0000              _LCD_Show_Bind .section 'code'
 397  0000              _LCD_Show_Bind proc
 397  0000  00              local _LCD_Show_Bind_2 db 1 dup(?)	; 0,1
 397  0000  0080     E  	mov ra,a
匡숭：LCD.c        긍陋포경굶 HGASM 0202 女늴22

 397  0001  0080     R  	mov _LCD_Show_Bind_2[0],a
 397  0002              #pragma debug variable 8 13 _LCD_Show_Bind_2+0 "value"
 398  0002              #line 398 "D:\zpw\귄\2362A\project\LCD.c"
 398  0002  1E00     E  	snz ra
 398  0003  2800     R  	jmp _L79
 398  0004              #line 398 "D:\zpw\귄\2362A\project\LCD.c"
 398  0004  1700     E  	sdza ra
 398  0005  2800     R  	jmp _L77
 401  0006              #line 401 "D:\zpw\귄\2362A\project\LCD.c"
 401  0006  B189 0004   	lset [1033].3
 402  0008              #line 402 "D:\zpw\귄\2362A\project\LCD.c"
 402  0008  2800     R  	jmp _L77
 402  0009              _L79:
 405  0009              #line 405 "D:\zpw\귄\2362A\project\LCD.c"
 405  0009  B589 0004   	lclr [1033].3
 405  000B              _L77:
 405  000B  0003        	ret
 405  000C              _LCD_Show_Bind endp
 405  000C              #line 405 "D:\zpw\귄\2362A\project\LCD.c"
 405  000C              #pragma debug scope 1 1
 405  000C              public _LCD_Bind_Check
 405  000C              #pragma debug scope 14 1
 411  000C              #line 411 "D:\zpw\귄\2362A\project\LCD.c"
 411  0000              _LCD_Bind_Check .section 'code'
 411  0000              _LCD_Bind_Check proc
 411  0000  00              local _LCD_Bind_Check_2 db 1 dup(?)	; 0,1
 413  0001              #line 413 "D:\zpw\귄\2362A\project\LCD.c"
 413  0000  1700     E  	sdza _UART0_433MHz_Pairing_Code_Flag[0]
 413  0001  2800     R  	jmp _L82
 415  0002              #line 415 "D:\zpw\귄\2362A\project\LCD.c"
 415  0002  0F02        	mov a,2
 415  0003  0080     E  	mov _data[1],a
 415  0004              _L82:
 417  0004              #line 417 "D:\zpw\귄\2362A\project\LCD.c"
 417  0004  0700     E  	mov a,_data[1]
 417  0005  0080     R  	mov _LCD_Bind_Check_2[0],a
 417  0006  0700     R  	mov a,_LCD_Bind_Check_2[0]
 417  0007  0A02        	sub a,2
 417  0008  390A        	snz z
 417  0009  2800     R  	jmp _L83
 417  000A              #pragma debug scope 15 14
 417  000A              ;begin block, line: 417.-1
 420  000A              #line 420 "D:\zpw\귄\2362A\project\LCD.c"
 420  000A  1400     R  	inca ___Bind_Count_3577[0]
 420  000B  0080     E  	mov ra,a
 420  000C  0700     E  	mov a,ra
 420  000D  0080     R  	mov ___Bind_Count_3577[0],a
 421  000E              #line 421 "D:\zpw\귄\2362A\project\LCD.c"
 421  000E  0F0A        	mov a,10
 421  000F  0200     E  	sub a,ra
 421  0010  380A        	snz c
 421  0011  2800     R  	jmp _L84
 423  0012              #line 423 "D:\zpw\귄\2362A\project\LCD.c"
 423  0012  0700     R  	mov a,___Current_Bind_State_3578[0]
 423  0013  0080     R  	mov _LCD_Bind_Check_2[0],a
 423  0014  0700     R  	mov a,_LCD_Bind_Check_2[0]
 423  0015              	fcall _LCD_Show_Bind
 424  001C              #line 424 "D:\zpw\귄\2362A\project\LCD.c"
 424  001C  0F01        	mov a,1
 424  001D  0080     E  	mov ra,a
匡숭：LCD.c        긍陋포경굶 HGASM 0202 女늴23

 424  001E  1E00     R  	snz _LCD_Bind_Check_2[0]
 424  001F  2800     R  	jmp _L85
 424  0020  1F00     E  	clr ra
 424  0021              _L85:
 424  0021  0700     E  	mov a,ra
 424  0022  0080     R  	mov ___Current_Bind_State_3578[0],a
 424  0023  2800     R  	jmp _L81
 424  0024              _L84:
 428  0024              #line 428 "D:\zpw\귄\2362A\project\LCD.c"
 428  0024  1F00     E  	clr _data[1]
 429  0025              #line 429 "D:\zpw\귄\2362A\project\LCD.c"
 429  0025  1F00     R  	clr ___Bind_Count_3577[0]
 429  0026  2800     R  	jmp _L81
 429  0027              _L83:
 429  0027              #pragma debug scope 14 1
 433  0027              #line 433 "D:\zpw\귄\2362A\project\LCD.c"
 433  0027  1700     R  	sdza _LCD_Bind_Check_2[0]
 433  0028  2800     R  	jmp _L87
 435  0029              #line 435 "D:\zpw\귄\2362A\project\LCD.c"
 435  0029  0F01        	mov a,1
 435  002A  2800     R  	jmp _L91
 435  002B              _L87:
 437  002B              #line 437 "D:\zpw\귄\2362A\project\LCD.c"
 437  002B  1080     R  	sz _LCD_Bind_Check_2[0]
 437  002C  2800     R  	jmp _L81
 439  002D              #line 439 "D:\zpw\귄\2362A\project\LCD.c"
 439  002D  0F00        	mov a,0
 439  002E              _L91:
 439  002E              	fcall _LCD_Show_Bind
 439  0035              _L81:
 439  0035  0003        	ret
 439  0036              _LCD_Bind_Check endp
 439  0036              #line 439 "D:\zpw\귄\2362A\project\LCD.c"
 439  0036              #pragma debug scope 1 1
 439  0036              public _LCD_Show_WIFI
 439  0036              #pragma debug scope 16 1
 445  0036              #line 445 "D:\zpw\귄\2362A\project\LCD.c"
 445  0000              _LCD_Show_WIFI .section 'code'
 445  0000              _LCD_Show_WIFI proc
 445  0000  00              local _LCD_Show_WIFI_2 db 1 dup(?)	; 0,1
 445  0000  0080     E  	mov ra,a
 445  0001  0080     R  	mov _LCD_Show_WIFI_2[0],a
 445  0002              #pragma debug variable 8 16 _LCD_Show_WIFI_2+0 "value"
 446  0002              #line 446 "D:\zpw\귄\2362A\project\LCD.c"
 446  0002  1E00     E  	snz ra
 446  0003  2800     R  	jmp _L94
 446  0004              #line 446 "D:\zpw\귄\2362A\project\LCD.c"
 446  0004  1700     E  	sdza ra
 446  0005  2800     R  	jmp _L92
 449  0006              #line 449 "D:\zpw\귄\2362A\project\LCD.c"
 449  0006  B187 0004   	lset [1031].3
 450  0008              #line 450 "D:\zpw\귄\2362A\project\LCD.c"
 450  0008  2800     R  	jmp _L92
 450  0009              _L94:
 453  0009              #line 453 "D:\zpw\귄\2362A\project\LCD.c"
 453  0009  B587 0004   	lclr [1031].3
 453  000B              _L92:
 453  000B  0003        	ret
 453  000C              _LCD_Show_WIFI endp
 453  000C              #line 453 "D:\zpw\귄\2362A\project\LCD.c"
匡숭：LCD.c        긍陋포경굶 HGASM 0202 女늴24

 453  000C              #pragma debug scope 1 1
 453  000C              public _LCD_WIFI_Check
 453  000C              #pragma debug scope 17 1
 459  000C              #line 459 "D:\zpw\귄\2362A\project\LCD.c"
 459  0000              _LCD_WIFI_Check .section 'code'
 459  0000              _LCD_WIFI_Check proc
 459  0000  00              local _LCD_WIFI_Check_2 db 1 dup(?)	; 0,1
 461  0001              #line 461 "D:\zpw\귄\2362A\project\LCD.c"
 461  0000  1700     E  	sdza _UART1_WIFI_Config_Flag[0]
 461  0001  2800     R  	jmp _L97
 463  0002              #line 463 "D:\zpw\귄\2362A\project\LCD.c"
 463  0002  0F02        	mov a,2
 463  0003  0080     E  	mov _data[2],a
 463  0004              _L97:
 465  0004              #line 465 "D:\zpw\귄\2362A\project\LCD.c"
 465  0004  0700     E  	mov a,_data[2]
 465  0005  0080     R  	mov _LCD_WIFI_Check_2[0],a
 465  0006  0700     R  	mov a,_LCD_WIFI_Check_2[0]
 465  0007  0A02        	sub a,2
 465  0008  390A        	snz z
 465  0009  2800     R  	jmp _L98
 465  000A              #pragma debug scope 18 17
 465  000A              ;begin block, line: 465.-1
 468  000A              #line 468 "D:\zpw\귄\2362A\project\LCD.c"
 468  000A  1400     R  	inca ___WIFI_Count_3588[0]
 468  000B  0080     E  	mov ra,a
 468  000C  0700     E  	mov a,ra
 468  000D  0080     R  	mov ___WIFI_Count_3588[0],a
 469  000E              #line 469 "D:\zpw\귄\2362A\project\LCD.c"
 469  000E  0F0A        	mov a,10
 469  000F  0200     E  	sub a,ra
 469  0010  380A        	snz c
 469  0011  2800     R  	jmp _L99
 471  0012              #line 471 "D:\zpw\귄\2362A\project\LCD.c"
 471  0012  0700     R  	mov a,___Current_WIFI_State_3589[0]
 471  0013  0080     R  	mov _LCD_WIFI_Check_2[0],a
 471  0014  0700     R  	mov a,_LCD_WIFI_Check_2[0]
 471  0015              	fcall _LCD_Show_WIFI
 472  001C              #line 472 "D:\zpw\귄\2362A\project\LCD.c"
 472  001C  0F01        	mov a,1
 472  001D  0080     E  	mov ra,a
 472  001E  1E00     R  	snz _LCD_WIFI_Check_2[0]
 472  001F  2800     R  	jmp _L100
 472  0020  1F00     E  	clr ra
 472  0021              _L100:
 472  0021  0700     E  	mov a,ra
 472  0022  0080     R  	mov ___Current_WIFI_State_3589[0],a
 472  0023  2800     R  	jmp _L96
 472  0024              _L99:
 476  0024              #line 476 "D:\zpw\귄\2362A\project\LCD.c"
 476  0024  1F00     E  	clr _data[2]
 477  0025              #line 477 "D:\zpw\귄\2362A\project\LCD.c"
 477  0025  1F00     R  	clr ___WIFI_Count_3588[0]
 477  0026  2800     R  	jmp _L96
 477  0027              _L98:
 477  0027              #pragma debug scope 17 1
 480  0027              #line 480 "D:\zpw\귄\2362A\project\LCD.c"
 480  0027  1700     R  	sdza _LCD_WIFI_Check_2[0]
 480  0028  2800     R  	jmp _L102
 482  0029              #line 482 "D:\zpw\귄\2362A\project\LCD.c"
匡숭：LCD.c        긍陋포경굶 HGASM 0202 女늴25

 482  0029  0F01        	mov a,1
 482  002A  2800     R  	jmp _L106
 482  002B              _L102:
 484  002B              #line 484 "D:\zpw\귄\2362A\project\LCD.c"
 484  002B  1080     R  	sz _LCD_WIFI_Check_2[0]
 484  002C  2800     R  	jmp _L96
 486  002D              #line 486 "D:\zpw\귄\2362A\project\LCD.c"
 486  002D  0F00        	mov a,0
 486  002E              _L106:
 486  002E              	fcall _LCD_Show_WIFI
 486  0035              _L96:
 486  0035  0003        	ret
 486  0036              _LCD_WIFI_Check endp
 486  0036              #line 486 "D:\zpw\귄\2362A\project\LCD.c"
 486  0036              #pragma debug scope 1 1
 486  0036              public _LCD_Show_Power
 486  0036              #pragma debug scope 19 1
 492  0036              #line 492 "D:\zpw\귄\2362A\project\LCD.c"
 492  0000              _LCD_Show_Power .section 'code'
 492  0000              _LCD_Show_Power proc
 492  0000  00              local _LCD_Show_Power_2 db 1 dup(?)	; 0,1
 492  0000  0080     E  	mov ra,a
 492  0001  0080     R  	mov _LCD_Show_Power_2[0],a
 492  0002              #pragma debug variable 8 19 _LCD_Show_Power_2+0 "value"
 493  0002              #line 493 "D:\zpw\귄\2362A\project\LCD.c"
 493  0002  0700     E  	mov a,ra
 493  0003  0A00        	sub a,0
 493  0004  3D0A        	sz z
 493  0005  2800     R  	jmp _L109
 493  0006  0A01        	sub a,(1)-(0)
 493  0007  3D0A        	sz z
 493  0008  2800     R  	jmp _L110
 493  0009              #line 493 "D:\zpw\귄\2362A\project\LCD.c"
 493  0009  0700     E  	mov a,ra
 493  000A  0A02        	sub a,2
 493  000B  3D0A        	sz z
 493  000C  2800     R  	jmp _L111
 493  000D  0700     E  	mov a,ra
 493  000E  0A03        	sub a,3
 493  000F  390A        	snz z
 493  0010  2800     R  	jmp _L107
 501  0011              #line 501 "D:\zpw\귄\2362A\project\LCD.c"
 501  0011  B10A 0004   	lset [1034].2
 501  0013  B18A 0004   	lset [1034].3
 501  0015  B08A 0004   	lset [1034].1
 502  0017              #line 502 "D:\zpw\귄\2362A\project\LCD.c"
 502  0017  2800     R  	jmp _L107
 502  0018              _L109:
 502  0018              #pragma debug scope 20 19
 502  0018              ;begin block, line: 502.-1
 502  0018              #pragma debug scope 21 20
 502  0018              ;begin block, line: 502.-1
 495  0018              #line 495 "D:\zpw\귄\2362A\project\LCD.c"
 495  0018  B50A 0004   	lclr [1034].2
 495  001A  2800     R  	jmp _L114
 495  001B              _L110:
 495  001B              #pragma debug scope 20 19
 495  001B              #pragma debug scope 19 1
 497  001B              #line 497 "D:\zpw\귄\2362A\project\LCD.c"
 497  001B  B10A 0004   	lset [1034].2
匡숭：LCD.c        긍陋포경굶 HGASM 0202 女늴26

 497  001D              _L114:
 497  001D  B58A 0004   	lclr [1034].3
 497  001F  2800     R  	jmp _L113
 497  0020              _L111:
 499  0020              #line 499 "D:\zpw\귄\2362A\project\LCD.c"
 499  0020  B10A 0004   	lset [1034].2
 499  0022  B18A 0004   	lset [1034].3
 499  0024              _L113:
 499  0024  B48A 0004   	lclr [1034].1
 499  0026              _L107:
 499  0026  0003        	ret
 499  0027              _LCD_Show_Power endp
 499  0027              #line 499 "D:\zpw\귄\2362A\project\LCD.c"
 499  0027              #pragma debug scope 1 1
 499  0027              public _LCD_Power_Check
 499  0027              #pragma debug scope 22 1
 507  0027              #line 507 "D:\zpw\귄\2362A\project\LCD.c"
 507  0000              _LCD_Power_Check .section 'code'
 507  0000              _LCD_Power_Check proc
 508  0000              #line 508 "D:\zpw\귄\2362A\project\LCD.c"
 508  0000  0700     E  	mov a,_data[0]
 508  0001  0A00        	sub a,0
 508  0002  3D0A        	sz z
 508  0003  2800     R  	jmp _L117
 508  0004  0A01        	sub a,(1)-(0)
 508  0005  3D0A        	sz z
 508  0006  2800     R  	jmp _L118
 508  0007              #line 508 "D:\zpw\귄\2362A\project\LCD.c"
 508  0007  0700     E  	mov a,_data[0]
 508  0008  0A02        	sub a,2
 508  0009  3D0A        	sz z
 508  000A  2800     R  	jmp _L119
 508  000B  0700     E  	mov a,_data[0]
 508  000C  0A03        	sub a,3
 508  000D  390A        	snz z
 508  000E  2800     R  	jmp _L115
 513  000F              #line 513 "D:\zpw\귄\2362A\project\LCD.c"
 513  000F  0F03        	mov a,3
 513  0010  2800     R  	jmp _L121
 513  0011              _L117:
 510  0011              #line 510 "D:\zpw\귄\2362A\project\LCD.c"
 510  0011  0F00        	mov a,0
 510  0012  2800     R  	jmp _L121
 510  0013              _L118:
 511  0013              #line 511 "D:\zpw\귄\2362A\project\LCD.c"
 511  0013  0F01        	mov a,1
 511  0014  2800     R  	jmp _L121
 511  0015              _L119:
 512  0015              #line 512 "D:\zpw\귄\2362A\project\LCD.c"
 512  0015  0F02        	mov a,2
 512  0016              _L121:
 513  0016              #line 513 "D:\zpw\귄\2362A\project\LCD.c"
 513  0016              	fcall _LCD_Show_Power
 513  001D              _L115:
 513  001D  0003        	ret
 513  001E              _LCD_Power_Check endp
 513  001E              #line 513 "D:\zpw\귄\2362A\project\LCD.c"
 513  001E              #pragma debug scope 1 1
 513  001E              public _LCD_Show_Angle
 513  001E              #pragma debug scope 23 1
匡숭：LCD.c        긍陋포경굶 HGASM 0202 女늴27

 523  001E              #line 523 "D:\zpw\귄\2362A\project\LCD.c"
 523  0000              _LCD_Show_Angle .section 'code'
 523  0000              _LCD_Show_Angle proc
 523  0000              public _LCD_Show_Angle_2
 523  0000  0007[           local _LCD_Show_Angle_2 db 7 dup(?)	; 2,5
            00
            ]
 523  0007              #pragma debug variable 11 23 _LCD_Show_Angle_2+0 "angle"
 523  0000  0700     R  	mov a,_LCD_Show_Angle_2[0]
 523  0001  0080     E  	mov rd,a
 523  0002  0700     R  	mov a,_LCD_Show_Angle_2[1]
 523  0003  0080     E  	mov re,a
 529  0004              #line 529 "D:\zpw\귄\2362A\project\LCD.c"
 529  0004  0F3B        	mov a,59
 529  0005  0200     E  	sub a,rd
 529  0006  0F00        	mov a,0
 529  0007  1200     E  	sbc a,re
 529  0008  3B8A        	snz sc
 529  0009  2800     R  	jmp _L123
 529  000A              #line 529 "D:\zpw\귄\2362A\project\LCD.c"
 529  000A  0700     E  	mov a,rd
 529  000B  0080     E  	mov _builtin_holtek_udivmodhi4_2[0],a
 529  000C  0700     E  	mov a,re
 529  000D  0080     E  	mov _builtin_holtek_udivmodhi4_2[1],a
 529  000E  0F3C        	mov a,60
 529  000F  0080     E  	mov _builtin_holtek_udivmodhi4_2[2],a
 529  0010  0F00        	mov a,0
 529  0011  0080     E  	mov _builtin_holtek_udivmodhi4_2[3],a
 529  0012              	fcall _builtin_holtek_divmodhi4
 529  0019  0700     E  	mov a,_builtin_holtek_udivmodhi4_2[4]
 529  001A  0080     E  	mov rb,a
 529  001B  0700     E  	mov a,_builtin_holtek_udivmodhi4_2[5]
 529  001C  0080     E  	mov rc,a
 529  001D  0700     E  	mov a,rb
 529  001E  0500     E  	or a,rc
 529  001F  3D0A        	sz z
 529  0020  2800     R  	jmp _L131
 529  0021              _L123:
 535  0021              #line 535 "D:\zpw\귄\2362A\project\LCD.c"
 535  0021  0700     E  	mov a,rd
 535  0022  0080     E  	mov _builtin_holtek_udivmodhi4_2[0],a
 535  0023  0700     E  	mov a,re
 535  0024  0080     E  	mov _builtin_holtek_udivmodhi4_2[1],a
 535  0025  0F3C        	mov a,60
 535  0026  0080     E  	mov _builtin_holtek_udivmodhi4_2[2],a
 535  0027  0F00        	mov a,0
 535  0028  0080     E  	mov _builtin_holtek_udivmodhi4_2[3],a
 535  0029              	fcall _builtin_holtek_divmodhi4
 535  0030  0700     E  	mov a,_builtin_holtek_udivmodhi4_2[4]
 535  0031  0080     E  	mov rd,a
 535  0032  0700     E  	mov a,_builtin_holtek_udivmodhi4_2[5]
 535  0033  0080     E  	mov re,a
 535  0034  0FFF        	mov a,255
 535  0035  0380     E  	addm a,rd
 535  0036  0FFF        	mov a,255
 535  0037  1380     E  	adcm a,re
 535  0038  2800     R  	jmp _L124
 535  0039              _L131:
 531  0039              #line 531 "D:\zpw\귄\2362A\project\LCD.c"
 531  0039  0F3B        	mov a,59
匡숭：LCD.c        긍陋포경굶 HGASM 0202 女늴28

 531  003A  0080     E  	mov rd,a
 531  003B  1F00     E  	clr re
 531  003C              _L124:
 538  003C              #line 538 "D:\zpw\귄\2362A\project\LCD.c"
 538  003C  0700     R  	mov a,_current_value[0]
 538  003D  0080     E  	mov rb,a
 538  003E  0700     R  	mov a,_current_value[1]
 538  003F  0080     E  	mov rc,a
 538  0040  0700     E  	mov a,rd
 538  0041  0200     E  	sub a,rb
 538  0042  0700     E  	mov a,re
 538  0043  1200     E  	sbc a,rc
 538  0044  3F8A        	sz sc
 538  0045  2800     R  	jmp _L130
 538  0046              _L127:
 538  0046  340A        	clr c
 538  0047  1A00     E  	rlca rb
 538  0048  0080     E  	mov rf,a
 538  0049  1A00     E  	rlca rc
 538  004A  0080     E  	mov rg,a
 543  004B              #line 543 "D:\zpw\귄\2362A\project\LCD.c"
 543  004B  0F00     R  	mov a,low offset _angles
 543  004C  0300     E  	add a,rf
 543  004D  0083        	mov mp,a
 543  004E  0F00     R  	mov a,high offset _angles
 543  004F  1300     E  	adc a,rg
 543  0050  0084        	mov sbp,a
 543  0051              	fcall _Crom2Prom
 543  0058  0080     R  	mov _LCD_Show_Angle_2[5],a
 543  0059              	fcall _Crom2PromNext
 543  0060  0080     R  	mov _LCD_Show_Angle_2[6],a
 544  0061              #line 544 "D:\zpw\귄\2362A\project\LCD.c"
 544  0061  0700     R  	mov a,_LCD_Show_Angle_2[5]
 544  0062  0080     E  	mov rf,a
 544  0063  0700     R  	mov a,_LCD_Show_Angle_2[6]
 544  0064  0080     E  	mov rg,a
 544  0065  0F0F        	mov a,15  
 544  0066  0680     E  	andm a,rf  
 544  0067  0F00        	mov a,0  
 544  0068  0680     E  	andm a,rg
 544  0069  0700     E  	mov a,rf
 544  006A  0080     R  	mov _LCD_Show_Angle_2[2],a
 544  006B  0700     E  	mov a,rg
 544  006C  0080     R  	mov _LCD_Show_Angle_2[3],a
 545  006D              #line 545 "D:\zpw\귄\2362A\project\LCD.c"
 545  006D  0F01        	mov a,1
 545  006E  0080     E  	mov rf,a
 545  006F  1F00     E  	clr rg
 545  0070  1400     R  	inca _LCD_Show_Angle_2[2]
 545  0071  2800     R  	jmp _LI3
 545  0072              _LI4:
 545  0072  340A        	clr c
 545  0073  1A80     E  	rlc rf
 545  0074  1A80     E  	rlc rg
 545  0075              _LI3:
 545  0075  1785        	sdz acc
 545  0076  2800     R  	jmp _LI4
 545  0077  0700     E  	mov a,rf
 545  0078  0080     R  	mov _LCD_Show_Angle_2[2],a
 545  0079  0700     E  	mov a,rg
匡숭：LCD.c        긍陋포경굶 HGASM 0202 女늴29

 545  007A  0080     R  	mov _LCD_Show_Angle_2[3],a
 545  007B  0700     R  	mov a,_LCD_Show_Angle_2[5]
 545  007C  0080     E  	mov rf,a
 545  007D  0700     R  	mov a,_LCD_Show_Angle_2[6]
 545  007E  0080     E  	mov rg,a
 545  007F  0F04        	mov a,4
 545  0080              _LI5:
 545  0080  340A        	clr c
 545  0081  1B80     E  	rrc rg
 545  0082  1B80     E  	rrc rf
 545  0083  1785        	sdz acc
 545  0084  2800     R  	jmp _LI5
 545  0085  0700     E  	mov a,rf
 545  0086  0083        	mov mp,a
 545  0087  0700     E  	mov a,rg
 545  0088  0084        	mov sbp,a
 545  0089              	fcall _Crom2Prom
 545  0090  0080     R  	mov _LCD_Show_Angle_2[4],a
 545  0091  0700     R  	mov a,_LCD_Show_Angle_2[4]
 545  0092  0500     R  	or a,_LCD_Show_Angle_2[2]
 545  0093  0080     E  	mov ra,a
 545  0094  0700     E  	mov a,ra
 545  0095  0082        	mov ir,a
 541  0096              #line 541 "D:\zpw\귄\2362A\project\LCD.c"
 541  0096  1480     E  	inc rb
 541  0097  3D0A        	sz z
 541  0098  1480     E  	inc rc
 541  0099  0700     E  	mov a,rd
 541  009A  0200     E  	sub a,rb
 541  009B  0700     E  	mov a,re
 541  009C  1200     E  	sbc a,rc
 541  009D  3B8A        	snz sc
 541  009E  2800     R  	jmp _L127
 541  009F              _L129:
 556  009F              #line 556 "D:\zpw\귄\2362A\project\LCD.c"
 556  009F  0700     E  	mov a,rd
 556  00A0  0080     R  	mov _current_value[0],a
 556  00A1  0700     E  	mov a,re
 556  00A2  0080     R  	mov _current_value[1],a
 556  00A3  2800     R  	jmp _L133
 556  00A4              _L130:
 556  00A4  340A        	clr c
 556  00A5  1A00     E  	rlca rb
 556  00A6  0080     E  	mov rf,a
 556  00A7  1A00     E  	rlca rc
 556  00A8  0080     E  	mov rg,a
 551  00A9              #line 551 "D:\zpw\귄\2362A\project\LCD.c"
 551  00A9  0F00     R  	mov a,low offset _angles
 551  00AA  0300     E  	add a,rf
 551  00AB  0083        	mov mp,a
 551  00AC  0F00     R  	mov a,high offset _angles
 551  00AD  1300     E  	adc a,rg
 551  00AE  0084        	mov sbp,a
 551  00AF              	fcall _Crom2Prom
 551  00B6  0080     R  	mov _LCD_Show_Angle_2[5],a
 551  00B7              	fcall _Crom2PromNext
 551  00BE  0080     R  	mov _LCD_Show_Angle_2[6],a
 552  00BF              #line 552 "D:\zpw\귄\2362A\project\LCD.c"
 552  00BF  0700     R  	mov a,_LCD_Show_Angle_2[5]
 552  00C0  0080     E  	mov rf,a
匡숭：LCD.c        긍陋포경굶 HGASM 0202 女늴30

 552  00C1  0700     R  	mov a,_LCD_Show_Angle_2[6]
 552  00C2  0080     E  	mov rg,a
 552  00C3  0F0F        	mov a,15  
 552  00C4  0680     E  	andm a,rf  
 552  00C5  0F00        	mov a,0  
 552  00C6  0680     E  	andm a,rg
 552  00C7  0700     E  	mov a,rf
 552  00C8  0080     R  	mov _LCD_Show_Angle_2[2],a
 552  00C9  0700     E  	mov a,rg
 552  00CA  0080     R  	mov _LCD_Show_Angle_2[3],a
 553  00CB              #line 553 "D:\zpw\귄\2362A\project\LCD.c"
 553  00CB  0F01        	mov a,1
 553  00CC  0080     E  	mov rf,a
 553  00CD  1F00     E  	clr rg
 553  00CE  1400     R  	inca _LCD_Show_Angle_2[2]
 553  00CF  2800     R  	jmp _LI6
 553  00D0              _LI7:
 553  00D0  340A        	clr c
 553  00D1  1A80     E  	rlc rf
 553  00D2  1A80     E  	rlc rg
 553  00D3              _LI6:
 553  00D3  1785        	sdz acc
 553  00D4  2800     R  	jmp _LI7
 553  00D5  0700     E  	mov a,rf
 553  00D6  0080     R  	mov _LCD_Show_Angle_2[2],a
 553  00D7  0700     E  	mov a,rg
 553  00D8  0080     R  	mov _LCD_Show_Angle_2[3],a
 553  00D9  0100     E  	cpla rf
 553  00DA  0080     E  	mov ra,a
 553  00DB  0700     R  	mov a,_LCD_Show_Angle_2[5]
 553  00DC  0080     E  	mov rf,a
 553  00DD  0700     R  	mov a,_LCD_Show_Angle_2[6]
 553  00DE  0080     E  	mov rg,a
 553  00DF  0F04        	mov a,4
 553  00E0              _LI8:
 553  00E0  340A        	clr c
 553  00E1  1B80     E  	rrc rg
 553  00E2  1B80     E  	rrc rf
 553  00E3  1785        	sdz acc
 553  00E4  2800     R  	jmp _LI8
 553  00E5  0700     E  	mov a,rf
 553  00E6  0083        	mov mp,a
 553  00E7  0700     E  	mov a,rg
 553  00E8  0084        	mov sbp,a
 553  00E9              	fcall _Crom2Prom
 553  00F0  0080     R  	mov _LCD_Show_Angle_2[2],a
 553  00F1  0700     R  	mov a,_LCD_Show_Angle_2[2]
 553  00F2  0680     E  	andm a,ra
 553  00F3  0700     E  	mov a,ra
 553  00F4  0082        	mov ir,a
 549  00F5              #line 549 "D:\zpw\귄\2362A\project\LCD.c"
 549  00F5  0FFF        	mov a,255
 549  00F6  0380     E  	addm a,rb
 549  00F7  0FFF        	mov a,255
 549  00F8  1380     E  	adcm a,rc
 549  00F9  0700     E  	mov a,rb
 549  00FA  0200     E  	sub a,rd
 549  00FB  0700     E  	mov a,rc
 549  00FC  1200     E  	sbc a,re
 549  00FD  3B0A        	snz cz
匡숭：LCD.c        긍陋포경굶 HGASM 0202 女늴31

 549  00FE  2800     R  	jmp _L130
 549  00FF  2800     R  	jmp _L129
 549  0100              _L133:
 549  0100  0003        	ret
 549  0101              _LCD_Show_Angle endp
 549  0101              #line 549 "D:\zpw\귄\2362A\project\LCD.c"
 549  0101              #pragma debug scope 1 1
 549  0101              public _LCD_Time_Flash
 549  0101              #pragma debug scope 24 1
 561  0101              #line 561 "D:\zpw\귄\2362A\project\LCD.c"
 561  0000              _LCD_Time_Flash .section 'code'
 561  0000              _LCD_Time_Flash proc
 561  0000  00              local _LCD_Time_Flash_2 db 1 dup(?)	; 0,1
 566  0001              #line 566 "D:\zpw\귄\2362A\project\LCD.c"
 566  0000  0700     R  	mov a,_current_value[0]
 566  0001  0080     E  	mov rb,a
 566  0002  0700     R  	mov a,_current_value[1]
 566  0003  0080     E  	mov rc,a
 568  0004              #line 568 "D:\zpw\귄\2362A\project\LCD.c"
 568  0004  0700     R  	mov a,_flash_status[0]
 568  0005  0080     R  	mov _LCD_Time_Flash_2[0],a
 568  0006  1700     R  	sdza _LCD_Time_Flash_2[0]
 568  0007  2800     R  	jmp _L135
 570  0008              #line 570 "D:\zpw\귄\2362A\project\LCD.c"
 570  0008  340A        	clr c
 570  0009  1A80     E  	rlc rb
 570  000A  1A80     E  	rlc rc
 570  000B  0F00     R  	mov a,low offset _angles
 570  000C  0300     E  	add a,rb
 570  000D  0083        	mov mp,a
 570  000E  0F00     R  	mov a,high offset _angles
 570  000F  1300     E  	adc a,rc
 570  0010  0084        	mov sbp,a
 570  0011              	fcall _Crom2Prom
 570  0018  0080     E  	mov rd,a
 570  0019              	fcall _Crom2PromNext
 570  0020  0080     E  	mov re,a
 571  0021              #line 571 "D:\zpw\귄\2362A\project\LCD.c"
 571  0021  0700     E  	mov a,rd
 571  0022  0080     E  	mov rf,a
 571  0023  0700     E  	mov a,re
 571  0024  0080     E  	mov rg,a
 571  0025  0F0F        	mov a,15  
 571  0026  0680     E  	andm a,rf  
 571  0027  0F00        	mov a,0  
 571  0028  0680     E  	andm a,rg
 572  0029              #line 572 "D:\zpw\귄\2362A\project\LCD.c"
 572  0029  0F01        	mov a,1
 572  002A  0080     E  	mov rb,a
 572  002B  1F00     E  	clr rc
 572  002C  1400     E  	inca rf
 572  002D  2800     R  	jmp _LI9
 572  002E              _LI10:
 572  002E  340A        	clr c
 572  002F  1A80     E  	rlc rb
 572  0030  1A80     E  	rlc rc
 572  0031              _LI9:
 572  0031  1785        	sdz acc
 572  0032  2800     R  	jmp _LI10
 572  0033  0100     E  	cpla rb
匡숭：LCD.c        긍陋포경굶 HGASM 0202 女늴32

 572  0034  0080     E  	mov rb,a
 572  0035  0700     E  	mov a,rd
 572  0036  0080     E  	mov rf,a
 572  0037  0700     E  	mov a,re
 572  0038  0080     E  	mov rg,a
 572  0039  0F04        	mov a,4
 572  003A              _LI11:
 572  003A  340A        	clr c
 572  003B  1B80     E  	rrc rg
 572  003C  1B80     E  	rrc rf
 572  003D  1785        	sdz acc
 572  003E  2800     R  	jmp _LI11
 572  003F  0700     E  	mov a,rf
 572  0040  0083        	mov mp,a
 572  0041  0700     E  	mov a,rg
 572  0042  0084        	mov sbp,a
 572  0043              	fcall _Crom2Prom
 572  004A  0080     R  	mov _LCD_Time_Flash_2[0],a
 572  004B  0700     R  	mov a,_LCD_Time_Flash_2[0]
 572  004C  0680     E  	andm a,rb
 572  004D  0700     E  	mov a,rb
 572  004E  0082        	mov ir,a
 573  004F              #line 573 "D:\zpw\귄\2362A\project\LCD.c"
 573  004F  1F00     R  	clr _flash_status[0]
 573  0050  2800     R  	jmp _L134
 573  0051              _L135:
 575  0051              #line 575 "D:\zpw\귄\2362A\project\LCD.c"
 575  0051  1080     R  	sz _LCD_Time_Flash_2[0]
 575  0052  2800     R  	jmp _L134
 577  0053              #line 577 "D:\zpw\귄\2362A\project\LCD.c"
 577  0053  340A        	clr c
 577  0054  1A80     E  	rlc rb
 577  0055  1A80     E  	rlc rc
 577  0056  0F00     R  	mov a,low offset _angles
 577  0057  0300     E  	add a,rb
 577  0058  0083        	mov mp,a
 577  0059  0F00     R  	mov a,high offset _angles
 577  005A  1300     E  	adc a,rc
 577  005B  0084        	mov sbp,a
 577  005C              	fcall _Crom2Prom
 577  0063  0080     E  	mov rd,a
 577  0064              	fcall _Crom2PromNext
 577  006B  0080     E  	mov re,a
 578  006C              #line 578 "D:\zpw\귄\2362A\project\LCD.c"
 578  006C  0700     E  	mov a,rd
 578  006D  0080     E  	mov rf,a
 578  006E  0700     E  	mov a,re
 578  006F  0080     E  	mov rg,a
 578  0070  0F0F        	mov a,15  
 578  0071  0680     E  	andm a,rf  
 578  0072  0F00        	mov a,0  
 578  0073  0680     E  	andm a,rg
 579  0074              #line 579 "D:\zpw\귄\2362A\project\LCD.c"
 579  0074  0F01        	mov a,1
 579  0075  0080     E  	mov rb,a
 579  0076  1F00     E  	clr rc
 579  0077  1400     E  	inca rf
 579  0078  2800     R  	jmp _LI12
 579  0079              _LI13:
 579  0079  340A        	clr c
匡숭：LCD.c        긍陋포경굶 HGASM 0202 女늴33

 579  007A  1A80     E  	rlc rb
 579  007B  1A80     E  	rlc rc
 579  007C              _LI12:
 579  007C  1785        	sdz acc
 579  007D  2800     R  	jmp _LI13
 579  007E  0700     E  	mov a,rd
 579  007F  0080     E  	mov rf,a
 579  0080  0700     E  	mov a,re
 579  0081  0080     E  	mov rg,a
 579  0082  0F04        	mov a,4
 579  0083              _LI14:
 579  0083  340A        	clr c
 579  0084  1B80     E  	rrc rg
 579  0085  1B80     E  	rrc rf
 579  0086  1785        	sdz acc
 579  0087  2800     R  	jmp _LI14
 579  0088  0700     E  	mov a,rf
 579  0089  0083        	mov mp,a
 579  008A  0700     E  	mov a,rg
 579  008B  0084        	mov sbp,a
 579  008C              	fcall _Crom2Prom
 579  0093  0080     R  	mov _LCD_Time_Flash_2[0],a
 579  0094  0700     R  	mov a,_LCD_Time_Flash_2[0]
 579  0095  0580     E  	orm a,rb
 579  0096  0700     E  	mov a,rb
 579  0097  0082        	mov ir,a
 580  0098              #line 580 "D:\zpw\귄\2362A\project\LCD.c"
 580  0098  0F01        	mov a,1
 580  0099  0080     R  	mov _flash_status[0],a
 580  009A              _L134:
 580  009A  0003        	ret
 580  009B              _LCD_Time_Flash endp
 580  009B              #line 580 "D:\zpw\귄\2362A\project\LCD.c"
 580  009B              #pragma debug scope 1 1
 580  0000              @HCCINIT	.section 'data'
 467  0000              #line 467 "D:\zpw\귄\2362A\project\LCD.c"
 467  0000              @HCCINIT___Current_WIFI_State_3589 .section 'data'
 467  0000              ___Current_WIFI_State_3589 label byte
 467  0000              #pragma debug variable 8 1 ___Current_WIFI_State_3589 "__Current_WIFI_State_3589"
 467  0000              	db 0
 467  0000              @ROMDATA_BASE .section inpage 'code'
 467  0000              	db 0
 467  0001              @HCCINIT___Current_WIFI_State_3589 .section 'data'
 460  0001              #line 460 "D:\zpw\귄\2362A\project\LCD.c"
 460  0000              @HCCINIT___WIFI_Count_3588 .section 'data'
 460  0000              ___WIFI_Count_3588 label byte
 460  0000              #pragma debug variable 8 1 ___WIFI_Count_3588 "__WIFI_Count_3588"
 460  0000              	db 0
 460  0001              @ROMDATA_BASE .section inpage 'code'
 460  0001              	db 0
 460  0001              @HCCINIT___WIFI_Count_3588 .section 'data'
 419  0001              #line 419 "D:\zpw\귄\2362A\project\LCD.c"
 419  0000              @HCCINIT___Current_Bind_State_3578 .section 'data'
 419  0000              ___Current_Bind_State_3578 label byte
 419  0000              #pragma debug variable 8 1 ___Current_Bind_State_3578 "__Current_Bind_State_3578"
 419  0000              	db 0
 419  0001              @ROMDATA_BASE .section inpage 'code'
 419  0001              	db 0
 419  0001              @HCCINIT___Current_Bind_State_3578 .section 'data'
 412  0001              #line 412 "D:\zpw\귄\2362A\project\LCD.c"
匡숭：LCD.c        긍陋포경굶 HGASM 0202 女늴34

 412  0000              @HCCINIT___Bind_Count_3577 .section 'data'
 412  0000              ___Bind_Count_3577 label byte
 412  0000              #pragma debug variable 8 1 ___Bind_Count_3577 "__Bind_Count_3577"
 412  0000              	db 0
 412  0002              @ROMDATA_BASE .section inpage 'code'
 412  0002              	db 0
 412  0001              @HCCINIT___Bind_Count_3577 .section 'data'
 559  0001              #line 559 "D:\zpw\귄\2362A\project\LCD.c"
 559  0000              @HCCINIT_flash_status .section 'data'
 559  0000              _flash_status label byte
 559  0000              #pragma debug variable 7 1 _flash_status "flash_status"
 559  0000              	db 1
 559  0002              @ROMDATA_BASE .section inpage 'code'
 559  0002              	db 1
 559  0001              @HCCINIT_flash_status .section 'data'
 520  0001              #line 520 "D:\zpw\귄\2362A\project\LCD.c"
 520  0000              @HCCINIT_current_value .section 'data'
 520  0000              _current_value label byte
 520  0000              #pragma debug variable 11 1 _current_value "current_value"
 520  0000              	dw -1
 520  0003              @ROMDATA_BASE .section inpage 'code'
 520  0003  FFFF        	dc -1
 520  0002              @HCCINIT_current_value .section 'data'
   8  0002              #line 8 "D:\zpw\귄\2362A\project\LCD.c"
   8  0002              public _angles
   8  0000              @HCCINIT0_angles .section 'data'
   8  0000  0078[       _angles	db 120 dup(0)
            00
            ]
   8  0078              #pragma debug array 42 12 60 1
   8  0078              #pragma debug array 42 12 60 1
   8  0078              #pragma debug variable 42 1 _angles "angles"
   8  0078              
   8  0000              @HCCINIT .section 'data'
   8  0000              #pragma debug struct_end
   8  0000              #pragma debug struct_end
   8  0000              #pragma debug union_end
   8  0000              #pragma debug union_end
   8  0000              #pragma debug variable 44 1 ___lcdc0 "__lcdc0" 1
   8  0000              #pragma debug struct_end
   8  0000              #pragma debug struct_end
   8  0000              #pragma debug union_end
   8  0000              #pragma debug union_end
   8  0000              #pragma debug variable 46 1 ___lcdc1 "__lcdc1" 1
   8  0000              #pragma debug struct_end
   8  0000              #pragma debug struct_end
   8  0000              #pragma debug union_end
   8  0000              #pragma debug union_end
   8  0000              #pragma debug variable 48 1 ___lcdc2 "__lcdc2" 1
   8  0000              #pragma debug struct_end
   8  0000              #pragma debug struct_end
   8  0000              #pragma debug union_end
   8  0000              #pragma debug union_end
   8  0000              #pragma debug variable 50 1 ___pas0 "__pas0" 1
   8  0000              #pragma debug struct_end
   8  0000              #pragma debug struct_end
   8  0000              #pragma debug union_end
   8  0000              #pragma debug union_end
   8  0000              #pragma debug variable 52 1 ___pas1 "__pas1" 1
   8  0000              #pragma debug struct_end
匡숭：LCD.c        긍陋포경굶 HGASM 0202 女늴35

   8  0000              #pragma debug struct_end
   8  0000              #pragma debug union_end
   8  0000              #pragma debug union_end
   8  0000              #pragma debug variable 54 1 ___pbs0 "__pbs0" 1
   8  0000              #pragma debug struct_end
   8  0000              #pragma debug struct_end
   8  0000              #pragma debug union_end
   8  0000              #pragma debug union_end
   8  0000              #pragma debug variable 56 1 ___pbs1 "__pbs1" 1
   8  0000              #pragma debug struct_end
   8  0000              #pragma debug struct_end
   8  0000              #pragma debug union_end
   8  0000              #pragma debug union_end
   8  0000              #pragma debug variable 58 1 ___pds1 "__pds1" 1
   8  0000              #pragma debug struct_end
   8  0000              #pragma debug struct_end
   8  0000              #pragma debug union_end
   8  0000              #pragma debug union_end
   8  0000              #pragma debug variable 60 1 ___pes0 "__pes0" 1
   8  0000              #pragma debug struct_end
   8  0000              #pragma debug struct_end
   8  0000              #pragma debug union_end
   8  0000              #pragma debug union_end
   8  0000              #pragma debug variable 62 1 ___pfs0 "__pfs0" 1
   8  0000              #pragma debug struct_end
   8  0000              #pragma debug struct_end
   8  0000              #pragma debug union_end
   8  0000              #pragma debug union_end
   8  0000              #pragma debug variable 64 1 ___pgs0 "__pgs0" 1
   8  0000              #pragma debug struct_end
   8  0000              #pragma debug struct_end
   8  0000              #pragma debug union_end
   8  0000              #pragma debug union_end
   8  0000              #pragma debug variable 66 1 ___pgs1 "__pgs1" 1
   8  0000              #pragma debug struct_end
   8  0000              #pragma debug struct_end
   8  0000              #pragma debug union_end
   8  0000              #pragma debug union_end
   8  0000              #pragma debug variable 68 1 ___pjs0 "__pjs0" 1
   8  0000              #pragma debug struct_end
   8  0000              #pragma debug struct_end
   8  0000              #pragma debug union_end
   8  0000              #pragma debug union_end
   8  0000              #pragma debug variable 70 1 _seg9 "seg9" 1
   8  0000              #pragma debug variable 70 1 _seg15 "seg15" 1
   8  0000              #pragma debug variable 70 1 _seg16 "seg16" 1
   8  0000              #pragma debug variable 70 1 _seg17 "seg17" 1
   8  0000              #pragma debug variable 70 1 _seg18 "seg18" 1
   8  0000              #pragma debug variable 70 1 _seg19 "seg19" 1
   8  0000              #pragma debug variable 70 1 _seg20 "seg20" 1
   8  0000              #pragma debug variable 70 1 _seg21 "seg21" 1
   8  0000              #pragma debug variable 70 1 _seg22 "seg22" 1
   8  0000              #pragma debug variable 70 1 _seg23 "seg23" 1
   8  0001              @HCCINIT___Bind_Count_3577 .section 'data'
   8  0001              #pragma debug variable 8 14 ___Bind_Count_3577 "Bind_Count"
   8  0001              @HCCINIT___Current_Bind_State_3578 .section 'data'
   8  0001              #pragma debug variable 8 15 ___Current_Bind_State_3578 "Current_Bind_State"
   8  0001              @HCCINIT___WIFI_Count_3588 .section 'data'
   8  0001              #pragma debug variable 8 17 ___WIFI_Count_3588 "WIFI_Count"
   8  0001              @HCCINIT___Current_WIFI_State_3589 .section 'data'
匡숭：LCD.c        긍陋포경굶 HGASM 0202 女늴36

   8  0001              #pragma debug variable 8 18 ___Current_WIFI_State_3589 "Current_WIFI_State"
   8  0001              
   8  0001              ; output external variables
   8  0001              extern _UART1_WIFI_Config_Flag:byte
   8  0001              extern _data:byte
   8  0001              extern _UART0_433MHz_Pairing_Code_Flag:byte
   8  0001              extern _builtin_holtek_udivmodqi4_2:byte
   8  0001              extern _builtin_holtek_udivmodqi4:near
   8  0001              extern _builtin_holtek_divmodhi4:near
   8  0001              extern _builtin_holtek_udivmodhi4_2:byte
   8  0001              extern _builtin_holtek_udivmodhi4:near
   8  0001              
   8  0001              ; 
   8  0001              ; Generated by holtek-gcc v3.23, Wed Apr 08 12:56:34 2026
   8  0001              ; Rebuild 1114
   8  0001              ; end of file


        0 Errors, 0