匡숭：mcu_api.c    긍陋포경굶 HGASM 0202 女늴1


   1  0000              ; Generated by holtek-gcc v3.23, Wed Apr 08 12:56:35 2026
   2  0000              ; 
   3  0000              ; Configuration:
   4  0000              ;       with long instruction
   5  0000              ;       Multi-ROM, Multi-RAM
   6  0000              ;       bits_per_rom_unit:16
   7  0000              ;       with mp1
   8  0000              ;       with tbhp, address(0x9)
   9  0000              ;          Use tabrd-const
  10  0000              ;       
  11  0000              ; SFR address of long-instruction arch:
  12  0000              ;    mp0 = -1,1,0
  13  0000              ;    mp1 = 4,3,2
  14  0000              ;    mp2 = 14,13,12
  15  0000              ;    tbp = 9,7,8
  16  0000              ;    acc = 5
  17  0000              ;    pcl = 6
  18  0000              ;    status = 10
  19  0000              ;    bp = 11
  20  0000              ;    intc = 16
  21  0000              ;       
  22  0000              ;       
  23  0000              ; use 'tabrdc' instead of 'tabrd'
  24  0000              ;       
  25  0000              
  26  0000              #pragma translator "holtek-gcc 4.6.4" "3.23" "build 20130711"
  27  0000              ; Rebuild 1114
  28  0000              
  29  0000              ir equ [2]
  30  0000              mp equ [3]
  31  0000              sbp equ [4]
  32  0000              acc equ [5]
  33  0000              bp equ [11]
  34  0000              tblp equ [7]
  35  0000              tbhp equ [9]
  36  0000              status equ [10]
  37  0000              c equ [10].0
  38  0000              ac equ [10].1
  39  0000              z equ [10].2
  40  0000              ov equ [10].3
  41  0000              cz equ [10].6
  42  0000              sc equ [10].7
  43  0000              intc equ [16]
  44  0000              mduwr0 equ [59h]
  45  0000              mduwr1 equ [5ah]
  46  0000              mduwr2 equ [5bh]
  47  0000              mduwr3 equ [5ch]
  48  0000              mduwr4 equ [5dh]
  49  0000              mduwr5 equ [5eh]
  50  0000              mduwrctrl equ [5fh]
  51  0000              
  52  0000              extern ra:byte
  53  0000              extern rb:byte
  54  0000              extern rc:byte
  55  0000              extern rd:byte
  56  0000              extern re:byte
  57  0000              extern rf:byte
  58  0000              extern rg:byte
  59  0000              extern rh:byte
匡숭：mcu_api.ASM  긍陋포경굶 HGASM 0202 女늴2

  60  0000              extern _Crom2Prom:near
  61  0000              extern _Crom2PromNext:near
  62  0000              
  63  0000              RAMBANK 0 @BITDATASEC, @BITDATASEC1
  64  0000              @HCCINIT	.section 'data'
  65  0000              @HCCINIT0	.section 'data'
  66  0000              @BITDATASEC	 .section 'data'
  67  0000              @BITDATASEC1	 .section 'data'
  68  0000              
  69  0000              #pragma debug scope 1 1
  70  0000              public _hex_to_bcd
  71  0000              #pragma debug scope 2 1

  33  0000              #line 33 "D:\zpw\귄\2362A\project\mcu_api.c"
  33  0000              _hex_to_bcd .section 'code'
  33  0000              _hex_to_bcd proc
  33  0000              public _hex_to_bcd_2
  33  0000  0002[           local _hex_to_bcd_2 db 2 dup(?)	; 1,1
            00
            ]
  33  0000  0080     E  	mov ra,a
  33  0001  0080     R  	mov _hex_to_bcd_2[1],a
  33  0002              #pragma debug variable 8 2 _hex_to_bcd_2+1 "Value_H"
  33  0002              #pragma debug variable 8 2 _hex_to_bcd_2+0 "Value_L"
  36  0002              #line 36 "D:\zpw\귄\2362A\project\mcu_api.c"
  36  0002  0FD0        	mov a,208
  36  0003  0380     E  	addm a,ra
  36  0004  0F09        	mov a,9
  36  0005  0200     E  	sub a,ra
  36  0006  380A        	snz c
  36  0007  2800     R  	jmp _L2
  37  0008              #line 37 "D:\zpw\귄\2362A\project\mcu_api.c"
  37  0008  0700     E  	mov a,ra
  37  0009  0080     R  	mov _hex_to_bcd_2[1],a
  37  000A  2800     R  	jmp _L3
  37  000B              _L2:
  38  000B              #line 38 "D:\zpw\귄\2362A\project\mcu_api.c"
  38  000B  0700     R  	mov a,_hex_to_bcd_2[1]
  38  000C  0BBF        	add a,191
  38  000D  0080     E  	mov ra,a
  38  000E  0F05        	mov a,5
  38  000F  0200     E  	sub a,ra
  38  0010  380A        	snz c
  38  0011  2800     R  	jmp _L4
  39  0012              #line 39 "D:\zpw\귄\2362A\project\mcu_api.c"
  39  0012  0FC9        	mov a,201
  39  0013  0380     R  	addm a,_hex_to_bcd_2[1]
  39  0014  2800     R  	jmp _L3
  39  0015              _L4:
  40  0015              #line 40 "D:\zpw\귄\2362A\project\mcu_api.c"
  40  0015  0700     R  	mov a,_hex_to_bcd_2[1]
  40  0016  0B9F        	add a,159
  40  0017  0080     E  	mov ra,a
  40  0018  0F05        	mov a,5
  40  0019  0200     E  	sub a,ra
  40  001A  380A        	snz c
  40  001B  2800     R  	jmp _L3
  41  001C              #line 41 "D:\zpw\귄\2362A\project\mcu_api.c"
  41  001C  0FA9        	mov a,169
  41  001D  0380     R  	addm a,_hex_to_bcd_2[1]
匡숭：mcu_api.c    긍陋포경굶 HGASM 0202 女늴3

  41  001E              _L3:
  45  001E              #line 45 "D:\zpw\귄\2362A\project\mcu_api.c"
  45  001E  0700     R  	mov a,_hex_to_bcd_2[1]
  45  001F  0080     E  	mov rb,a
  45  0020  1100     E  	swapa rb
  45  0021  0EF0        	and a,0f0h 
  45  0022  0080     E  	mov rb,a
  46  0023              #line 46 "D:\zpw\귄\2362A\project\mcu_api.c"
  46  0023  0700     R  	mov a,_hex_to_bcd_2[0]
  46  0024  0BD0        	add a,208
  46  0025  0080     E  	mov ra,a
  46  0026  0F09        	mov a,9
  46  0027  0200     E  	sub a,ra
  46  0028  380A        	snz c
  46  0029  2800     R  	jmp _L5
  47  002A              #line 47 "D:\zpw\귄\2362A\project\mcu_api.c"
  47  002A  0700     E  	mov a,ra
  47  002B  0080     R  	mov _hex_to_bcd_2[0],a
  47  002C  2800     R  	jmp _L6
  47  002D              _L5:
  48  002D              #line 48 "D:\zpw\귄\2362A\project\mcu_api.c"
  48  002D  0700     R  	mov a,_hex_to_bcd_2[0]
  48  002E  0080     E  	mov ra,a
  48  002F  3400     E  	clr ra.5
  48  0030  0FBF        	mov a,191
  48  0031  0380     E  	addm a,ra
  48  0032  0F05        	mov a,5
  48  0033  0200     E  	sub a,ra
  48  0034  380A        	snz c
  48  0035  2800     R  	jmp _L6
  49  0036              #line 49 "D:\zpw\귄\2362A\project\mcu_api.c"
  49  0036  0FA9        	mov a,169
  49  0037  0380     R  	addm a,_hex_to_bcd_2[0]
  49  0038              _L6:
  53  0038              #line 53 "D:\zpw\귄\2362A\project\mcu_api.c"
  53  0038  0700     R  	mov a,_hex_to_bcd_2[0]
  53  0039  0E0F        	and a,15
  53  003A  0080     E  	mov ra,a
  53  003B  0700     E  	mov a,rb
  53  003C  0580     E  	orm a,ra
  56  003D              #line 56 "D:\zpw\귄\2362A\project\mcu_api.c"
  56  003D  0700     E  	mov a,ra
  56  003E  0003        	ret
  56  003F              _hex_to_bcd endp
  56  003F              #line 56 "D:\zpw\귄\2362A\project\mcu_api.c"
  56  003F              #pragma debug scope 1 1
  56  003F              public _my_strlen
  56  003F              #pragma debug scope 3 1
  64  003F              #line 64 "D:\zpw\귄\2362A\project\mcu_api.c"
  64  0000              _my_strlen .section 'code'
  64  0000              _my_strlen proc
  64  0000              public _my_strlen_2
  64  0000  0002[           local _my_strlen_2 db 2 dup(?)	; 2,0
            00
            ]
  64  0002              #pragma debug pointer 42 8 3
  64  0002              #pragma debug pointer 42 8 3
  64  0002              #pragma debug variable 42 3 _my_strlen_2+0 "str"
  66  0002              #line 66 "D:\zpw\귄\2362A\project\mcu_api.c"
  66  0000  0700     R  	mov a,_my_strlen_2[0]
匡숭：mcu_api.c    긍陋포경굶 HGASM 0202 女늴4

  66  0001  0500     R  	or a,_my_strlen_2[1]
  66  0002  3D0A        	sz z
  66  0003  2800     R  	jmp _L12
  66  0004  0700     R  	mov a,_my_strlen_2[0]
  66  0005  0080     E  	mov rb,a
  66  0006  0700     R  	mov a,_my_strlen_2[1]
  66  0007  0080     E  	mov rc,a
  66  0008              #line 66 "D:\zpw\귄\2362A\project\mcu_api.c"
  66  0008  1F00     E  	clr rd
  66  0009  1F00     E  	clr re
  66  000A  1F00     E  	clr rf
  66  000B  1F00     E  	clr rg
  66  000C              _L10:
  66  000C  1480     E  	inc rb
  66  000D  3D0A        	sz z
  66  000E  1480     E  	inc rc
  70  000F              #line 70 "D:\zpw\귄\2362A\project\mcu_api.c"
  70  000F  0FFF        	mov a,255
  70  0010  0300     E  	add a,rb
  70  0011  0083        	mov mp,a
  70  0012  0FFF        	mov a,255
  70  0013  1300     E  	adc a,rc
  70  0014  0084        	mov sbp,a
  70  0015              	fcall _Crom2Prom
  70  001C  0080     E  	mov ra,a
  70  001D  1E00     E  	snz ra
  70  001E  2800     R  	jmp _L13
  71  001F              #line 71 "D:\zpw\귄\2362A\project\mcu_api.c"
  71  001F  0F01        	mov a,1
  71  0020  0380     E  	addm a,rd
  71  0021  0F00        	mov a,0
  71  0022  1380     E  	adcm a,re
  71  0023  1380     E  	adcm a,rf
  71  0024  1380     E  	adcm a,rg
  71  0025  2800     R  	jmp _L10
  71  0026              _L13:
  71  0026  0700     E  	mov a,rd
  71  0027  0080     E  	mov ra,a
  71  0028  0700     E  	mov a,re
  71  0029  0080     E  	mov rb,a
  71  002A  0700     E  	mov a,rf
  71  002B  0080     E  	mov rc,a
  71  002C  0700     E  	mov a,rg
  71  002D  0080     E  	mov rd,a
  71  002E  2800     R  	jmp _L9
  71  002F              _L12:
  67  002F              #line 67 "D:\zpw\귄\2362A\project\mcu_api.c"
  67  002F  1F00     E  	clr ra
  67  0030  1F00     E  	clr rb
  67  0031  1F00     E  	clr rc
  67  0032  1F00     E  	clr rd
  67  0033              _L9:
  67  0033  0003        	ret
  67  0034              _my_strlen endp
  67  0034              #line 67 "D:\zpw\귄\2362A\project\mcu_api.c"
  67  0034              #pragma debug scope 1 1
  67  0034              public _my_memset
  67  0034              #pragma debug scope 4 1
  85  0034              #line 85 "D:\zpw\귄\2362A\project\mcu_api.c"
  85  0000              _my_memset .section 'code'
匡숭：mcu_api.c    긍陋포경굶 HGASM 0202 女늴5

  85  0000              _my_memset proc
  85  0000              public _my_memset_2
  85  0000  0005[           local _my_memset_2 db 5 dup(?)	; 5,0
            00
            ]
  85  0005              #pragma debug pointer 43 7 4
  85  0005              #pragma debug pointer 43 7 4
  85  0005              #pragma debug variable 43 4 _my_memset_2+0 "src"
  85  0005              #pragma debug variable 8 4 _my_memset_2+2 "ch"
  85  0005              #pragma debug variable 10 4 _my_memset_2+3 "count"
  88  0005              #line 88 "D:\zpw\귄\2362A\project\mcu_api.c"
  88  0000  0700     R  	mov a,_my_memset_2[0]
  88  0001  0500     R  	or a,_my_memset_2[1]
  88  0002  3D0A        	sz z
  88  0003  2800     R  	jmp _L18
  88  0004  0700     R  	mov a,_my_memset_2[0]
  88  0005  0080     E  	mov rb,a
  88  0006  0700     R  	mov a,_my_memset_2[1]
  88  0007  0080     E  	mov rc,a
  88  0008  0700     R  	mov a,_my_memset_2[3]
  88  0009  0300     E  	add a,rb
  88  000A  0080     E  	mov rd,a
  88  000B  0700     R  	mov a,_my_memset_2[4]
  88  000C  1300     E  	adc a,rc
  88  000D  0080     E  	mov re,a
  88  000E              _L16:
  92  000E              #line 92 "D:\zpw\귄\2362A\project\mcu_api.c"
  92  000E  0700     E  	mov a,rb
  92  000F  0200     E  	sub a,rd
  92  0010  0700     E  	mov a,rc
  92  0011  1200     E  	sbc a,re
  92  0012  3F0A        	sz cz
  92  0013  2800     R  	jmp _L19
  93  0014              #line 93 "D:\zpw\귄\2362A\project\mcu_api.c"
  93  0014  0700     E  	mov a,rb
  93  0015  0083        	mov mp,a
  93  0016  0700     E  	mov a,rc
  93  0017  0084        	mov sbp,a
  93  0018  0700     R  	mov a,_my_memset_2[2]
  93  0019  0082        	mov ir,a
  93  001A  1480     E  	inc rb
  93  001B  3D0A        	sz z
  93  001C  1480     E  	inc rc
  93  001D  2800     R  	jmp _L16
  93  001E              _L19:
  93  001E  0700     R  	mov a,_my_memset_2[0]
  93  001F  0080     E  	mov ra,a
  93  0020  0700     R  	mov a,_my_memset_2[1]
  93  0021  0080     E  	mov rb,a
  93  0022  2800     R  	jmp _L15
  93  0023              _L18:
  89  0023              #line 89 "D:\zpw\귄\2362A\project\mcu_api.c"
  89  0023  1F00     E  	clr ra
  89  0024  1F00     E  	clr rb
  89  0025              _L15:
  89  0025  0003        	ret
  89  0026              _my_memset endp
  89  0026              #line 89 "D:\zpw\귄\2362A\project\mcu_api.c"
  89  0026              #pragma debug scope 1 1
  89  0026              public _my_memcpy
匡숭：mcu_api.c    긍陋포경굶 HGASM 0202 女늴6

  89  0026              #pragma debug scope 5 1
 107  0026              #line 107 "D:\zpw\귄\2362A\project\mcu_api.c"
 107  0000              _my_memcpy .section 'code'
 107  0000              _my_memcpy proc
 107  0000              public _my_memcpy_2
 107  0000  0006[           local _my_memcpy_2 db 6 dup(?)	; 6,0
            00
            ]
 107  0006              #pragma debug pointer 44 7 5
 107  0006              #pragma debug pointer 44 7 5
 107  0006              #pragma debug variable 44 5 _my_memcpy_2+0 "dest"
 107  0006              #pragma debug pointer 45 7 5
 107  0006              #pragma debug pointer 45 7 5
 107  0006              #pragma debug variable 45 5 _my_memcpy_2+2 "src"
 107  0006              #pragma debug variable 10 5 _my_memcpy_2+4 "count"
 112  0006              #line 112 "D:\zpw\귄\2362A\project\mcu_api.c"
 112  0000  0700     R  	mov a,_my_memcpy_2[0]
 112  0001  0500     R  	or a,_my_memcpy_2[1]
 112  0002  3D0A        	sz z
 112  0003  2800     R  	jmp _L29
 112  0004              #line 112 "D:\zpw\귄\2362A\project\mcu_api.c"
 112  0004  0700     R  	mov a,_my_memcpy_2[2]
 112  0005  0500     R  	or a,_my_memcpy_2[3]
 112  0006  3D0A        	sz z
 112  0007  2800     R  	jmp _L29
 116  0008              #line 116 "D:\zpw\귄\2362A\project\mcu_api.c"
 116  0008  0700     R  	mov a,_my_memcpy_2[2]
 116  0009  0200     R  	sub a,_my_memcpy_2[0]
 116  000A  0700     R  	mov a,_my_memcpy_2[3]
 116  000B  1200     R  	sbc a,_my_memcpy_2[1]
 116  000C  3C0A        	sz c
 116  000D  2800     R  	jmp _L22
 116  000E  0700     R  	mov a,_my_memcpy_2[4]
 116  000F  0300     R  	add a,_my_memcpy_2[2]
 116  0010  0080     E  	mov rb,a
 116  0011  0700     R  	mov a,_my_memcpy_2[5]
 116  0012  1300     R  	adc a,_my_memcpy_2[3]
 116  0013  0080     E  	mov rc,a
 116  0014  0700     E  	mov a,rb
 116  0015  0200     R  	sub a,_my_memcpy_2[0]
 116  0016  0700     E  	mov a,rc
 116  0017  1200     R  	sbc a,_my_memcpy_2[1]
 116  0018  3C0A        	sz c
 116  0019  2800     R  	jmp _L23
 116  001A              _L22:
 107  001A              #line 107 "D:\zpw\귄\2362A\project\mcu_api.c"
 107  001A  1F00     E  	clr rb
 107  001B  1F00     E  	clr rc
 107  001C              _L24:
 117  001C              #line 117 "D:\zpw\귄\2362A\project\mcu_api.c"
 117  001C  0700     E  	mov a,rb
 117  001D  0200     R  	sub a,_my_memcpy_2[4]
 117  001E  0700     E  	mov a,rc
 117  001F  1200     R  	sbc a,_my_memcpy_2[5]
 117  0020  3F0A        	sz cz
 117  0021  2800     R  	jmp _L27
 118  0022              #line 118 "D:\zpw\귄\2362A\project\mcu_api.c"
 118  0022  0700     E  	mov a,rb
 118  0023  0300     R  	add a,_my_memcpy_2[2]
 118  0024  0083        	mov mp,a
匡숭：mcu_api.c    긍陋포경굶 HGASM 0202 女늴7

 118  0025  0700     E  	mov a,rc
 118  0026  1300     R  	adc a,_my_memcpy_2[3]
 118  0027  0084        	mov sbp,a
 118  0028              	fcall _Crom2Prom
 118  002F  0080     E  	mov ra,a
 118  0030  0700     E  	mov a,rb
 118  0031  0300     R  	add a,_my_memcpy_2[0]
 118  0032  0083        	mov mp,a
 118  0033  0700     E  	mov a,rc
 118  0034  1300     R  	adc a,_my_memcpy_2[1]
 118  0035  0084        	mov sbp,a
 118  0036  0700     E  	mov a,ra
 118  0037  0082        	mov ir,a
 117  0038              #line 117 "D:\zpw\귄\2362A\project\mcu_api.c"
 117  0038  1480     E  	inc rb
 117  0039  3D0A        	sz z
 117  003A  1480     E  	inc rc
 117  003B  2800     R  	jmp _L24
 117  003C              _L27:
 107  003C              #line 107 "D:\zpw\귄\2362A\project\mcu_api.c"
 107  003C  0700     R  	mov a,_my_memcpy_2[0]
 107  003D  0080     E  	mov ra,a
 107  003E  0700     R  	mov a,_my_memcpy_2[1]
 107  003F  0080     E  	mov rb,a
 107  0040  2800     R  	jmp _L21
 107  0041              _L23:
 121  0041              #line 121 "D:\zpw\귄\2362A\project\mcu_api.c"
 121  0041  0700     R  	mov a,_my_memcpy_2[4]
 121  0042  0500     R  	or a,_my_memcpy_2[5]
 121  0043  3D0A        	sz z
 121  0044  2800     R  	jmp _L27
 122  0045              #line 122 "D:\zpw\귄\2362A\project\mcu_api.c"
 122  0045  0FFF        	mov a,255
 122  0046  0380     R  	addm a,_my_memcpy_2[4]
 122  0047  0FFF        	mov a,255
 122  0048  1380     R  	adcm a,_my_memcpy_2[5]
 122  0049  0700     R  	mov a,_my_memcpy_2[4]
 122  004A  0300     R  	add a,_my_memcpy_2[2]
 122  004B  0083        	mov mp,a
 122  004C  0700     R  	mov a,_my_memcpy_2[5]
 122  004D  1300     R  	adc a,_my_memcpy_2[3]
 122  004E  0084        	mov sbp,a
 122  004F              	fcall _Crom2Prom
 122  0056  0080     E  	mov ra,a
 122  0057  0700     R  	mov a,_my_memcpy_2[4]
 122  0058  0300     R  	add a,_my_memcpy_2[0]
 122  0059  0083        	mov mp,a
 122  005A  0700     R  	mov a,_my_memcpy_2[5]
 122  005B  1300     R  	adc a,_my_memcpy_2[1]
 122  005C  0084        	mov sbp,a
 122  005D  0700     E  	mov a,ra
 122  005E  0082        	mov ir,a
 122  005F  2800     R  	jmp _L23
 122  0060              _L29:
 113  0060              #line 113 "D:\zpw\귄\2362A\project\mcu_api.c"
 113  0060  1F00     E  	clr ra
 113  0061  1F00     E  	clr rb
 113  0062              _L21:
 113  0062  0003        	ret
 113  0063              _my_memcpy endp
匡숭：mcu_api.c    긍陋포경굶 HGASM 0202 女늴8

 113  0063              #line 113 "D:\zpw\귄\2362A\project\mcu_api.c"
 113  0063              #pragma debug scope 1 1
 113  0063              public _my_strcpy
 113  0063              #pragma debug scope 6 1
 136  0063              #line 136 "D:\zpw\귄\2362A\project\mcu_api.c"
 136  0000              _my_strcpy .section 'code'
 136  0000              _my_strcpy proc
 136  0000              public _my_strcpy_2
 136  0000  0004[           local _my_strcpy_2 db 4 dup(?)	; 4,0
            00
            ]
 136  0004              #pragma debug pointer 46 7 6
 136  0004              #pragma debug pointer 46 7 6
 136  0004              #pragma debug variable 46 6 _my_strcpy_2+0 "dest"
 136  0004              #pragma debug pointer 47 7 6
 136  0004              #pragma debug pointer 47 7 6
 136  0004              #pragma debug variable 47 6 _my_strcpy_2+2 "src"
 137  0004              #line 137 "D:\zpw\귄\2362A\project\mcu_api.c"
 137  0000  0700     R  	mov a,_my_strcpy_2[0]
 137  0001  0500     R  	or a,_my_strcpy_2[1]
 137  0002  3D0A        	sz z
 137  0003  2800     R  	jmp _L35
 137  0004              #line 137 "D:\zpw\귄\2362A\project\mcu_api.c"
 137  0004  0700     R  	mov a,_my_strcpy_2[2]
 137  0005  0500     R  	or a,_my_strcpy_2[3]
 137  0006  3D0A        	sz z
 137  0007  2800     R  	jmp _L35
 137  0008  0700     R  	mov a,_my_strcpy_2[0]
 137  0009  0080     E  	mov rb,a
 137  000A  0700     R  	mov a,_my_strcpy_2[1]
 137  000B  0080     E  	mov rc,a
 137  000C              _L32:
 142  000C              #line 142 "D:\zpw\귄\2362A\project\mcu_api.c"
 142  000C  0700     R  	mov a,_my_strcpy_2[2]
 142  000D  0083        	mov mp,a
 142  000E  0700     R  	mov a,_my_strcpy_2[3]
 142  000F  0084        	mov sbp,a
 142  0010              	fcall _Crom2Prom
 142  0017  0080     E  	mov ra,a
 142  0018  1E00     E  	snz ra
 142  0019  2800     R  	jmp _L36
 143  001A              #line 143 "D:\zpw\귄\2362A\project\mcu_api.c"
 143  001A  1480     R  	inc _my_strcpy_2[2]
 143  001B  3D0A        	sz z
 143  001C  1480     R  	inc _my_strcpy_2[3]
 143  001D  0700     E  	mov a,rb
 143  001E  0083        	mov mp,a
 143  001F  0700     E  	mov a,rc
 143  0020  0084        	mov sbp,a
 143  0021  0700     E  	mov a,ra
 143  0022  0082        	mov ir,a
 143  0023  1480     E  	inc rb
 143  0024  3D0A        	sz z
 143  0025  1480     E  	inc rc
 143  0026  2800     R  	jmp _L32
 143  0027              _L36:
 145  0027              #line 145 "D:\zpw\귄\2362A\project\mcu_api.c"
 145  0027  0700     E  	mov a,rb
 145  0028  0083        	mov mp,a
 145  0029  0700     E  	mov a,rc
匡숭：mcu_api.c    긍陋포경굶 HGASM 0202 女늴9

 145  002A  0084        	mov sbp,a
 145  002B  0F00        	mov a,0
 145  002C  0082        	mov ir,a
 146  002D              #line 146 "D:\zpw\귄\2362A\project\mcu_api.c"
 146  002D  0700     R  	mov a,_my_strcpy_2[0]
 146  002E  0080     E  	mov ra,a
 146  002F  0700     R  	mov a,_my_strcpy_2[1]
 146  0030  0080     E  	mov rb,a
 146  0031  2800     R  	jmp _L31
 146  0032              _L35:
 138  0032              #line 138 "D:\zpw\귄\2362A\project\mcu_api.c"
 138  0032  1F00     E  	clr ra
 138  0033  1F00     E  	clr rb
 138  0034              _L31:
 138  0034  0003        	ret
 138  0035              _my_strcpy endp
 138  0035              #line 138 "D:\zpw\귄\2362A\project\mcu_api.c"
 138  0035              #pragma debug scope 1 1
 138  0035              public _my_strcmp
 138  0035              #pragma debug scope 7 1
 159  0035              #line 159 "D:\zpw\귄\2362A\project\mcu_api.c"
 159  0000              _my_strcmp .section 'code'
 159  0000              _my_strcmp proc
 159  0000              public _my_strcmp_2
 159  0000  0004[           local _my_strcmp_2 db 4 dup(?)	; 4,0
            00
            ]
 159  0004              #pragma debug pointer 48 7 7
 159  0004              #pragma debug pointer 48 7 7
 159  0004              #pragma debug variable 48 7 _my_strcmp_2+0 "s1"
 159  0004              #pragma debug variable 48 7 _my_strcmp_2+2 "s2"
 159  0000              _L38:
 160  0000              #line 160 "D:\zpw\귄\2362A\project\mcu_api.c"
 160  0000  0700     R  	mov a,_my_strcmp_2[0]
 160  0001  0083        	mov mp,a
 160  0002  0700     R  	mov a,_my_strcmp_2[1]
 160  0003  0084        	mov sbp,a
 160  0004              	fcall _Crom2Prom
 160  000B  0080     E  	mov ra,a
 160  000C  0700     R  	mov a,_my_strcmp_2[2]
 160  000D  0080     E  	mov rb,a
 160  000E  0700     R  	mov a,_my_strcmp_2[3]
 160  000F  0080     E  	mov rc,a
 160  0010  1E00     E  	snz ra
 160  0011  2800     R  	jmp _L39
 160  0012  0700     E  	mov a,rb
 160  0013  0083        	mov mp,a
 160  0014  0700     E  	mov a,rc
 160  0015  0084        	mov sbp,a
 160  0016              	fcall _Crom2Prom
 160  001D  0080     E  	mov rd,a
 160  001E  1E00     E  	snz rd
 160  001F  2800     R  	jmp _L39
 160  0020  0700     E  	mov a,ra
 160  0021  0200     E  	sub a,rd
 160  0022  390A        	snz z
 160  0023  2800     R  	jmp _L39
 161  0024              #line 161 "D:\zpw\귄\2362A\project\mcu_api.c"
 161  0024  1480     R  	inc _my_strcmp_2[0]
 161  0025  3D0A        	sz z
匡숭：mcu_api.c    긍陋포경굶 HGASM 0202 女늴10

 161  0026  1480     R  	inc _my_strcmp_2[1]
 162  0027              #line 162 "D:\zpw\귄\2362A\project\mcu_api.c"
 162  0027  1480     R  	inc _my_strcmp_2[2]
 162  0028  3D0A        	sz z
 162  0029  1480     R  	inc _my_strcmp_2[3]
 162  002A  2800     R  	jmp _L38
 162  002B              _L39:
 164  002B              #line 164 "D:\zpw\귄\2362A\project\mcu_api.c"
 164  002B  0700     E  	mov a,rb
 164  002C  0083        	mov mp,a
 164  002D  0700     E  	mov a,rc
 164  002E  0084        	mov sbp,a
 164  002F              	fcall _Crom2Prom
 164  0036  0080     E  	mov rb,a
 164  0037  1F00     E  	clr rc
 164  0038  3C00     E  	sz rb.7
 164  0039  1F80     E  	set rc
 165  003A              #line 165 "D:\zpw\귄\2362A\project\mcu_api.c"
 165  003A  0700     E  	mov a,ra
 165  003B  0200     E  	sub a,rb
 165  003C  0080     E  	mov rd,a
 165  003D  1F05        	clr acc
 165  003E  3C00     E  	sz ra.7
 165  003F  1F85        	set acc
 165  0040  1200     E  	sbc a,rc
 165  0041  0080     E  	mov re,a
 165  0042  0700     E  	mov a,rd
 165  0043  0080     E  	mov ra,a
 165  0044  0700     E  	mov a,re
 165  0045  0080     E  	mov rb,a
 165  0046  0003        	ret
 165  0047              _my_strcmp endp
 165  0047              #line 165 "D:\zpw\귄\2362A\project\mcu_api.c"
 165  0047              #pragma debug scope 1 1
 165  0047              public _int_to_byte
 165  0047              #pragma debug scope 8 1
 174  0047              #line 174 "D:\zpw\귄\2362A\project\mcu_api.c"
 174  0000              _int_to_byte .section 'code'
 174  0000              _int_to_byte proc
 174  0000              public _int_to_byte_2
 174  0000  0006[           local _int_to_byte_2 db 6 dup(?)	; 6,0
            00
            ]
 174  0006              #pragma debug variable 14 8 _int_to_byte_2+0 "number"
 174  0006              #pragma debug pointer 49 8 8
 174  0006              #pragma debug pointer 49 8 8
 174  0006              #pragma debug variable 49 8 _int_to_byte_2+4 "value"
 175  0006              #line 175 "D:\zpw\귄\2362A\project\mcu_api.c"
 175  0000  0700     R  	mov a,_int_to_byte_2[4]
 175  0001  0083        	mov mp,a
 175  0002  0700     R  	mov a,_int_to_byte_2[5]
 175  0003  0084        	mov sbp,a
 175  0004  0700     R  	mov a,_int_to_byte_2[3]
 175  0005  0082        	mov ir,a
 176  0006              #line 176 "D:\zpw\귄\2362A\project\mcu_api.c"
 176  0006  0F01        	mov a,1
 176  0007  0300     R  	add a,_int_to_byte_2[4]
 176  0008  0083        	mov mp,a
 176  0009  0F00        	mov a,0
 176  000A  1300     R  	adc a,_int_to_byte_2[5]
匡숭：mcu_api.c    긍陋포경굶 HGASM 0202 女늴11

 176  000B  0084        	mov sbp,a
 176  000C  0700     R  	mov a,_int_to_byte_2[2]
 176  000D  0082        	mov ir,a
 177  000E              #line 177 "D:\zpw\귄\2362A\project\mcu_api.c"
 177  000E  0F02        	mov a,2
 177  000F  0300     R  	add a,_int_to_byte_2[4]
 177  0010  0083        	mov mp,a
 177  0011  0F00        	mov a,0
 177  0012  1300     R  	adc a,_int_to_byte_2[5]
 177  0013  0084        	mov sbp,a
 177  0014  0700     R  	mov a,_int_to_byte_2[1]
 177  0015  0082        	mov ir,a
 178  0016              #line 178 "D:\zpw\귄\2362A\project\mcu_api.c"
 178  0016  0F03        	mov a,3
 178  0017  0300     R  	add a,_int_to_byte_2[4]
 178  0018  0083        	mov mp,a
 178  0019  0F00        	mov a,0
 178  001A  1300     R  	adc a,_int_to_byte_2[5]
 178  001B  0084        	mov sbp,a
 178  001C  0700     R  	mov a,_int_to_byte_2[0]
 178  001D  0082        	mov ir,a
 178  001E  0003        	ret
 178  001F              _int_to_byte endp
 178  001F              #line 178 "D:\zpw\귄\2362A\project\mcu_api.c"
 178  001F              #pragma debug scope 1 1
 178  001F              public _byte_to_int
 178  001F              #pragma debug scope 9 1
 187  001F              #line 187 "D:\zpw\귄\2362A\project\mcu_api.c"
 187  0000              _byte_to_int .section 'code'
 187  0000              _byte_to_int proc
 187  0000              public _byte_to_int_2
 187  0000  000A[           local _byte_to_int_2 db 10 dup(?)	; 2,8
            00
            ]
 187  000A              #pragma debug pointer 50 8 9
 187  000A              #pragma debug pointer 50 8 9
 187  000A              #pragma debug variable 50 9 _byte_to_int_2+0 "value"
 190  000A              #line 190 "D:\zpw\귄\2362A\project\mcu_api.c"
 190  0000  0700     R  	mov a,_byte_to_int_2[0]
 190  0001  0080     E  	mov rb,a
 190  0002  0700     R  	mov a,_byte_to_int_2[1]
 190  0003  0080     E  	mov rc,a
 190  0004  0700     E  	mov a,rb
 190  0005  0083        	mov mp,a
 190  0006  0700     E  	mov a,rc
 190  0007  0084        	mov sbp,a
 190  0008              	fcall _Crom2Prom
 190  000F  0080     E  	mov rd,a
 190  0010  1F00     E  	clr re
 190  0011  1F00     E  	clr rf
 190  0012  1F00     E  	clr rg
 191  0013              #line 191 "D:\zpw\귄\2362A\project\mcu_api.c"
 191  0013  0700     E  	mov a,rf
 191  0014  0080     E  	mov rg,a
 191  0015  0700     E  	mov a,re
 191  0016  0080     E  	mov rf,a
 191  0017  0700     E  	mov a,rd
 191  0018  0080     E  	mov re,a
 191  0019  1F00     E  	clr rd
 192  001A              #line 192 "D:\zpw\귄\2362A\project\mcu_api.c"
匡숭：mcu_api.c    긍陋포경굶 HGASM 0202 女늴12

 192  001A  0F01        	mov a,1
 192  001B  0300     E  	add a,rb
 192  001C  0083        	mov mp,a
 192  001D  0F00        	mov a,0
 192  001E  1300     E  	adc a,rc
 192  001F  0084        	mov sbp,a
 192  0020              	fcall _Crom2Prom
 192  0027  0080     E  	mov ra,a
 192  0028  0700     E  	mov a,ra
 192  0029  0080     R  	mov _byte_to_int_2[2],a
 192  002A  1F00     R  	clr _byte_to_int_2[3]
 192  002B  1F00     R  	clr _byte_to_int_2[4]
 192  002C  1F00     R  	clr _byte_to_int_2[5]
 192  002D  0700     R  	mov a,_byte_to_int_2[5]
 192  002E  0580     E  	orm a,rg
 192  002F  0700     R  	mov a,_byte_to_int_2[4]
 192  0030  0580     E  	orm a,rf
 192  0031  0700     R  	mov a,_byte_to_int_2[3]
 192  0032  0580     E  	orm a,re
 192  0033  0700     R  	mov a,_byte_to_int_2[2]
 192  0034  0580     E  	orm a,rd
 193  0035              #line 193 "D:\zpw\귄\2362A\project\mcu_api.c"
 193  0035  0700     E  	mov a,rf
 193  0036  0080     E  	mov rg,a
 193  0037  0700     E  	mov a,re
 193  0038  0080     E  	mov rf,a
 193  0039  0700     E  	mov a,rd
 193  003A  0080     E  	mov re,a
 193  003B  1F00     E  	clr rd
 194  003C              #line 194 "D:\zpw\귄\2362A\project\mcu_api.c"
 194  003C  0F02        	mov a,2
 194  003D  0300     E  	add a,rb
 194  003E  0083        	mov mp,a
 194  003F  0F00        	mov a,0
 194  0040  1300     E  	adc a,rc
 194  0041  0084        	mov sbp,a
 194  0042              	fcall _Crom2Prom
 194  0049  0080     E  	mov ra,a
 194  004A  0700     E  	mov a,ra
 194  004B  0080     R  	mov _byte_to_int_2[2],a
 194  004C  1F00     R  	clr _byte_to_int_2[3]
 194  004D  1F00     R  	clr _byte_to_int_2[4]
 194  004E  1F00     R  	clr _byte_to_int_2[5]
 194  004F  0700     E  	mov a,rg
 194  0050  0500     R  	or a,_byte_to_int_2[5]
 194  0051  0080     R  	mov _byte_to_int_2[9],a
 194  0052  0700     E  	mov a,rf
 194  0053  0500     R  	or a,_byte_to_int_2[4]
 194  0054  0080     R  	mov _byte_to_int_2[8],a
 194  0055  0700     E  	mov a,re
 194  0056  0500     R  	or a,_byte_to_int_2[3]
 194  0057  0080     R  	mov _byte_to_int_2[7],a
 194  0058  0700     E  	mov a,rd
 194  0059  0500     R  	or a,_byte_to_int_2[2]
 194  005A  0080     R  	mov _byte_to_int_2[6],a
 195  005B              #line 195 "D:\zpw\귄\2362A\project\mcu_api.c"
 195  005B  0700     R  	mov a,_byte_to_int_2[8]
 195  005C  0080     R  	mov _byte_to_int_2[9],a
 195  005D  0700     R  	mov a,_byte_to_int_2[7]
 195  005E  0080     R  	mov _byte_to_int_2[8],a
匡숭：mcu_api.c    긍陋포경굶 HGASM 0202 女늴13

 195  005F  0700     R  	mov a,_byte_to_int_2[6]
 195  0060  0080     R  	mov _byte_to_int_2[7],a
 195  0061  1F00     R  	clr _byte_to_int_2[6]
 196  0062              #line 196 "D:\zpw\귄\2362A\project\mcu_api.c"
 196  0062  0F03        	mov a,3
 196  0063  0300     E  	add a,rb
 196  0064  0083        	mov mp,a
 196  0065  0F00        	mov a,0
 196  0066  1300     E  	adc a,rc
 196  0067  0084        	mov sbp,a
 196  0068              	fcall _Crom2Prom
 196  006F  0080     E  	mov ra,a
 196  0070  1F00     E  	clr rb
 196  0071  1F00     E  	clr rc
 196  0072  1F00     E  	clr rd
 199  0073              #line 199 "D:\zpw\귄\2362A\project\mcu_api.c"
 199  0073  0700     R  	mov a,_byte_to_int_2[9]
 199  0074  0580     E  	orm a,rd
 199  0075  0700     R  	mov a,_byte_to_int_2[8]
 199  0076  0580     E  	orm a,rc
 199  0077  0700     R  	mov a,_byte_to_int_2[7]
 199  0078  0580     E  	orm a,rb
 199  0079  0700     R  	mov a,_byte_to_int_2[6]
 199  007A  0580     E  	orm a,ra
 199  007B  0003        	ret
 199  007C              _byte_to_int endp
 199  007C              #line 199 "D:\zpw\귄\2362A\project\mcu_api.c"
 199  007C              #pragma debug scope 1 1
 199  007C              public _mcu_dp_raw_update
 199  007C              #pragma debug scope 10 1
 210  007C              #line 210 "D:\zpw\귄\2362A\project\mcu_api.c"
 210  0000              _mcu_dp_raw_update .section 'code'
 210  0000              _mcu_dp_raw_update proc
 210  0000              public _mcu_dp_raw_update_2
 210  0000  0005[           local _mcu_dp_raw_update_2 db 5 dup(?)	; 4,1
            00
            ]
 210  0000  0080     R  	mov _mcu_dp_raw_update_2[4],a
 210  0001              #pragma debug variable 8 10 _mcu_dp_raw_update_2+4 "dpid"
 210  0001              #pragma debug pointer 51 8 10
 210  0001              #pragma debug pointer 51 8 10
 210  0001              #pragma debug variable 51 10 _mcu_dp_raw_update_2+0 "value"
 210  0001              #pragma debug variable 10 10 _mcu_dp_raw_update_2+2 "len"
 213  0001              #line 213 "D:\zpw\귄\2362A\project\mcu_api.c"
 213  0001  1700     E  	sdza _stop_update_flag[0]
 213  0002  2800     R  	jmp _LI1
 213  0003  2800     R  	jmp _L50
 213  0004              _LI1:
 216  0004              #line 216 "D:\zpw\귄\2362A\project\mcu_api.c"
 216  0004  0700     R  	mov a,_mcu_dp_raw_update_2[4]
 216  0005  0080     E  	mov _set_wifi_uart_byte_2[2],a
 216  0006  1F00     E  	clr _set_wifi_uart_byte_2[0]
 216  0007  1F00     E  	clr _set_wifi_uart_byte_2[1]
 216  0008              	fcall _set_wifi_uart_byte
 217  000F              #line 217 "D:\zpw\귄\2362A\project\mcu_api.c"
 217  000F  1F00     E  	clr _set_wifi_uart_byte_2[2]
 217  0010  0700     E  	mov a,ra
 217  0011  0080     E  	mov _set_wifi_uart_byte_2[0],a
 217  0012  0700     E  	mov a,rb
 217  0013  0080     E  	mov _set_wifi_uart_byte_2[1],a
匡숭：mcu_api.c    긍陋포경굶 HGASM 0202 女늴14

 217  0014              	fcall _set_wifi_uart_byte
 219  001B              #line 219 "D:\zpw\귄\2362A\project\mcu_api.c"
 219  001B  0700     R  	mov a,_mcu_dp_raw_update_2[3]
 219  001C  0080     E  	mov _set_wifi_uart_byte_2[2],a
 219  001D  0700     E  	mov a,ra
 219  001E  0080     E  	mov _set_wifi_uart_byte_2[0],a
 219  001F  0700     E  	mov a,rb
 219  0020  0080     E  	mov _set_wifi_uart_byte_2[1],a
 219  0021              	fcall _set_wifi_uart_byte
 220  0028              #line 220 "D:\zpw\귄\2362A\project\mcu_api.c"
 220  0028  0700     R  	mov a,_mcu_dp_raw_update_2[2]
 220  0029  0080     E  	mov _set_wifi_uart_byte_2[2],a
 220  002A  0700     E  	mov a,ra
 220  002B  0080     E  	mov _set_wifi_uart_byte_2[0],a
 220  002C  0700     E  	mov a,rb
 220  002D  0080     E  	mov _set_wifi_uart_byte_2[1],a
 220  002E              	fcall _set_wifi_uart_byte
 222  0035              #line 222 "D:\zpw\귄\2362A\project\mcu_api.c"
 222  0035  0700     R  	mov a,_mcu_dp_raw_update_2[2]
 222  0036  0080     E  	mov _set_wifi_uart_buffer_2[4],a
 222  0037  0700     R  	mov a,_mcu_dp_raw_update_2[3]
 222  0038  0080     E  	mov _set_wifi_uart_buffer_2[5],a
 222  0039  0700     R  	mov a,_mcu_dp_raw_update_2[0]
 222  003A  0080     E  	mov _set_wifi_uart_buffer_2[2],a
 222  003B  0700     R  	mov a,_mcu_dp_raw_update_2[1]
 222  003C  0080     E  	mov _set_wifi_uart_buffer_2[3],a
 222  003D  0700     E  	mov a,ra
 222  003E  0080     E  	mov _set_wifi_uart_buffer_2[0],a
 222  003F  0700     E  	mov a,rb
 222  0040  0080     E  	mov _set_wifi_uart_buffer_2[1],a
 222  0041              	fcall _set_wifi_uart_buffer
 224  0048              #line 224 "D:\zpw\귄\2362A\project\mcu_api.c"
 224  0048  0700     E  	mov a,ra
 224  0049  0080     E  	mov _wifi_uart_write_frame_2[1],a
 224  004A  0700     E  	mov a,rb
 224  004B  0080     E  	mov _wifi_uart_write_frame_2[2],a
 224  004C  0F03        	mov a,3
 224  004D  0080     E  	mov _wifi_uart_write_frame_2[0],a
 224  004E  0F07        	mov a,7
 224  004F              	fcall _wifi_uart_write_frame
 224  0056              _L50:
 227  0056              #line 227 "D:\zpw\귄\2362A\project\mcu_api.c"
 227  0056  0F01        	mov a,1
 227  0057  0003        	ret
 227  0058              _mcu_dp_raw_update endp
 227  0058              #line 227 "D:\zpw\귄\2362A\project\mcu_api.c"
 227  0058              #pragma debug scope 1 1
 227  0058              public _mcu_dp_bool_update
 227  0058              #pragma debug scope 11 1
 237  0058              #line 237 "D:\zpw\귄\2362A\project\mcu_api.c"
 237  0000              _mcu_dp_bool_update .section 'code'
 237  0000              _mcu_dp_bool_update proc
 237  0000              public _mcu_dp_bool_update_2
 237  0000  0002[           local _mcu_dp_bool_update_2 db 2 dup(?)	; 1,1
            00
            ]
 237  0000  0080     R  	mov _mcu_dp_bool_update_2[1],a
 237  0001              #pragma debug variable 8 11 _mcu_dp_bool_update_2+1 "dpid"
 237  0001              #pragma debug variable 8 11 _mcu_dp_bool_update_2+0 "value"
 240  0001              #line 240 "D:\zpw\귄\2362A\project\mcu_api.c"
匡숭：mcu_api.c    긍陋포경굶 HGASM 0202 女늴15

 240  0001  1700     E  	sdza _stop_update_flag[0]
 240  0002  2800     R  	jmp _LI2
 240  0003  2800     R  	jmp _L55
 240  0004              _LI2:
 243  0004              #line 243 "D:\zpw\귄\2362A\project\mcu_api.c"
 243  0004  0700     R  	mov a,_mcu_dp_bool_update_2[1]
 243  0005  0080     E  	mov _set_wifi_uart_byte_2[2],a
 243  0006  1F00     E  	clr _set_wifi_uart_byte_2[0]
 243  0007  1F00     E  	clr _set_wifi_uart_byte_2[1]
 243  0008              	fcall _set_wifi_uart_byte
 244  000F              #line 244 "D:\zpw\귄\2362A\project\mcu_api.c"
 244  000F  0F01        	mov a,1
 244  0010  0080     E  	mov _set_wifi_uart_byte_2[2],a
 244  0011  0700     E  	mov a,ra
 244  0012  0080     E  	mov _set_wifi_uart_byte_2[0],a
 244  0013  0700     E  	mov a,rb
 244  0014  0080     E  	mov _set_wifi_uart_byte_2[1],a
 244  0015              	fcall _set_wifi_uart_byte
 246  001C              #line 246 "D:\zpw\귄\2362A\project\mcu_api.c"
 246  001C  1F00     E  	clr _set_wifi_uart_byte_2[2]
 246  001D  0700     E  	mov a,ra
 246  001E  0080     E  	mov _set_wifi_uart_byte_2[0],a
 246  001F  0700     E  	mov a,rb
 246  0020  0080     E  	mov _set_wifi_uart_byte_2[1],a
 246  0021              	fcall _set_wifi_uart_byte
 247  0028              #line 247 "D:\zpw\귄\2362A\project\mcu_api.c"
 247  0028  0F01        	mov a,1
 247  0029  0080     E  	mov _set_wifi_uart_byte_2[2],a
 247  002A  0700     E  	mov a,ra
 247  002B  0080     E  	mov _set_wifi_uart_byte_2[0],a
 247  002C  0700     E  	mov a,rb
 247  002D  0080     E  	mov _set_wifi_uart_byte_2[1],a
 247  002E              	fcall _set_wifi_uart_byte
 249  0035              #line 249 "D:\zpw\귄\2362A\project\mcu_api.c"
 249  0035  1080     R  	sz _mcu_dp_bool_update_2[0]
 249  0036  2800     R  	jmp _L56
 250  0037              #line 250 "D:\zpw\귄\2362A\project\mcu_api.c"
 250  0037  1F00     E  	clr _set_wifi_uart_byte_2[2]
 250  0038  2800     R  	jmp _L61
 250  0039              _L56:
 252  0039              #line 252 "D:\zpw\귄\2362A\project\mcu_api.c"
 252  0039  0F01        	mov a,1
 252  003A  0080     E  	mov _set_wifi_uart_byte_2[2],a
 252  003B              _L61:
 252  003B  0700     E  	mov a,ra
 252  003C  0080     E  	mov _set_wifi_uart_byte_2[0],a
 252  003D  0700     E  	mov a,rb
 252  003E  0080     E  	mov _set_wifi_uart_byte_2[1],a
 252  003F              	fcall _set_wifi_uart_byte
 255  0046              #line 255 "D:\zpw\귄\2362A\project\mcu_api.c"
 255  0046  0700     E  	mov a,ra
 255  0047  0080     E  	mov _wifi_uart_write_frame_2[1],a
 255  0048  0700     E  	mov a,rb
 255  0049  0080     E  	mov _wifi_uart_write_frame_2[2],a
 255  004A  0F03        	mov a,3
 255  004B  0080     E  	mov _wifi_uart_write_frame_2[0],a
 255  004C  0F07        	mov a,7
 255  004D              	fcall _wifi_uart_write_frame
 255  0054              _L55:
 258  0054              #line 258 "D:\zpw\귄\2362A\project\mcu_api.c"
匡숭：mcu_api.c    긍陋포경굶 HGASM 0202 女늴16

 258  0054  0F01        	mov a,1
 258  0055  0003        	ret
 258  0056              _mcu_dp_bool_update endp
 258  0056              #line 258 "D:\zpw\귄\2362A\project\mcu_api.c"
 258  0056              #pragma debug scope 1 1
 258  0056              public _mcu_dp_value_update
 258  0056              #pragma debug scope 12 1
 268  0056              #line 268 "D:\zpw\귄\2362A\project\mcu_api.c"
 268  0000              _mcu_dp_value_update .section 'code'
 268  0000              _mcu_dp_value_update proc
 268  0000              public _mcu_dp_value_update_2
 268  0000  0005[           local _mcu_dp_value_update_2 db 5 dup(?)	; 4,1
            00
            ]
 268  0000  0080     R  	mov _mcu_dp_value_update_2[4],a
 268  0001              #pragma debug variable 8 12 _mcu_dp_value_update_2+4 "dpid"
 268  0001              #pragma debug variable 14 12 _mcu_dp_value_update_2+0 "value"
 271  0001              #line 271 "D:\zpw\귄\2362A\project\mcu_api.c"
 271  0001  1700     E  	sdza _stop_update_flag[0]
 271  0002  2800     R  	jmp _LI3
 271  0003  2800     R  	jmp _L63
 271  0004              _LI3:
 274  0004              #line 274 "D:\zpw\귄\2362A\project\mcu_api.c"
 274  0004  0700     R  	mov a,_mcu_dp_value_update_2[4]
 274  0005  0080     E  	mov _set_wifi_uart_byte_2[2],a
 274  0006  1F00     E  	clr _set_wifi_uart_byte_2[0]
 274  0007  1F00     E  	clr _set_wifi_uart_byte_2[1]
 274  0008              	fcall _set_wifi_uart_byte
 275  000F              #line 275 "D:\zpw\귄\2362A\project\mcu_api.c"
 275  000F  0F02        	mov a,2
 275  0010  0080     E  	mov _set_wifi_uart_byte_2[2],a
 275  0011  0700     E  	mov a,ra
 275  0012  0080     E  	mov _set_wifi_uart_byte_2[0],a
 275  0013  0700     E  	mov a,rb
 275  0014  0080     E  	mov _set_wifi_uart_byte_2[1],a
 275  0015              	fcall _set_wifi_uart_byte
 277  001C              #line 277 "D:\zpw\귄\2362A\project\mcu_api.c"
 277  001C  1F00     E  	clr _set_wifi_uart_byte_2[2]
 277  001D  0700     E  	mov a,ra
 277  001E  0080     E  	mov _set_wifi_uart_byte_2[0],a
 277  001F  0700     E  	mov a,rb
 277  0020  0080     E  	mov _set_wifi_uart_byte_2[1],a
 277  0021              	fcall _set_wifi_uart_byte
 278  0028              #line 278 "D:\zpw\귄\2362A\project\mcu_api.c"
 278  0028  0F04        	mov a,4
 278  0029  0080     E  	mov _set_wifi_uart_byte_2[2],a
 278  002A  0700     E  	mov a,ra
 278  002B  0080     E  	mov _set_wifi_uart_byte_2[0],a
 278  002C  0700     E  	mov a,rb
 278  002D  0080     E  	mov _set_wifi_uart_byte_2[1],a
 278  002E              	fcall _set_wifi_uart_byte
 280  0035              #line 280 "D:\zpw\귄\2362A\project\mcu_api.c"
 280  0035  0700     R  	mov a,_mcu_dp_value_update_2[3]
 280  0036  0080     E  	mov _set_wifi_uart_byte_2[2],a
 280  0037  0700     E  	mov a,ra
 280  0038  0080     E  	mov _set_wifi_uart_byte_2[0],a
 280  0039  0700     E  	mov a,rb
 280  003A  0080     E  	mov _set_wifi_uart_byte_2[1],a
 280  003B              	fcall _set_wifi_uart_byte
 281  0042              #line 281 "D:\zpw\귄\2362A\project\mcu_api.c"
匡숭：mcu_api.c    긍陋포경굶 HGASM 0202 女늴17

 281  0042  0700     R  	mov a,_mcu_dp_value_update_2[2]
 281  0043  0080     E  	mov _set_wifi_uart_byte_2[2],a
 281  0044  0700     E  	mov a,ra
 281  0045  0080     E  	mov _set_wifi_uart_byte_2[0],a
 281  0046  0700     E  	mov a,rb
 281  0047  0080     E  	mov _set_wifi_uart_byte_2[1],a
 281  0048              	fcall _set_wifi_uart_byte
 282  004F              #line 282 "D:\zpw\귄\2362A\project\mcu_api.c"
 282  004F  0700     R  	mov a,_mcu_dp_value_update_2[1]
 282  0050  0080     E  	mov _set_wifi_uart_byte_2[2],a
 282  0051  0700     E  	mov a,ra
 282  0052  0080     E  	mov _set_wifi_uart_byte_2[0],a
 282  0053  0700     E  	mov a,rb
 282  0054  0080     E  	mov _set_wifi_uart_byte_2[1],a
 282  0055              	fcall _set_wifi_uart_byte
 283  005C              #line 283 "D:\zpw\귄\2362A\project\mcu_api.c"
 283  005C  0700     R  	mov a,_mcu_dp_value_update_2[0]
 283  005D  0080     E  	mov _set_wifi_uart_byte_2[2],a
 283  005E  0700     E  	mov a,ra
 283  005F  0080     E  	mov _set_wifi_uart_byte_2[0],a
 283  0060  0700     E  	mov a,rb
 283  0061  0080     E  	mov _set_wifi_uart_byte_2[1],a
 283  0062              	fcall _set_wifi_uart_byte
 285  0069              #line 285 "D:\zpw\귄\2362A\project\mcu_api.c"
 285  0069  0700     E  	mov a,ra
 285  006A  0080     E  	mov _wifi_uart_write_frame_2[1],a
 285  006B  0700     E  	mov a,rb
 285  006C  0080     E  	mov _wifi_uart_write_frame_2[2],a
 285  006D  0F03        	mov a,3
 285  006E  0080     E  	mov _wifi_uart_write_frame_2[0],a
 285  006F  0F07        	mov a,7
 285  0070              	fcall _wifi_uart_write_frame
 285  0077              _L63:
 288  0077              #line 288 "D:\zpw\귄\2362A\project\mcu_api.c"
 288  0077  0F01        	mov a,1
 288  0078  0003        	ret
 288  0079              _mcu_dp_value_update endp
 288  0079              #line 288 "D:\zpw\귄\2362A\project\mcu_api.c"
 288  0079              #pragma debug scope 1 1
 288  0079              public _mcu_dp_string_update
 288  0079              #pragma debug scope 13 1
 299  0079              #line 299 "D:\zpw\귄\2362A\project\mcu_api.c"
 299  0000              _mcu_dp_string_update .section 'code'
 299  0000              _mcu_dp_string_update proc
 299  0000              public _mcu_dp_string_update_2
 299  0000  0005[           local _mcu_dp_string_update_2 db 5 dup(?)	; 4,1
            00
            ]
 299  0000  0080     R  	mov _mcu_dp_string_update_2[4],a
 299  0001              #pragma debug variable 8 13 _mcu_dp_string_update_2+4 "dpid"
 299  0001              #pragma debug pointer 52 8 13
 299  0001              #pragma debug pointer 52 8 13
 299  0001              #pragma debug variable 52 13 _mcu_dp_string_update_2+0 "value"
 299  0001              #pragma debug variable 10 13 _mcu_dp_string_update_2+2 "len"
 302  0001              #line 302 "D:\zpw\귄\2362A\project\mcu_api.c"
 302  0001  1700     E  	sdza _stop_update_flag[0]
 302  0002  2800     R  	jmp _LI4
 302  0003  2800     R  	jmp _L68
 302  0004              _LI4:
 305  0004              #line 305 "D:\zpw\귄\2362A\project\mcu_api.c"
匡숭：mcu_api.c    긍陋포경굶 HGASM 0202 女늴18

 305  0004  0700     R  	mov a,_mcu_dp_string_update_2[4]
 305  0005  0080     E  	mov _set_wifi_uart_byte_2[2],a
 305  0006  1F00     E  	clr _set_wifi_uart_byte_2[0]
 305  0007  1F00     E  	clr _set_wifi_uart_byte_2[1]
 305  0008              	fcall _set_wifi_uart_byte
 306  000F              #line 306 "D:\zpw\귄\2362A\project\mcu_api.c"
 306  000F  0F03        	mov a,3
 306  0010  0080     E  	mov _set_wifi_uart_byte_2[2],a
 306  0011  0700     E  	mov a,ra
 306  0012  0080     E  	mov _set_wifi_uart_byte_2[0],a
 306  0013  0700     E  	mov a,rb
 306  0014  0080     E  	mov _set_wifi_uart_byte_2[1],a
 306  0015              	fcall _set_wifi_uart_byte
 308  001C              #line 308 "D:\zpw\귄\2362A\project\mcu_api.c"
 308  001C  0700     R  	mov a,_mcu_dp_string_update_2[3]
 308  001D  0080     E  	mov _set_wifi_uart_byte_2[2],a
 308  001E  0700     E  	mov a,ra
 308  001F  0080     E  	mov _set_wifi_uart_byte_2[0],a
 308  0020  0700     E  	mov a,rb
 308  0021  0080     E  	mov _set_wifi_uart_byte_2[1],a
 308  0022              	fcall _set_wifi_uart_byte
 309  0029              #line 309 "D:\zpw\귄\2362A\project\mcu_api.c"
 309  0029  0700     R  	mov a,_mcu_dp_string_update_2[2]
 309  002A  0080     E  	mov _set_wifi_uart_byte_2[2],a
 309  002B  0700     E  	mov a,ra
 309  002C  0080     E  	mov _set_wifi_uart_byte_2[0],a
 309  002D  0700     E  	mov a,rb
 309  002E  0080     E  	mov _set_wifi_uart_byte_2[1],a
 309  002F              	fcall _set_wifi_uart_byte
 311  0036              #line 311 "D:\zpw\귄\2362A\project\mcu_api.c"
 311  0036  0700     R  	mov a,_mcu_dp_string_update_2[2]
 311  0037  0080     E  	mov _set_wifi_uart_buffer_2[4],a
 311  0038  0700     R  	mov a,_mcu_dp_string_update_2[3]
 311  0039  0080     E  	mov _set_wifi_uart_buffer_2[5],a
 311  003A  0700     R  	mov a,_mcu_dp_string_update_2[0]
 311  003B  0080     E  	mov _set_wifi_uart_buffer_2[2],a
 311  003C  0700     R  	mov a,_mcu_dp_string_update_2[1]
 311  003D  0080     E  	mov _set_wifi_uart_buffer_2[3],a
 311  003E  0700     E  	mov a,ra
 311  003F  0080     E  	mov _set_wifi_uart_buffer_2[0],a
 311  0040  0700     E  	mov a,rb
 311  0041  0080     E  	mov _set_wifi_uart_buffer_2[1],a
 311  0042              	fcall _set_wifi_uart_buffer
 313  0049              #line 313 "D:\zpw\귄\2362A\project\mcu_api.c"
 313  0049  0700     E  	mov a,ra
 313  004A  0080     E  	mov _wifi_uart_write_frame_2[1],a
 313  004B  0700     E  	mov a,rb
 313  004C  0080     E  	mov _wifi_uart_write_frame_2[2],a
 313  004D  0F03        	mov a,3
 313  004E  0080     E  	mov _wifi_uart_write_frame_2[0],a
 313  004F  0F07        	mov a,7
 313  0050              	fcall _wifi_uart_write_frame
 313  0057              _L68:
 316  0057              #line 316 "D:\zpw\귄\2362A\project\mcu_api.c"
 316  0057  0F01        	mov a,1
 316  0058  0003        	ret
 316  0059              _mcu_dp_string_update endp
 316  0059              #line 316 "D:\zpw\귄\2362A\project\mcu_api.c"
 316  0059              #pragma debug scope 1 1
 316  0059              public _mcu_dp_enum_update
匡숭：mcu_api.c    긍陋포경굶 HGASM 0202 女늴19

 316  0059              #pragma debug scope 14 1
 326  0059              #line 326 "D:\zpw\귄\2362A\project\mcu_api.c"
 326  0000              _mcu_dp_enum_update .section 'code'
 326  0000              _mcu_dp_enum_update proc
 326  0000              public _mcu_dp_enum_update_2
 326  0000  0002[           local _mcu_dp_enum_update_2 db 2 dup(?)	; 1,1
            00
            ]
 326  0000  0080     R  	mov _mcu_dp_enum_update_2[1],a
 326  0001              #pragma debug variable 8 14 _mcu_dp_enum_update_2+1 "dpid"
 326  0001              #pragma debug variable 8 14 _mcu_dp_enum_update_2+0 "value"
 329  0001              #line 329 "D:\zpw\귄\2362A\project\mcu_api.c"
 329  0001  1700     E  	sdza _stop_update_flag[0]
 329  0002  2800     R  	jmp _LI5
 329  0003  2800     R  	jmp _L73
 329  0004              _LI5:
 332  0004              #line 332 "D:\zpw\귄\2362A\project\mcu_api.c"
 332  0004  0700     R  	mov a,_mcu_dp_enum_update_2[1]
 332  0005  0080     E  	mov _set_wifi_uart_byte_2[2],a
 332  0006  1F00     E  	clr _set_wifi_uart_byte_2[0]
 332  0007  1F00     E  	clr _set_wifi_uart_byte_2[1]
 332  0008              	fcall _set_wifi_uart_byte
 333  000F              #line 333 "D:\zpw\귄\2362A\project\mcu_api.c"
 333  000F  0F04        	mov a,4
 333  0010  0080     E  	mov _set_wifi_uart_byte_2[2],a
 333  0011  0700     E  	mov a,ra
 333  0012  0080     E  	mov _set_wifi_uart_byte_2[0],a
 333  0013  0700     E  	mov a,rb
 333  0014  0080     E  	mov _set_wifi_uart_byte_2[1],a
 333  0015              	fcall _set_wifi_uart_byte
 335  001C              #line 335 "D:\zpw\귄\2362A\project\mcu_api.c"
 335  001C  1F00     E  	clr _set_wifi_uart_byte_2[2]
 335  001D  0700     E  	mov a,ra
 335  001E  0080     E  	mov _set_wifi_uart_byte_2[0],a
 335  001F  0700     E  	mov a,rb
 335  0020  0080     E  	mov _set_wifi_uart_byte_2[1],a
 335  0021              	fcall _set_wifi_uart_byte
 336  0028              #line 336 "D:\zpw\귄\2362A\project\mcu_api.c"
 336  0028  0F01        	mov a,1
 336  0029  0080     E  	mov _set_wifi_uart_byte_2[2],a
 336  002A  0700     E  	mov a,ra
 336  002B  0080     E  	mov _set_wifi_uart_byte_2[0],a
 336  002C  0700     E  	mov a,rb
 336  002D  0080     E  	mov _set_wifi_uart_byte_2[1],a
 336  002E              	fcall _set_wifi_uart_byte
 338  0035              #line 338 "D:\zpw\귄\2362A\project\mcu_api.c"
 338  0035  0700     R  	mov a,_mcu_dp_enum_update_2[0]
 338  0036  0080     E  	mov _set_wifi_uart_byte_2[2],a
 338  0037  0700     E  	mov a,ra
 338  0038  0080     E  	mov _set_wifi_uart_byte_2[0],a
 338  0039  0700     E  	mov a,rb
 338  003A  0080     E  	mov _set_wifi_uart_byte_2[1],a
 338  003B              	fcall _set_wifi_uart_byte
 340  0042              #line 340 "D:\zpw\귄\2362A\project\mcu_api.c"
 340  0042  0700     E  	mov a,ra
 340  0043  0080     E  	mov _wifi_uart_write_frame_2[1],a
 340  0044  0700     E  	mov a,rb
 340  0045  0080     E  	mov _wifi_uart_write_frame_2[2],a
 340  0046  0F03        	mov a,3
 340  0047  0080     E  	mov _wifi_uart_write_frame_2[0],a
匡숭：mcu_api.c    긍陋포경굶 HGASM 0202 女늴20

 340  0048  0F07        	mov a,7
 340  0049              	fcall _wifi_uart_write_frame
 340  0050              _L73:
 343  0050              #line 343 "D:\zpw\귄\2362A\project\mcu_api.c"
 343  0050  0F01        	mov a,1
 343  0051  0003        	ret
 343  0052              _mcu_dp_enum_update endp
 343  0052              #line 343 "D:\zpw\귄\2362A\project\mcu_api.c"
 343  0052              #pragma debug scope 1 1
 343  0052              public _mcu_dp_fault_update
 343  0052              #pragma debug scope 15 1
 353  0052              #line 353 "D:\zpw\귄\2362A\project\mcu_api.c"
 353  0000              _mcu_dp_fault_update .section 'code'
 353  0000              _mcu_dp_fault_update proc
 353  0000              public _mcu_dp_fault_update_2
 353  0000  0005[           local _mcu_dp_fault_update_2 db 5 dup(?)	; 4,1
            00
            ]
 353  0000  0080     R  	mov _mcu_dp_fault_update_2[4],a
 353  0001              #pragma debug variable 8 15 _mcu_dp_fault_update_2+4 "dpid"
 353  0001              #pragma debug variable 14 15 _mcu_dp_fault_update_2+0 "value"
 356  0001              #line 356 "D:\zpw\귄\2362A\project\mcu_api.c"
 356  0001  1700     E  	sdza _stop_update_flag[0]
 356  0002  2800     R  	jmp _LI6
 356  0003  2800     R  	jmp _L78
 356  0004              _LI6:
 359  0004              #line 359 "D:\zpw\귄\2362A\project\mcu_api.c"
 359  0004  0700     R  	mov a,_mcu_dp_fault_update_2[4]
 359  0005  0080     E  	mov _set_wifi_uart_byte_2[2],a
 359  0006  1F00     E  	clr _set_wifi_uart_byte_2[0]
 359  0007  1F00     E  	clr _set_wifi_uart_byte_2[1]
 359  0008              	fcall _set_wifi_uart_byte
 360  000F              #line 360 "D:\zpw\귄\2362A\project\mcu_api.c"
 360  000F  0F05        	mov a,5
 360  0010  0080     E  	mov _set_wifi_uart_byte_2[2],a
 360  0011  0700     E  	mov a,ra
 360  0012  0080     E  	mov _set_wifi_uart_byte_2[0],a
 360  0013  0700     E  	mov a,rb
 360  0014  0080     E  	mov _set_wifi_uart_byte_2[1],a
 360  0015              	fcall _set_wifi_uart_byte
 362  001C              #line 362 "D:\zpw\귄\2362A\project\mcu_api.c"
 362  001C  1F00     E  	clr _set_wifi_uart_byte_2[2]
 362  001D  0700     E  	mov a,ra
 362  001E  0080     E  	mov _set_wifi_uart_byte_2[0],a
 362  001F  0700     E  	mov a,rb
 362  0020  0080     E  	mov _set_wifi_uart_byte_2[1],a
 362  0021              	fcall _set_wifi_uart_byte
 364  0028              #line 364 "D:\zpw\귄\2362A\project\mcu_api.c"
 364  0028  0700     R  	mov a,_mcu_dp_fault_update_2[3]
 364  0029  0D00        	or a,0
 364  002A  0080     E  	mov rg,a
 364  002B  0700     R  	mov a,_mcu_dp_fault_update_2[2]
 364  002C  0D00        	or a,0
 364  002D  0080     E  	mov rf,a
 364  002E  0700     R  	mov a,_mcu_dp_fault_update_2[1]
 364  002F  0D00        	or a,0
 364  0030  0080     E  	mov re,a
 364  0031  0700     R  	mov a,_mcu_dp_fault_update_2[0]
 364  0032  0DFF        	or a,255
 364  0033  0080     E  	mov rd,a
匡숭：mcu_api.c    긍陋포경굶 HGASM 0202 女늴21

 364  0034  0700     E  	mov a,rd
 364  0035  0CFF        	xor a,255
 364  0036  0500     E  	or a,rg
 364  0037  0500     E  	or a,rf
 364  0038  0500     E  	or a,re
 364  0039  390A        	snz z
 364  003A  2800     R  	jmp _L79
 365  003B              #line 365 "D:\zpw\귄\2362A\project\mcu_api.c"
 365  003B  0F01        	mov a,1
 365  003C  0080     E  	mov _set_wifi_uart_byte_2[2],a
 365  003D  2800     R  	jmp _L85
 365  003E              _L79:
 367  003E              #line 367 "D:\zpw\귄\2362A\project\mcu_api.c"
 367  003E  0700     R  	mov a,_mcu_dp_fault_update_2[3]
 367  003F  0D00        	or a,0
 367  0040  0080     E  	mov rg,a
 367  0041  0700     R  	mov a,_mcu_dp_fault_update_2[2]
 367  0042  0D00        	or a,0
 367  0043  0080     E  	mov rf,a
 367  0044  0700     R  	mov a,_mcu_dp_fault_update_2[1]
 367  0045  0DFF        	or a,255
 367  0046  0080     E  	mov re,a
 367  0047  0700     R  	mov a,_mcu_dp_fault_update_2[0]
 367  0048  0DFF        	or a,255
 367  0049  0080     E  	mov rd,a
 367  004A  0700     E  	mov a,rd
 367  004B  0AFF        	sub a,255
 367  004C  0700     E  	mov a,re
 367  004D  08FF        	sbc a,255
 367  004E  0700     E  	mov a,rf
 367  004F  0800        	sbc a,0
 367  0050  0700     E  	mov a,rg
 367  0051  0800        	sbc a,0
 367  0052  3B0A        	snz cz
 367  0053  2800     R  	jmp _L81
 368  0054              #line 368 "D:\zpw\귄\2362A\project\mcu_api.c"
 368  0054  0F02        	mov a,2
 368  0055  0080     E  	mov _set_wifi_uart_byte_2[2],a
 368  0056  2800     R  	jmp _L86
 368  0057              _L81:
 372  0057              #line 372 "D:\zpw\귄\2362A\project\mcu_api.c"
 372  0057  0F04        	mov a,4
 372  0058  0080     E  	mov _set_wifi_uart_byte_2[2],a
 372  0059  0700     E  	mov a,ra
 372  005A  0080     E  	mov _set_wifi_uart_byte_2[0],a
 372  005B  0700     E  	mov a,rb
 372  005C  0080     E  	mov _set_wifi_uart_byte_2[1],a
 372  005D              	fcall _set_wifi_uart_byte
 373  0064              #line 373 "D:\zpw\귄\2362A\project\mcu_api.c"
 373  0064  0700     R  	mov a,_mcu_dp_fault_update_2[3]
 373  0065  0080     E  	mov _set_wifi_uart_byte_2[2],a
 373  0066  0700     E  	mov a,ra
 373  0067  0080     E  	mov _set_wifi_uart_byte_2[0],a
 373  0068  0700     E  	mov a,rb
 373  0069  0080     E  	mov _set_wifi_uart_byte_2[1],a
 373  006A              	fcall _set_wifi_uart_byte
 374  0071              #line 374 "D:\zpw\귄\2362A\project\mcu_api.c"
 374  0071  0700     R  	mov a,_mcu_dp_fault_update_2[2]
 374  0072  0080     E  	mov _set_wifi_uart_byte_2[2],a
 374  0073              _L86:
匡숭：mcu_api.c    긍陋포경굶 HGASM 0202 女늴22

 374  0073  0700     E  	mov a,ra
 374  0074  0080     E  	mov _set_wifi_uart_byte_2[0],a
 374  0075  0700     E  	mov a,rb
 374  0076  0080     E  	mov _set_wifi_uart_byte_2[1],a
 374  0077              	fcall _set_wifi_uart_byte
 375  007E              #line 375 "D:\zpw\귄\2362A\project\mcu_api.c"
 375  007E  0700     R  	mov a,_mcu_dp_fault_update_2[1]
 375  007F  0080     E  	mov _set_wifi_uart_byte_2[2],a
 375  0080              _L85:
 375  0080  0700     E  	mov a,ra
 375  0081  0080     E  	mov _set_wifi_uart_byte_2[0],a
 375  0082  0700     E  	mov a,rb
 375  0083  0080     E  	mov _set_wifi_uart_byte_2[1],a
 375  0084              	fcall _set_wifi_uart_byte
 376  008B              #line 376 "D:\zpw\귄\2362A\project\mcu_api.c"
 376  008B  0700     R  	mov a,_mcu_dp_fault_update_2[0]
 376  008C  0080     E  	mov _set_wifi_uart_byte_2[2],a
 376  008D  0700     E  	mov a,ra
 376  008E  0080     E  	mov _set_wifi_uart_byte_2[0],a
 376  008F  0700     E  	mov a,rb
 376  0090  0080     E  	mov _set_wifi_uart_byte_2[1],a
 376  0091              	fcall _set_wifi_uart_byte
 379  0098              #line 379 "D:\zpw\귄\2362A\project\mcu_api.c"
 379  0098  0700     E  	mov a,ra
 379  0099  0080     E  	mov _wifi_uart_write_frame_2[1],a
 379  009A  0700     E  	mov a,rb
 379  009B  0080     E  	mov _wifi_uart_write_frame_2[2],a
 379  009C  0F03        	mov a,3
 379  009D  0080     E  	mov _wifi_uart_write_frame_2[0],a
 379  009E  0F07        	mov a,7
 379  009F              	fcall _wifi_uart_write_frame
 379  00A6              _L78:
 382  00A6              #line 382 "D:\zpw\귄\2362A\project\mcu_api.c"
 382  00A6  0F01        	mov a,1
 382  00A7  0003        	ret
 382  00A8              _mcu_dp_fault_update endp
 382  00A8              #line 382 "D:\zpw\귄\2362A\project\mcu_api.c"
 382  00A8              #pragma debug scope 1 1
 382  00A8              public _mcu_get_dp_download_bool
 382  00A8              #pragma debug scope 16 1
 577  00A8              #line 577 "D:\zpw\귄\2362A\project\mcu_api.c"
 577  0000              _mcu_get_dp_download_bool .section 'code'
 577  0000              _mcu_get_dp_download_bool proc
 577  0000              public _mcu_get_dp_download_bool_2
 577  0000  0004[           local _mcu_get_dp_download_bool_2 db 4 dup(?)	; 4,0
            00
            ]
 577  0004              #pragma debug pointer 53 8 16
 577  0004              #pragma debug pointer 53 8 16
 577  0004              #pragma debug variable 53 16 _mcu_get_dp_download_bool_2+0 "value"
 577  0004              #pragma debug variable 10 16 _mcu_get_dp_download_bool_2+2 "len"
 578  0004              #line 578 "D:\zpw\귄\2362A\project\mcu_api.c"
 578  0000  0700     R  	mov a,_mcu_get_dp_download_bool_2[0]
 578  0001  0083        	mov mp,a
 578  0002  0700     R  	mov a,_mcu_get_dp_download_bool_2[1]
 578  0003  0084        	mov sbp,a
 578  0004              	fcall _Crom2Prom
 578  000B  0080     E  	mov ra,a
 579  000C              #line 579 "D:\zpw\귄\2362A\project\mcu_api.c"
 579  000C  0700     E  	mov a,ra
匡숭：mcu_api.c    긍陋포경굶 HGASM 0202 女늴23

 579  000D  0003        	ret
 579  000E              _mcu_get_dp_download_bool endp
 579  000E              #line 579 "D:\zpw\귄\2362A\project\mcu_api.c"
 579  000E              #pragma debug scope 1 1
 579  000E              public _mcu_get_dp_download_enum
 579  000E              #pragma debug scope 17 1
 589  000E              #line 589 "D:\zpw\귄\2362A\project\mcu_api.c"
 589  0000              _mcu_get_dp_download_enum .section 'code'
 589  0000              _mcu_get_dp_download_enum proc
 589  0000              public _mcu_get_dp_download_enum_2
 589  0000  0004[           local _mcu_get_dp_download_enum_2 db 4 dup(?)	; 4,0
            00
            ]
 589  0004              #pragma debug pointer 54 8 17
 589  0004              #pragma debug pointer 54 8 17
 589  0004              #pragma debug variable 54 17 _mcu_get_dp_download_enum_2+0 "value"
 589  0004              #pragma debug variable 10 17 _mcu_get_dp_download_enum_2+2 "len"
 590  0004              #line 590 "D:\zpw\귄\2362A\project\mcu_api.c"
 590  0000  0700     R  	mov a,_mcu_get_dp_download_enum_2[0]
 590  0001  0083        	mov mp,a
 590  0002  0700     R  	mov a,_mcu_get_dp_download_enum_2[1]
 590  0003  0084        	mov sbp,a
 590  0004              	fcall _Crom2Prom
 590  000B  0080     E  	mov ra,a
 591  000C              #line 591 "D:\zpw\귄\2362A\project\mcu_api.c"
 591  000C  0700     E  	mov a,ra
 591  000D  0003        	ret
 591  000E              _mcu_get_dp_download_enum endp
 591  000E              #line 591 "D:\zpw\귄\2362A\project\mcu_api.c"
 591  000E              #pragma debug scope 1 1
 591  000E              public _mcu_get_dp_download_value
 591  000E              #pragma debug scope 18 1
 601  000E              #line 601 "D:\zpw\귄\2362A\project\mcu_api.c"
 601  0000              _mcu_get_dp_download_value .section 'code'
 601  0000              _mcu_get_dp_download_value proc
 601  0000              public _mcu_get_dp_download_value_2
 601  0000  0004[           local _mcu_get_dp_download_value_2 db 4 dup(?)	; 4,0
            00
            ]
 601  0004              #pragma debug pointer 55 8 18
 601  0004              #pragma debug pointer 55 8 18
 601  0004              #pragma debug variable 55 18 _mcu_get_dp_download_value_2+0 "value"
 601  0004              #pragma debug variable 10 18 _mcu_get_dp_download_value_2+2 "len"
 602  0004              #line 602 "D:\zpw\귄\2362A\project\mcu_api.c"
 602  0000  0700     R  	mov a,_mcu_get_dp_download_value_2[0]
 602  0001  0080     R  	mov _byte_to_int_2[0],a
 602  0002  0700     R  	mov a,_mcu_get_dp_download_value_2[1]
 602  0003  0080     R  	mov _byte_to_int_2[1],a
 602  0004              	fcall _byte_to_int
 602  000B  0003        	ret
 602  000C              _mcu_get_dp_download_value endp
 602  000C              #line 602 "D:\zpw\귄\2362A\project\mcu_api.c"
 602  000C              #pragma debug scope 1 1
 602  000C              public _uart_receive_input
 602  000C              #pragma debug scope 19 1
 612  000C              #line 612 "D:\zpw\귄\2362A\project\mcu_api.c"
 612  0000              _uart_receive_input .section 'code'
 612  0000              _uart_receive_input proc
 612  0000  0003[           local _uart_receive_input_2 db 3 dup(?)	; 0,3
            00
匡숭：mcu_api.c    긍陋포경굶 HGASM 0202 女늴24

            ]
 612  0000  0080     R  	mov _uart_receive_input_2[0],a
 612  0001              #pragma debug variable 8 19 _uart_receive_input_2+0 "value"
 615  0001              #line 615 "D:\zpw\귄\2362A\project\mcu_api.c"
 615  0001  0700     E  	mov a,_rx_buf_out[0]
 615  0002  0080     E  	mov rd,a
 615  0003  0700     E  	mov a,_rx_buf_out[1]
 615  0004  0080     E  	mov re,a
 615  0005  0700     E  	mov a,_rx_buf_in[0]
 615  0006  0080     E  	mov rb,a
 615  0007  0700     E  	mov a,_rx_buf_in[1]
 615  0008  0080     E  	mov rc,a
 615  0009  0700     E  	mov a,rd
 615  000A  0200     E  	sub a,rb
 615  000B  0080     E  	mov rf,a
 615  000C  0700     E  	mov a,re
 615  000D  1200     E  	sbc a,rc
 615  000E  0080     E  	mov rg,a
 615  000F  0700     E  	mov a,rf
 615  0010  0C01        	xor a,1
 615  0011  0500     E  	or a,rg
 615  0012  3D0A        	sz z
 615  0013  2800     R  	jmp _L90
 617  0014              #line 617 "D:\zpw\귄\2362A\project\mcu_api.c"
 617  0014  0700     E  	mov a,rd
 617  0015  0200     E  	sub a,rb
 617  0016  0700     E  	mov a,re
 617  0017  1200     E  	sbc a,rc
 617  0018  3C0A        	sz c
 617  0019  2800     R  	jmp _L92
 617  001A  0700     E  	mov a,rb
 617  001B  0280     E  	subm a,rd
 617  001C  0700     E  	mov a,rc
 617  001D  1280     E  	sbcm a,re
 617  001E  0F16        	mov a,22
 617  001F  0200     E  	sub a,rd
 617  0020  0F00        	mov a,0
 617  0021  1200     E  	sbc a,re
 617  0022  380A        	snz c
 617  0023  2800     R  	jmp _L90
 617  0024              _L92:
 621  0024              #line 621 "D:\zpw\귄\2362A\project\mcu_api.c"
 621  0024  0700     E  	mov a,rb
 621  0025  0A00     E  	sub a,low offset _wifi_uart_rx_buf[23]
 621  0026  0700     E  	mov a,rc
 621  0027  0800     E  	sbc a,high offset _wifi_uart_rx_buf[23]
 621  0028  380A        	snz c
 621  0029  2800     R  	jmp _L93
 622  002A              #line 622 "D:\zpw\귄\2362A\project\mcu_api.c"
 622  002A  0F00     E  	mov a,low offset _wifi_uart_rx_buf
 622  002B  0080     E  	mov _rx_buf_in[0],a
 622  002C  0F00     E  	mov a,high offset _wifi_uart_rx_buf
 622  002D  0080     E  	mov _rx_buf_in[1],a
 622  002E              _L93:
 625  002E              #line 625 "D:\zpw\귄\2362A\project\mcu_api.c"
 625  002E  0700     E  	mov a,_rx_buf_in[0]
 625  002F  0080     E  	mov rb,a
 625  0030  0700     E  	mov a,_rx_buf_in[1]
 625  0031  0080     E  	mov rc,a
 625  0032  0F01        	mov a,1
匡숭：mcu_api.c    긍陋포경굶 HGASM 0202 女늴25

 625  0033  0300     E  	add a,rb
 625  0034  0080     E  	mov _rx_buf_in[0],a
 625  0035  0F00        	mov a,0
 625  0036  1300     E  	adc a,rc
 625  0037  0080     E  	mov _rx_buf_in[1],a
 625  0038  0700     E  	mov a,rb
 625  0039  0083        	mov mp,a
 625  003A  0700     E  	mov a,rc
 625  003B  0084        	mov sbp,a
 625  003C  0700     R  	mov a,_uart_receive_input_2[0]
 625  003D  0082        	mov ir,a
 625  003E              _L90:
 625  003E  0003        	ret
 625  003F              _uart_receive_input endp
 625  003F              #line 625 "D:\zpw\귄\2362A\project\mcu_api.c"
 625  003F              #pragma debug scope 1 1
 625  003F              public _uart_receive_buff_input
 625  003F              #pragma debug scope 20 1
 637  003F              #line 637 "D:\zpw\귄\2362A\project\mcu_api.c"
 637  0000              _uart_receive_buff_input .section 'code'
 637  0000              _uart_receive_buff_input proc
 637  0000              public _uart_receive_buff_input_2
 637  0000  0006[           local _uart_receive_buff_input_2 db 6 dup(?)	; 4,2
            00
            ]
 637  0006              #pragma debug pointer 56 8 20
 637  0006              #pragma debug pointer 56 8 20
 637  0006              #pragma debug variable 56 20 _uart_receive_buff_input_2+0 "value"
 637  0006              #pragma debug variable 10 20 _uart_receive_buff_input_2+2 "data_len"
 637  0006              #pragma debug variable 10 20 _uart_receive_buff_input_2+4 "i"
 641  0006              #line 641 "D:\zpw\귄\2362A\project\mcu_api.c"
 641  0000  1F00     R  	clr _uart_receive_buff_input_2[4]
 641  0001  1F00     R  	clr _uart_receive_buff_input_2[5]
 641  0002  2800     R  	jmp _L98
 641  0003              _L99:
 642  0003              #line 642 "D:\zpw\귄\2362A\project\mcu_api.c"
 642  0003  0700     R  	mov a,_uart_receive_buff_input_2[4]
 642  0004  0300     R  	add a,_uart_receive_buff_input_2[0]
 642  0005  0083        	mov mp,a
 642  0006  0700     R  	mov a,_uart_receive_buff_input_2[5]
 642  0007  1300     R  	adc a,_uart_receive_buff_input_2[1]
 642  0008  0084        	mov sbp,a
 642  0009              	fcall _Crom2Prom
 642  0010              	fcall _uart_receive_input
 641  0017              #line 641 "D:\zpw\귄\2362A\project\mcu_api.c"
 641  0017  1480     R  	inc _uart_receive_buff_input_2[4]
 641  0018  3D0A        	sz z
 641  0019  1480     R  	inc _uart_receive_buff_input_2[5]
 641  001A              _L98:
 641  001A  0700     R  	mov a,_uart_receive_buff_input_2[4]
 641  001B  0200     R  	sub a,_uart_receive_buff_input_2[2]
 641  001C  0700     R  	mov a,_uart_receive_buff_input_2[5]
 641  001D  1200     R  	sbc a,_uart_receive_buff_input_2[3]
 641  001E  3B0A        	snz cz
 641  001F  2800     R  	jmp _L99
 641  0020  0003        	ret
 641  0021              _uart_receive_buff_input endp
 641  0021              #line 641 "D:\zpw\귄\2362A\project\mcu_api.c"
 641  0021              #pragma debug scope 1 1
 641  0021              public _wifi_uart_service
匡숭：mcu_api.c    긍陋포경굶 HGASM 0202 女늴26

 641  0021              #pragma debug scope 21 1
 653  0021              #line 653 "D:\zpw\귄\2362A\project\mcu_api.c"
 653  0000              _wifi_uart_service .section 'code'
 653  0000              _wifi_uart_service proc
 653  0000  0008[           local _wifi_uart_service_2 db 8 dup(?)	; 0,8
            00
            ]
 653  0000              _L101:
 659  0000              #line 659 "D:\zpw\귄\2362A\project\mcu_api.c"
 659  0000  0F1E        	mov a,30
 659  0001  0200     R  	sub a,___rx_in_1175[0]
 659  0002  0F00        	mov a,0
 659  0003  1200     R  	sbc a,___rx_in_1175[1]
 659  0004  3C0A        	sz c
 659  0005  2800     R  	jmp _L102
 659  0006              _L106:
 663  0006              #line 663 "D:\zpw\귄\2362A\project\mcu_api.c"
 663  0006  0F06        	mov a,6
 663  0007  0200     R  	sub a,___rx_in_1175[0]
 663  0008  0F00        	mov a,0
 663  0009  1200     R  	sbc a,___rx_in_1175[1]
 663  000A  3C0A        	sz c
 663  000B  2800     R  	jmp _L100
 663  000C  1F00     R  	clr _wifi_uart_service_2[0]
 663  000D  1F00     R  	clr _wifi_uart_service_2[1]
 663  000E  2800     R  	jmp _L107
 663  000F              _L102:
 659  000F              #line 659 "D:\zpw\귄\2362A\project\mcu_api.c"
 659  000F              	fcall _with_data_rxbuff
 659  0016  0080     E  	mov ra,a
 659  0017  1E00     E  	snz ra
 659  0018  2800     R  	jmp _L106
 660  0019              #line 660 "D:\zpw\귄\2362A\project\mcu_api.c"
 660  0019  0700     R  	mov a,___rx_in_1175[0]
 660  001A  0080     R  	mov _wifi_uart_service_2[0],a
 660  001B  0700     R  	mov a,___rx_in_1175[1]
 660  001C  0080     R  	mov _wifi_uart_service_2[1],a
 660  001D  0F01        	mov a,1
 660  001E  0300     R  	add a,_wifi_uart_service_2[0]
 660  001F  0080     R  	mov ___rx_in_1175[0],a
 660  0020  0F00        	mov a,0
 660  0021  1300     R  	adc a,_wifi_uart_service_2[1]
 660  0022  0080     R  	mov ___rx_in_1175[1],a
 660  0023              	fcall _take_byte_rxbuff
 660  002A  0080     E  	mov ra,a
 660  002B  0F00     E  	mov a,low offset _wifi_data_process_buf
 660  002C  0300     R  	add a,_wifi_uart_service_2[0]
 660  002D  0083        	mov mp,a
 660  002E  0F00     E  	mov a,high offset _wifi_data_process_buf
 660  002F  1300     R  	adc a,_wifi_uart_service_2[1]
 660  0030  0084        	mov sbp,a
 660  0031  0700     E  	mov a,ra
 660  0032  0082        	mov ir,a
 660  0033  2800     R  	jmp _L101
 660  0034              _L115:
 667  0034              #line 667 "D:\zpw\귄\2362A\project\mcu_api.c"
 667  0034  0F00     E  	mov a,low offset _wifi_data_process_buf
 667  0035  0300     R  	add a,_wifi_uart_service_2[0]
 667  0036  0080     E  	mov rd,a
 667  0037  0F00     E  	mov a,high offset _wifi_data_process_buf
匡숭：mcu_api.c    긍陋포경굶 HGASM 0202 女늴27

 667  0038  1300     R  	adc a,_wifi_uart_service_2[1]
 667  0039  0080     E  	mov re,a
 667  003A  0700     E  	mov a,rd
 667  003B  0083        	mov mp,a
 667  003C  0700     E  	mov a,re
 667  003D  0084        	mov sbp,a
 667  003E              	fcall _Crom2Prom
 667  0045  0080     E  	mov ra,a
 668  0046              #line 668 "D:\zpw\귄\2362A\project\mcu_api.c"
 668  0046  0F01        	mov a,1
 668  0047  0300     R  	add a,_wifi_uart_service_2[0]
 668  0048  0080     R  	mov _wifi_uart_service_2[2],a
 668  0049  0F00        	mov a,0
 668  004A  1300     R  	adc a,_wifi_uart_service_2[1]
 668  004B  0080     R  	mov _wifi_uart_service_2[3],a
 667  004C              #line 667 "D:\zpw\귄\2362A\project\mcu_api.c"
 667  004C  0700     E  	mov a,ra
 667  004D  0A55        	sub a,85
 667  004E  3D0A        	sz z
 667  004F  2800     R  	jmp _L109
 667  0050              _L110:
 663  0050              #line 663 "D:\zpw\귄\2362A\project\mcu_api.c"
 663  0050  0700     R  	mov a,_wifi_uart_service_2[2]
 663  0051  0080     R  	mov _wifi_uart_service_2[0],a
 663  0052  0700     R  	mov a,_wifi_uart_service_2[3]
 663  0053  0080     R  	mov _wifi_uart_service_2[1],a
 663  0054              _L107:
 666  0054              #line 666 "D:\zpw\귄\2362A\project\mcu_api.c"
 666  0054  0700     R  	mov a,___rx_in_1175[0]
 666  0055  0200     R  	sub a,_wifi_uart_service_2[0]
 666  0056  0080     E  	mov rd,a
 666  0057  0700     R  	mov a,___rx_in_1175[1]
 666  0058  1200     R  	sbc a,_wifi_uart_service_2[1]
 666  0059  0080     E  	mov re,a
 666  005A  0700     E  	mov a,rd
 666  005B  0080     E  	mov rb,a
 666  005C  0700     E  	mov a,re
 666  005D  0080     E  	mov rc,a
 666  005E  0F06        	mov a,6
 666  005F  0200     E  	sub a,rd
 666  0060  0F00        	mov a,0
 666  0061  1200     E  	sbc a,re
 666  0062  380A        	snz c
 666  0063  2800     R  	jmp _L115
 666  0064  2800     R  	jmp _L116
 666  0065              _L109:
 672  0065              #line 672 "D:\zpw\귄\2362A\project\mcu_api.c"
 672  0065  0F00     E  	mov a,low offset _wifi_data_process_buf
 672  0066  0300     R  	add a,_wifi_uart_service_2[2]
 672  0067  0083        	mov mp,a
 672  0068  0F00     E  	mov a,high offset _wifi_data_process_buf
 672  0069  1300     R  	adc a,_wifi_uart_service_2[3]
 672  006A  0084        	mov sbp,a
 672  006B              	fcall _Crom2Prom
 672  0072  0080     E  	mov ra,a
 672  0073  0700     E  	mov a,ra
 672  0074  0AAA        	sub a,170
 672  0075  390A        	snz z
 672  0076  2800     R  	jmp _L110
 677  0077              #line 677 "D:\zpw\귄\2362A\project\mcu_api.c"
匡숭：mcu_api.c    긍陋포경굶 HGASM 0202 女늴28

 677  0077  0F02        	mov a,2
 677  0078  0300     R  	add a,_wifi_uart_service_2[0]
 677  0079  0080     R  	mov _wifi_uart_service_2[2],a
 677  007A  0F00        	mov a,0
 677  007B  1300     R  	adc a,_wifi_uart_service_2[1]
 677  007C  0080     R  	mov _wifi_uart_service_2[3],a
 677  007D  0F00     E  	mov a,low offset _wifi_data_process_buf
 677  007E  0300     R  	add a,_wifi_uart_service_2[2]
 677  007F  0083        	mov mp,a
 677  0080  0F00     E  	mov a,high offset _wifi_data_process_buf
 677  0081  1300     R  	adc a,_wifi_uart_service_2[3]
 677  0082  0084        	mov sbp,a
 677  0083              	fcall _Crom2Prom
 677  008A  0080     E  	mov ra,a
 677  008B  1080     E  	sz ra
 677  008C  2800     R  	jmp _L110
 682  008D              #line 682 "D:\zpw\귄\2362A\project\mcu_api.c"
 682  008D  0F00     E  	mov a,low (offset _wifi_data_process_buf+4)
 682  008E  0300     R  	add a,_wifi_uart_service_2[0]
 682  008F  0083        	mov mp,a
 682  0090  0F00     E  	mov a,high (offset _wifi_data_process_buf+4)
 682  0091  1300     R  	adc a,_wifi_uart_service_2[1]
 682  0092  0084        	mov sbp,a
 682  0093              	fcall _Crom2Prom
 682  009A  0080     E  	mov ra,a
 683  009B              #line 683 "D:\zpw\귄\2362A\project\mcu_api.c"
 683  009B  0F00     E  	mov a,low (offset _wifi_data_process_buf+5)
 683  009C  0300     R  	add a,_wifi_uart_service_2[0]
 683  009D  0083        	mov mp,a
 683  009E  0F00     E  	mov a,high (offset _wifi_data_process_buf+5)
 683  009F  1300     R  	adc a,_wifi_uart_service_2[1]
 683  00A0  0084        	mov sbp,a
 683  00A1              	fcall _Crom2Prom
 683  00A8  0080     E  	mov rh,a
 682  00A9              #line 682 "D:\zpw\귄\2362A\project\mcu_api.c"
 682  00A9  0700     E  	mov a,ra
 682  00AA  0080     R  	mov _wifi_uart_service_2[5],a
 682  00AB  1F00     R  	clr _wifi_uart_service_2[4]
 683  00AC              #line 683 "D:\zpw\귄\2362A\project\mcu_api.c"
 683  00AC  0700     E  	mov a,rh
 683  00AD  0300     R  	add a,_wifi_uart_service_2[4]
 683  00AE  0080     R  	mov _wifi_uart_service_2[6],a
 683  00AF  1F05        	clr acc
 683  00B0  1300     R  	adc a,_wifi_uart_service_2[5]
 683  00B1  0080     R  	mov _wifi_uart_service_2[7],a
 683  00B2  0F07        	mov a,7
 683  00B3  0300     R  	add a,_wifi_uart_service_2[6]
 683  00B4  0080     R  	mov _wifi_uart_service_2[2],a
 683  00B5  0F00        	mov a,0
 683  00B6  1300     R  	adc a,_wifi_uart_service_2[7]
 683  00B7  0080     R  	mov _wifi_uart_service_2[3],a
 684  00B8              #line 684 "D:\zpw\귄\2362A\project\mcu_api.c"
 684  00B8  0F26        	mov a,38
 684  00B9  0200     R  	sub a,_wifi_uart_service_2[2]
 684  00BA  0F00        	mov a,0
 684  00BB  1200     R  	sbc a,_wifi_uart_service_2[3]
 684  00BC  380A        	snz c
 684  00BD  2800     R  	jmp _L118
 689  00BE              #line 689 "D:\zpw\귄\2362A\project\mcu_api.c"
 689  00BE  0700     E  	mov a,rb
匡숭：mcu_api.c    긍陋포경굶 HGASM 0202 女늴29

 689  00BF  0200     R  	sub a,_wifi_uart_service_2[2]
 689  00C0  0700     E  	mov a,rc
 689  00C1  1200     R  	sbc a,_wifi_uart_service_2[3]
 689  00C2  3C0A        	sz c
 689  00C3  2800     R  	jmp _L112
 689  00C4              _L116:
 706  00C4              #line 706 "D:\zpw\귄\2362A\project\mcu_api.c"
 706  00C4  0700     E  	mov a,rb
 706  00C5  0080     R  	mov ___rx_in_1175[0],a
 706  00C6  0700     E  	mov a,rc
 706  00C7  0080     R  	mov ___rx_in_1175[1],a
 707  00C8              #line 707 "D:\zpw\귄\2362A\project\mcu_api.c"
 707  00C8  0700     E  	mov a,rb
 707  00C9  0500     E  	or a,rc
 707  00CA  3D0A        	sz z
 707  00CB  2800     R  	jmp _L100
 708  00CC              #line 708 "D:\zpw\귄\2362A\project\mcu_api.c"
 708  00CC  0700     E  	mov a,rb
 708  00CD  0080     R  	mov _my_memcpy_2[4],a
 708  00CE  0700     E  	mov a,rc
 708  00CF  0080     R  	mov _my_memcpy_2[5],a
 708  00D0  0F00     E  	mov a,low offset _wifi_data_process_buf
 708  00D1  0300     R  	add a,_wifi_uart_service_2[0]
 708  00D2  0080     R  	mov _my_memcpy_2[2],a
 708  00D3  0F00     E  	mov a,high offset _wifi_data_process_buf
 708  00D4  1300     R  	adc a,_wifi_uart_service_2[1]
 708  00D5  0080     R  	mov _my_memcpy_2[3],a
 708  00D6  0F00     E  	mov a,low offset _wifi_data_process_buf
 708  00D7  0080     R  	mov _my_memcpy_2[0],a
 708  00D8  0F00     E  	mov a,high offset _wifi_data_process_buf
 708  00D9  0080     R  	mov _my_memcpy_2[1],a
 708  00DA              	fcall _my_memcpy
 708  00E1  2800     R  	jmp _L100
 708  00E2              _L112:
 694  00E2              #line 694 "D:\zpw\귄\2362A\project\mcu_api.c"
 694  00E2  0F06        	mov a,6
 694  00E3  0300     R  	add a,_wifi_uart_service_2[6]
 694  00E4  0080     E  	mov _get_check_sum_2[2],a
 694  00E5  0F00        	mov a,0
 694  00E6  1300     R  	adc a,_wifi_uart_service_2[7]
 694  00E7  0080     E  	mov _get_check_sum_2[3],a
 694  00E8  0700     E  	mov a,rd
 694  00E9  0080     E  	mov _get_check_sum_2[0],a
 694  00EA  0700     E  	mov a,re
 694  00EB  0080     E  	mov _get_check_sum_2[1],a
 694  00EC              	fcall _get_check_sum
 694  00F3  0080     E  	mov rb,a
 694  00F4  0700     R  	mov a,_wifi_uart_service_2[0]
 694  00F5  0380     R  	addm a,_wifi_uart_service_2[2]
 694  00F6  0700     R  	mov a,_wifi_uart_service_2[1]
 694  00F7  1380     R  	adcm a,_wifi_uart_service_2[3]
 694  00F8  0F00     E  	mov a,low (offset _wifi_data_process_buf-1)
 694  00F9  0300     R  	add a,_wifi_uart_service_2[2]
 694  00FA  0083        	mov mp,a
 694  00FB  0F00     E  	mov a,high (offset _wifi_data_process_buf-1)
 694  00FC  1300     R  	adc a,_wifi_uart_service_2[3]
 694  00FD  0084        	mov sbp,a
 694  00FE              	fcall _Crom2Prom
 694  0105  0080     E  	mov ra,a
 694  0106  0700     E  	mov a,rb
匡숭：mcu_api.c    긍陋포경굶 HGASM 0202 女늴30

 694  0107  0200     E  	sub a,ra
 694  0108  3D0A        	sz z
 694  0109  2800     R  	jmp _L114
 694  010A              _L118:
 697  010A              #line 697 "D:\zpw\귄\2362A\project\mcu_api.c"
 697  010A  0F03        	mov a,3
 697  010B  0300     R  	add a,_wifi_uart_service_2[0]
 697  010C  0080     R  	mov _wifi_uart_service_2[2],a
 697  010D  0F00        	mov a,0
 697  010E  1300     R  	adc a,_wifi_uart_service_2[1]
 697  010F  0080     R  	mov _wifi_uart_service_2[3],a
 698  0110              #line 698 "D:\zpw\귄\2362A\project\mcu_api.c"
 698  0110  2800     R  	jmp _L110
 698  0111              _L114:
 702  0111              #line 702 "D:\zpw\귄\2362A\project\mcu_api.c"
 702  0111  0700     R  	mov a,_wifi_uart_service_2[0]
 702  0112  0080     E  	mov _data_handle_2[0],a
 702  0113  0700     R  	mov a,_wifi_uart_service_2[1]
 702  0114  0080     E  	mov _data_handle_2[1],a
 702  0115              	fcall _data_handle
 702  011C  2800     R  	jmp _L110
 702  011D              _L100:
 702  011D  0003        	ret
 702  011E              _wifi_uart_service endp
 702  011E              #line 702 "D:\zpw\귄\2362A\project\mcu_api.c"
 702  011E              #pragma debug scope 1 1
 702  011E              public _wifi_protocol_init
 702  011E              #pragma debug scope 22 1
 719  011E              #line 719 "D:\zpw\귄\2362A\project\mcu_api.c"
 719  0000              _wifi_protocol_init .section 'code'
 719  0000              _wifi_protocol_init proc
 721  0000              #line 721 "D:\zpw\귄\2362A\project\mcu_api.c"
 721  0000  0F00     E  	mov a,low offset _wifi_uart_rx_buf
 721  0001  0080     E  	mov _rx_buf_in[0],a
 721  0002  0F00     E  	mov a,high offset _wifi_uart_rx_buf
 721  0003  0080     E  	mov _rx_buf_in[1],a
 722  0004              #line 722 "D:\zpw\귄\2362A\project\mcu_api.c"
 722  0004  0F00     E  	mov a,low offset _wifi_uart_rx_buf
 722  0005  0080     E  	mov _rx_buf_out[0],a
 722  0006  0F00     E  	mov a,high offset _wifi_uart_rx_buf
 722  0007  0080     E  	mov _rx_buf_out[1],a
 724  0008              #line 724 "D:\zpw\귄\2362A\project\mcu_api.c"
 724  0008  1F00     E  	clr _stop_update_flag[0]
 727  0009              #line 727 "D:\zpw\귄\2362A\project\mcu_api.c"
 727  0009  1F80     E  	set _wifi_work_state[0]
 727  000A  0003        	ret
 727  000B              _wifi_protocol_init endp
 727  000B              #line 727 "D:\zpw\귄\2362A\project\mcu_api.c"
 727  000B              #pragma debug scope 1 1
 727  000B              public _mcu_get_reset_wifi_flag
 727  000B              #pragma debug scope 23 1
 744  000B              #line 744 "D:\zpw\귄\2362A\project\mcu_api.c"
 744  0000              _mcu_get_reset_wifi_flag .section 'code'
 744  0000              _mcu_get_reset_wifi_flag proc
 745  0000              #line 745 "D:\zpw\귄\2362A\project\mcu_api.c"
 745  0000  0700     E  	mov a,_reset_wifi_flag[0]
 745  0001  0080     E  	mov ra,a
 746  0002              #line 746 "D:\zpw\귄\2362A\project\mcu_api.c"
 746  0002  0700     E  	mov a,ra
 746  0003  0003        	ret
匡숭：mcu_api.c    긍陋포경굶 HGASM 0202 女늴31

 746  0004              _mcu_get_reset_wifi_flag endp
 746  0004              #line 746 "D:\zpw\귄\2362A\project\mcu_api.c"
 746  0004              #pragma debug scope 1 1
 746  0004              public _mcu_reset_wifi
 746  0004              #pragma debug scope 24 1
 756  0004              #line 756 "D:\zpw\귄\2362A\project\mcu_api.c"
 756  0000              _mcu_reset_wifi .section 'code'
 756  0000              _mcu_reset_wifi proc
 757  0000              #line 757 "D:\zpw\귄\2362A\project\mcu_api.c"
 757  0000  1F00     E  	clr _reset_wifi_flag[0]
 759  0001              #line 759 "D:\zpw\귄\2362A\project\mcu_api.c"
 759  0001  1F00     E  	clr _wifi_uart_write_frame_2[1]
 759  0002  1F00     E  	clr _wifi_uart_write_frame_2[2]
 759  0003  0F03        	mov a,3
 759  0004  0080     E  	mov _wifi_uart_write_frame_2[0],a
 759  0005  0F04        	mov a,4
 759  0006              	fcall _wifi_uart_write_frame
 759  000D  0003        	ret
 759  000E              _mcu_reset_wifi endp
 759  000E              #line 759 "D:\zpw\귄\2362A\project\mcu_api.c"
 759  000E              #pragma debug scope 1 1
 759  000E              public _mcu_get_wifimode_flag
 759  000E              #pragma debug scope 25 1
 772  000E              #line 772 "D:\zpw\귄\2362A\project\mcu_api.c"
 772  0000              _mcu_get_wifimode_flag .section 'code'
 772  0000              _mcu_get_wifimode_flag proc
 773  0000              #line 773 "D:\zpw\귄\2362A\project\mcu_api.c"
 773  0000  0700     E  	mov a,_set_wifimode_flag[0]
 773  0001  0080     E  	mov ra,a
 774  0002              #line 774 "D:\zpw\귄\2362A\project\mcu_api.c"
 774  0002  0700     E  	mov a,ra
 774  0003  0003        	ret
 774  0004              _mcu_get_wifimode_flag endp
 774  0004              #line 774 "D:\zpw\귄\2362A\project\mcu_api.c"
 774  0004              #pragma debug scope 1 1
 774  0004              public _mcu_set_wifi_mode
 774  0004              #pragma debug scope 26 1
 787  0004              #line 787 "D:\zpw\귄\2362A\project\mcu_api.c"
 787  0000              _mcu_set_wifi_mode .section 'code'
 787  0000              _mcu_set_wifi_mode proc
 787  0000  00              local _mcu_set_wifi_mode_2 db 1 dup(?)	; 0,1
 787  0000  0080     E  	mov ra,a
 787  0001              #pragma debug variable 8 26 _mcu_set_wifi_mode_2+0 "mode"
 790  0001              #line 790 "D:\zpw\귄\2362A\project\mcu_api.c"
 790  0001  1F00     E  	clr _set_wifimode_flag[0]
 792  0002              #line 792 "D:\zpw\귄\2362A\project\mcu_api.c"
 792  0002  0700     E  	mov a,ra
 792  0003  0080     E  	mov _set_wifi_uart_byte_2[2],a
 792  0004  1F00     E  	clr _set_wifi_uart_byte_2[0]
 792  0005  1F00     E  	clr _set_wifi_uart_byte_2[1]
 792  0006              	fcall _set_wifi_uart_byte
 794  000D              #line 794 "D:\zpw\귄\2362A\project\mcu_api.c"
 794  000D  0700     E  	mov a,ra
 794  000E  0080     E  	mov _wifi_uart_write_frame_2[1],a
 794  000F  1F00     E  	clr _wifi_uart_write_frame_2[2]
 794  0010  0F03        	mov a,3
 794  0011  0080     E  	mov _wifi_uart_write_frame_2[0],a
 794  0012  0F05        	mov a,5
 794  0013              	fcall _wifi_uart_write_frame
 794  001A  0003        	ret
匡숭：mcu_api.c    긍陋포경굶 HGASM 0202 女늴32

 794  001B              _mcu_set_wifi_mode endp
 794  001B              #line 794 "D:\zpw\귄\2362A\project\mcu_api.c"
 794  001B              #pragma debug scope 1 1
 794  001B              public _mcu_get_wifi_work_state
 794  001B              #pragma debug scope 27 1
 811  001B              #line 811 "D:\zpw\귄\2362A\project\mcu_api.c"
 811  0000              _mcu_get_wifi_work_state .section 'code'
 811  0000              _mcu_get_wifi_work_state proc
 812  0000              #line 812 "D:\zpw\귄\2362A\project\mcu_api.c"
 812  0000  0700     E  	mov a,_wifi_work_state[0]
 812  0001  0080     E  	mov ra,a
 813  0002              #line 813 "D:\zpw\귄\2362A\project\mcu_api.c"
 813  0002  0700     E  	mov a,ra
 813  0003  0003        	ret
 813  0004              _mcu_get_wifi_work_state endp
 813  0004              #line 813 "D:\zpw\귄\2362A\project\mcu_api.c"
 813  0004              #pragma debug scope 1 1
 813  0000              @HCCINIT	.section 'data'
 655  0000              #line 655 "D:\zpw\귄\2362A\project\mcu_api.c"
 655  0000              @HCCINIT___rx_in_1175 .section 'data'
 655  0000              ___rx_in_1175 label byte
 655  0000              #pragma debug variable 10 1 ___rx_in_1175 "__rx_in_1175"
 655  0000              	db 0
 655  0000              @ROMDATA_BASE .section inpage 'code'
 655  0000              	db 0
 655  0001              @HCCINIT___rx_in_1175 .section 'data'
 655  0001              	db 0
 655  0001              @ROMDATA_BASE .section inpage 'code'
 655  0001              	db 0
 655  0002              @HCCINIT___rx_in_1175 .section 'data'
 655  0002              @HCCINIT___rx_in_1175 .section 'data'
 655  0002              #pragma debug variable 10 21 ___rx_in_1175 "rx_in"
 655  0002              
 655  0002              ; output external variables
 655  0002              extern _set_wifimode_flag:byte
 655  0002              extern _reset_wifi_flag:byte
 655  0002              extern _wifi_work_state:byte
 655  0002              extern _wifi_data_process_buf:byte
 655  0002              extern _wifi_uart_rx_buf:byte
 655  0002              extern _rx_buf_in:byte
 655  0002              extern _rx_buf_out:byte
 655  0002              extern _stop_update_flag:byte
 655  0002              extern _set_wifi_uart_byte_2:byte
 655  0002              extern _set_wifi_uart_byte:near
 655  0002              extern _set_wifi_uart_buffer_2:byte
 655  0002              extern _set_wifi_uart_buffer:near
 655  0002              extern _wifi_uart_write_frame_2:byte
 655  0002              extern _wifi_uart_write_frame:near
 655  0002              extern _with_data_rxbuff:near
 655  0002              extern _take_byte_rxbuff:near
 655  0002              extern _get_check_sum_2:byte
 655  0002              extern _get_check_sum:near
 655  0002              extern _data_handle_2:byte
 655  0002              extern _data_handle:near
 655  0002              
 655  0002              ; 
 655  0002              ; Generated by holtek-gcc v3.23, Wed Apr 08 12:56:35 2026
 655  0002              ; Rebuild 1114
 655  0002              ; end of file

匡숭：mcu_api.c    긍陋포경굶 HGASM 0202 女늴33


        0 Errors, 0