匡숭：project.c    긍陋포경굶 HGASM 0202 女늴1


   1  0000              ; Generated by holtek-gcc v3.23, Wed Apr 08 12:56:32 2026
   2  0000              ; 
   3  0000              ; Configuration:
   4  0000              ;       with long instruction
   5  0000              ;       Multi-ROM, Multi-RAM
   6  0000              ;       bits_per_rom_unit:16
   7  0000              ;       with mp1
   8  0000              ;       with tbhp, address(0x9)
   9  0000              ;          Use tabrd-const
  10  0000              ;       
  11  0000              ; SFR address of long-instruction arch:
  12  0000              ;    mp0 = -1,1,0
  13  0000              ;    mp1 = 4,3,2
  14  0000              ;    mp2 = 14,13,12
  15  0000              ;    tbp = 9,7,8
  16  0000              ;    acc = 5
  17  0000              ;    pcl = 6
  18  0000              ;    status = 10
  19  0000              ;    bp = 11
  20  0000              ;    intc = 16
  21  0000              ;       
  22  0000              ;       
  23  0000              ; use 'tabrdc' instead of 'tabrd'
  24  0000              ;       
  25  0000              
  26  0000              #pragma translator "holtek-gcc 4.6.4" "3.23" "build 20130711"
  27  0000              ; Rebuild 1114
  28  0000              
  29  0000              ir equ [2]
  30  0000              mp equ [3]
  31  0000              sbp equ [4]
  32  0000              acc equ [5]
  33  0000              bp equ [11]
  34  0000              tblp equ [7]
  35  0000              tbhp equ [9]
  36  0000              status equ [10]
  37  0000              c equ [10].0
  38  0000              ac equ [10].1
  39  0000              z equ [10].2
  40  0000              ov equ [10].3
  41  0000              cz equ [10].6
  42  0000              sc equ [10].7
  43  0000              intc equ [16]
  44  0000              mduwr0 equ [59h]
  45  0000              mduwr1 equ [5ah]
  46  0000              mduwr2 equ [5bh]
  47  0000              mduwr3 equ [5ch]
  48  0000              mduwr4 equ [5dh]
  49  0000              mduwr5 equ [5eh]
  50  0000              mduwrctrl equ [5fh]
  51  0000              
  52  0000              extern ra:byte
  53  0000              extern rb:byte
  54  0000              extern rc:byte
  55  0000              extern rd:byte
  56  0000              extern re:byte
  57  0000              extern rf:byte
  58  0000              extern rg:byte
  59  0000              extern rh:byte
匡숭：project.ASM  긍陋포경굶 HGASM 0202 女늴2

  60  0000              extern _Crom2Prom:near
  61  0000              extern _Crom2PromNext:near
  62  0000              
  63  0000              RAMBANK 0 @BITDATASEC, @BITDATASEC1
  64  0000              @HCCINIT	.section 'data'
  65  0000              @HCCINIT0	.section 'data'
  66  0000              @BITDATASEC	 .section 'data'
  67  0000              @BITDATASEC1	 .section 'data'
  68  0000              
  69  0000              #pragma debug scope 1 1
  70  0000              	extern __DELAY3:near
  71  0000              	extern __DELAYX3:near
  72  0000              	extern __DELAYX6:near
  73  0000              	extern __DELAYY5:near
  74  0000              	extern __DELAYY3:near
  75  0000              	extern _builtin_holtek_delay_2:byte
  76  0000              public _main
  77  0000              #pragma debug scope 2 1

  16  0000              #line 16 "D:\zpw\귄\2362A\project\project.c"
  16  0000              IFDEF WITH_DEFAULT_STARTUP
  16  0000              extern _main_initial0:near
  16  0000              extern _main_startup:near
  16  0000              ENDIF
  16  0000              
  16  0000              ROMBANK 0 @start
  16  0000              @start .section com_l 'code'
  16  0000              _main_startup1:
  16  0000              @start .section com_e 'code'
  16  0000  0F00     R  	mov a,bank _main
  16  0001  008B        	mov bp,a
  16  0002  2800     R  	jmp _main
  16  0003              
  16  0000              _main .section 'code'
  16  0000              _main proc
  17  0000              #line 17 "D:\zpw\귄\2362A\project\project.c"
  17  0000              	fcall _System_Clock_Init
  18  0007              #line 18 "D:\zpw\귄\2362A\project\project.c"
  18  0007  0F02        	mov a,2
  18  0008  0080     E  	mov _EEPROM_WriteBytes_2[2],a
  18  0009  0F00     R  	mov a,low offset _a
  18  000A  0080     E  	mov _EEPROM_WriteBytes_2[0],a
  18  000B  0F00     R  	mov a,high offset _a
  18  000C  0080     E  	mov _EEPROM_WriteBytes_2[1],a
  18  000D  0F00        	mov a,0
  18  000E              	fcall _EEPROM_WriteBytes
  19  0015              #line 19 "D:\zpw\귄\2362A\project\project.c"
  19  0015              	fcall _Data_Init
  20  001C              #line 20 "D:\zpw\귄\2362A\project\project.c"
  20  001C              	fcall _UART0_Init
  21  0023              #line 21 "D:\zpw\귄\2362A\project\project.c"
  21  0023              	fcall _UART1_Init
  22  002A              #line 22 "D:\zpw\귄\2362A\project\project.c"
  22  002A              	fcall _Timer0_Init
  23  0031              #line 23 "D:\zpw\귄\2362A\project\project.c"
  23  0031              	fcall _Key_Init
  24  0038              #line 24 "D:\zpw\귄\2362A\project\project.c"
  24  0038              	fcall _EC11_Init
  25  003F              #line 25 "D:\zpw\귄\2362A\project\project.c"
  25  003F              	fcall _LCD_Init
匡숭：project.c    긍陋포경굶 HGASM 0202 女늴3

  25  0046              _L7:
  28  0046              #line 28 "D:\zpw\귄\2362A\project\project.c"
  28  0046  0700     E  	mov a,_data[3]
  28  0047  0080     E  	mov _LCD_Show_Angle_2[0],a
  28  0048  0700     E  	mov a,_data[4]
  28  0049  0080     E  	mov _LCD_Show_Angle_2[1],a
  28  004A              	fcall _LCD_Show_Angle
  29  0051              #line 29 "D:\zpw\귄\2362A\project\project.c"
  29  0051  0700     E  	mov a,_data[3]
  29  0052  0080     E  	mov _LCD_Show_Time_2[0],a
  29  0053  0700     E  	mov a,_data[4]
  29  0054  0080     E  	mov _LCD_Show_Time_2[1],a
  29  0055              	fcall _LCD_Show_Time
  30  005C              #line 30 "D:\zpw\귄\2362A\project\project.c"
  30  005C              	fcall _EC11_Handle
  31  0063              #line 31 "D:\zpw\귄\2362A\project\project.c"
  31  0063  1700     E  	sdza _Key_Check_Running_Flag[0]
  31  0064  2800     R  	jmp _L2
  31  0065              	fcall _Key_Check
  31  006C  1F00     E  	clr _Key_Check_Running_Flag[0]
  31  006D              _L2:
  32  006D              #line 32 "D:\zpw\귄\2362A\project\project.c"
  32  006D              	fcall _Key_Handle
  33  0074              #line 33 "D:\zpw\귄\2362A\project\project.c"
  33  0074  1700     E  	sdza _LCD_Bind_Check_Running_Flag[0]
  33  0075  2800     R  	jmp _L3
  33  0076              	fcall _LCD_Bind_Check
  33  007D  1F00     E  	clr _LCD_Bind_Check_Running_Flag[0]
  33  007E              _L3:
  34  007E              #line 34 "D:\zpw\귄\2362A\project\project.c"
  34  007E  1700     E  	sdza _LCD_WIFI_Check_Running_Flag[0]
  34  007F  2800     R  	jmp _L4
  34  0080              	fcall _LCD_WIFI_Check
  34  0087  1F00     E  	clr _LCD_WIFI_Check_Running_Flag[0]
  34  0088              _L4:
  35  0088              #line 35 "D:\zpw\귄\2362A\project\project.c"
  35  0088  1700     E  	sdza _UART0_433MHz_Pairing_Code_Running_Flag[0]
  35  0089  2800     R  	jmp _L5
  35  008A  1700     E  	sdza _UART0_433MHz_Pairing_Code_Flag[0]
  35  008B  2800     R  	jmp _L5
  35  008C              	fcall _UART0_433MHz_Pairing_Code
  35  0093  1F00     E  	clr _UART0_433MHz_Pairing_Code_Running_Flag[0]
  35  0094              _L5:
  36  0094              #line 36 "D:\zpw\귄\2362A\project\project.c"
  36  0094  1700     E  	sdza _LCD_Power_Check_Running_Flag[0]
  36  0095  2800     R  	jmp _L6
  36  0096              	fcall _LCD_Power_Check
  36  009D  1F00     E  	clr _LCD_Power_Check_Running_Flag[0]
  36  009E              _L6:
  37  009E              #line 37 "D:\zpw\귄\2362A\project\project.c"
  37  009E              	fcall _UART0_433MHz_Receive_Process
  38  00A5              #line 38 "D:\zpw\귄\2362A\project\project.c"
  38  00A5  2800     R  	jmp _L7
  38  00A6  2800     R  	jmp $
  38  00A7              _main endp
  38  00A7              
  38  00A7              @dummy endp
  38  00A7              
  38  00A7              #line 38 "D:\zpw\귄\2362A\project\project.c"
  38  00A7              #pragma debug scope 1 1
匡숭：project.c    긍陋포경굶 HGASM 0202 女늴4

  38  00A7              public _a
  38  0000              @HCCINIT	.section 'data'
  13  0000              #line 13 "D:\zpw\귄\2362A\project\project.c"
  13  0000              @HCCINIT_a .section 'data'
  13  0000              _a label byte
  13  0000              #pragma debug array 42 8 2 1
  13  0000              #pragma debug array 42 8 2 1
  13  0000              #pragma debug variable 42 1 _a "a"
  13  0000              	db 84
  13  0000              @ROMDATA_BASE .section inpage 'code'
  13  0000              	db 84
  13  0001              @HCCINIT_a .section 'data'
  13  0001              	db -2
  13  0001              @ROMDATA_BASE .section inpage 'code'
  13  0001              	db -2
  13  0002              @HCCINIT_a .section 'data'
  13  0002              
  13  0002              ; output external variables
  13  0002              extern _LCD_Power_Check_Running_Flag:byte
  13  0002              extern _UART0_433MHz_Pairing_Code_Flag:byte
  13  0002              extern _UART0_433MHz_Pairing_Code_Running_Flag:byte
  13  0002              extern _LCD_WIFI_Check_Running_Flag:byte
  13  0002              extern _LCD_Bind_Check_Running_Flag:byte
  13  0002              extern _Key_Check_Running_Flag:byte
  13  0002              extern _data:byte
  16  0002              #line 16 "D:\zpw\귄\2362A\project\project.c"
  16  0000              @code .section at 0 'code'
  16  0000  1F0B        	clr bp
  16  0001  2800     R  	jmp _main_startup1
  16  0002              
  16  0002              extern _System_Clock_Init:near
  16  0002              extern _EEPROM_WriteBytes_2:byte
  16  0002              extern _EEPROM_WriteBytes:near
  16  0002              extern _Data_Init:near
  16  0002              extern _UART0_Init:near
  16  0002              extern _UART1_Init:near
  16  0002              extern _Timer0_Init:near
  16  0002              extern _Key_Init:near
  16  0002              extern _EC11_Init:near
  16  0002              extern _LCD_Init:near
  16  0002              extern _LCD_Show_Angle_2:byte
  16  0002              extern _LCD_Show_Angle:near
  16  0002              extern _LCD_Show_Time_2:byte
  16  0002              extern _LCD_Show_Time:near
  16  0002              extern _EC11_Handle:near
  16  0002              extern _Key_Check:near
  16  0002              extern _Key_Handle:near
  16  0002              extern _LCD_Bind_Check:near
  16  0002              extern _LCD_WIFI_Check:near
  16  0002              extern _UART0_433MHz_Pairing_Code:near
  16  0002              extern _LCD_Power_Check:near
  16  0002              extern _UART0_433MHz_Receive_Process:near
  16  0002              
  16  0002              ; 
  16  0002              ; Generated by holtek-gcc v3.23, Wed Apr 08 12:56:32 2026
  16  0002              ; Rebuild 1114
  16  0002              ; end of file


        0 Errors, 0