匡숭：protocol.c   긍陋포경굶 HGASM 0202 女늴1


   1  0000              ; Generated by holtek-gcc v3.23, Wed Apr 08 12:56:35 2026
   2  0000              ; 
   3  0000              ; Configuration:
   4  0000              ;       with long instruction
   5  0000              ;       Multi-ROM, Multi-RAM
   6  0000              ;       bits_per_rom_unit:16
   7  0000              ;       with mp1
   8  0000              ;       with tbhp, address(0x9)
   9  0000              ;          Use tabrd-const
  10  0000              ;       
  11  0000              ; SFR address of long-instruction arch:
  12  0000              ;    mp0 = -1,1,0
  13  0000              ;    mp1 = 4,3,2
  14  0000              ;    mp2 = 14,13,12
  15  0000              ;    tbp = 9,7,8
  16  0000              ;    acc = 5
  17  0000              ;    pcl = 6
  18  0000              ;    status = 10
  19  0000              ;    bp = 11
  20  0000              ;    intc = 16
  21  0000              ;       
  22  0000              ;       
  23  0000              ; use 'tabrdc' instead of 'tabrd'
  24  0000              ;       
  25  0000              
  26  0000              #pragma translator "holtek-gcc 4.6.4" "3.23" "build 20130711"
  27  0000              ; Rebuild 1114
  28  0000              
  29  0000              ir equ [2]
  30  0000              mp equ [3]
  31  0000              sbp equ [4]
  32  0000              acc equ [5]
  33  0000              bp equ [11]
  34  0000              tblp equ [7]
  35  0000              tbhp equ [9]
  36  0000              status equ [10]
  37  0000              c equ [10].0
  38  0000              ac equ [10].1
  39  0000              z equ [10].2
  40  0000              ov equ [10].3
  41  0000              cz equ [10].6
  42  0000              sc equ [10].7
  43  0000              intc equ [16]
  44  0000              mduwr0 equ [59h]
  45  0000              mduwr1 equ [5ah]
  46  0000              mduwr2 equ [5bh]
  47  0000              mduwr3 equ [5ch]
  48  0000              mduwr4 equ [5dh]
  49  0000              mduwr5 equ [5eh]
  50  0000              mduwrctrl equ [5fh]
  51  0000              
  52  0000              extern ra:byte
  53  0000              extern rb:byte
  54  0000              extern rc:byte
  55  0000              extern rd:byte
  56  0000              extern re:byte
  57  0000              extern rf:byte
  58  0000              extern rg:byte
  59  0000              extern rh:byte
匡숭：protocol.ASM 긍陋포경굶 HGASM 0202 女늴2

  60  0000              extern _Crom2Prom:near
  61  0000              extern _Crom2PromNext:near
  62  0000              
  63  0000              RAMBANK 0 @BITDATASEC, @BITDATASEC1
  64  0000              @HCCINIT	.section 'data'
  65  0000              @HCCINIT0	.section 'data'
  66  0000              @BITDATASEC	 .section 'data'
  67  0000              @BITDATASEC1	 .section 'data'
  68  0000              
  69  0000              #pragma debug scope 1 1
  70  0000              	extern __DELAY3:near
  71  0000              	extern __DELAYX3:near
  72  0000              	extern __DELAYX6:near
  73  0000              	extern __DELAYY5:near
  74  0000              	extern __DELAYY3:near
  75  0000              	extern _builtin_holtek_delay_2:byte
  76  0000              public _uart_transmit_output
  77  0000              #pragma debug scope 2 1

 102  0000              #line 102 "D:\zpw\귄\2362A\project\protocol.c"
 102  0000              _uart_transmit_output .section 'code'
 102  0000              _uart_transmit_output proc
 102  0000  00              local _uart_transmit_output_2 db 1 dup(?)	; 0,1
 102  0000  0080     E  	mov ra,a
 102  0001              #pragma debug variable 8 2 _uart_transmit_output_2+0 "value"
 104  0001              #line 104 "D:\zpw\귄\2362A\project\protocol.c"
 104  0001  0700     E  	mov a,ra
 104  0002              	fcall _UART1_WIFI_SendByte
 104  0009  0003        	ret
 104  000A              _uart_transmit_output endp
 104  000A              #line 104 "D:\zpw\귄\2362A\project\protocol.c"
 104  000A              #pragma debug scope 1 1
 104  000A              public _all_data_update
 104  000A              #pragma debug scope 3 1
 137  000A              #line 137 "D:\zpw\귄\2362A\project\protocol.c"
 137  0000              _all_data_update .section 'code'
 137  0000              _all_data_update proc
 144  0000              #line 144 "D:\zpw\귄\2362A\project\protocol.c"
 144  0000  0700     E  	mov a,_data[5]
 144  0001  0080     E  	mov _mcu_dp_bool_update_2[0],a
 144  0002  0F66        	mov a,102
 144  0003              	fcall _mcu_dp_bool_update
 145  000A              #line 145 "D:\zpw\귄\2362A\project\protocol.c"
 145  000A  0700     E  	mov a,_data[0]
 145  000B  0080     E  	mov _mcu_dp_value_update_2[0],a
 145  000C  1F00     E  	clr _mcu_dp_value_update_2[1]
 145  000D  1F00     E  	clr _mcu_dp_value_update_2[2]
 145  000E  1F00     E  	clr _mcu_dp_value_update_2[3]
 145  000F  0F65        	mov a,101
 145  0010              	fcall _mcu_dp_value_update
 145  0017  0003        	ret
 145  0018              _all_data_update endp
 145  0018              #line 145 "D:\zpw\귄\2362A\project\protocol.c"
 145  0018              #pragma debug scope 1 1
 145  0018              public _dp_download_handle
 145  0018              #pragma debug scope 4 1
 233  0018              #line 233 "D:\zpw\귄\2362A\project\protocol.c"
 233  0000              _dp_download_handle .section 'code'
 233  0000              _dp_download_handle proc
 233  0000              public _dp_download_handle_2
匡숭：protocol.c   긍陋포경굶 HGASM 0202 女늴3

 233  0000  0005[           local _dp_download_handle_2 db 5 dup(?)	; 4,1
            00
            ]
 233  0000  0080     E  	mov rb,a
 233  0001              #pragma debug variable 8 4 _dp_download_handle_2+4 "dpid"
 233  0001              #pragma debug pointer 42 8 4
 233  0001              #pragma debug pointer 42 8 4
 233  0001              #pragma debug variable 42 4 _dp_download_handle_2+0 "value"
 233  0001              #pragma debug variable 10 4 _dp_download_handle_2+2 "length"
 240  0001              #line 240 "D:\zpw\귄\2362A\project\protocol.c"
 240  0001  0700     E  	mov a,rb
 240  0002  0A65        	sub a,101
 240  0003  3D0A        	sz z
 240  0004  2800     R  	jmp _L5
 240  0005              #line 240 "D:\zpw\귄\2362A\project\protocol.c"
 240  0005  0700     E  	mov a,rb
 240  0006  0A66        	sub a,102
 240  0007  390A        	snz z
 240  0008  2800     R  	jmp _L4
 240  0009              #pragma debug scope 5 4
 240  0009              ;begin block, line: 240.-1
 240  0009              #pragma debug scope 6 5
 240  0009              ;begin block, line: 240.-1
 197  0009              #line 197 "D:\zpw\귄\2362A\project\protocol.c"
 197  0009  0700     R  	mov a,_dp_download_handle_2[2]
 197  000A  0080     E  	mov _mcu_get_dp_download_bool_2[2],a
 197  000B  0700     R  	mov a,_dp_download_handle_2[3]
 197  000C  0080     E  	mov _mcu_get_dp_download_bool_2[3],a
 197  000D  0700     R  	mov a,_dp_download_handle_2[0]
 197  000E  0080     E  	mov _mcu_get_dp_download_bool_2[0],a
 197  000F  0700     R  	mov a,_dp_download_handle_2[1]
 197  0010  0080     E  	mov _mcu_get_dp_download_bool_2[1],a
 197  0011              	fcall _mcu_get_dp_download_bool
 197  0018  0080     E  	mov ra,a
 208  0019              #line 208 "D:\zpw\귄\2362A\project\protocol.c"
 208  0019  0700     E  	mov a,ra
 208  001A  0080     E  	mov _mcu_dp_bool_update_2[0],a
 208  001B  0F66        	mov a,102
 208  001C              	fcall _mcu_dp_bool_update
 208  0023  2800     R  	jmp _L16
 208  0024              _L5:
 208  0024              #pragma debug scope 5 4
 208  0024              #pragma debug scope 4 1
 208  0024              #pragma debug scope 7 4
 208  0024              ;begin block, line: 208.-1
 208  0024              #pragma debug scope 8 7
 208  0024              ;begin block, line: 208.-1
 168  0024              #line 168 "D:\zpw\귄\2362A\project\protocol.c"
 168  0024  0700     R  	mov a,_dp_download_handle_2[2]
 168  0025  0080     E  	mov _mcu_get_dp_download_value_2[2],a
 168  0026  0700     R  	mov a,_dp_download_handle_2[3]
 168  0027  0080     E  	mov _mcu_get_dp_download_value_2[3],a
 168  0028  0700     R  	mov a,_dp_download_handle_2[0]
 168  0029  0080     E  	mov _mcu_get_dp_download_value_2[0],a
 168  002A  0700     R  	mov a,_dp_download_handle_2[1]
 168  002B  0080     E  	mov _mcu_get_dp_download_value_2[1],a
 168  002C              	fcall _mcu_get_dp_download_value
 176  0033              #line 176 "D:\zpw\귄\2362A\project\protocol.c"
 176  0033  0700     E  	mov a,ra
 176  0034  0080     E  	mov _mcu_dp_value_update_2[0],a
匡숭：protocol.c   긍陋포경굶 HGASM 0202 女늴4

 176  0035  0700     E  	mov a,rb
 176  0036  0080     E  	mov _mcu_dp_value_update_2[1],a
 176  0037  0700     E  	mov a,rc
 176  0038  0080     E  	mov _mcu_dp_value_update_2[2],a
 176  0039  0700     E  	mov a,rd
 176  003A  0080     E  	mov _mcu_dp_value_update_2[3],a
 176  003B  0F65        	mov a,101
 176  003C              	fcall _mcu_dp_value_update
 176  0043              _L16:
 176  0043              #pragma debug scope 7 4
 176  0043              #pragma debug scope 4 1
 176  0043              #pragma debug scope 9 4
 176  0043              ;begin block, line: 176.-1
 176  0043              #pragma debug scope 10 9
 176  0043              ;begin block, line: 176.-1
 208  0043              #line 208 "D:\zpw\귄\2362A\project\protocol.c"
 208  0043  0080     E  	mov rb,a
 209  0044              #line 209 "D:\zpw\귄\2362A\project\protocol.c"
 209  0044  0F01        	mov a,1
 209  0045  0080     E  	mov ra,a
 209  0046  1700     E  	sdza rb
 209  0047  2800     R  	jmp _LI1
 209  0048  2800     R  	jmp _L4
 209  0049              _LI1:
 209  0049  1F00     E  	clr ra
 209  004A              _L4:
 209  004A              #pragma debug scope 9 4
 209  004A              #pragma debug scope 4 1
 258  004A              #line 258 "D:\zpw\귄\2362A\project\protocol.c"
 258  004A  0700     E  	mov a,ra
 258  004B  0003        	ret
 258  004C              _dp_download_handle endp
 258  004C              #line 258 "D:\zpw\귄\2362A\project\protocol.c"
 258  004C              #pragma debug scope 1 1
 258  004C              public _get_download_cmd_total
 258  004C              #pragma debug scope 11 1
 267  004C              #line 267 "D:\zpw\귄\2362A\project\protocol.c"
 267  0000              _get_download_cmd_total .section 'code'
 267  0000              _get_download_cmd_total proc
 269  0000              #line 269 "D:\zpw\귄\2362A\project\protocol.c"
 269  0000  0F02        	mov a,2
 269  0001  0003        	ret
 269  0002              _get_download_cmd_total endp
 269  0002              #line 269 "D:\zpw\귄\2362A\project\protocol.c"
 269  0002              #pragma debug scope 1 1
 269  0002              public _download_cmd
 269  0000              @crom	.section 'crom'
  84  0000              #line 84 "D:\zpw\귄\2362A\project\protocol.c"
  84  0000              @crom	.section	'crom'
  84  0000              _download_cmd:
  84  0000              #pragma debug struct_end
  84  0000              #pragma debug struct_end
  84  0000              #pragma debug array 44 43 2 1
  84  0000              #pragma debug array 44 43 2 1
  84  0000              #pragma debug variable 44 1 _download_cmd "download_cmd"
  84  0000              	db 101
  84  0001              	db 2
  84  0001              	db 102
  84  0002              	db 1
  84  0002              
匡숭：protocol.c   긍陋포경굶 HGASM 0202 女늴5

  84  0002              ; output external variables
  84  0002              extern _data:byte
  84  0002              extern _UART1_WIFI_SendByte:near
  84  0002              extern _mcu_dp_bool_update_2:byte
  84  0002              extern _mcu_dp_bool_update:near
  84  0002              extern _mcu_dp_value_update_2:byte
  84  0002              extern _mcu_dp_value_update:near
  84  0002              extern _mcu_get_dp_download_bool_2:byte
  84  0002              extern _mcu_get_dp_download_bool:near
  84  0002              extern _mcu_get_dp_download_value_2:byte
  84  0002              extern _mcu_get_dp_download_value:near
  84  0002              
  84  0002              ; 
  84  0002              ; Generated by holtek-gcc v3.23, Wed Apr 08 12:56:35 2026
  84  0002              ; Rebuild 1114
  84  0002              ; end of file


        0 Errors, 0