匡숭：UART0_433MHZ.c 긍陋포경굶 HGASM 0202 女늴1


   1  0000              ; Generated by holtek-gcc v3.23, Wed Apr 08 12:56:33 2026
   2  0000              ; 
   3  0000              ; Configuration:
   4  0000              ;       with long instruction
   5  0000              ;       Multi-ROM, Multi-RAM
   6  0000              ;       bits_per_rom_unit:16
   7  0000              ;       with mp1
   8  0000              ;       with tbhp, address(0x9)
   9  0000              ;          Use tabrd-const
  10  0000              ;       
  11  0000              ; SFR address of long-instruction arch:
  12  0000              ;    mp0 = -1,1,0
  13  0000              ;    mp1 = 4,3,2
  14  0000              ;    mp2 = 14,13,12
  15  0000              ;    tbp = 9,7,8
  16  0000              ;    acc = 5
  17  0000              ;    pcl = 6
  18  0000              ;    status = 10
  19  0000              ;    bp = 11
  20  0000              ;    intc = 16
  21  0000              ;       
  22  0000              ;       
  23  0000              ; use 'tabrdc' instead of 'tabrd'
  24  0000              ;       
  25  0000              
  26  0000              #pragma translator "holtek-gcc 4.6.4" "3.23" "build 20130711"
  27  0000              ; Rebuild 1114
  28  0000              
  29  0000              ir equ [2]
  30  0000              mp equ [3]
  31  0000              sbp equ [4]
  32  0000              acc equ [5]
  33  0000              bp equ [11]
  34  0000              tblp equ [7]
  35  0000              tbhp equ [9]
  36  0000              status equ [10]
  37  0000              c equ [10].0
  38  0000              ac equ [10].1
  39  0000              z equ [10].2
  40  0000              ov equ [10].3
  41  0000              cz equ [10].6
  42  0000              sc equ [10].7
  43  0000              intc equ [16]
  44  0000              mduwr0 equ [59h]
  45  0000              mduwr1 equ [5ah]
  46  0000              mduwr2 equ [5bh]
  47  0000              mduwr3 equ [5ch]
  48  0000              mduwr4 equ [5dh]
  49  0000              mduwr5 equ [5eh]
  50  0000              mduwrctrl equ [5fh]
  51  0000              
  52  0000              extern ra:byte
  53  0000              extern rb:byte
  54  0000              extern rc:byte
  55  0000              extern rd:byte
  56  0000              extern re:byte
  57  0000              extern rf:byte
  58  0000              extern rg:byte
  59  0000              extern rh:byte
匡숭：UART0_433MHZ.ASM 긍陋포경굶 HGASM 0202 女늴2

  60  0000              extern _Crom2Prom:near
  61  0000              extern _Crom2PromNext:near
  62  0000              
  63  0000              RAMBANK 0 @BITDATASEC, @BITDATASEC1
  64  0000              @HCCINIT	.section 'data'
  65  0000              @HCCINIT0	.section 'data'
  66  0000              @BITDATASEC	 .section 'data'
  67  0000              @BITDATASEC1	 .section 'data'
  68  0000              
  69  0000              #pragma debug scope 1 1
  70  0000              	extern __DELAY3:near
  71  0000              	extern __DELAYX3:near
  72  0000              	extern __DELAYX6:near
  73  0000              	extern __DELAYY5:near
  74  0000              	extern __DELAYY3:near
  75  0000              	extern _builtin_holtek_delay_2:byte
  76  0000              ___txr_rxr0 equ [280]
  77  0000              ___u0sr equ [274]
  78  0000              public _UART0_433MHz_SendByte
  79  0000              #pragma debug scope 2 1

   8  0000              #line 8 "D:\zpw\귄\2362A\project\UART0_433MHZ.c"
   8  0000              _UART0_433MHz_SendByte .section 'code'
   8  0000              _UART0_433MHz_SendByte proc
   8  0000  00              local _UART0_433MHz_SendByte_2 db 1 dup(?)	; 0,1
   8  0000  0080     E  	mov ra,a
   8  0001  0080     R  	mov _UART0_433MHz_SendByte_2[0],a
   8  0002              #pragma debug variable 8 2 _UART0_433MHz_SendByte_2+0 "Data"
   9  0002              #line 9 "D:\zpw\귄\2362A\project\UART0_433MHZ.c"
   9  0002  0700     E  	mov a,ra
   9  0003  8098 0001   	lmov [280],a
   9  0005              _L3:
  10  0005              #line 10 "D:\zpw\귄\2362A\project\UART0_433MHZ.c"
  10  0005  B812 0001   	lsnz [274].0
  10  0007  2800     R  	jmp _L3
  10  0008              _L5:
  11  0008              #line 11 "D:\zpw\귄\2362A\project\UART0_433MHZ.c"
  11  0008  B892 0001   	lsnz [274].1
  11  000A  2800     R  	jmp _L5
  11  000B  0003        	ret
  11  000C              _UART0_433MHz_SendByte endp
  11  000C              #line 11 "D:\zpw\귄\2362A\project\UART0_433MHZ.c"
  11  000C              #pragma debug scope 1 1
  11  000C              public _UART0_433MHz_SendString
  11  000C              #pragma debug scope 3 1
  15  000C              #line 15 "D:\zpw\귄\2362A\project\UART0_433MHZ.c"
  15  0000              _UART0_433MHz_SendString .section 'code'
  15  0000              _UART0_433MHz_SendString proc
  15  0000              public _UART0_433MHz_SendString_2
  15  0000  0004[           local _UART0_433MHz_SendString_2 db 4 dup(?)	; 3,1
            00
            ]
  15  0004              #pragma debug pointer 42 8 3
  15  0004              #pragma debug pointer 42 8 3
  15  0004              #pragma debug variable 42 3 _UART0_433MHz_SendString_2+0 "String"
  15  0004              #pragma debug variable 8 3 _UART0_433MHz_SendString_2+2 "length"
  15  0004              #pragma debug variable 8 3 _UART0_433MHz_SendString_2+3 "i"
  17  0004              #line 17 "D:\zpw\귄\2362A\project\UART0_433MHZ.c"
  17  0000  1F00     R  	clr _UART0_433MHz_SendString_2[3]
  17  0001  2800     R  	jmp _L8
匡숭：UART0_433MHZ.c 긍陋포경굶 HGASM 0202 女늴3

  17  0002              _L9:
  19  0002              #line 19 "D:\zpw\귄\2362A\project\UART0_433MHZ.c"
  19  0002  0700     R  	mov a,_UART0_433MHz_SendString_2[3]
  19  0003  0300     R  	add a,_UART0_433MHz_SendString_2[0]
  19  0004  0083        	mov mp,a
  19  0005  1F05        	clr acc
  19  0006  1300     R  	adc a,_UART0_433MHz_SendString_2[1]
  19  0007  0084        	mov sbp,a
  19  0008              	fcall _Crom2Prom
  19  000F              	fcall _UART0_433MHz_SendByte
  17  0016              #line 17 "D:\zpw\귄\2362A\project\UART0_433MHZ.c"
  17  0016  1480     R  	inc _UART0_433MHz_SendString_2[3]
  17  0017              _L8:
  17  0017  0700     R  	mov a,_UART0_433MHz_SendString_2[3]
  17  0018  0200     R  	sub a,_UART0_433MHz_SendString_2[2]
  17  0019  380A        	snz c
  17  001A  2800     R  	jmp _L9
  17  001B  0003        	ret
  17  001C              _UART0_433MHz_SendString endp
  17  001C              #line 17 "D:\zpw\귄\2362A\project\UART0_433MHZ.c"
  17  001C              #pragma debug scope 1 1
  17  001C              public _UART0_433MHz_AT_Baudrate
  17  001C              #pragma debug scope 4 1
  24  001C              #line 24 "D:\zpw\귄\2362A\project\UART0_433MHZ.c"
  24  0000              _UART0_433MHz_AT_Baudrate .section 'code'
  24  0000              _UART0_433MHz_AT_Baudrate proc
  24  0000  000E[           local _UART0_433MHz_AT_Baudrate_2 db 14 dup(?)	; 0,14
            00
            ]
  24  0000  0080     E  	mov ra,a
  24  0001              #pragma debug variable 8 4 _UART0_433MHz_AT_Baudrate_2+13 "Data"
  24  0001              #pragma debug array 43 8 13 4
  24  0001              #pragma debug array 43 8 13 4
  24  0001              #pragma debug variable 43 4 _UART0_433MHz_AT_Baudrate_2+0 "Baudrate"
  25  0001              #line 25 "D:\zpw\귄\2362A\project\UART0_433MHZ.c"
  25  0001  0F41        	mov a,65
  25  0002  0080     R  	mov _UART0_433MHz_AT_Baudrate_2[0],a
  25  0003  0F54        	mov a,84
  25  0004  0080     R  	mov _UART0_433MHz_AT_Baudrate_2[1],a
  25  0005  0F2B        	mov a,43
  25  0006  0080     R  	mov _UART0_433MHz_AT_Baudrate_2[2],a
  25  0007  0F55        	mov a,85
  25  0008  0080     R  	mov _UART0_433MHz_AT_Baudrate_2[3],a
  25  0009  0F41        	mov a,65
  25  000A  0080     R  	mov _UART0_433MHz_AT_Baudrate_2[4],a
  25  000B  0F52        	mov a,82
  25  000C  0080     R  	mov _UART0_433MHz_AT_Baudrate_2[5],a
  25  000D  0F54        	mov a,84
  25  000E  0080     R  	mov _UART0_433MHz_AT_Baudrate_2[6],a
  25  000F  0F3D        	mov a,61
  25  0010  0080     R  	mov _UART0_433MHz_AT_Baudrate_2[7],a
  25  0011  0F2C        	mov a,44
  25  0012  0080     R  	mov _UART0_433MHz_AT_Baudrate_2[9],a
  25  0013  0F30        	mov a,48
  25  0014  0080     R  	mov _UART0_433MHz_AT_Baudrate_2[10],a
  25  0015  0F0D        	mov a,13
  25  0016  0080     R  	mov _UART0_433MHz_AT_Baudrate_2[11],a
  25  0017  0F0A        	mov a,10
  25  0018  0080     R  	mov _UART0_433MHz_AT_Baudrate_2[12],a
  26  0019              #line 26 "D:\zpw\귄\2362A\project\UART0_433MHZ.c"
匡숭：UART0_433MHZ.c 긍陋포경굶 HGASM 0202 女늴4

  26  0019  0700     E  	mov a,ra
  26  001A  0B30        	add a,48
  26  001B  0080     R  	mov _UART0_433MHz_AT_Baudrate_2[8],a
  28  001C              #line 28 "D:\zpw\귄\2362A\project\UART0_433MHZ.c"
  28  001C  0F0D        	mov a,13
  28  001D  0080     R  	mov _UART0_433MHz_SendString_2[2],a
  28  001E  0F00     R  	mov a,low offset _UART0_433MHz_AT_Baudrate_2
  28  001F  0080     R  	mov _UART0_433MHz_SendString_2[0],a
  28  0020  0F00     R  	mov a,high offset _UART0_433MHz_AT_Baudrate_2
  28  0021  0080     R  	mov _UART0_433MHz_SendString_2[1],a
  28  0022              	fcall _UART0_433MHz_SendString
  28  0029  0003        	ret
  28  002A              _UART0_433MHz_AT_Baudrate endp
  28  002A              #line 28 "D:\zpw\귄\2362A\project\UART0_433MHZ.c"
  28  002A              #pragma debug scope 1 1
  28  002A              ___pdc equ [31]
  28  002A              ___pd equ [30]
  28  002A              public _UART0_433MHz_AT_Mode
  28  002A              #pragma debug scope 5 1
  32  002A              #line 32 "D:\zpw\귄\2362A\project\UART0_433MHZ.c"
  32  0000              _UART0_433MHz_AT_Mode .section 'code'
  32  0000              _UART0_433MHz_AT_Mode proc
  32  0000  0017[           local _UART0_433MHz_AT_Mode_2 db 23 dup(?)	; 0,23
            00
            ]
  32  0000  0080     E  	mov ra,a
  32  0001  0080     R  	mov _UART0_433MHz_AT_Mode_2[22],a
  32  0002              #pragma debug variable 8 5 _UART0_433MHz_AT_Mode_2+22 "Mode"
  32  0002              #pragma debug array 44 8 11 5
  32  0002              #pragma debug array 44 8 11 5
  32  0002              #pragma debug variable 44 5 _UART0_433MHz_AT_Mode_2+11 "Mode1"
  32  0002              #pragma debug variable 44 5 _UART0_433MHz_AT_Mode_2+0 "Mode0"
  33  0002              #line 33 "D:\zpw\귄\2362A\project\UART0_433MHZ.c"
  33  0002  0F41        	mov a,65
  33  0003  0080     R  	mov _UART0_433MHz_AT_Mode_2[11],a
  33  0004  0F54        	mov a,84
  33  0005  0080     R  	mov _UART0_433MHz_AT_Mode_2[12],a
  33  0006  0F2B        	mov a,43
  33  0007  0080     R  	mov _UART0_433MHz_AT_Mode_2[13],a
  33  0008  0F4D        	mov a,77
  33  0009  0080     R  	mov _UART0_433MHz_AT_Mode_2[14],a
  33  000A  0F4F        	mov a,79
  33  000B  0080     R  	mov _UART0_433MHz_AT_Mode_2[15],a
  33  000C  0F44        	mov a,68
  33  000D  0080     R  	mov _UART0_433MHz_AT_Mode_2[16],a
  33  000E  0F45        	mov a,69
  33  000F  0080     R  	mov _UART0_433MHz_AT_Mode_2[17],a
  33  0010  0F3D        	mov a,61
  33  0011  0080     R  	mov _UART0_433MHz_AT_Mode_2[18],a
  33  0012  0F31        	mov a,49
  33  0013  0080     R  	mov _UART0_433MHz_AT_Mode_2[19],a
  33  0014  0F0D        	mov a,13
  33  0015  0080     R  	mov _UART0_433MHz_AT_Mode_2[20],a
  33  0016  0F0A        	mov a,10
  33  0017  0080     R  	mov _UART0_433MHz_AT_Mode_2[21],a
  34  0018              #line 34 "D:\zpw\귄\2362A\project\UART0_433MHZ.c"
  34  0018  0F41        	mov a,65
  34  0019  0080     R  	mov _UART0_433MHz_AT_Mode_2[0],a
  34  001A  0F54        	mov a,84
  34  001B  0080     R  	mov _UART0_433MHz_AT_Mode_2[1],a
匡숭：UART0_433MHZ.c 긍陋포경굶 HGASM 0202 女늴5

  34  001C  0F2B        	mov a,43
  34  001D  0080     R  	mov _UART0_433MHz_AT_Mode_2[2],a
  34  001E  0F4D        	mov a,77
  34  001F  0080     R  	mov _UART0_433MHz_AT_Mode_2[3],a
  34  0020  0F4F        	mov a,79
  34  0021  0080     R  	mov _UART0_433MHz_AT_Mode_2[4],a
  34  0022  0F44        	mov a,68
  34  0023  0080     R  	mov _UART0_433MHz_AT_Mode_2[5],a
  34  0024  0F45        	mov a,69
  34  0025  0080     R  	mov _UART0_433MHz_AT_Mode_2[6],a
  34  0026  0F3D        	mov a,61
  34  0027  0080     R  	mov _UART0_433MHz_AT_Mode_2[7],a
  34  0028  0F30        	mov a,48
  34  0029  0080     R  	mov _UART0_433MHz_AT_Mode_2[8],a
  34  002A  0F0D        	mov a,13
  34  002B  0080     R  	mov _UART0_433MHz_AT_Mode_2[9],a
  34  002C  0F0A        	mov a,10
  34  002D  0080     R  	mov _UART0_433MHz_AT_Mode_2[10],a
  37  002E              #line 37 "D:\zpw\귄\2362A\project\UART0_433MHZ.c"
  37  002E  1700     E  	sdza ra
  37  002F  2800     R  	jmp _L12
  39  0030              #line 39 "D:\zpw\귄\2362A\project\UART0_433MHZ.c"
  39  0030  0F0B        	mov a,11
  39  0031  0080     R  	mov _UART0_433MHz_SendString_2[2],a
  39  0032  0F00     R  	mov a,low offset _UART0_433MHz_AT_Mode_2
  39  0033  0080     E  	mov ra,a
  39  0034  0F00     R  	mov a,high offset _UART0_433MHz_AT_Mode_2
  39  0035  0080     E  	mov rb,a
  39  0036  0F0B        	mov a,11
  39  0037  0300     E  	add a,ra
  39  0038  0080     R  	mov _UART0_433MHz_SendString_2[0],a
  39  0039  0F00        	mov a,0
  39  003A  1300     E  	adc a,rb
  39  003B  0080     R  	mov _UART0_433MHz_SendString_2[1],a
  39  003C  2800     R  	jmp _L14
  39  003D              _L12:
  41  003D              #line 41 "D:\zpw\귄\2362A\project\UART0_433MHZ.c"
  41  003D  1080     R  	sz _UART0_433MHz_AT_Mode_2[22]
  41  003E  2800     R  	jmp _L11
  43  003F              #line 43 "D:\zpw\귄\2362A\project\UART0_433MHZ.c"
  43  003F  341F        	clr [31].0
  44  0040              #line 44 "D:\zpw\귄\2362A\project\UART0_433MHZ.c"
  44  0040  341E        	clr [30].0
  45  0041              #line 45 "D:\zpw\귄\2362A\project\UART0_433MHZ.c"
  45  0041  0F0B        	mov a,11
  45  0042  0080     R  	mov _UART0_433MHz_SendString_2[2],a
  45  0043  0F00     R  	mov a,low offset _UART0_433MHz_AT_Mode_2
  45  0044  0080     R  	mov _UART0_433MHz_SendString_2[0],a
  45  0045  0F00     R  	mov a,high offset _UART0_433MHz_AT_Mode_2
  45  0046  0080     R  	mov _UART0_433MHz_SendString_2[1],a
  45  0047              _L14:
  45  0047              	fcall _UART0_433MHz_SendString
  45  004E              _L11:
  45  004E  0003        	ret
  45  004F              _UART0_433MHz_AT_Mode endp
  45  004F              #line 45 "D:\zpw\귄\2362A\project\UART0_433MHZ.c"
  45  004F              #pragma debug scope 1 1
  45  004F              public _UART0_433MHz_AT_WT
  45  004F              #pragma debug scope 6 1
  50  004F              #line 50 "D:\zpw\귄\2362A\project\UART0_433MHZ.c"
匡숭：UART0_433MHZ.c 긍陋포경굶 HGASM 0202 女늴6

  50  0000              _UART0_433MHz_AT_WT .section 'code'
  50  0000              _UART0_433MHz_AT_WT proc
  50  0000  000A[           local _UART0_433MHz_AT_WT_2 db 10 dup(?)	; 0,10
            00
            ]
  50  0000  0080     E  	mov ra,a
  50  0001              #pragma debug variable 8 6 _UART0_433MHz_AT_WT_2+9 "Data"
  50  0001              #pragma debug array 45 8 9 6
  50  0001              #pragma debug array 45 8 9 6
  50  0001              #pragma debug variable 45 6 _UART0_433MHz_AT_WT_2+0 "WT"
  51  0001              #line 51 "D:\zpw\귄\2362A\project\UART0_433MHZ.c"
  51  0001  0F41        	mov a,65
  51  0002  0080     R  	mov _UART0_433MHz_AT_WT_2[0],a
  51  0003  0F54        	mov a,84
  51  0004  0080     R  	mov _UART0_433MHz_AT_WT_2[1],a
  51  0005  0F2B        	mov a,43
  51  0006  0080     R  	mov _UART0_433MHz_AT_WT_2[2],a
  51  0007  0F57        	mov a,87
  51  0008  0080     R  	mov _UART0_433MHz_AT_WT_2[3],a
  51  0009  0F54        	mov a,84
  51  000A  0080     R  	mov _UART0_433MHz_AT_WT_2[4],a
  51  000B  0F3D        	mov a,61
  51  000C  0080     R  	mov _UART0_433MHz_AT_WT_2[5],a
  51  000D  0F0D        	mov a,13
  51  000E  0080     R  	mov _UART0_433MHz_AT_WT_2[7],a
  51  000F  0F0A        	mov a,10
  51  0010  0080     R  	mov _UART0_433MHz_AT_WT_2[8],a
  53  0011              #line 53 "D:\zpw\귄\2362A\project\UART0_433MHZ.c"
  53  0011  0700     E  	mov a,ra
  53  0012  0B30        	add a,48
  53  0013  0080     R  	mov _UART0_433MHz_AT_WT_2[6],a
  54  0014              #line 54 "D:\zpw\귄\2362A\project\UART0_433MHZ.c"
  54  0014  0F09        	mov a,9
  54  0015  0080     R  	mov _UART0_433MHz_SendString_2[2],a
  54  0016  0F00     R  	mov a,low offset _UART0_433MHz_AT_WT_2
  54  0017  0080     R  	mov _UART0_433MHz_SendString_2[0],a
  54  0018  0F00     R  	mov a,high offset _UART0_433MHz_AT_WT_2
  54  0019  0080     R  	mov _UART0_433MHz_SendString_2[1],a
  54  001A              	fcall _UART0_433MHz_SendString
  54  0021  0003        	ret
  54  0022              _UART0_433MHz_AT_WT endp
  54  0022              #line 54 "D:\zpw\귄\2362A\project\UART0_433MHZ.c"
  54  0022              #pragma debug scope 1 1
  54  0022              public _UART0_433MHz_AT_Adr
  54  0022              #pragma debug scope 7 1
  58  0022              #line 58 "D:\zpw\귄\2362A\project\UART0_433MHZ.c"
  58  0000              _UART0_433MHz_AT_Adr .section 'code'
  58  0000              _UART0_433MHz_AT_Adr proc
  58  0000              public _UART0_433MHz_AT_Adr_2
  58  0000  001C[           local _UART0_433MHz_AT_Adr_2 db 28 dup(?)	; 2,26
            00
            ]
  58  001C              #pragma debug variable 12 7 _UART0_433MHz_AT_Adr_2+0 "ADR_Data"
  58  001C              #pragma debug array 46 8 14 7
  58  001C              #pragma debug array 46 8 14 7
  58  001C              #pragma debug variable 46 7 _UART0_433MHz_AT_Adr_2+2 "ADR"
  58  001C              #pragma debug array 47 8 7 7
  58  001C              #pragma debug array 47 8 7 7
  58  001C              #pragma debug variable 47 7 _UART0_433MHz_AT_Adr_2+16 "Pre_Fixed"
  59  001C              #line 59 "D:\zpw\귄\2362A\project\UART0_433MHZ.c"
匡숭：UART0_433MHZ.c 긍陋포경굶 HGASM 0202 女늴7

  59  0000  1F00     R  	clr _UART0_433MHz_AT_Adr_2[2]
  59  0001  1F00     R  	clr _UART0_433MHz_AT_Adr_2[3]
  59  0002  1F00     R  	clr _UART0_433MHz_AT_Adr_2[4]
  59  0003  1F00     R  	clr _UART0_433MHz_AT_Adr_2[5]
  59  0004  1F00     R  	clr _UART0_433MHz_AT_Adr_2[6]
  59  0005  1F00     R  	clr _UART0_433MHz_AT_Adr_2[7]
  59  0006  1F00     R  	clr _UART0_433MHz_AT_Adr_2[8]
  59  0007  1F00     R  	clr _UART0_433MHz_AT_Adr_2[9]
  59  0008  1F00     R  	clr _UART0_433MHz_AT_Adr_2[10]
  59  0009  1F00     R  	clr _UART0_433MHz_AT_Adr_2[11]
  59  000A  1F00     R  	clr _UART0_433MHz_AT_Adr_2[12]
  59  000B  1F00     R  	clr _UART0_433MHz_AT_Adr_2[13]
  59  000C  1F00     R  	clr _UART0_433MHz_AT_Adr_2[14]
  59  000D  1F00     R  	clr _UART0_433MHz_AT_Adr_2[15]
  60  000E              #line 60 "D:\zpw\귄\2362A\project\UART0_433MHZ.c"
  60  000E  0F41        	mov a,65
  60  000F  0080     R  	mov _UART0_433MHz_AT_Adr_2[16],a
  60  0010  0F54        	mov a,84
  60  0011  0080     R  	mov _UART0_433MHz_AT_Adr_2[17],a
  60  0012  0F2B        	mov a,43
  60  0013  0080     R  	mov _UART0_433MHz_AT_Adr_2[18],a
  60  0014  0F41        	mov a,65
  60  0015  0080     R  	mov _UART0_433MHz_AT_Adr_2[19],a
  60  0016  0F44        	mov a,68
  60  0017  0080     R  	mov _UART0_433MHz_AT_Adr_2[20],a
  60  0018  0F52        	mov a,82
  60  0019  0080     R  	mov _UART0_433MHz_AT_Adr_2[21],a
  60  001A  0F3D        	mov a,61
  60  001B  0080     R  	mov _UART0_433MHz_AT_Adr_2[22],a
  60  001C  0F07        	mov a,7
  60  001D  0080     E  	mov rg,a
  65  001E              #line 65 "D:\zpw\귄\2362A\project\UART0_433MHZ.c"
  65  001E  1F00     E  	clr rf
  61  001F              #line 61 "D:\zpw\귄\2362A\project\UART0_433MHZ.c"
  61  001F  1F00     E  	clr ra
  67  0020              #line 67 "D:\zpw\귄\2362A\project\UART0_433MHZ.c"
  67  0020  0F00     R  	mov a,low offset _UART0_433MHz_AT_Adr_2
  67  0021  0080     E  	mov rb,a
  67  0022  0F00     R  	mov a,high offset _UART0_433MHz_AT_Adr_2
  67  0023  0080     E  	mov rc,a
  67  0024  0F02        	mov a,2
  67  0025  0380     E  	addm a,rb
  67  0026  0F00        	mov a,0
  67  0027  1380     E  	adcm a,rc
  67  0028  0F00     R  	mov a,low offset _UART0_433MHz_AT_Adr_2
  67  0029  0080     E  	mov rd,a
  67  002A  0F00     R  	mov a,high offset _UART0_433MHz_AT_Adr_2
  67  002B  0080     E  	mov re,a
  67  002C  0F10        	mov a,16
  67  002D  0380     E  	addm a,rd
  67  002E  0F00        	mov a,0
  67  002F  1380     E  	adcm a,re
  67  0030              _L18:
  67  0030              #line 67 "D:\zpw\귄\2362A\project\UART0_433MHZ.c"
  67  0030  1400     E  	inca ra
  67  0031  0080     R  	mov _UART0_433MHz_AT_Adr_2[23],a
  67  0032  0700     E  	mov a,rf
  67  0033  0300     E  	add a,rd
  67  0034  0083        	mov mp,a
  67  0035  1F05        	clr acc
匡숭：UART0_433MHZ.c 긍陋포경굶 HGASM 0202 女늴8

  67  0036  1300     E  	adc a,re
  67  0037  0084        	mov sbp,a
  67  0038              	fcall _Crom2Prom
  67  003F  0080     E  	mov rh,a
  67  0040  0700     E  	mov a,ra
  67  0041  0300     E  	add a,rb
  67  0042  0083        	mov mp,a
  67  0043  1F05        	clr acc
  67  0044  1300     E  	adc a,rc
  67  0045  0084        	mov sbp,a
  67  0046  0700     E  	mov a,rh
  67  0047  0082        	mov ir,a
  65  0048              #line 65 "D:\zpw\귄\2362A\project\UART0_433MHZ.c"
  65  0048  1480     E  	inc rf
  65  0049  1780     E  	sdz rg
  65  004A  2800     R  	jmp _LI1
  65  004B  2800     R  	jmp _L17
  65  004C              _LI1:
  67  004C              #line 67 "D:\zpw\귄\2362A\project\UART0_433MHZ.c"
  67  004C  0700     R  	mov a,_UART0_433MHz_AT_Adr_2[23]
  67  004D  0080     E  	mov ra,a
  67  004E  2800     R  	jmp _L18
  67  004F              _L17:
  70  004F              #line 70 "D:\zpw\귄\2362A\project\UART0_433MHZ.c"
  70  004F  0700     R  	mov a,_UART0_433MHz_AT_Adr_2[0]
  70  0050  0500     R  	or a,_UART0_433MHz_AT_Adr_2[1]
  70  0051  390A        	snz z
  70  0052  2800     R  	jmp _L19
  72  0053              #line 72 "D:\zpw\귄\2362A\project\UART0_433MHZ.c"
  72  0053  0F30        	mov a,48
  72  0054  0080     R  	mov _UART0_433MHz_AT_Adr_2[9],a
  72  0055  0F08        	mov a,8
  72  0056  0080     E  	mov ra,a
  72  0057  2800     R  	jmp _L20
  72  0058              _L19:
  67  0058              #line 67 "D:\zpw\귄\2362A\project\UART0_433MHZ.c"
  67  0058  0F07        	mov a,7
  67  0059  0080     E  	mov rh,a
  67  005A              #pragma debug scope 8 7
  67  005A              ;begin block, line: 67.-1
  67  005A              #pragma debug variable 8 8 _UART0_433MHz_AT_Adr_2+26 "temp1"
  67  005A              #pragma debug variable 8 8 _UART0_433MHz_AT_Adr_2+25 "Num"
  83  005A              #line 83 "D:\zpw\귄\2362A\project\UART0_433MHZ.c"
  83  005A  0F00     R  	mov a,low offset _UART0_433MHz_AT_Adr_2
  83  005B  0080     E  	mov rd,a
  83  005C  0F00     R  	mov a,high offset _UART0_433MHz_AT_Adr_2
  83  005D  0080     E  	mov re,a
  83  005E  0F02        	mov a,2
  83  005F  0380     E  	addm a,rd
  83  0060  0F00        	mov a,0
  83  0061  1380     E  	adcm a,re
  83  0062              _L22:
  81  0062              #line 81 "D:\zpw\귄\2362A\project\UART0_433MHZ.c"
  81  0062  0700     R  	mov a,_UART0_433MHz_AT_Adr_2[0]
  81  0063  0080     E  	mov rb,a
  81  0064  0700     R  	mov a,_UART0_433MHz_AT_Adr_2[1]
  81  0065  0080     E  	mov rc,a
  81  0066  1B10        	rrca intc
  81  0067  3410        	clr intc.0
  81  0068  0700     E  	mov a,rb
匡숭：UART0_433MHZ.c 긍陋포경굶 HGASM 0202 女늴9

  81  0069  00D9        	mov mduwr0,a
  81  006A  0700     E  	mov a,rc
  81  006B  00DA        	mov mduwr1,a
  81  006C  0F0A        	mov a,10
  81  006D  00DD        	mov mduwr4,a
  81  006E  0F00        	mov a,0
  81  006F  00DE        	mov mduwr5,a
  81  0070  0F06        	mov a,6
  81  0071              _LI2:
  81  0071  1785        	sdz acc
  81  0072  2800     R  	jmp _LI2
  81  0073  075D        	mov a,mduwr4
  81  0074  0080     E  	mov rf,a
  81  0075  075E        	mov a,mduwr5
  81  0076  0080     E  	mov rg,a
  81  0077  3C0A        	sz c
  81  0078  3010        	set intc.0
  82  0079              #line 82 "D:\zpw\귄\2362A\project\UART0_433MHZ.c"
  82  0079  1B10        	rrca intc
  82  007A  3410        	clr intc.0
  82  007B  0700     E  	mov a,rb
  82  007C  00D9        	mov mduwr0,a
  82  007D  0700     E  	mov a,rc
  82  007E  00DA        	mov mduwr1,a
  82  007F  0F0A        	mov a,10
  82  0080  00DD        	mov mduwr4,a
  82  0081  0F00        	mov a,0
  82  0082  00DE        	mov mduwr5,a
  82  0083  0F06        	mov a,6
  82  0084              _LI3:
  82  0084  1785        	sdz acc
  82  0085  2800     R  	jmp _LI3
  82  0086  0759        	mov a,mduwr0
  82  0087  0080     R  	mov _UART0_433MHz_AT_Adr_2[0],a
  82  0088  075A        	mov a,mduwr1
  82  0089  0080     R  	mov _UART0_433MHz_AT_Adr_2[1],a
  82  008A  3C0A        	sz c
  82  008B  3010        	set intc.0
  83  008C              #line 83 "D:\zpw\귄\2362A\project\UART0_433MHZ.c"
  83  008C  1400     E  	inca rh
  83  008D  0080     E  	mov ra,a
  83  008E  0700     E  	mov a,rh
  83  008F  0080     E  	mov rg,a
  83  0090  1F00     E  	clr rh
  83  0091  0F30        	mov a,48
  83  0092  0380     E  	addm a,rf
  83  0093  0700     E  	mov a,rg
  83  0094  0300     E  	add a,rd
  83  0095  0083        	mov mp,a
  83  0096  0700     E  	mov a,rh
  83  0097  1300     E  	adc a,re
  83  0098  0084        	mov sbp,a
  83  0099  0700     E  	mov a,rf
  83  009A  0082        	mov ir,a
  78  009B              #line 78 "D:\zpw\귄\2362A\project\UART0_433MHZ.c"
  78  009B  0700     R  	mov a,_UART0_433MHz_AT_Adr_2[0]
  78  009C  0500     R  	or a,_UART0_433MHz_AT_Adr_2[1]
  78  009D  3D0A        	sz z
  78  009E  2800     R  	jmp _L21
  83  009F              #line 83 "D:\zpw\귄\2362A\project\UART0_433MHZ.c"
匡숭：UART0_433MHZ.c 긍陋포경굶 HGASM 0202 女늴10

  83  009F  0700     E  	mov a,ra
  83  00A0  0080     E  	mov rh,a
  83  00A1  2800     R  	jmp _L22
  83  00A2              _L21:
  90  00A2              #line 90 "D:\zpw\귄\2362A\project\UART0_433MHZ.c"
  90  00A2  0FFA        	mov a,250
  90  00A3  0300     E  	add a,rg
  90  00A4  0080     E  	mov rb,a
  90  00A5  0FFF        	mov a,255
  90  00A6  1300     E  	adc a,rh
  90  00A7  0080     E  	mov rc,a
  90  00A8  0700     E  	mov a,rb
  90  00A9  0080     E  	mov rd,a
  90  00AA  0700     E  	mov a,rc
  90  00AB  0080     E  	mov re,a
  90  00AC  1A80     E  	rlc re
  90  00AD  1F00     E  	clr rd
  90  00AE  1A80     E  	rlc rd
  90  00AF  1F00     E  	clr re
  90  00B0  0700     E  	mov a,rd
  90  00B1  0380     E  	addm a,rb
  90  00B2  0700     E  	mov a,re
  90  00B3  1380     E  	adcm a,rc
  90  00B4  1A00     E  	rlca rc
  90  00B5  1B80     E  	rrc rc
  90  00B6  1B80     E  	rrc rb
  90  00B7  0700     E  	mov a,rb
  90  00B8  0080     R  	mov _UART0_433MHz_AT_Adr_2[25],a
  91  00B9              #line 91 "D:\zpw\귄\2362A\project\UART0_433MHZ.c"
  91  00B9  1F00     E  	clr rf
  93  00BA              #line 93 "D:\zpw\귄\2362A\project\UART0_433MHZ.c"
  93  00BA  0F00     R  	mov a,low offset _UART0_433MHz_AT_Adr_2
  93  00BB  0080     E  	mov rb,a
  93  00BC  0F00     R  	mov a,high offset _UART0_433MHz_AT_Adr_2
  93  00BD  0080     E  	mov rc,a
  93  00BE  0F02        	mov a,2
  93  00BF  0300     E  	add a,rb
  93  00C0  0080     R  	mov _UART0_433MHz_AT_Adr_2[23],a
  93  00C1  0F00        	mov a,0
  93  00C2  1300     E  	adc a,rc
  93  00C3  0080     R  	mov _UART0_433MHz_AT_Adr_2[24],a
  93  00C4              _L23:
  91  00C4              #line 91 "D:\zpw\귄\2362A\project\UART0_433MHZ.c"
  91  00C4  0700     E  	mov a,rf
  91  00C5  0200     R  	sub a,_UART0_433MHz_AT_Adr_2[25]
  91  00C6  3C0A        	sz c
  91  00C7  2800     R  	jmp _L20
  93  00C8              #line 93 "D:\zpw\귄\2362A\project\UART0_433MHZ.c"
  93  00C8  0700     E  	mov a,rf
  93  00C9  0080     E  	mov rb,a
  93  00CA  1F00     E  	clr rc
  93  00CB  0F07        	mov a,7
  93  00CC  0300     E  	add a,rb
  93  00CD  0080     E  	mov rd,a
  93  00CE  0F00        	mov a,0
  93  00CF  1300     E  	adc a,rc
  93  00D0  0080     E  	mov re,a
  93  00D1  0700     R  	mov a,_UART0_433MHz_AT_Adr_2[23]
  93  00D2  0380     E  	addm a,rd
  93  00D3  0700     R  	mov a,_UART0_433MHz_AT_Adr_2[24]
匡숭：UART0_433MHZ.c 긍陋포경굶 HGASM 0202 女늴11

  93  00D4  1380     E  	adcm a,re
  93  00D5  0700     E  	mov a,rd
  93  00D6  0083        	mov mp,a
  93  00D7  0700     E  	mov a,re
  93  00D8  0084        	mov sbp,a
  93  00D9              	fcall _Crom2Prom
  93  00E0  0080     R  	mov _UART0_433MHz_AT_Adr_2[26],a
  94  00E1              #line 94 "D:\zpw\귄\2362A\project\UART0_433MHZ.c"
  94  00E1  0700     E  	mov a,rg
  94  00E2  0280     E  	subm a,rb
  94  00E3  0700     E  	mov a,rh
  94  00E4  1280     E  	sbcm a,rc
  94  00E5  0700     R  	mov a,_UART0_433MHz_AT_Adr_2[23]
  94  00E6  0380     E  	addm a,rb
  94  00E7  0700     R  	mov a,_UART0_433MHz_AT_Adr_2[24]
  94  00E8  1380     E  	adcm a,rc
  94  00E9  0700     E  	mov a,rb
  94  00EA  0083        	mov mp,a
  94  00EB  0700     E  	mov a,rc
  94  00EC  0084        	mov sbp,a
  94  00ED              	fcall _Crom2Prom
  94  00F4  0080     R  	mov _UART0_433MHz_AT_Adr_2[27],a
  94  00F5  0700     E  	mov a,rd
  94  00F6  0083        	mov mp,a
  94  00F7  0700     E  	mov a,re
  94  00F8  0084        	mov sbp,a
  94  00F9  0700     R  	mov a,_UART0_433MHz_AT_Adr_2[27]
  94  00FA  0082        	mov ir,a
  95  00FB              #line 95 "D:\zpw\귄\2362A\project\UART0_433MHZ.c"
  95  00FB  0700     E  	mov a,rb
  95  00FC  0083        	mov mp,a
  95  00FD  0700     E  	mov a,rc
  95  00FE  0084        	mov sbp,a
  95  00FF  0700     R  	mov a,_UART0_433MHz_AT_Adr_2[26]
  95  0100  0082        	mov ir,a
  91  0101              #line 91 "D:\zpw\귄\2362A\project\UART0_433MHZ.c"
  91  0101  1480     E  	inc rf
  91  0102  2800     R  	jmp _L23
  91  0103              _L20:
  91  0103              #pragma debug scope 7 1
  99  0103              #line 99 "D:\zpw\귄\2362A\project\UART0_433MHZ.c"
  99  0103  0F00     R  	mov a,low offset _UART0_433MHz_AT_Adr_2
  99  0104  0080     E  	mov rb,a
  99  0105  0F00     R  	mov a,high offset _UART0_433MHz_AT_Adr_2
  99  0106  0080     E  	mov rc,a
  99  0107  0F02        	mov a,2
  99  0108  0380     E  	addm a,rb
  99  0109  0F00        	mov a,0
  99  010A  1380     E  	adcm a,rc
  99  010B  0700     E  	mov a,ra
  99  010C  0300     E  	add a,rb
  99  010D  0083        	mov mp,a
  99  010E  1F05        	clr acc
  99  010F  1300     E  	adc a,rc
  99  0110  0084        	mov sbp,a
  99  0111  0F0D        	mov a,13
  99  0112  0082        	mov ir,a
  99  0113  1400     E  	inca ra
  99  0114  0080     E  	mov rd,a
 100  0115              #line 100 "D:\zpw\귄\2362A\project\UART0_433MHZ.c"
匡숭：UART0_433MHZ.c 긍陋포경굶 HGASM 0202 女늴12

 100  0115  0700     E  	mov a,rd
 100  0116  0300     E  	add a,rb
 100  0117  0083        	mov mp,a
 100  0118  1F05        	clr acc
 100  0119  1300     E  	adc a,rc
 100  011A  0084        	mov sbp,a
 100  011B  0F0A        	mov a,10
 100  011C  0082        	mov ir,a
 102  011D              #line 102 "D:\zpw\귄\2362A\project\UART0_433MHZ.c"
 102  011D  0700     E  	mov a,ra
 102  011E  0B02        	add a,2
 102  011F  0080     R  	mov _UART0_433MHz_SendString_2[2],a
 102  0120  0700     E  	mov a,rb
 102  0121  0080     R  	mov _UART0_433MHz_SendString_2[0],a
 102  0122  0700     E  	mov a,rc
 102  0123  0080     R  	mov _UART0_433MHz_SendString_2[1],a
 102  0124              	fcall _UART0_433MHz_SendString
 102  012B  0003        	ret
 102  012C              _UART0_433MHz_AT_Adr endp
 102  012C              #line 102 "D:\zpw\귄\2362A\project\UART0_433MHZ.c"
 102  012C              #pragma debug scope 1 1
 102  012C              public _UART0_433MHz_AT_PB
 102  012C              #pragma debug scope 9 1
 106  012C              #line 106 "D:\zpw\귄\2362A\project\UART0_433MHZ.c"
 106  0000              _UART0_433MHz_AT_PB .section 'code'
 106  0000              _UART0_433MHz_AT_PB proc
 106  0000  000D[           local _UART0_433MHz_AT_PB_2 db 13 dup(?)	; 0,13
            00
            ]
 106  0000  0080     E  	mov ra,a
 106  0001              #pragma debug variable 8 9 _UART0_433MHz_AT_PB_2+12 "Data"
 106  0001              #pragma debug array 48 8 12 9
 106  0001              #pragma debug array 48 8 12 9
 106  0001              #pragma debug variable 48 9 _UART0_433MHz_AT_PB_2+0 "PB"
 107  0001              #line 107 "D:\zpw\귄\2362A\project\UART0_433MHZ.c"
 107  0001  0F41        	mov a,65
 107  0002  0080     R  	mov _UART0_433MHz_AT_PB_2[0],a
 107  0003  0F54        	mov a,84
 107  0004  0080     R  	mov _UART0_433MHz_AT_PB_2[1],a
 107  0005  0F2B        	mov a,43
 107  0006  0080     R  	mov _UART0_433MHz_AT_PB_2[2],a
 107  0007  0F50        	mov a,80
 107  0008  0080     R  	mov _UART0_433MHz_AT_PB_2[3],a
 107  0009  0F42        	mov a,66
 107  000A  0080     R  	mov _UART0_433MHz_AT_PB_2[4],a
 107  000B  0F3D        	mov a,61
 107  000C  0080     R  	mov _UART0_433MHz_AT_PB_2[5],a
 107  000D  0F30        	mov a,48
 107  000E  0080     R  	mov _UART0_433MHz_AT_PB_2[7],a
 107  000F  0F30        	mov a,48
 107  0010  0080     R  	mov _UART0_433MHz_AT_PB_2[8],a
 107  0011  0F30        	mov a,48
 107  0012  0080     R  	mov _UART0_433MHz_AT_PB_2[9],a
 107  0013  0F0D        	mov a,13
 107  0014  0080     R  	mov _UART0_433MHz_AT_PB_2[10],a
 107  0015  0F0A        	mov a,10
 107  0016  0080     R  	mov _UART0_433MHz_AT_PB_2[11],a
 109  0017              #line 109 "D:\zpw\귄\2362A\project\UART0_433MHZ.c"
 109  0017  0700     E  	mov a,ra
 109  0018  0B30        	add a,48
匡숭：UART0_433MHZ.c 긍陋포경굶 HGASM 0202 女늴13

 109  0019  0080     R  	mov _UART0_433MHz_AT_PB_2[6],a
 110  001A              #line 110 "D:\zpw\귄\2362A\project\UART0_433MHZ.c"
 110  001A  0F0C        	mov a,12
 110  001B  0080     R  	mov _UART0_433MHz_SendString_2[2],a
 110  001C  0F00     R  	mov a,low offset _UART0_433MHz_AT_PB_2
 110  001D  0080     R  	mov _UART0_433MHz_SendString_2[0],a
 110  001E  0F00     R  	mov a,high offset _UART0_433MHz_AT_PB_2
 110  001F  0080     R  	mov _UART0_433MHz_SendString_2[1],a
 110  0020              	fcall _UART0_433MHz_SendString
 110  0027  0003        	ret
 110  0028              _UART0_433MHz_AT_PB endp
 110  0028              #line 110 "D:\zpw\귄\2362A\project\UART0_433MHZ.c"
 110  0028              #pragma debug scope 1 1
 110  0028              public _UART0_433MHz_AT_BW
 110  0028              #pragma debug scope 10 1
 114  0028              #line 114 "D:\zpw\귄\2362A\project\UART0_433MHZ.c"
 114  0000              _UART0_433MHz_AT_BW .section 'code'
 114  0000              _UART0_433MHz_AT_BW proc
 114  0000  000A[           local _UART0_433MHz_AT_BW_2 db 10 dup(?)	; 0,10
            00
            ]
 114  0000  0080     E  	mov ra,a
 114  0001              #pragma debug variable 8 10 _UART0_433MHz_AT_BW_2+9 "Data"
 114  0001              #pragma debug array 49 8 9 10
 114  0001              #pragma debug array 49 8 9 10
 114  0001              #pragma debug variable 49 10 _UART0_433MHz_AT_BW_2+0 "BW"
 115  0001              #line 115 "D:\zpw\귄\2362A\project\UART0_433MHZ.c"
 115  0001  0F41        	mov a,65
 115  0002  0080     R  	mov _UART0_433MHz_AT_BW_2[0],a
 115  0003  0F54        	mov a,84
 115  0004  0080     R  	mov _UART0_433MHz_AT_BW_2[1],a
 115  0005  0F2B        	mov a,43
 115  0006  0080     R  	mov _UART0_433MHz_AT_BW_2[2],a
 115  0007  0F42        	mov a,66
 115  0008  0080     R  	mov _UART0_433MHz_AT_BW_2[3],a
 115  0009  0F57        	mov a,87
 115  000A  0080     R  	mov _UART0_433MHz_AT_BW_2[4],a
 115  000B  0F3D        	mov a,61
 115  000C  0080     R  	mov _UART0_433MHz_AT_BW_2[5],a
 115  000D  0F0D        	mov a,13
 115  000E  0080     R  	mov _UART0_433MHz_AT_BW_2[7],a
 115  000F  0F0A        	mov a,10
 115  0010  0080     R  	mov _UART0_433MHz_AT_BW_2[8],a
 117  0011              #line 117 "D:\zpw\귄\2362A\project\UART0_433MHZ.c"
 117  0011  0700     E  	mov a,ra
 117  0012  0B30        	add a,48
 117  0013  0080     R  	mov _UART0_433MHz_AT_BW_2[6],a
 118  0014              #line 118 "D:\zpw\귄\2362A\project\UART0_433MHZ.c"
 118  0014  0F09        	mov a,9
 118  0015  0080     R  	mov _UART0_433MHz_SendString_2[2],a
 118  0016  0F00     R  	mov a,low offset _UART0_433MHz_AT_BW_2
 118  0017  0080     R  	mov _UART0_433MHz_SendString_2[0],a
 118  0018  0F00     R  	mov a,high offset _UART0_433MHz_AT_BW_2
 118  0019  0080     R  	mov _UART0_433MHz_SendString_2[1],a
 118  001A              	fcall _UART0_433MHz_SendString
 118  0021  0003        	ret
 118  0022              _UART0_433MHz_AT_BW endp
 118  0022              #line 118 "D:\zpw\귄\2362A\project\UART0_433MHZ.c"
 118  0022              #pragma debug scope 1 1
 118  0022              public _UART0_433MHz_AT_FEQ
匡숭：UART0_433MHZ.c 긍陋포경굶 HGASM 0202 女늴14

 118  0022              #pragma debug scope 11 1
 122  0022              #line 122 "D:\zpw\귄\2362A\project\UART0_433MHZ.c"
 122  0000              _UART0_433MHz_AT_FEQ .section 'code'
 122  0000              _UART0_433MHz_AT_FEQ proc
 122  0000  0012[           local _UART0_433MHz_AT_FEQ_2 db 18 dup(?)	; 0,18
            00
            ]
 122  0012              #pragma debug array 50 8 18 11
 122  0012              #pragma debug array 50 8 18 11
 122  0012              #pragma debug variable 50 11 _UART0_433MHz_AT_FEQ_2+0 "Freq"
 123  0012              #line 123 "D:\zpw\귄\2362A\project\UART0_433MHZ.c"
 123  0000  0F41        	mov a,65
 123  0001  0080     R  	mov _UART0_433MHz_AT_FEQ_2[0],a
 123  0002  0F54        	mov a,84
 123  0003  0080     R  	mov _UART0_433MHz_AT_FEQ_2[1],a
 123  0004  0F2B        	mov a,43
 123  0005  0080     R  	mov _UART0_433MHz_AT_FEQ_2[2],a
 123  0006  0F46        	mov a,70
 123  0007  0080     R  	mov _UART0_433MHz_AT_FEQ_2[3],a
 123  0008  0F45        	mov a,69
 123  0009  0080     R  	mov _UART0_433MHz_AT_FEQ_2[4],a
 123  000A  0F51        	mov a,81
 123  000B  0080     R  	mov _UART0_433MHz_AT_FEQ_2[5],a
 123  000C  0F3D        	mov a,61
 123  000D  0080     R  	mov _UART0_433MHz_AT_FEQ_2[6],a
 123  000E  0F34        	mov a,52
 123  000F  0080     R  	mov _UART0_433MHz_AT_FEQ_2[7],a
 123  0010  0F33        	mov a,51
 123  0011  0080     R  	mov _UART0_433MHz_AT_FEQ_2[8],a
 123  0012  0F34        	mov a,52
 123  0013  0080     R  	mov _UART0_433MHz_AT_FEQ_2[9],a
 123  0014  0F30        	mov a,48
 123  0015  0080     R  	mov _UART0_433MHz_AT_FEQ_2[10],a
 123  0016  0F30        	mov a,48
 123  0017  0080     R  	mov _UART0_433MHz_AT_FEQ_2[11],a
 123  0018  0F30        	mov a,48
 123  0019  0080     R  	mov _UART0_433MHz_AT_FEQ_2[12],a
 123  001A  0F30        	mov a,48
 123  001B  0080     R  	mov _UART0_433MHz_AT_FEQ_2[13],a
 123  001C  0F30        	mov a,48
 123  001D  0080     R  	mov _UART0_433MHz_AT_FEQ_2[14],a
 123  001E  0F30        	mov a,48
 123  001F  0080     R  	mov _UART0_433MHz_AT_FEQ_2[15],a
 123  0020  0F0D        	mov a,13
 123  0021  0080     R  	mov _UART0_433MHz_AT_FEQ_2[16],a
 123  0022  0F0A        	mov a,10
 123  0023  0080     R  	mov _UART0_433MHz_AT_FEQ_2[17],a
 125  0024              #line 125 "D:\zpw\귄\2362A\project\UART0_433MHZ.c"
 125  0024  0F12        	mov a,18
 125  0025  0080     R  	mov _UART0_433MHz_SendString_2[2],a
 125  0026  0F00     R  	mov a,low offset _UART0_433MHz_AT_FEQ_2
 125  0027  0080     R  	mov _UART0_433MHz_SendString_2[0],a
 125  0028  0F00     R  	mov a,high offset _UART0_433MHz_AT_FEQ_2
 125  0029  0080     R  	mov _UART0_433MHz_SendString_2[1],a
 125  002A              	fcall _UART0_433MHz_SendString
 125  0031  0003        	ret
 125  0032              _UART0_433MHz_AT_FEQ endp
 125  0032              #line 125 "D:\zpw\귄\2362A\project\UART0_433MHZ.c"
 125  0032              #pragma debug scope 1 1
 125  0032              public _UART0_433MHz_AT_SF
匡숭：UART0_433MHZ.c 긍陋포경굶 HGASM 0202 女늴15

 125  0032              #pragma debug scope 12 1
 129  0032              #line 129 "D:\zpw\귄\2362A\project\UART0_433MHZ.c"
 129  0000              _UART0_433MHz_AT_SF .section 'code'
 129  0000              _UART0_433MHz_AT_SF proc
 129  0000  000B[           local _UART0_433MHz_AT_SF_2 db 11 dup(?)	; 0,11
            00
            ]
 129  0000  0080     E  	mov ra,a
 129  0001  0080     R  	mov _UART0_433MHz_AT_SF_2[10],a
 129  0002              #pragma debug variable 8 12 _UART0_433MHz_AT_SF_2+10 "Data"
 130  0002              #line 130 "D:\zpw\귄\2362A\project\UART0_433MHZ.c"
 130  0002  0FF9        	mov a,249
 130  0003  0380     E  	addm a,ra
 130  0004  0F02        	mov a,2
 130  0005  0200     E  	sub a,ra
 130  0006  380A        	snz c
 130  0007  2800     R  	jmp _L29
 130  0008              #pragma debug scope 13 12
 130  0008              ;begin block, line: 130.-1
 130  0008              #pragma debug scope 14 13
 130  0008              ;begin block, line: 130.-1
 130  0008              #pragma debug array 51 8 9 14
 130  0008              #pragma debug array 51 8 9 14
 130  0008              #pragma debug variable 51 14 _UART0_433MHz_AT_SF_2+0 "SF"
 132  0008              #line 132 "D:\zpw\귄\2362A\project\UART0_433MHZ.c"
 132  0008  0F41        	mov a,65
 132  0009  0080     R  	mov _UART0_433MHz_AT_SF_2[0],a
 132  000A  0F54        	mov a,84
 132  000B  0080     R  	mov _UART0_433MHz_AT_SF_2[1],a
 132  000C  0F2B        	mov a,43
 132  000D  0080     R  	mov _UART0_433MHz_AT_SF_2[2],a
 132  000E  0F53        	mov a,83
 132  000F  0080     R  	mov _UART0_433MHz_AT_SF_2[3],a
 132  0010  0F46        	mov a,70
 132  0011  0080     R  	mov _UART0_433MHz_AT_SF_2[4],a
 132  0012  0F3D        	mov a,61
 132  0013  0080     R  	mov _UART0_433MHz_AT_SF_2[5],a
 132  0014  0F0D        	mov a,13
 132  0015  0080     R  	mov _UART0_433MHz_AT_SF_2[7],a
 132  0016  0F0A        	mov a,10
 132  0017  0080     R  	mov _UART0_433MHz_AT_SF_2[8],a
 133  0018              #line 133 "D:\zpw\귄\2362A\project\UART0_433MHZ.c"
 133  0018  0700     R  	mov a,_UART0_433MHz_AT_SF_2[10]
 133  0019  0B30        	add a,48
 133  001A  0080     R  	mov _UART0_433MHz_AT_SF_2[6],a
 135  001B              #line 135 "D:\zpw\귄\2362A\project\UART0_433MHZ.c"
 135  001B  0F09        	mov a,9
 135  001C  0080     R  	mov _UART0_433MHz_SendString_2[2],a
 135  001D  2800     R  	jmp _L31
 135  001E              _L29:
 135  001E              #pragma debug scope 13 12
 135  001E              #pragma debug scope 12 1
 137  001E              #line 137 "D:\zpw\귄\2362A\project\UART0_433MHZ.c"
 137  001E  0700     R  	mov a,_UART0_433MHz_AT_SF_2[10]
 137  001F  0BF6        	add a,246
 137  0020  0080     E  	mov ra,a
 137  0021  0F02        	mov a,2
 137  0022  0200     E  	sub a,ra
 137  0023  380A        	snz c
 137  0024  2800     R  	jmp _L28
匡숭：UART0_433MHZ.c 긍陋포경굶 HGASM 0202 女늴16

 137  0025              #pragma debug scope 15 12
 137  0025              ;begin block, line: 137.-1
 137  0025              #pragma debug array 52 8 10 15
 137  0025              #pragma debug array 52 8 10 15
 137  0025              #pragma debug variable 52 15 _UART0_433MHz_AT_SF_2+0 "SF"
 139  0025              #line 139 "D:\zpw\귄\2362A\project\UART0_433MHZ.c"
 139  0025  0F41        	mov a,65
 139  0026  0080     R  	mov _UART0_433MHz_AT_SF_2[0],a
 139  0027  0F54        	mov a,84
 139  0028  0080     R  	mov _UART0_433MHz_AT_SF_2[1],a
 139  0029  0F2B        	mov a,43
 139  002A  0080     R  	mov _UART0_433MHz_AT_SF_2[2],a
 139  002B  0F53        	mov a,83
 139  002C  0080     R  	mov _UART0_433MHz_AT_SF_2[3],a
 139  002D  0F46        	mov a,70
 139  002E  0080     R  	mov _UART0_433MHz_AT_SF_2[4],a
 139  002F  0F3D        	mov a,61
 139  0030  0080     R  	mov _UART0_433MHz_AT_SF_2[5],a
 139  0031  0F31        	mov a,49
 139  0032  0080     R  	mov _UART0_433MHz_AT_SF_2[6],a
 139  0033  0F0D        	mov a,13
 139  0034  0080     R  	mov _UART0_433MHz_AT_SF_2[8],a
 139  0035  0F0A        	mov a,10
 139  0036  0080     R  	mov _UART0_433MHz_AT_SF_2[9],a
 140  0037              #line 140 "D:\zpw\귄\2362A\project\UART0_433MHZ.c"
 140  0037  0700     R  	mov a,_UART0_433MHz_AT_SF_2[10]
 140  0038  0B26        	add a,38
 140  0039  0080     R  	mov _UART0_433MHz_AT_SF_2[7],a
 142  003A              #line 142 "D:\zpw\귄\2362A\project\UART0_433MHZ.c"
 142  003A  0F0A        	mov a,10
 142  003B  0080     R  	mov _UART0_433MHz_SendString_2[2],a
 142  003C              _L31:
 142  003C  0F00     R  	mov a,low offset _UART0_433MHz_AT_SF_2
 142  003D  0080     R  	mov _UART0_433MHz_SendString_2[0],a
 142  003E  0F00     R  	mov a,high offset _UART0_433MHz_AT_SF_2
 142  003F  0080     R  	mov _UART0_433MHz_SendString_2[1],a
 142  0040              	fcall _UART0_433MHz_SendString
 142  0047              _L28:
 142  0047              #pragma debug scope 12 1
 142  0047  0003        	ret
 142  0048              _UART0_433MHz_AT_SF endp
 142  0048              #line 142 "D:\zpw\귄\2362A\project\UART0_433MHZ.c"
 142  0048              #pragma debug scope 1 1
 142  0048              public _UART0_433MHz_ATW
 142  0048              #pragma debug scope 16 1
 147  0048              #line 147 "D:\zpw\귄\2362A\project\UART0_433MHZ.c"
 147  0000              _UART0_433MHz_ATW .section 'code'
 147  0000              _UART0_433MHz_ATW proc
 147  0000  0005[           local _UART0_433MHz_ATW_2 db 5 dup(?)	; 0,5
            00
            ]
 147  0005              #pragma debug array 53 8 5 16
 147  0005              #pragma debug array 53 8 5 16
 147  0005              #pragma debug variable 53 16 _UART0_433MHz_ATW_2+0 "ATW"
 148  0005              #line 148 "D:\zpw\귄\2362A\project\UART0_433MHZ.c"
 148  0000  0F41        	mov a,65
 148  0001  0080     R  	mov _UART0_433MHz_ATW_2[0],a
 148  0002  0F54        	mov a,84
 148  0003  0080     R  	mov _UART0_433MHz_ATW_2[1],a
 148  0004  0F57        	mov a,87
匡숭：UART0_433MHZ.c 긍陋포경굶 HGASM 0202 女늴17

 148  0005  0080     R  	mov _UART0_433MHz_ATW_2[2],a
 148  0006  0F0D        	mov a,13
 148  0007  0080     R  	mov _UART0_433MHz_ATW_2[3],a
 148  0008  0F0A        	mov a,10
 148  0009  0080     R  	mov _UART0_433MHz_ATW_2[4],a
 150  000A              #line 150 "D:\zpw\귄\2362A\project\UART0_433MHZ.c"
 150  000A  0F05        	mov a,5
 150  000B  0080     R  	mov _UART0_433MHz_SendString_2[2],a
 150  000C  0F00     R  	mov a,low offset _UART0_433MHz_ATW_2
 150  000D  0080     R  	mov _UART0_433MHz_SendString_2[0],a
 150  000E  0F00     R  	mov a,high offset _UART0_433MHz_ATW_2
 150  000F  0080     R  	mov _UART0_433MHz_SendString_2[1],a
 150  0010              	fcall _UART0_433MHz_SendString
 150  0017  0003        	ret
 150  0018              _UART0_433MHz_ATW endp
 150  0018              #line 150 "D:\zpw\귄\2362A\project\UART0_433MHZ.c"
 150  0018              #pragma debug scope 1 1
 150  0018              public _UART0_433MHz_ATL
 150  0018              #pragma debug scope 17 1
 154  0018              #line 154 "D:\zpw\귄\2362A\project\UART0_433MHZ.c"
 154  0000              _UART0_433MHz_ATL .section 'code'
 154  0000              _UART0_433MHz_ATL proc
 154  0000  0005[           local _UART0_433MHz_ATL_2 db 5 dup(?)	; 0,5
            00
            ]
 154  0005              #pragma debug array 54 8 5 17
 154  0005              #pragma debug array 54 8 5 17
 154  0005              #pragma debug variable 54 17 _UART0_433MHz_ATL_2+0 "ATL"
 155  0005              #line 155 "D:\zpw\귄\2362A\project\UART0_433MHZ.c"
 155  0000  0F41        	mov a,65
 155  0001  0080     R  	mov _UART0_433MHz_ATL_2[0],a
 155  0002  0F54        	mov a,84
 155  0003  0080     R  	mov _UART0_433MHz_ATL_2[1],a
 155  0004  0F4C        	mov a,76
 155  0005  0080     R  	mov _UART0_433MHz_ATL_2[2],a
 155  0006  0F0D        	mov a,13
 155  0007  0080     R  	mov _UART0_433MHz_ATL_2[3],a
 155  0008  0F0A        	mov a,10
 155  0009  0080     R  	mov _UART0_433MHz_ATL_2[4],a
 157  000A              #line 157 "D:\zpw\귄\2362A\project\UART0_433MHZ.c"
 157  000A  0F05        	mov a,5
 157  000B  0080     R  	mov _UART0_433MHz_SendString_2[2],a
 157  000C  0F00     R  	mov a,low offset _UART0_433MHz_ATL_2
 157  000D  0080     R  	mov _UART0_433MHz_SendString_2[0],a
 157  000E  0F00     R  	mov a,high offset _UART0_433MHz_ATL_2
 157  000F  0080     R  	mov _UART0_433MHz_SendString_2[1],a
 157  0010              	fcall _UART0_433MHz_SendString
 157  0017  0003        	ret
 157  0018              _UART0_433MHz_ATL endp
 157  0018              #line 157 "D:\zpw\귄\2362A\project\UART0_433MHZ.c"
 157  0018              #pragma debug scope 1 1
 157  0018              public _AT_PWR
 157  0018              #pragma debug scope 18 1
 161  0018              #line 161 "D:\zpw\귄\2362A\project\UART0_433MHZ.c"
 161  0000              _AT_PWR .section 'code'
 161  0000              _AT_PWR proc
 161  0000  000B[           local _AT_PWR_2 db 11 dup(?)	; 0,11
            00
            ]
 161  000B              #pragma debug array 55 8 11 18
匡숭：UART0_433MHZ.c 긍陋포경굶 HGASM 0202 女늴18

 161  000B              #pragma debug array 55 8 11 18
 161  000B              #pragma debug variable 55 18 _AT_PWR_2+0 "PWR"
 162  000B              #line 162 "D:\zpw\귄\2362A\project\UART0_433MHZ.c"
 162  0000  0F41        	mov a,65
 162  0001  0080     R  	mov _AT_PWR_2[0],a
 162  0002  0F54        	mov a,84
 162  0003  0080     R  	mov _AT_PWR_2[1],a
 162  0004  0F2B        	mov a,43
 162  0005  0080     R  	mov _AT_PWR_2[2],a
 162  0006  0F50        	mov a,80
 162  0007  0080     R  	mov _AT_PWR_2[3],a
 162  0008  0F57        	mov a,87
 162  0009  0080     R  	mov _AT_PWR_2[4],a
 162  000A  0F52        	mov a,82
 162  000B  0080     R  	mov _AT_PWR_2[5],a
 162  000C  0F3D        	mov a,61
 162  000D  0080     R  	mov _AT_PWR_2[6],a
 162  000E  0F32        	mov a,50
 162  000F  0080     R  	mov _AT_PWR_2[7],a
 162  0010  0F39        	mov a,57
 162  0011  0080     R  	mov _AT_PWR_2[8],a
 162  0012  0F0D        	mov a,13
 162  0013  0080     R  	mov _AT_PWR_2[9],a
 162  0014  0F0A        	mov a,10
 162  0015  0080     R  	mov _AT_PWR_2[10],a
 164  0016              #line 164 "D:\zpw\귄\2362A\project\UART0_433MHZ.c"
 164  0016  0F0B        	mov a,11
 164  0017  0080     R  	mov _UART0_433MHz_SendString_2[2],a
 164  0018  0F00     R  	mov a,low offset _AT_PWR_2
 164  0019  0080     R  	mov _UART0_433MHz_SendString_2[0],a
 164  001A  0F00     R  	mov a,high offset _AT_PWR_2
 164  001B  0080     R  	mov _UART0_433MHz_SendString_2[1],a
 164  001C              	fcall _UART0_433MHz_SendString
 164  0023  0003        	ret
 164  0024              _AT_PWR endp
 164  0024              #line 164 "D:\zpw\귄\2362A\project\UART0_433MHZ.c"
 164  0024              #pragma debug scope 1 1
 164  0024              public _UART0_433MHz_Init
 164  0024              #pragma debug scope 19 1
 168  0024              #line 168 "D:\zpw\귄\2362A\project\UART0_433MHZ.c"
 168  0000              _UART0_433MHz_Init .section 'code'
 168  0000              _UART0_433MHz_Init proc
 168  0000              public _UART0_433MHz_Init_2
 168  0000  0002[           local _UART0_433MHz_Init_2 db 2 dup(?)	; 2,0
            00
            ]
 168  0002              #pragma debug variable 12 19 _UART0_433MHz_Init_2+0 "Address"
 169  0002              #line 169 "D:\zpw\귄\2362A\project\UART0_433MHZ.c"
 169  0000  0F03        	mov a,3
 169  0001              	fcall _UART0_433MHz_AT_Baudrate
 170  0008              #line 170 "D:\zpw\귄\2362A\project\UART0_433MHZ.c"
 170  0008  0F32        	mov a,50
 170  0009  0080     E  	mov _Delay_ms_2[0],a
 170  000A  1F00     E  	clr _Delay_ms_2[1]
 170  000B              	fcall _Delay_ms
 171  0012              #line 171 "D:\zpw\귄\2362A\project\UART0_433MHZ.c"
 171  0012              	fcall _UART0_433MHz_AT_FEQ
 172  0019              #line 172 "D:\zpw\귄\2362A\project\UART0_433MHZ.c"
 172  0019  0F32        	mov a,50
 172  001A  0080     E  	mov _Delay_ms_2[0],a
匡숭：UART0_433MHZ.c 긍陋포경굶 HGASM 0202 女늴19

 172  001B  1F00     E  	clr _Delay_ms_2[1]
 172  001C              	fcall _Delay_ms
 173  0023              #line 173 "D:\zpw\귄\2362A\project\UART0_433MHZ.c"
 173  0023  0700     R  	mov a,_UART0_433MHz_Init_2[0]
 173  0024  0080     R  	mov _UART0_433MHz_AT_Adr_2[0],a
 173  0025  0700     R  	mov a,_UART0_433MHz_Init_2[1]
 173  0026  0080     R  	mov _UART0_433MHz_AT_Adr_2[1],a
 173  0027              	fcall _UART0_433MHz_AT_Adr
 174  002E              #line 174 "D:\zpw\귄\2362A\project\UART0_433MHZ.c"
 174  002E  0F32        	mov a,50
 174  002F  0080     E  	mov _Delay_ms_2[0],a
 174  0030  1F00     E  	clr _Delay_ms_2[1]
 174  0031              	fcall _Delay_ms
 175  0038              #line 175 "D:\zpw\귄\2362A\project\UART0_433MHZ.c"
 175  0038  0F00        	mov a,0
 175  0039              	fcall _UART0_433MHz_AT_Mode
 176  0040              #line 176 "D:\zpw\귄\2362A\project\UART0_433MHZ.c"
 176  0040  0F32        	mov a,50
 176  0041  0080     E  	mov _Delay_ms_2[0],a
 176  0042  1F00     E  	clr _Delay_ms_2[1]
 176  0043              	fcall _Delay_ms
 177  004A              #line 177 "D:\zpw\귄\2362A\project\UART0_433MHZ.c"
 177  004A  0F07        	mov a,7
 177  004B              	fcall _UART0_433MHz_AT_SF
 178  0052              #line 178 "D:\zpw\귄\2362A\project\UART0_433MHZ.c"
 178  0052  0F32        	mov a,50
 178  0053  0080     E  	mov _Delay_ms_2[0],a
 178  0054  1F00     E  	clr _Delay_ms_2[1]
 178  0055              	fcall _Delay_ms
 179  005C              #line 179 "D:\zpw\귄\2362A\project\UART0_433MHZ.c"
 179  005C  0F09        	mov a,9
 179  005D              	fcall _UART0_433MHz_AT_BW
 180  0064              #line 180 "D:\zpw\귄\2362A\project\UART0_433MHZ.c"
 180  0064  0F32        	mov a,50
 180  0065  0080     E  	mov _Delay_ms_2[0],a
 180  0066  1F00     E  	clr _Delay_ms_2[1]
 180  0067              	fcall _Delay_ms
 181  006E              #line 181 "D:\zpw\귄\2362A\project\UART0_433MHZ.c"
 181  006E  0F03        	mov a,3
 181  006F              	fcall _UART0_433MHz_AT_PB
 182  0076              #line 182 "D:\zpw\귄\2362A\project\UART0_433MHZ.c"
 182  0076  0F32        	mov a,50
 182  0077  0080     E  	mov _Delay_ms_2[0],a
 182  0078  1F00     E  	clr _Delay_ms_2[1]
 182  0079              	fcall _Delay_ms
 183  0080              #line 183 "D:\zpw\귄\2362A\project\UART0_433MHZ.c"
 183  0080              	fcall _AT_PWR
 184  0087              #line 184 "D:\zpw\귄\2362A\project\UART0_433MHZ.c"
 184  0087  0F32        	mov a,50
 184  0088  0080     E  	mov _Delay_ms_2[0],a
 184  0089  1F00     E  	clr _Delay_ms_2[1]
 184  008A              	fcall _Delay_ms
 185  0091              #line 185 "D:\zpw\귄\2362A\project\UART0_433MHZ.c"
 185  0091              	fcall _UART0_433MHz_ATW
 186  0098              #line 186 "D:\zpw\귄\2362A\project\UART0_433MHZ.c"
 186  0098  0F32        	mov a,50
 186  0099  0080     E  	mov _Delay_ms_2[0],a
 186  009A  1F00     E  	clr _Delay_ms_2[1]
 186  009B              	fcall _Delay_ms
 186  00A2  0003        	ret
匡숭：UART0_433MHZ.c 긍陋포경굶 HGASM 0202 女늴20

 186  00A3              _UART0_433MHz_Init endp
 186  00A3              #line 186 "D:\zpw\귄\2362A\project\UART0_433MHZ.c"
 186  00A3              #pragma debug scope 1 1
 186  00A3              public _UART0_Transmit_Data
 186  00A3              #pragma debug scope 20 1
 216  00A3              #line 216 "D:\zpw\귄\2362A\project\UART0_433MHZ.c"
 216  0000              _UART0_Transmit_Data .section 'code'
 216  0000              _UART0_Transmit_Data proc
 216  0000              public _UART0_Transmit_Data_2
 216  0000  0004[           local _UART0_Transmit_Data_2 db 4 dup(?)	; 3,1
            00
            ]
 216  0000  0080     E  	mov ra,a
 216  0001              #pragma debug variable 8 20 _UART0_Transmit_Data_2+3 "ADR_Code"
 216  0001              #pragma debug variable 8 20 _UART0_Transmit_Data_2+0 "Func_Code"
 216  0001              #pragma debug variable 12 20 _UART0_Transmit_Data_2+1 "Data"
 217  0001              #line 217 "D:\zpw\귄\2362A\project\UART0_433MHZ.c"
 217  0001  1F80     R  	set _UART0_Transmit_BUF[0]
 218  0002              #line 218 "D:\zpw\귄\2362A\project\UART0_433MHZ.c"
 218  0002  0700     E  	mov a,ra
 218  0003  0AAA        	sub a,170
 218  0004  3D0A        	sz z
 218  0005  2800     R  	jmp _L38
 218  0006              #line 218 "D:\zpw\귄\2362A\project\UART0_433MHZ.c"
 218  0006  0700     E  	mov a,ra
 218  0007  0AAB        	sub a,171
 218  0008  390A        	snz z
 218  0009  2800     R  	jmp _L37
 221  000A              #line 221 "D:\zpw\귄\2362A\project\UART0_433MHZ.c"
 221  000A  0FAB        	mov a,171
 221  000B  0080     R  	mov _UART0_Transmit_BUF[1],a
 221  000C  2800     R  	jmp _L37
 221  000D              _L38:
 220  000D              #line 220 "D:\zpw\귄\2362A\project\UART0_433MHZ.c"
 220  000D  0FAA        	mov a,170
 220  000E  0080     R  	mov _UART0_Transmit_BUF[1],a
 220  000F              _L37:
 224  000F              #line 224 "D:\zpw\귄\2362A\project\UART0_433MHZ.c"
 224  000F  0700     R  	mov a,_UART0_Transmit_Data_2[0]
 224  0010  0A01        	sub a,1
 224  0011  3D0A        	sz z
 224  0012  2800     R  	jmp _L41
 224  0013  0A01        	sub a,(2)-(1)
 224  0014  3D0A        	sz z
 224  0015  2800     R  	jmp _L42
 224  0016  0700     R  	mov a,_UART0_Transmit_Data_2[0]
 224  0017  0A03        	sub a,3
 224  0018  3D0A        	sz z
 224  0019  2800     R  	jmp _L43
 224  001A  0A01        	sub a,(4)-(3)
 224  001B  3D0A        	sz z
 224  001C  2800     R  	jmp _L44
 224  001D  0700     R  	mov a,_UART0_Transmit_Data_2[0]
 224  001E  0A06        	sub a,6
 224  001F  390A        	snz z
 224  0020  2800     R  	jmp _L50
 224  0021  2800     R  	jmp _L45
 224  0022              _L41:
 227  0022              #line 227 "D:\zpw\귄\2362A\project\UART0_433MHZ.c"
 227  0022  0F01        	mov a,1
匡숭：UART0_433MHZ.c 긍陋포경굶 HGASM 0202 女늴21

 227  0023  0080     R  	mov _UART0_Transmit_BUF[2],a
 228  0024              #line 228 "D:\zpw\귄\2362A\project\UART0_433MHZ.c"
 228  0024  0700     R  	mov a,_UART0_Transmit_Data_2[1]
 228  0025  0080     E  	mov rb,a
 228  0026  0700     R  	mov a,_UART0_Transmit_Data_2[2]
 228  0027  0080     E  	mov rc,a
 228  0028  1B10        	rrca intc
 228  0029  3410        	clr intc.0
 228  002A  0700     E  	mov a,rb
 228  002B  00D9        	mov mduwr0,a
 228  002C  0700     E  	mov a,rc
 228  002D  00DA        	mov mduwr1,a
 228  002E  0F10        	mov a,16
 228  002F  00DD        	mov mduwr4,a
 228  0030  0F27        	mov a,39
 228  0031  00DE        	mov mduwr5,a
 228  0032  0F06        	mov a,6
 228  0033              _LI4:
 228  0033  1785        	sdz acc
 228  0034  2800     R  	jmp _LI4
 228  0035  0759        	mov a,mduwr0
 228  0036  0080     E  	mov rd,a
 228  0037  075A        	mov a,mduwr1
 228  0038  0080     E  	mov re,a
 228  0039  3C0A        	sz c
 228  003A  3010        	set intc.0
 228  003B  1B10        	rrca intc
 228  003C  3410        	clr intc.0
 228  003D  0700     E  	mov a,rd
 228  003E  00D9        	mov mduwr0,a
 228  003F  0700     E  	mov a,re
 228  0040  00DA        	mov mduwr1,a
 228  0041  0F0A        	mov a,10
 228  0042  00DD        	mov mduwr4,a
 228  0043  0F00        	mov a,0
 228  0044  00DE        	mov mduwr5,a
 228  0045  0F06        	mov a,6
 228  0046              _LI5:
 228  0046  1785        	sdz acc
 228  0047  2800     R  	jmp _LI5
 228  0048  075D        	mov a,mduwr4
 228  0049  0080     E  	mov rd,a
 228  004A  075E        	mov a,mduwr5
 228  004B  0080     E  	mov re,a
 228  004C  3C0A        	sz c
 228  004D  3010        	set intc.0
 228  004E  0700     E  	mov a,rd
 228  004F  0080     R  	mov _UART0_Transmit_BUF[3],a
 229  0050              #line 229 "D:\zpw\귄\2362A\project\UART0_433MHZ.c"
 229  0050  1B10        	rrca intc
 229  0051  3410        	clr intc.0
 229  0052  0700     E  	mov a,rb
 229  0053  00D9        	mov mduwr0,a
 229  0054  0700     E  	mov a,rc
 229  0055  00DA        	mov mduwr1,a
 229  0056  0FE8        	mov a,232
 229  0057  00DD        	mov mduwr4,a
 229  0058  0F03        	mov a,3
 229  0059  00DE        	mov mduwr5,a
 229  005A  0F06        	mov a,6
匡숭：UART0_433MHZ.c 긍陋포경굶 HGASM 0202 女늴22

 229  005B              _LI6:
 229  005B  1785        	sdz acc
 229  005C  2800     R  	jmp _LI6
 229  005D  0759        	mov a,mduwr0
 229  005E  0080     E  	mov rd,a
 229  005F  075A        	mov a,mduwr1
 229  0060  0080     E  	mov re,a
 229  0061  3C0A        	sz c
 229  0062  3010        	set intc.0
 229  0063  1B10        	rrca intc
 229  0064  3410        	clr intc.0
 229  0065  0700     E  	mov a,rd
 229  0066  00D9        	mov mduwr0,a
 229  0067  0700     E  	mov a,re
 229  0068  00DA        	mov mduwr1,a
 229  0069  0F0A        	mov a,10
 229  006A  00DD        	mov mduwr4,a
 229  006B  0F00        	mov a,0
 229  006C  00DE        	mov mduwr5,a
 229  006D  0F06        	mov a,6
 229  006E              _LI7:
 229  006E  1785        	sdz acc
 229  006F  2800     R  	jmp _LI7
 229  0070  075D        	mov a,mduwr4
 229  0071  0080     E  	mov rd,a
 229  0072  075E        	mov a,mduwr5
 229  0073  0080     E  	mov re,a
 229  0074  3C0A        	sz c
 229  0075  3010        	set intc.0
 229  0076  0700     E  	mov a,rd
 229  0077  0080     R  	mov _UART0_Transmit_BUF[4],a
 230  0078              #line 230 "D:\zpw\귄\2362A\project\UART0_433MHZ.c"
 230  0078  1B10        	rrca intc
 230  0079  3410        	clr intc.0
 230  007A  0700     E  	mov a,rb
 230  007B  00D9        	mov mduwr0,a
 230  007C  0700     E  	mov a,rc
 230  007D  00DA        	mov mduwr1,a
 230  007E  0F64        	mov a,100
 230  007F  00DD        	mov mduwr4,a
 230  0080  0F00        	mov a,0
 230  0081  00DE        	mov mduwr5,a
 230  0082  0F06        	mov a,6
 230  0083              _LI8:
 230  0083  1785        	sdz acc
 230  0084  2800     R  	jmp _LI8
 230  0085  0759        	mov a,mduwr0
 230  0086  0080     E  	mov rd,a
 230  0087  075A        	mov a,mduwr1
 230  0088  0080     E  	mov re,a
 230  0089  3C0A        	sz c
 230  008A  3010        	set intc.0
 230  008B  1B10        	rrca intc
 230  008C  3410        	clr intc.0
 230  008D  0700     E  	mov a,rd
 230  008E  00D9        	mov mduwr0,a
 230  008F  0700     E  	mov a,re
 230  0090  00DA        	mov mduwr1,a
 230  0091  0F0A        	mov a,10
 230  0092  00DD        	mov mduwr4,a
匡숭：UART0_433MHZ.c 긍陋포경굶 HGASM 0202 女늴23

 230  0093  0F00        	mov a,0
 230  0094  00DE        	mov mduwr5,a
 230  0095  0F06        	mov a,6
 230  0096              _LI9:
 230  0096  1785        	sdz acc
 230  0097  2800     R  	jmp _LI9
 230  0098  075D        	mov a,mduwr4
 230  0099  0080     E  	mov rd,a
 230  009A  075E        	mov a,mduwr5
 230  009B  0080     E  	mov re,a
 230  009C  3C0A        	sz c
 230  009D  3010        	set intc.0
 230  009E  0700     E  	mov a,rd
 230  009F  0080     R  	mov _UART0_Transmit_BUF[5],a
 231  00A0              #line 231 "D:\zpw\귄\2362A\project\UART0_433MHZ.c"
 231  00A0  1B10        	rrca intc
 231  00A1  3410        	clr intc.0
 231  00A2  0700     E  	mov a,rb
 231  00A3  00D9        	mov mduwr0,a
 231  00A4  0700     E  	mov a,rc
 231  00A5  00DA        	mov mduwr1,a
 231  00A6  0F0A        	mov a,10
 231  00A7  00DD        	mov mduwr4,a
 231  00A8  0F00        	mov a,0
 231  00A9  00DE        	mov mduwr5,a
 231  00AA  0F06        	mov a,6
 231  00AB              _LI10:
 231  00AB  1785        	sdz acc
 231  00AC  2800     R  	jmp _LI10
 231  00AD  0759        	mov a,mduwr0
 231  00AE  0080     E  	mov rd,a
 231  00AF  075A        	mov a,mduwr1
 231  00B0  0080     E  	mov re,a
 231  00B1  3C0A        	sz c
 231  00B2  3010        	set intc.0
 231  00B3  1B10        	rrca intc
 231  00B4  3410        	clr intc.0
 231  00B5  0700     E  	mov a,rd
 231  00B6  00D9        	mov mduwr0,a
 231  00B7  0700     E  	mov a,re
 231  00B8  00DA        	mov mduwr1,a
 231  00B9  0F0A        	mov a,10
 231  00BA  00DD        	mov mduwr4,a
 231  00BB  0F00        	mov a,0
 231  00BC  00DE        	mov mduwr5,a
 231  00BD  0F06        	mov a,6
 231  00BE              _LI11:
 231  00BE  1785        	sdz acc
 231  00BF  2800     R  	jmp _LI11
 231  00C0  075D        	mov a,mduwr4
 231  00C1  0080     E  	mov rd,a
 231  00C2  075E        	mov a,mduwr5
 231  00C3  0080     E  	mov re,a
 231  00C4  3C0A        	sz c
 231  00C5  3010        	set intc.0
 231  00C6  0700     E  	mov a,rd
 231  00C7  0080     R  	mov _UART0_Transmit_BUF[6],a
 232  00C8              #line 232 "D:\zpw\귄\2362A\project\UART0_433MHZ.c"
 232  00C8  1B10        	rrca intc
 232  00C9  3410        	clr intc.0
匡숭：UART0_433MHZ.c 긍陋포경굶 HGASM 0202 女늴24

 232  00CA  0700     E  	mov a,rb
 232  00CB  00D9        	mov mduwr0,a
 232  00CC  0700     E  	mov a,rc
 232  00CD  00DA        	mov mduwr1,a
 232  00CE  0F0A        	mov a,10
 232  00CF  00DD        	mov mduwr4,a
 232  00D0  0F00        	mov a,0
 232  00D1  00DE        	mov mduwr5,a
 232  00D2  0F06        	mov a,6
 232  00D3              _LI12:
 232  00D3  1785        	sdz acc
 232  00D4  2800     R  	jmp _LI12
 232  00D5  075D        	mov a,mduwr4
 232  00D6  0080     E  	mov rb,a
 232  00D7  075E        	mov a,mduwr5
 232  00D8  0080     E  	mov rc,a
 232  00D9  3C0A        	sz c
 232  00DA  3010        	set intc.0
 232  00DB  0700     E  	mov a,rb
 232  00DC  0080     R  	mov _UART0_Transmit_BUF[7],a
 233  00DD              #line 233 "D:\zpw\귄\2362A\project\UART0_433MHZ.c"
 233  00DD  0FFE        	mov a,254
 233  00DE  0080     R  	mov _UART0_Transmit_BUF[8],a
 233  00DF  2800     R  	jmp _L46
 233  00E0              _L42:
 235  00E0              #line 235 "D:\zpw\귄\2362A\project\UART0_433MHZ.c"
 235  00E0  0F02        	mov a,2
 235  00E1  0080     R  	mov _UART0_Transmit_BUF[2],a
 235  00E2  0700     R  	mov a,_UART0_Transmit_Data_2[2]
 235  00E3  0080     R  	mov _UART0_Transmit_BUF[3],a
 235  00E4  2800     R  	jmp _L52
 235  00E5              _L43:
 236  00E5              #line 236 "D:\zpw\귄\2362A\project\UART0_433MHZ.c"
 236  00E5  0F03        	mov a,3
 236  00E6  0080     R  	mov _UART0_Transmit_BUF[2],a
 236  00E7  2800     R  	jmp _L45
 236  00E8              _L44:
 237  00E8              #line 237 "D:\zpw\귄\2362A\project\UART0_433MHZ.c"
 237  00E8  0F04        	mov a,4
 237  00E9  0080     R  	mov _UART0_Transmit_BUF[2],a
 237  00EA  1F00     R  	clr _UART0_Transmit_BUF[3]
 237  00EB  1F00     R  	clr _UART0_Transmit_BUF[4]
 237  00EC  2800     R  	jmp _L51
 237  00ED              _L45:
 238  00ED              #line 238 "D:\zpw\귄\2362A\project\UART0_433MHZ.c"
 238  00ED  1F00     R  	clr _UART0_Transmit_BUF[3]
 238  00EE              _L52:
 238  00EE  0700     R  	mov a,_UART0_Transmit_Data_2[1]
 238  00EF  0080     R  	mov _UART0_Transmit_BUF[4],a
 238  00F0              _L51:
 238  00F0  0FFE        	mov a,254
 238  00F1  0080     R  	mov _UART0_Transmit_BUF[5],a
 238  00F2  2800     R  	jmp _L48
 238  00F3              _L50:
 241  00F3              #line 241 "D:\zpw\귄\2362A\project\UART0_433MHZ.c"
 241  00F3  1700     R  	sdza _UART0_Transmit_Data_2[0]
 241  00F4  2800     R  	jmp _L48
 241  00F5              _L46:
 241  00F5  0F09        	mov a,9
 241  00F6  0080     R  	mov _UART0_433MHz_SendString_2[2],a
匡숭：UART0_433MHZ.c 긍陋포경굶 HGASM 0202 女늴25

 241  00F7  2800     R  	jmp _L53
 241  00F8              _L48:
 242  00F8              #line 242 "D:\zpw\귄\2362A\project\UART0_433MHZ.c"
 242  00F8  0F06        	mov a,6
 242  00F9  0080     R  	mov _UART0_433MHz_SendString_2[2],a
 242  00FA              _L53:
 242  00FA  0F00     R  	mov a,low offset _UART0_Transmit_BUF
 242  00FB  0080     R  	mov _UART0_433MHz_SendString_2[0],a
 242  00FC  0F00     R  	mov a,high offset _UART0_Transmit_BUF
 242  00FD  0080     R  	mov _UART0_433MHz_SendString_2[1],a
 242  00FE              	fcall _UART0_433MHz_SendString
 242  0105  0003        	ret
 242  0106              _UART0_Transmit_Data endp
 242  0106              #line 242 "D:\zpw\귄\2362A\project\UART0_433MHZ.c"
 242  0106              #pragma debug scope 1 1
 242  0106              public _UART0_433MHz_Pairing_Code
 242  0106              #pragma debug scope 21 1
 246  0106              #line 246 "D:\zpw\귄\2362A\project\UART0_433MHZ.c"
 246  0000              _UART0_433MHz_Pairing_Code .section 'code'
 246  0000              _UART0_433MHz_Pairing_Code proc
 248  0000              #line 248 "D:\zpw\귄\2362A\project\UART0_433MHZ.c"
 248  0000  0700     R  	mov a,_UART0_433MHz_CNT[0]
 248  0001  0A00        	sub a,0
 248  0002  3D0A        	sz z
 248  0003  2800     R  	jmp _L56
 248  0004  0A01        	sub a,(1)-(0)
 248  0005  3D0A        	sz z
 248  0006  2800     R  	jmp _L57
 248  0007              #line 248 "D:\zpw\귄\2362A\project\UART0_433MHZ.c"
 248  0007  0700     R  	mov a,_UART0_433MHz_CNT[0]
 248  0008  0A02        	sub a,2
 248  0009  3D0A        	sz z
 248  000A  2800     R  	jmp _L58
 248  000B  0A01        	sub a,(3)-(2)
 248  000C  3D0A        	sz z
 248  000D  2800     R  	jmp _L59
 248  000E  0700     R  	mov a,_UART0_433MHz_CNT[0]
 248  000F  0A04        	sub a,4
 248  0010  3D0A        	sz z
 248  0011  2800     R  	jmp _L60
 248  0012  0A01        	sub a,(5)-(4)
 248  0013  3D0A        	sz z
 248  0014  2800     R  	jmp _L61
 248  0015  0700     R  	mov a,_UART0_433MHz_CNT[0]
 248  0016  0A06        	sub a,6
 248  0017  3D0A        	sz z
 248  0018  2800     R  	jmp _L62
 248  0019  0A01        	sub a,(7)-(6)
 248  001A  3D0A        	sz z
 248  001B  2800     R  	jmp _L63
 248  001C  0700     R  	mov a,_UART0_433MHz_CNT[0]
 248  001D  0A08        	sub a,8
 248  001E  3D0A        	sz z
 248  001F  2800     R  	jmp _L64
 248  0020  0A01        	sub a,(9)-(8)
 248  0021  3D0A        	sz z
 248  0022  2800     R  	jmp _L65
 248  0023  0700     R  	mov a,_UART0_433MHz_CNT[0]
 248  0024  0A0A        	sub a,10
 248  0025  390A        	snz z
匡숭：UART0_433MHZ.c 긍陋포경굶 HGASM 0202 女늴26

 248  0026  2800     R  	jmp _L72
 280  0027              #line 280 "D:\zpw\귄\2362A\project\UART0_433MHZ.c"
 280  0027  0700     E  	mov a,_data[7]
 280  0028  0080     R  	mov _UART0_433MHz_AT_Adr_2[0],a
 280  0029  0700     E  	mov a,_data[8]
 280  002A  0080     R  	mov _UART0_433MHz_AT_Adr_2[1],a
 280  002B              	fcall _UART0_433MHz_AT_Adr
 280  0032  1F00     R  	clr _UART0_Transmit_Data_2[1]
 280  0033  1F00     R  	clr _UART0_Transmit_Data_2[2]
 280  0034  0F04        	mov a,4
 280  0035  0080     R  	mov _UART0_Transmit_Data_2[0],a
 280  0036  0FAA        	mov a,170
 280  0037              	fcall _UART0_Transmit_Data
 280  003E  2800     R  	jmp _L73
 280  003F              _L56:
 250  003F              #line 250 "D:\zpw\귄\2362A\project\UART0_433MHZ.c"
 250  003F  0F03        	mov a,3
 250  0040              	fcall _UART0_433MHz_AT_Baudrate
 250  0047  2800     R  	jmp _L73
 250  0048              _L57:
 251  0048              #line 251 "D:\zpw\귄\2362A\project\UART0_433MHZ.c"
 251  0048              	fcall _UART0_433MHz_AT_FEQ
 251  004F  2800     R  	jmp _L73
 251  0050              _L58:
 252  0050              #line 252 "D:\zpw\귄\2362A\project\UART0_433MHZ.c"
 252  0050  1F80     R  	set _UART0_433MHz_AT_Adr_2[0]
 252  0051  1F80     R  	set _UART0_433MHz_AT_Adr_2[1]
 252  0052              	fcall _UART0_433MHz_AT_Adr
 252  0059  2800     R  	jmp _L73
 252  005A              _L59:
 253  005A              #line 253 "D:\zpw\귄\2362A\project\UART0_433MHZ.c"
 253  005A  0F00        	mov a,0
 253  005B              	fcall _UART0_433MHz_AT_Mode
 253  0062  2800     R  	jmp _L73
 253  0063              _L60:
 254  0063              #line 254 "D:\zpw\귄\2362A\project\UART0_433MHZ.c"
 254  0063  0F07        	mov a,7
 254  0064              	fcall _UART0_433MHz_AT_SF
 254  006B  2800     R  	jmp _L73
 254  006C              _L61:
 255  006C              #line 255 "D:\zpw\귄\2362A\project\UART0_433MHZ.c"
 255  006C  0F09        	mov a,9
 255  006D              	fcall _UART0_433MHz_AT_BW
 255  0074  2800     R  	jmp _L73
 255  0075              _L62:
 256  0075              #line 256 "D:\zpw\귄\2362A\project\UART0_433MHZ.c"
 256  0075  0F03        	mov a,3
 256  0076              	fcall _UART0_433MHz_AT_PB
 256  007D  2800     R  	jmp _L73
 256  007E              _L63:
 257  007E              #line 257 "D:\zpw\귄\2362A\project\UART0_433MHZ.c"
 257  007E              	fcall _AT_PWR
 257  0085  2800     R  	jmp _L73
 257  0086              _L64:
 260  0086              #line 260 "D:\zpw\귄\2362A\project\UART0_433MHZ.c"
 260  0086              	fcall _UART0_433MHz_ATW
 260  008D  0F01        	mov a,1
 260  008E  0080     R  	mov _MASTER_SEND_FLAG[0],a
 260  008F  1F00     R  	clr _Master_Send_Interval_CNT[0]
 260  0090  1F00     R  	clr _Master_Send_Interval_CNT[1]
匡숭：UART0_433MHZ.c 긍陋포경굶 HGASM 0202 女늴27

 260  0091  2800     R  	jmp _L73
 260  0092              _L65:
 262  0092              #line 262 "D:\zpw\귄\2362A\project\UART0_433MHZ.c"
 262  0092  0F01        	mov a,1
 262  0093  0300     R  	add a,_Master_Send_Interval_CNT[0]
 262  0094  0080     E  	mov rb,a
 262  0095  0F00        	mov a,0
 262  0096  1300     R  	adc a,_Master_Send_Interval_CNT[1]
 262  0097  0080     E  	mov rc,a
 263  0098              #line 263 "D:\zpw\귄\2362A\project\UART0_433MHZ.c"
 263  0098  0F27        	mov a,39
 263  0099  0200     E  	sub a,rb
 263  009A  0F00        	mov a,0
 263  009B  1200     E  	sbc a,rc
 263  009C  380A        	snz c
 263  009D  2800     R  	jmp _L68
 262  009E              #line 262 "D:\zpw\귄\2362A\project\UART0_433MHZ.c"
 262  009E  0700     E  	mov a,rb
 262  009F  0080     R  	mov _Master_Send_Interval_CNT[0],a
 262  00A0  0700     E  	mov a,rc
 262  00A1  0080     R  	mov _Master_Send_Interval_CNT[1],a
 262  00A2  2800     R  	jmp _L69
 262  00A3              _L68:
 265  00A3              #line 265 "D:\zpw\귄\2362A\project\UART0_433MHZ.c"
 265  00A3  1F00     R  	clr _Master_Send_Interval_CNT[0]
 265  00A4  1F00     R  	clr _Master_Send_Interval_CNT[1]
 266  00A5              #line 266 "D:\zpw\귄\2362A\project\UART0_433MHZ.c"
 266  00A5  0F01        	mov a,1
 266  00A6  0080     R  	mov _MASTER_SEND_FLAG[0],a
 266  00A7              _L69:
 268  00A7              #line 268 "D:\zpw\귄\2362A\project\UART0_433MHZ.c"
 268  00A7  1700     R  	sdza _MASTER_SEND_FLAG[0]
 268  00A8  2800     R  	jmp _L70
 268  00A9  0F02        	mov a,2
 268  00AA  0200     R  	sub a,_MASTER_SEND_CNT[0]
 268  00AB  380A        	snz c
 268  00AC  2800     R  	jmp _L71
 270  00AD              #line 270 "D:\zpw\귄\2362A\project\UART0_433MHZ.c"
 270  00AD  1F00     R  	clr _MASTER_SEND_FLAG[0]
 271  00AE              #line 271 "D:\zpw\귄\2362A\project\UART0_433MHZ.c"
 271  00AE  0700     E  	mov a,_data[7]
 271  00AF  0080     R  	mov _UART0_Transmit_Data_2[1],a
 271  00B0  0700     E  	mov a,_data[8]
 271  00B1  0080     R  	mov _UART0_Transmit_Data_2[2],a
 271  00B2  0F01        	mov a,1
 271  00B3  0080     R  	mov _UART0_Transmit_Data_2[0],a
 271  00B4  0FAA        	mov a,170
 271  00B5              	fcall _UART0_Transmit_Data
 272  00BC              #line 272 "D:\zpw\귄\2362A\project\UART0_433MHZ.c"
 272  00BC  1480     R  	inc _MASTER_SEND_CNT[0]
 272  00BD              _L70:
 274  00BD              #line 274 "D:\zpw\귄\2362A\project\UART0_433MHZ.c"
 274  00BD  0F02        	mov a,2
 274  00BE  0200     R  	sub a,_MASTER_SEND_CNT[0]
 274  00BF  3C0A        	sz c
 274  00C0  2800     R  	jmp _L54
 274  00C1              _L71:
 276  00C1              #line 276 "D:\zpw\귄\2362A\project\UART0_433MHZ.c"
 276  00C1  1F00     R  	clr _MASTER_SEND_CNT[0]
 276  00C2              _L73:
匡숭：UART0_433MHZ.c 긍陋포경굶 HGASM 0202 女늴28

 280  00C2              #line 280 "D:\zpw\귄\2362A\project\UART0_433MHZ.c"
 280  00C2  1480     R  	inc _UART0_433MHz_CNT[0]
 280  00C3  2800     R  	jmp _L54
 280  00C4              _L72:
 295  00C4              #line 295 "D:\zpw\귄\2362A\project\UART0_433MHZ.c"
 295  00C4              	fcall _UART0_433MHz_ATW
 295  00CB  1F00     R  	clr _UART0_433MHz_CNT[0]
 295  00CC  1F00     R  	clr _UART0_433MHz_Pairing_Code_Flag[0]
 295  00CD              _L54:
 295  00CD  0003        	ret
 295  00CE              _UART0_433MHz_Pairing_Code endp
 295  00CE              #line 295 "D:\zpw\귄\2362A\project\UART0_433MHZ.c"
 295  00CE              #pragma debug scope 1 1
 295  00CE              public _UART0_Clear_Receive_BUF
 295  00CE              #pragma debug scope 22 1
 301  00CE              #line 301 "D:\zpw\귄\2362A\project\UART0_433MHZ.c"
 301  0000              _UART0_Clear_Receive_BUF .section 'code'
 301  0000              _UART0_Clear_Receive_BUF proc
 301  0000  0F0A        	mov a,10
 301  0001  0080     E  	mov ra,a
 304  0002              #line 304 "D:\zpw\귄\2362A\project\UART0_433MHZ.c"
 304  0002  1F00     E  	clr rb
 304  0003              _L76:
 306  0003              #line 306 "D:\zpw\귄\2362A\project\UART0_433MHZ.c"
 306  0003  0F00     R  	mov a,low offset _UART0_Receive_BUF
 306  0004  0300     E  	add a,rb
 306  0005  0083        	mov mp,a
 306  0006  0F00     R  	mov a,high offset _UART0_Receive_BUF
 306  0007  1F04        	clr sbp
 306  0008  1384        	adcm a,sbp
 306  0009  0F00        	mov a,0
 306  000A  0082        	mov ir,a
 304  000B              #line 304 "D:\zpw\귄\2362A\project\UART0_433MHZ.c"
 304  000B  1480     E  	inc rb
 304  000C  1780     E  	sdz ra
 304  000D  2800     R  	jmp _L76
 308  000E              #line 308 "D:\zpw\귄\2362A\project\UART0_433MHZ.c"
 308  000E  1F00     R  	clr _UART0_Receive_BUF_Length[0]
 308  000F  0003        	ret
 308  0010              _UART0_Clear_Receive_BUF endp
 308  0010              #line 308 "D:\zpw\귄\2362A\project\UART0_433MHZ.c"
 308  0010              #pragma debug scope 1 1
 308  0010              public _UART0_Receive_Data
 308  0010              #pragma debug scope 23 1
 312  0010              #line 312 "D:\zpw\귄\2362A\project\UART0_433MHZ.c"
 312  0000              _UART0_Receive_Data .section 'code'
 312  0000              _UART0_Receive_Data proc
 312  0000  00              local _UART0_Receive_Data_2 db 1 dup(?)	; 0,1
 312  0000  0080     E  	mov ra,a
 312  0001  0080     R  	mov _UART0_Receive_Data_2[0],a
 312  0002              #pragma debug variable 8 23 _UART0_Receive_Data_2+0 "data"
 313  0002              #line 313 "D:\zpw\귄\2362A\project\UART0_433MHZ.c"
 313  0002  1600     E  	siza ra
 313  0003  2800     R  	jmp _L78
 315  0004              #line 315 "D:\zpw\귄\2362A\project\UART0_433MHZ.c"
 315  0004              	fcall _UART0_Clear_Receive_BUF
 316  000B              #line 316 "D:\zpw\귄\2362A\project\UART0_433MHZ.c"
 316  000B  0700     R  	mov a,_UART0_Receive_BUF_Length[0]
 316  000C  0080     E  	mov ra,a
 316  000D  0F00     R  	mov a,low offset _UART0_Receive_BUF
匡숭：UART0_433MHZ.c 긍陋포경굶 HGASM 0202 女늴29

 316  000E  0300     E  	add a,ra
 316  000F  0083        	mov mp,a
 316  0010  0F00     R  	mov a,high offset _UART0_Receive_BUF
 316  0011  1F04        	clr sbp
 316  0012  1384        	adcm a,sbp
 316  0013  0FFF        	mov a,255
 316  0014  0082        	mov ir,a
 317  0015              #line 317 "D:\zpw\귄\2362A\project\UART0_433MHZ.c"
 317  0015  1400     E  	inca ra
 317  0016  0080     R  	mov _UART0_Receive_BUF_Length[0],a
 318  0017              #line 318 "D:\zpw\귄\2362A\project\UART0_433MHZ.c"
 318  0017  0F01        	mov a,1
 318  0018  0080     R  	mov _UART0_Receive_Start_Flag[0],a
 318  0019  2800     R  	jmp _L77
 318  001A              _L78:
 322  001A              #line 322 "D:\zpw\귄\2362A\project\UART0_433MHZ.c"
 322  001A  1700     R  	sdza _UART0_Receive_Start_Flag[0]
 322  001B  2800     R  	jmp _L77
 324  001C              #line 324 "D:\zpw\귄\2362A\project\UART0_433MHZ.c"
 324  001C  0700     R  	mov a,_UART0_Receive_BUF_Length[0]
 324  001D  0080     E  	mov ra,a
 324  001E  0F09        	mov a,9
 324  001F  0200     E  	sub a,ra
 324  0020  3C0A        	sz c
 324  0021  2800     R  	jmp _L80
 326  0022              #line 326 "D:\zpw\귄\2362A\project\UART0_433MHZ.c"
 326  0022              	fcall _UART0_Clear_Receive_BUF
 327  0029              #line 327 "D:\zpw\귄\2362A\project\UART0_433MHZ.c"
 327  0029  1F00     R  	clr _UART0_Receive_Start_Flag[0]
 327  002A  2800     R  	jmp _L77
 327  002B              _L80:
 333  002B              #line 333 "D:\zpw\귄\2362A\project\UART0_433MHZ.c"
 333  002B  0F00     R  	mov a,low offset _UART0_Receive_BUF
 333  002C  0300     E  	add a,ra
 333  002D  0083        	mov mp,a
 333  002E  0F00     R  	mov a,high offset _UART0_Receive_BUF
 333  002F  1F04        	clr sbp
 333  0030  1384        	adcm a,sbp
 331  0031              #line 331 "D:\zpw\귄\2362A\project\UART0_433MHZ.c"
 331  0031  0700     R  	mov a,_UART0_Receive_Data_2[0]
 331  0032  0AFE        	sub a,254
 331  0033  3D0A        	sz z
 331  0034  2800     R  	jmp _L81
 333  0035              #line 333 "D:\zpw\귄\2362A\project\UART0_433MHZ.c"
 333  0035  0700     R  	mov a,_UART0_Receive_Data_2[0]
 333  0036  0082        	mov ir,a
 334  0037              #line 334 "D:\zpw\귄\2362A\project\UART0_433MHZ.c"
 334  0037  1400     E  	inca ra
 334  0038  0080     R  	mov _UART0_Receive_BUF_Length[0],a
 334  0039  2800     R  	jmp _L77
 334  003A              _L81:
 338  003A              #line 338 "D:\zpw\귄\2362A\project\UART0_433MHZ.c"
 338  003A  0FFE        	mov a,254
 338  003B  0082        	mov ir,a
 339  003C              #line 339 "D:\zpw\귄\2362A\project\UART0_433MHZ.c"
 339  003C  1400     E  	inca ra
 339  003D  0080     R  	mov _UART0_Receive_BUF_Length[0],a
 340  003E              #line 340 "D:\zpw\귄\2362A\project\UART0_433MHZ.c"
 340  003E  1F00     R  	clr _UART0_Receive_Start_Flag[0]
 341  003F              #line 341 "D:\zpw\귄\2362A\project\UART0_433MHZ.c"
匡숭：UART0_433MHZ.c 긍陋포경굶 HGASM 0202 女늴30

 341  003F  0F01        	mov a,1
 341  0040  0080     R  	mov _UART0_Receive_Finish_Flag[0],a
 341  0041              _L77:
 341  0041  0003        	ret
 341  0042              _UART0_Receive_Data endp
 341  0042              #line 341 "D:\zpw\귄\2362A\project\UART0_433MHZ.c"
 341  0042              #pragma debug scope 1 1
 341  0042              public _UART0_433MHz_Receive_Process
 341  0042              #pragma debug scope 24 1
 358  0042              #line 358 "D:\zpw\귄\2362A\project\UART0_433MHZ.c"
 358  0000              _UART0_433MHz_Receive_Process .section 'code'
 358  0000              _UART0_433MHz_Receive_Process proc
 358  0000  00              local _UART0_433MHz_Receive_Process_2 db 1 dup(?)	; 0,1
 359  0001              #line 359 "D:\zpw\귄\2362A\project\UART0_433MHZ.c"
 359  0000  1700     R  	sdza _UART0_Receive_Finish_Flag[0]
 359  0001  2800     R  	jmp _L82
 363  0002              #line 363 "D:\zpw\귄\2362A\project\UART0_433MHZ.c"
 363  0002  0700     R  	mov a,_UART0_Receive_BUF[1]
 363  0003  0080     R  	mov _UART0_433MHz_Receive_Process_2[0],a
 363  0004  0700     R  	mov a,_UART0_433MHz_Receive_Process_2[0]
 363  0005  0AAA        	sub a,170
 363  0006  3D0A        	sz z
 363  0007  2800     R  	jmp _L82
 368  0008              #line 368 "D:\zpw\귄\2362A\project\UART0_433MHZ.c"
 368  0008  0700     R  	mov a,_UART0_433MHz_Receive_Process_2[0]
 368  0009  0AAB        	sub a,171
 368  000A  390A        	snz z
 368  000B  2800     R  	jmp _L84
 370  000C              #line 370 "D:\zpw\귄\2362A\project\UART0_433MHZ.c"
 370  000C  0700     R  	mov a,_UART0_Receive_BUF[2]
 370  000D  0A02        	sub a,2
 370  000E  390A        	snz z
 370  000F  2800     R  	jmp _L85
 374  0010              #line 374 "D:\zpw\귄\2362A\project\UART0_433MHZ.c"
 374  0010  0700     R  	mov a,_UART0_Receive_BUF[3]
 374  0011  0080     E  	mov rc,a
 374  0012  0700     R  	mov a,_UART0_Receive_BUF[4]
 374  0013  0080     E  	mov rb,a
 374  0014  0700     E  	mov a,rb
 374  0015  0080     E  	mov _data[3],a
 374  0016  0700     E  	mov a,rc
 374  0017  0080     E  	mov _data[4],a
 375  0018              #line 375 "D:\zpw\귄\2362A\project\UART0_433MHZ.c"
 375  0018  0700     E  	mov a,rb
 375  0019  0080     R  	mov _UART0_Transmit_Data_2[1],a
 375  001A  0700     E  	mov a,rc
 375  001B  0080     R  	mov _UART0_Transmit_Data_2[2],a
 375  001C  0F02        	mov a,2
 375  001D  0080     R  	mov _UART0_Transmit_Data_2[0],a
 375  001E  0FAA        	mov a,170
 375  001F              	fcall _UART0_Transmit_Data
 374  0026              #line 374 "D:\zpw\귄\2362A\project\UART0_433MHZ.c"
 374  0026  2800     R  	jmp _L85
 374  0027              _L84:
 384  0027              #line 384 "D:\zpw\귄\2362A\project\UART0_433MHZ.c"
 384  0027  0700     R  	mov a,_UART0_433MHz_Receive_Process_2[0]
 384  0028  0AAC        	sub a,172
 384  0029  390A        	snz z
 384  002A  2800     R  	jmp _L85
 386  002B              #line 386 "D:\zpw\귄\2362A\project\UART0_433MHZ.c"
匡숭：UART0_433MHZ.c 긍陋포경굶 HGASM 0202 女늴31

 386  002B  0700     R  	mov a,_UART0_Receive_BUF[2]
 386  002C  0A03        	sub a,3
 386  002D  3D0A        	sz z
 386  002E  2800     R  	jmp _L87
 386  002F  0700     R  	mov a,_UART0_Receive_BUF[2]
 386  0030  0A05        	sub a,5
 386  0031  390A        	snz z
 386  0032  2800     R  	jmp _L85
 392  0033              #line 392 "D:\zpw\귄\2362A\project\UART0_433MHZ.c"
 392  0033  0700     R  	mov a,_UART0_Receive_BUF[4]
 392  0034  0080     E  	mov _data[0],a
 392  0035  2800     R  	jmp _L85
 392  0036              _L87:
 390  0036              #line 390 "D:\zpw\귄\2362A\project\UART0_433MHZ.c"
 390  0036  0700     R  	mov a,_UART0_Receive_BUF[4]
 390  0037  0080     E  	mov _data[5],a
 390  0038  1F00     E  	clr _data[6]
 390  0039              _L85:
 424  0039              #line 424 "D:\zpw\귄\2362A\project\UART0_433MHZ.c"
 424  0039  1F00     R  	clr _UART0_Receive_Finish_Flag[0]
 424  003A              _L82:
 424  003A  0003        	ret
 424  003B              _UART0_433MHz_Receive_Process endp
 424  003B              #line 424 "D:\zpw\귄\2362A\project\UART0_433MHZ.c"
 424  003B              #pragma debug scope 1 1
 424  003B              public _Master_Send_Interval_CNT
 424  0000              @HCCINIT	.section 'data'
 207  0000              #line 207 "D:\zpw\귄\2362A\project\UART0_433MHZ.c"
 207  0000              @HCCINIT_Master_Send_Interval_CNT .section 'data'
 207  0000              _Master_Send_Interval_CNT label byte
 207  0000              #pragma debug variable 12 1 _Master_Send_Interval_CNT "Master_Send_Interval_CNT"
 207  0000              	db 0
 207  0000              @ROMDATA_BASE .section inpage 'code'
 207  0000              	db 0
 207  0001              @HCCINIT_Master_Send_Interval_CNT .section 'data'
 207  0001              	db 0
 207  0001              @ROMDATA_BASE .section inpage 'code'
 207  0001              	db 0
 207  0002              @HCCINIT_Master_Send_Interval_CNT .section 'data'
 207  0002              public _MASTER_SEND_FLAG
 206  0002              #line 206 "D:\zpw\귄\2362A\project\UART0_433MHZ.c"
 206  0000              @HCCINIT_MASTER_SEND_FLAG .section 'data'
 206  0000              _MASTER_SEND_FLAG label byte
 206  0000              #pragma debug variable 8 1 _MASTER_SEND_FLAG "MASTER_SEND_FLAG"
 206  0000              	db 0
 206  0001              @ROMDATA_BASE .section inpage 'code'
 206  0001              	db 0
 206  0001              @HCCINIT_MASTER_SEND_FLAG .section 'data'
 206  0001              public _MASTER_SEND_CNT
 205  0001              #line 205 "D:\zpw\귄\2362A\project\UART0_433MHZ.c"
 205  0000              @HCCINIT_MASTER_SEND_CNT .section 'data'
 205  0000              _MASTER_SEND_CNT label byte
 205  0000              #pragma debug variable 8 1 _MASTER_SEND_CNT "MASTER_SEND_CNT"
 205  0000              	db 0
 205  0002              @ROMDATA_BASE .section inpage 'code'
 205  0002              	db 0
 205  0001              @HCCINIT_MASTER_SEND_CNT .section 'data'
 205  0001              public _UART0_433MHz_Pairing_Code_Flag
 202  0001              #line 202 "D:\zpw\귄\2362A\project\UART0_433MHZ.c"
 202  0000              @HCCINIT_UART0_433MHz_Pairing_Code_Flag .section 'data'
匡숭：UART0_433MHZ.c 긍陋포경굶 HGASM 0202 女늴32

 202  0000              _UART0_433MHz_Pairing_Code_Flag label byte
 202  0000              #pragma debug variable 8 1 _UART0_433MHz_Pairing_Code_Flag "UART0_433MHz_Pairing_Code_Flag"
 202  0000              	db 0
 202  0002              @ROMDATA_BASE .section inpage 'code'
 202  0002              	db 0
 202  0001              @HCCINIT_UART0_433MHz_Pairing_Code_Flag .section 'data'
 202  0001              public _UART0_433MHz_CNT
 201  0001              #line 201 "D:\zpw\귄\2362A\project\UART0_433MHZ.c"
 201  0000              @HCCINIT_UART0_433MHz_CNT .section 'data'
 201  0000              _UART0_433MHz_CNT label byte
 201  0000              #pragma debug variable 8 1 _UART0_433MHz_CNT "UART0_433MHz_CNT"
 201  0000              	db 0
 201  0003              @ROMDATA_BASE .section inpage 'code'
 201  0003              	db 0
 201  0001              @HCCINIT_UART0_433MHz_CNT .section 'data'
 201  0001              public _UART0_Receive_Finish_Flag
 199  0001              #line 199 "D:\zpw\귄\2362A\project\UART0_433MHZ.c"
 199  0000              @HCCINIT_UART0_Receive_Finish_Flag .section 'data'
 199  0000              _UART0_Receive_Finish_Flag label byte
 199  0000              #pragma debug variable 8 1 _UART0_Receive_Finish_Flag "UART0_Receive_Finish_Flag"
 199  0000              	db 0
 199  0003              @ROMDATA_BASE .section inpage 'code'
 199  0003              	db 0
 199  0001              @HCCINIT_UART0_Receive_Finish_Flag .section 'data'
 199  0001              public _UART0_Receive_Start_Flag
 198  0001              #line 198 "D:\zpw\귄\2362A\project\UART0_433MHZ.c"
 198  0000              @HCCINIT_UART0_Receive_Start_Flag .section 'data'
 198  0000              _UART0_Receive_Start_Flag label byte
 198  0000              #pragma debug variable 8 1 _UART0_Receive_Start_Flag "UART0_Receive_Start_Flag"
 198  0000              	db 0
 198  0004              @ROMDATA_BASE .section inpage 'code'
 198  0004              	db 0
 198  0001              @HCCINIT_UART0_Receive_Start_Flag .section 'data'
 198  0001              public _UART0_Receive_BUF_Length
 197  0001              #line 197 "D:\zpw\귄\2362A\project\UART0_433MHZ.c"
 197  0000              @HCCINIT_UART0_Receive_BUF_Length .section 'data'
 197  0000              _UART0_Receive_BUF_Length label byte
 197  0000              #pragma debug variable 8 1 _UART0_Receive_BUF_Length "UART0_Receive_BUF_Length"
 197  0000              	db 0
 197  0004              @ROMDATA_BASE .section inpage 'code'
 197  0004              	db 0
 197  0001              @HCCINIT_UART0_Receive_BUF_Length .section 'data'
 197  0001              public _UART0_Receive_BUF
 196  0001              #line 196 "D:\zpw\귄\2362A\project\UART0_433MHZ.c"
 196  0000              @HCCINIT_UART0_Receive_BUF .section 'data'
 196  0000              _UART0_Receive_BUF label byte
 196  0000              #pragma debug array 56 8 10 1
 196  0000              #pragma debug array 56 8 10 1
 196  0000              #pragma debug variable 56 1 _UART0_Receive_BUF "UART0_Receive_BUF"
 196  0000              	db 0
 196  0005              @ROMDATA_BASE .section inpage 'code'
 196  0005              	db 0
 196  0001              @HCCINIT_UART0_Receive_BUF .section 'data'
 196  0001              	db 0
 196  0005              @ROMDATA_BASE .section inpage 'code'
 196  0005              	db 0
 196  0002              @HCCINIT_UART0_Receive_BUF .section 'data'
 196  0002              	db 0
 196  0006              @ROMDATA_BASE .section inpage 'code'
 196  0006              	db 0
匡숭：UART0_433MHZ.c 긍陋포경굶 HGASM 0202 女늴33

 196  0003              @HCCINIT_UART0_Receive_BUF .section 'data'
 196  0003              	db 0
 196  0006              @ROMDATA_BASE .section inpage 'code'
 196  0006              	db 0
 196  0004              @HCCINIT_UART0_Receive_BUF .section 'data'
 196  0004              	db 0
 196  0007              @ROMDATA_BASE .section inpage 'code'
 196  0007              	db 0
 196  0005              @HCCINIT_UART0_Receive_BUF .section 'data'
 196  0005              	db 0
 196  0007              @ROMDATA_BASE .section inpage 'code'
 196  0007              	db 0
 196  0006              @HCCINIT_UART0_Receive_BUF .section 'data'
 196  0006              	db 0
 196  0008              @ROMDATA_BASE .section inpage 'code'
 196  0008              	db 0
 196  0007              @HCCINIT_UART0_Receive_BUF .section 'data'
 196  0007              	db 0
 196  0008              @ROMDATA_BASE .section inpage 'code'
 196  0008              	db 0
 196  0008              @HCCINIT_UART0_Receive_BUF .section 'data'
 196  0008              	db 0
 196  0009              @ROMDATA_BASE .section inpage 'code'
 196  0009              	db 0
 196  0009              @HCCINIT_UART0_Receive_BUF .section 'data'
 196  0009              	db 0
 196  0009              @ROMDATA_BASE .section inpage 'code'
 196  0009              	db 0
 196  000A              @HCCINIT_UART0_Receive_BUF .section 'data'
 196  000A              public _UART0_Transmit_BUF
 194  000A              #line 194 "D:\zpw\귄\2362A\project\UART0_433MHZ.c"
 194  0000              @HCCINIT_UART0_Transmit_BUF .section 'data'
 194  0000              _UART0_Transmit_BUF label byte
 194  0000              #pragma debug variable 56 1 _UART0_Transmit_BUF "UART0_Transmit_BUF"
 194  0000              	db 0
 194  000A              @ROMDATA_BASE .section inpage 'code'
 194  000A              	db 0
 194  0001              @HCCINIT_UART0_Transmit_BUF .section 'data'
 194  0001              	db 0
 194  000A              @ROMDATA_BASE .section inpage 'code'
 194  000A              	db 0
 194  0002              @HCCINIT_UART0_Transmit_BUF .section 'data'
 194  0002              	db 0
 194  000B              @ROMDATA_BASE .section inpage 'code'
 194  000B              	db 0
 194  0003              @HCCINIT_UART0_Transmit_BUF .section 'data'
 194  0003              	db 0
 194  000B              @ROMDATA_BASE .section inpage 'code'
 194  000B              	db 0
 194  0004              @HCCINIT_UART0_Transmit_BUF .section 'data'
 194  0004              	db 0
 194  000C              @ROMDATA_BASE .section inpage 'code'
 194  000C              	db 0
 194  0005              @HCCINIT_UART0_Transmit_BUF .section 'data'
 194  0005              	db 0
 194  000C              @ROMDATA_BASE .section inpage 'code'
 194  000C              	db 0
 194  0006              @HCCINIT_UART0_Transmit_BUF .section 'data'
 194  0006              	db 0
 194  000D              @ROMDATA_BASE .section inpage 'code'
匡숭：UART0_433MHZ.c 긍陋포경굶 HGASM 0202 女늴34

 194  000D              	db 0
 194  0007              @HCCINIT_UART0_Transmit_BUF .section 'data'
 194  0007              	db 0
 194  000D              @ROMDATA_BASE .section inpage 'code'
 194  000D              	db 0
 194  0008              @HCCINIT_UART0_Transmit_BUF .section 'data'
 194  0008              	db 0
 194  000E              @ROMDATA_BASE .section inpage 'code'
 194  000E              	db 0
 194  0009              @HCCINIT_UART0_Transmit_BUF .section 'data'
 194  0009              	db 0
 194  000E              @ROMDATA_BASE .section inpage 'code'
 194  000E              	db 0
 194  000A              @HCCINIT_UART0_Transmit_BUF .section 'data'
 194  000A              #pragma debug struct_end
 194  000A              #pragma debug struct_end
 194  000A              #pragma debug union_end
 194  000A              #pragma debug union_end
 194  000A              #pragma debug variable 58 1 ___pd "__pd" 1
 194  000A              #pragma debug struct_end
 194  000A              #pragma debug struct_end
 194  000A              #pragma debug union_end
 194  000A              #pragma debug union_end
 194  000A              #pragma debug variable 60 1 ___pdc "__pdc" 1
 194  000A              #pragma debug struct_end
 194  000A              #pragma debug struct_end
 194  000A              #pragma debug union_end
 194  000A              #pragma debug union_end
 194  000A              #pragma debug variable 62 1 ___u0sr "__u0sr" 1
 194  000A              #pragma debug struct_end
 194  000A              #pragma debug struct_end
 194  000A              #pragma debug union_end
 194  000A              #pragma debug union_end
 194  000A              #pragma debug variable 64 1 ___txr_rxr0 "__txr_rxr0" 1
 194  000A              
 194  000A              ; output external variables
 194  000A              extern _data:byte
 194  000A              extern _Delay_ms_2:byte
 194  000A              extern _Delay_ms:near
 194  000A              
 194  000A              ; 
 194  000A              ; Generated by holtek-gcc v3.23, Wed Apr 08 12:56:34 2026
 194  000A              ; Rebuild 1114
 194  000A              ; end of file


        0 Errors, 0