匡숭：UART.c       긍陋포경굶 HGASM 0202 女늴1


   1  0000              ; Generated by holtek-gcc v3.23, Wed Apr 08 12:56:33 2026
   2  0000              ; 
   3  0000              ; Configuration:
   4  0000              ;       with long instruction
   5  0000              ;       Multi-ROM, Multi-RAM
   6  0000              ;       bits_per_rom_unit:16
   7  0000              ;       with mp1
   8  0000              ;       with tbhp, address(0x9)
   9  0000              ;          Use tabrd-const
  10  0000              ;       
  11  0000              ; SFR address of long-instruction arch:
  12  0000              ;    mp0 = -1,1,0
  13  0000              ;    mp1 = 4,3,2
  14  0000              ;    mp2 = 14,13,12
  15  0000              ;    tbp = 9,7,8
  16  0000              ;    acc = 5
  17  0000              ;    pcl = 6
  18  0000              ;    status = 10
  19  0000              ;    bp = 11
  20  0000              ;    intc = 16
  21  0000              ;       
  22  0000              ;       
  23  0000              ; use 'tabrdc' instead of 'tabrd'
  24  0000              ;       
  25  0000              
  26  0000              #pragma translator "holtek-gcc 4.6.4" "3.23" "build 20130711"
  27  0000              ; Rebuild 1114
  28  0000              
  29  0000              ir equ [2]
  30  0000              mp equ [3]
  31  0000              sbp equ [4]
  32  0000              acc equ [5]
  33  0000              bp equ [11]
  34  0000              tblp equ [7]
  35  0000              tbhp equ [9]
  36  0000              status equ [10]
  37  0000              c equ [10].0
  38  0000              ac equ [10].1
  39  0000              z equ [10].2
  40  0000              ov equ [10].3
  41  0000              cz equ [10].6
  42  0000              sc equ [10].7
  43  0000              intc equ [16]
  44  0000              mduwr0 equ [59h]
  45  0000              mduwr1 equ [5ah]
  46  0000              mduwr2 equ [5bh]
  47  0000              mduwr3 equ [5ch]
  48  0000              mduwr4 equ [5dh]
  49  0000              mduwr5 equ [5eh]
  50  0000              mduwrctrl equ [5fh]
  51  0000              
  52  0000              extern ra:byte
  53  0000              extern rb:byte
  54  0000              extern rc:byte
  55  0000              extern rd:byte
  56  0000              extern re:byte
  57  0000              extern rf:byte
  58  0000              extern rg:byte
  59  0000              extern rh:byte
匡숭：UART.ASM     긍陋포경굶 HGASM 0202 女늴2

  60  0000              extern _Crom2Prom:near
  61  0000              extern _Crom2PromNext:near
  62  0000              
  63  0000              RAMBANK 0 @BITDATASEC, @BITDATASEC1
  64  0000              @HCCINIT	.section 'data'
  65  0000              @HCCINIT0	.section 'data'
  66  0000              @BITDATASEC	 .section 'data'
  67  0000              @BITDATASEC1	 .section 'data'
  68  0000              
  69  0000              #pragma debug scope 1 1
  70  0000              	extern __DELAY3:near
  71  0000              	extern __DELAYX3:near
  72  0000              	extern __DELAYX6:near
  73  0000              	extern __DELAYY5:near
  74  0000              	extern __DELAYY3:near
  75  0000              	extern _builtin_holtek_delay_2:byte
  76  0000              ___pfc equ [37]
  77  0000              ___ifs4 equ [333]
  78  0000              ___u1cr1 equ [322]
  79  0000              ___u1cr2 equ [323]
  80  0000              ___ufcr1 equ [326]
  81  0000              ___brdl1 equ [325]
  82  0000              ___brdh1 equ [324]
  83  0000              ___intc3 equ [19]
  84  0000              ___intc0 equ [16]
  85  0000              ___mfi5 equ [75]
  86  0000              ___pfs1 equ [345]
  87  0000              public _UART1_Init
  88  0000              #pragma debug scope 2 1

   6  0000              #line 6 "D:\zpw\귄\2362A\project\UART.c"
   6  0000              _UART1_Init .section 'code'
   6  0000              _UART1_Init proc
   7  0000              #line 7 "D:\zpw\귄\2362A\project\UART.c"
   7  0000  3325        	set [37].6
   8  0001              #line 8 "D:\zpw\귄\2362A\project\UART.c"
   8  0001  B0CD 0001   	lset [333].1
  11  0003              #line 11 "D:\zpw\귄\2362A\project\UART.c"
  11  0003  B6C2 0001   	lclr [322].5
  13  0005              #line 13 "D:\zpw\귄\2362A\project\UART.c"
  13  0005  B742 0001   	lclr [322].6
  17  0007              #line 17 "D:\zpw\귄\2362A\project\UART.c"
  17  0007  B6C3 0001   	lclr [323].5
  19  0009              #line 19 "D:\zpw\귄\2362A\project\UART.c"
  19  0009  B143 0001   	lset [323].2
  22  000B              #line 22 "D:\zpw\귄\2362A\project\UART.c"
  22  000B  B546 0001   	lclr [326].2
  24  000D              #line 24 "D:\zpw\귄\2362A\project\UART.c"
  24  000D  0F8A        	mov a,138
  24  000E  80C5 0001   	lmov [325],a
  25  0010              #line 25 "D:\zpw\귄\2362A\project\UART.c"
  25  0010  9F44 0001   	lclr [324]
  26  0012              #line 26 "D:\zpw\귄\2362A\project\UART.c"
  26  0012  B1C6 0001   	lset [326].3
  27  0014              #line 27 "D:\zpw\귄\2362A\project\UART.c"
  27  0014  B246 0001   	lset [326].4
  28  0016              #line 28 "D:\zpw\귄\2362A\project\UART.c"
  28  0016  B2C6 0001   	lset [326].5
  31  0018              #line 31 "D:\zpw\귄\2362A\project\UART.c"
  31  0018  B046 0001   	lset [326].0
匡숭：UART.c       긍陋포경굶 HGASM 0202 女늴3

  32  001A              #line 32 "D:\zpw\귄\2362A\project\UART.c"
  32  001A  B4C6 0001   	lclr [326].1
  35  001C              #line 35 "D:\zpw\귄\2362A\project\UART.c"
  35  001C  3193        	set [19].3
  36  001D              #line 36 "D:\zpw\귄\2362A\project\UART.c"
  36  001D  3010        	set [16].0
  37  001E              #line 37 "D:\zpw\귄\2362A\project\UART.c"
  37  001E  30CB        	set [75].1
  40  001F              #line 40 "D:\zpw\귄\2362A\project\UART.c"
  40  001F  B3D9 0001   	lset [345].7
  41  0021              #line 41 "D:\zpw\귄\2362A\project\UART.c"
  41  0021  B759 0001   	lclr [345].6
  44  0023              #line 44 "D:\zpw\귄\2362A\project\UART.c"
  44  0023  B259 0001   	lset [345].4
  45  0025              #line 45 "D:\zpw\귄\2362A\project\UART.c"
  45  0025  B6D9 0001   	lclr [345].5
  48  0027              #line 48 "D:\zpw\귄\2362A\project\UART.c"
  48  0027  B3C2 0001   	lset [322].7
  51  0029              #line 51 "D:\zpw\귄\2362A\project\UART.c"
  51  0029  B3C3 0001   	lset [323].7
  52  002B              #line 52 "D:\zpw\귄\2362A\project\UART.c"
  52  002B  B343 0001   	lset [323].6
  52  002D  0003        	ret
  52  002E              _UART1_Init endp
  52  002E              #line 52 "D:\zpw\귄\2362A\project\UART.c"
  52  002E              #pragma debug scope 1 1
  52  002E              ___pdc equ [31]
  52  002E              ___pdpu equ [32]
  52  002E              ___pds1 equ [341]
  52  002E              ___u0cr1 equ [275]
  52  002E              ___u0cr2 equ [276]
  52  002E              ___ufcr0 equ [279]
  52  002E              ___brdl0 equ [278]
  52  002E              ___brdh0 equ [277]
  52  002E              ___pd equ [30]
  52  002E              public _UART0_Init
  52  002E              #pragma debug scope 3 1
  57  002E              #line 57 "D:\zpw\귄\2362A\project\UART.c"
  57  0000              _UART0_Init .section 'code'
  57  0000              _UART0_Init proc
  58  0000              #line 58 "D:\zpw\귄\2362A\project\UART.c"
  58  0000  321F        	set [31].4
  59  0001              #line 59 "D:\zpw\귄\2362A\project\UART.c"
  59  0001  B04D 0001   	lset [333].0
  61  0003              #line 61 "D:\zpw\귄\2362A\project\UART.c"
  61  0003  369F        	clr [31].5
  62  0004              #line 62 "D:\zpw\귄\2362A\project\UART.c"
  62  0004  36A0        	clr [32].5
  64  0005              #line 64 "D:\zpw\귄\2362A\project\UART.c"
  64  0005  B5D5 0001   	lclr [341].3
  65  0007              #line 65 "D:\zpw\귄\2362A\project\UART.c"
  65  0007  B155 0001   	lset [341].2
  67  0009              #line 67 "D:\zpw\귄\2362A\project\UART.c"
  67  0009  B0D5 0001   	lset [341].1
  68  000B              #line 68 "D:\zpw\귄\2362A\project\UART.c"
  68  000B  B455 0001   	lclr [341].0
  70  000D              #line 70 "D:\zpw\귄\2362A\project\UART.c"
  70  000D  B393 0001   	lset [275].7
  71  000F              #line 71 "D:\zpw\귄\2362A\project\UART.c"
  71  000F  B713 0001   	lclr [275].6
匡숭：UART.c       긍陋포경굶 HGASM 0202 女늴4

  72  0011              #line 72 "D:\zpw\귄\2362A\project\UART.c"
  72  0011  B693 0001   	lclr [275].5
  74  0013              #line 74 "D:\zpw\귄\2362A\project\UART.c"
  74  0013  B394 0001   	lset [276].7
  75  0015              #line 75 "D:\zpw\귄\2362A\project\UART.c"
  75  0015  B314 0001   	lset [276].6
  76  0017              #line 76 "D:\zpw\귄\2362A\project\UART.c"
  76  0017  B694 0001   	lclr [276].5
  77  0019              #line 77 "D:\zpw\귄\2362A\project\UART.c"
  77  0019  B114 0001   	lset [276].2
  79  001B              #line 79 "D:\zpw\귄\2362A\project\UART.c"
  79  001B  B517 0001   	lclr [279].2
  81  001D              #line 81 "D:\zpw\귄\2362A\project\UART.c"
  81  001D  0F82        	mov a,130
  81  001E  8096 0001   	lmov [278],a
  82  0020              #line 82 "D:\zpw\귄\2362A\project\UART.c"
  82  0020  0F06        	mov a,6
  82  0021  8095 0001   	lmov [277],a
  83  0023              #line 83 "D:\zpw\귄\2362A\project\UART.c"
  83  0023  B297 0001   	lset [279].5
  84  0025              #line 84 "D:\zpw\귄\2362A\project\UART.c"
  84  0025  B617 0001   	lclr [279].4
  85  0027              #line 85 "D:\zpw\귄\2362A\project\UART.c"
  85  0027  B197 0001   	lset [279].3
  87  0029              #line 87 "D:\zpw\귄\2362A\project\UART.c"
  87  0029  B017 0001   	lset [279].0
  88  002B              #line 88 "D:\zpw\귄\2362A\project\UART.c"
  88  002B  B497 0001   	lclr [279].1
  90  002D              #line 90 "D:\zpw\귄\2362A\project\UART.c"
  90  002D  304B        	set [75].0
  91  002E              #line 91 "D:\zpw\귄\2362A\project\UART.c"
  91  002E  3193        	set [19].3
  92  002F              #line 92 "D:\zpw\귄\2362A\project\UART.c"
  92  002F  3010        	set [16].0
  94  0030              #line 94 "D:\zpw\귄\2362A\project\UART.c"
  94  0030  341F        	clr [31].0
  95  0031              #line 95 "D:\zpw\귄\2362A\project\UART.c"
  95  0031  341E        	clr [30].0
  95  0032  0003        	ret
  95  0033              _UART0_Init endp
  95  0033              #line 95 "D:\zpw\귄\2362A\project\UART.c"
  95  0033              #pragma debug scope 1 1
  95  0033              ___txr_rxr1 equ [327]
  95  0033              ___u1sr equ [321]
  95  0033              ___u0sr equ [274]
  95  0033              ___txr_rxr0 equ [280]
  95  0033              public _Interrupt_UART
  95  0033              #pragma debug scope 4 1
 100  0033              #line 100 "D:\zpw\귄\2362A\project\UART.c"
 100  0033              rombank 0 @Interrupt_UART_code
 100  0000              @Interrupt_UART_code .section at 60 'code'
 100  0000  0080     E  	mov r1,a
 100  0001  070B        	mov a,bp
 100  0002  1F0B        	clr bp
 100  0003  2800     R  	jmp _Interrupt_UART
 100  0004              ROMBANK 0 _Interrupt_UART
 100  0004              #pragma debug scope 1 1
 100  0004              @dummy60 endp
 100  0004              #pragma debug scope 5 1
 100  0000              _Interrupt_UART .section 'code'
匡숭：UART.c       긍陋포경굶 HGASM 0202 女늴5

 100  0000              _Interrupt_UART proc
 100  0000  0080     E  	mov r2,a
 100  0001  070A        	mov a, status
 100  0002  0080     E  	mov r3,a
 100  0003  0703        	mov a,mp
 100  0004  0080     E  	mov r4,a
 100  0005  0704        	mov a,sbp
 100  0006  0080     E  	mov r5,a
 100  0007  0707        	mov a,tblp
 100  0008  0080     E  	mov r6,a
 100  0009  0709        	mov a,tbhp
 100  000A  0080     E  	mov r7,a
 103  000B              #line 103 "D:\zpw\귄\2362A\project\UART.c"
 103  000B  3410        	clr [16].0
 104  000C              #line 104 "D:\zpw\귄\2362A\project\UART.c"
 104  000C  36CB        	clr [75].5
 104  000D              _L4:
 105  000D              #line 105 "D:\zpw\귄\2362A\project\UART.c"
 105  000D  B941 0001   	lsnz [321].2
 105  000F  2800     R  	jmp _L11
 107  0010              #line 107 "D:\zpw\귄\2362A\project\UART.c"
 107  0010  8747 0001   	lmov a,[327]
 107  0012  0080     E  	mov ra,a
 108  0013              #line 108 "D:\zpw\귄\2362A\project\UART.c"
 108  0013  0700     E  	mov a,ra
 108  0014              	fcall _uart_receive_input
 108  001B  2800     R  	jmp _L4
 108  001C              _L11:
 113  001C              #line 113 "D:\zpw\귄\2362A\project\UART.c"
 113  001C  3A4B        	snz [75].4
 113  001D  2800     R  	jmp _L6
 113  001E              #pragma debug scope 6 5
 113  001E              ;begin block, line: 113.-1
 115  001E              #line 115 "D:\zpw\귄\2362A\project\UART.c"
 115  001E  364B        	clr [75].4
 116  001F              #line 116 "D:\zpw\귄\2362A\project\UART.c"
 116  001F  B512 0001   	lclr [274].2
 119  0021              #line 119 "D:\zpw\귄\2362A\project\UART.c"
 119  0021  8718 0001   	lmov a,[280]
 119  0023  0080     E  	mov ra,a
 120  0024              #line 120 "D:\zpw\귄\2362A\project\UART.c"
 120  0024  0700     E  	mov a,ra
 120  0025              	fcall _UART0_Receive_Data
 120  002C              _L6:
 120  002C              #pragma debug scope 5 1
 124  002C              #line 124 "D:\zpw\귄\2362A\project\UART.c"
 124  002C  3010        	set [16].0
 124  002D  0700     E  	mov a,r2
 124  002E  008B        	mov bp,a
 124  002F  0700     E  	mov a,r3
 124  0030  008A        	mov status,a
 124  0031  0700     E  	mov a,r4
 124  0032  0083        	mov mp,a
 124  0033  0700     E  	mov a,r5
 124  0034  0084        	mov sbp,a
 124  0035  0700     E  	mov a,r6
 124  0036  0087        	mov tblp,a
 124  0037  0700     E  	mov a,r7
 124  0038  0089        	mov tbhp,a
 124  0039  1D05        	tabrdc acc
匡숭：UART.c       긍陋포경굶 HGASM 0202 女늴6

 124  003A  0700     E  	mov a,r1
 124  003B  0004        	reti
 124  003C              _Interrupt_UART endp
 124  003C              
 124  003C              #line 124 "D:\zpw\귄\2362A\project\UART.c"
 124  003C              #pragma debug scope 1 1
 124  003C              #pragma debug struct_end
 124  003C              #pragma debug struct_end
 124  003C              #pragma debug union_end
 124  003C              #pragma debug union_end
 124  003C              #pragma debug variable 43 1 ___intc0 "__intc0" 1
 124  003C              #pragma debug struct_end
 124  003C              #pragma debug struct_end
 124  003C              #pragma debug union_end
 124  003C              #pragma debug union_end
 124  003C              #pragma debug variable 45 1 ___intc3 "__intc3" 1
 124  003C              #pragma debug struct_end
 124  003C              #pragma debug struct_end
 124  003C              #pragma debug union_end
 124  003C              #pragma debug union_end
 124  003C              #pragma debug variable 47 1 ___pd "__pd" 1
 124  003C              #pragma debug struct_end
 124  003C              #pragma debug struct_end
 124  003C              #pragma debug union_end
 124  003C              #pragma debug union_end
 124  003C              #pragma debug variable 49 1 ___pdc "__pdc" 1
 124  003C              #pragma debug struct_end
 124  003C              #pragma debug struct_end
 124  003C              #pragma debug union_end
 124  003C              #pragma debug union_end
 124  003C              #pragma debug variable 51 1 ___pdpu "__pdpu" 1
 124  003C              #pragma debug struct_end
 124  003C              #pragma debug struct_end
 124  003C              #pragma debug union_end
 124  003C              #pragma debug union_end
 124  003C              #pragma debug variable 53 1 ___pfc "__pfc" 1
 124  003C              #pragma debug struct_end
 124  003C              #pragma debug struct_end
 124  003C              #pragma debug union_end
 124  003C              #pragma debug union_end
 124  003C              #pragma debug variable 55 1 ___mfi5 "__mfi5" 1
 124  003C              #pragma debug struct_end
 124  003C              #pragma debug struct_end
 124  003C              #pragma debug union_end
 124  003C              #pragma debug union_end
 124  003C              #pragma debug variable 57 1 ___u0sr "__u0sr" 1
 124  003C              #pragma debug struct_end
 124  003C              #pragma debug struct_end
 124  003C              #pragma debug union_end
 124  003C              #pragma debug union_end
 124  003C              #pragma debug variable 59 1 ___u0cr1 "__u0cr1" 1
 124  003C              #pragma debug struct_end
 124  003C              #pragma debug struct_end
 124  003C              #pragma debug union_end
 124  003C              #pragma debug union_end
 124  003C              #pragma debug variable 61 1 ___u0cr2 "__u0cr2" 1
 124  003C              #pragma debug variable 8 1 ___brdh0 "__brdh0" 1
 124  003C              #pragma debug variable 8 1 ___brdl0 "__brdl0" 1
 124  003C              #pragma debug struct_end
 124  003C              #pragma debug struct_end
匡숭：UART.c       긍陋포경굶 HGASM 0202 女늴7

 124  003C              #pragma debug union_end
 124  003C              #pragma debug union_end
 124  003C              #pragma debug variable 63 1 ___ufcr0 "__ufcr0" 1
 124  003C              #pragma debug struct_end
 124  003C              #pragma debug struct_end
 124  003C              #pragma debug union_end
 124  003C              #pragma debug union_end
 124  003C              #pragma debug variable 65 1 ___txr_rxr0 "__txr_rxr0" 1
 124  003C              #pragma debug struct_end
 124  003C              #pragma debug struct_end
 124  003C              #pragma debug union_end
 124  003C              #pragma debug union_end
 124  003C              #pragma debug variable 67 1 ___u1sr "__u1sr" 1
 124  003C              #pragma debug struct_end
 124  003C              #pragma debug struct_end
 124  003C              #pragma debug union_end
 124  003C              #pragma debug union_end
 124  003C              #pragma debug variable 69 1 ___u1cr1 "__u1cr1" 1
 124  003C              #pragma debug struct_end
 124  003C              #pragma debug struct_end
 124  003C              #pragma debug union_end
 124  003C              #pragma debug union_end
 124  003C              #pragma debug variable 71 1 ___u1cr2 "__u1cr2" 1
 124  003C              #pragma debug variable 8 1 ___brdh1 "__brdh1" 1
 124  003C              #pragma debug variable 8 1 ___brdl1 "__brdl1" 1
 124  003C              #pragma debug struct_end
 124  003C              #pragma debug struct_end
 124  003C              #pragma debug union_end
 124  003C              #pragma debug union_end
 124  003C              #pragma debug variable 73 1 ___ufcr1 "__ufcr1" 1
 124  003C              #pragma debug struct_end
 124  003C              #pragma debug struct_end
 124  003C              #pragma debug union_end
 124  003C              #pragma debug union_end
 124  003C              #pragma debug variable 75 1 ___txr_rxr1 "__txr_rxr1" 1
 124  003C              #pragma debug struct_end
 124  003C              #pragma debug struct_end
 124  003C              #pragma debug union_end
 124  003C              #pragma debug union_end
 124  003C              #pragma debug variable 77 1 ___ifs4 "__ifs4" 1
 124  003C              #pragma debug struct_end
 124  003C              #pragma debug struct_end
 124  003C              #pragma debug union_end
 124  003C              #pragma debug union_end
 124  003C              #pragma debug variable 79 1 ___pds1 "__pds1" 1
 124  003C              #pragma debug struct_end
 124  003C              #pragma debug struct_end
 124  003C              #pragma debug union_end
 124  003C              #pragma debug union_end
 124  003C              #pragma debug variable 81 1 ___pfs1 "__pfs1" 1
 124  003C              extern r1:byte
 124  003C              extern r2:byte
 124  003C              extern r3:byte
 124  003C              extern r4:byte
 124  003C              extern r5:byte
 124  003C              extern r6:byte
 124  003C              extern r7:byte
 124  003C              extern _uart_receive_input:near
 124  003C              extern _UART0_Receive_Data:near
 124  003C              
匡숭：UART.c       긍陋포경굶 HGASM 0202 女늴8

 124  003C              ; 
 124  003C              ; Generated by holtek-gcc v3.23, Wed Apr 08 12:56:33 2026
 124  003C              ; Rebuild 1114
 124  003C              ; end of file


        0 Errors, 0