匡숭：UART1_WIFI.c 긍陋포경굶 HGASM 0202 女늴1


   1  0000              ; Generated by holtek-gcc v3.23, Wed Apr 08 12:56:35 2026
   2  0000              ; 
   3  0000              ; Configuration:
   4  0000              ;       with long instruction
   5  0000              ;       Multi-ROM, Multi-RAM
   6  0000              ;       bits_per_rom_unit:16
   7  0000              ;       with mp1
   8  0000              ;       with tbhp, address(0x9)
   9  0000              ;          Use tabrd-const
  10  0000              ;       
  11  0000              ; SFR address of long-instruction arch:
  12  0000              ;    mp0 = -1,1,0
  13  0000              ;    mp1 = 4,3,2
  14  0000              ;    mp2 = 14,13,12
  15  0000              ;    tbp = 9,7,8
  16  0000              ;    acc = 5
  17  0000              ;    pcl = 6
  18  0000              ;    status = 10
  19  0000              ;    bp = 11
  20  0000              ;    intc = 16
  21  0000              ;       
  22  0000              ;       
  23  0000              ; use 'tabrdc' instead of 'tabrd'
  24  0000              ;       
  25  0000              
  26  0000              #pragma translator "holtek-gcc 4.6.4" "3.23" "build 20130711"
  27  0000              ; Rebuild 1114
  28  0000              
  29  0000              ir equ [2]
  30  0000              mp equ [3]
  31  0000              sbp equ [4]
  32  0000              acc equ [5]
  33  0000              bp equ [11]
  34  0000              tblp equ [7]
  35  0000              tbhp equ [9]
  36  0000              status equ [10]
  37  0000              c equ [10].0
  38  0000              ac equ [10].1
  39  0000              z equ [10].2
  40  0000              ov equ [10].3
  41  0000              cz equ [10].6
  42  0000              sc equ [10].7
  43  0000              intc equ [16]
  44  0000              mduwr0 equ [59h]
  45  0000              mduwr1 equ [5ah]
  46  0000              mduwr2 equ [5bh]
  47  0000              mduwr3 equ [5ch]
  48  0000              mduwr4 equ [5dh]
  49  0000              mduwr5 equ [5eh]
  50  0000              mduwrctrl equ [5fh]
  51  0000              
  52  0000              extern ra:byte
  53  0000              extern rb:byte
  54  0000              extern rc:byte
  55  0000              extern rd:byte
  56  0000              extern re:byte
  57  0000              extern rf:byte
  58  0000              extern rg:byte
  59  0000              extern rh:byte
匡숭：UART1_WIFI.ASM 긍陋포경굶 HGASM 0202 女늴2

  60  0000              extern _Crom2Prom:near
  61  0000              extern _Crom2PromNext:near
  62  0000              
  63  0000              RAMBANK 0 @BITDATASEC, @BITDATASEC1
  64  0000              @HCCINIT	.section 'data'
  65  0000              @HCCINIT0	.section 'data'
  66  0000              @BITDATASEC	 .section 'data'
  67  0000              @BITDATASEC1	 .section 'data'
  68  0000              
  69  0000              #pragma debug scope 1 1
  70  0000              	extern __DELAY3:near
  71  0000              	extern __DELAYX3:near
  72  0000              	extern __DELAYX6:near
  73  0000              	extern __DELAYY5:near
  74  0000              	extern __DELAYY3:near
  75  0000              	extern _builtin_holtek_delay_2:byte
  76  0000              ___txr_rxr1 equ [327]
  77  0000              ___u1sr equ [321]
  78  0000              public _UART1_WIFI_SendByte
  79  0000              #pragma debug scope 2 1

   7  0000              #line 7 "D:\zpw\귄\2362A\project\UART1_WIFI.c"
   7  0000              _UART1_WIFI_SendByte .section 'code'
   7  0000              _UART1_WIFI_SendByte proc
   7  0000  00              local _UART1_WIFI_SendByte_2 db 1 dup(?)	; 0,1
   7  0000  0080     E  	mov ra,a
   7  0001  0080     R  	mov _UART1_WIFI_SendByte_2[0],a
   7  0002              #pragma debug variable 8 2 _UART1_WIFI_SendByte_2+0 "Data"
   8  0002              #line 8 "D:\zpw\귄\2362A\project\UART1_WIFI.c"
   8  0002  0700     E  	mov a,ra
   8  0003  80C7 0001   	lmov [327],a
   8  0005              _L3:
   9  0005              #line 9 "D:\zpw\귄\2362A\project\UART1_WIFI.c"
   9  0005  B841 0001   	lsnz [321].0
   9  0007  2800     R  	jmp _L3
   9  0008              _L5:
  10  0008              #line 10 "D:\zpw\귄\2362A\project\UART1_WIFI.c"
  10  0008  B8C1 0001   	lsnz [321].1
  10  000A  2800     R  	jmp _L5
  10  000B  0003        	ret
  10  000C              _UART1_WIFI_SendByte endp
  10  000C              #line 10 "D:\zpw\귄\2362A\project\UART1_WIFI.c"
  10  000C              #pragma debug scope 1 1
  10  000C              public _UART1_WIFI_Config_Flag
  10  0000              @HCCINIT	.section 'data'
   4  0000              #line 4 "D:\zpw\귄\2362A\project\UART1_WIFI.c"
   4  0000              @HCCINIT_UART1_WIFI_Config_Flag .section 'data'
   4  0000              _UART1_WIFI_Config_Flag label byte
   4  0000              #pragma debug variable 8 1 _UART1_WIFI_Config_Flag "UART1_WIFI_Config_Flag"
   4  0000              	db 0
   4  0000              @ROMDATA_BASE .section inpage 'code'
   4  0000              	db 0
   4  0001              @HCCINIT_UART1_WIFI_Config_Flag .section 'data'
   4  0001              #pragma debug struct_end
   4  0001              #pragma debug struct_end
   4  0001              #pragma debug union_end
   4  0001              #pragma debug union_end
   4  0001              #pragma debug variable 43 1 ___u1sr "__u1sr" 1
   4  0001              #pragma debug struct_end
   4  0001              #pragma debug struct_end
匡숭：UART1_WIFI.c 긍陋포경굶 HGASM 0202 女늴3

   4  0001              #pragma debug union_end
   4  0001              #pragma debug union_end
   4  0001              #pragma debug variable 45 1 ___txr_rxr1 "__txr_rxr1" 1
   4  0001              
   4  0001              ; 
   4  0001              ; Generated by holtek-gcc v3.23, Wed Apr 08 12:56:35 2026
   4  0001              ; Rebuild 1114
   4  0001              ; end of file


        0 Errors, 0